[0.064s] Invoking command in '/home/diego/ros2_ws/build/station_interface': CMAKE_PREFIX_PATH=${CMAKE_PREFIX_PATH}:/home/diego/ros2_ws/install/nodo_xolobot_driver:/home/diego/ros2_ws/install/nodo_lighting_station:/home/diego/ros2_ws/install/nodo_watering_station:/home/diego/ros2_ws/install/nodo_kalanchoe:/home/diego/ros2_ws/install/nodo_data_monitoring:/home/diego/ros2_ws/install/nodo_data_analysis:/opt/ros/jazzy DEBUGINFOD_URLS=https://debuginfod.ubuntu.com /home/diego/.local/bin/cmake --build /home/diego/ros2_ws/build/station_interface -- -j8 -l8
[1.181s] [  2%] Built target station_interface__rosidl_generator_type_description
[1.182s] [  2%] Built target ament_cmake_python_copy_station_interface
[1.182s] [  5%] Built target station_interface__cpp
[1.183s] [ 20%] Built target station_interface__rosidl_generator_c
[1.184s] [ 29%] Built target station_interface__rosidl_typesupport_cpp
[1.184s] [ 38%] Built target station_interface__rosidl_typesupport_c
[1.184s] [ 47%] Built target station_interface__rosidl_typesupport_fastrtps_c
[1.184s] [ 55%] Built target station_interface__rosidl_typesupport_introspection_cpp
[1.184s] [ 64%] Built target station_interface__rosidl_typesupport_introspection_c
[1.185s] [ 73%] Built target station_interface__rosidl_typesupport_fastrtps_cpp
[1.185s] [ 73%] Built target station_interface
[1.185s] [ 76%] Built target station_interface__py
[1.185s] [ 82%] Built target station_interface__rosidl_generator_py
[1.185s] [ 88%] Built target station_interface_s__rosidl_typesupport_c
[1.185s] [ 94%] Built target station_interface_s__rosidl_typesupport_fastrtps_c
[1.185s] [100%] Built target station_interface_s__rosidl_typesupport_introspection_c
[1.185s] running egg_info
[1.186s] writing station_interface.egg-info/PKG-INFO
[1.186s] writing dependency_links to station_interface.egg-info/dependency_links.txt
[1.186s] writing top-level names to station_interface.egg-info/top_level.txt
[1.186s] reading manifest file 'station_interface.egg-info/SOURCES.txt'
[1.186s] writing manifest file 'station_interface.egg-info/SOURCES.txt'
[1.186s] [100%] Built target ament_cmake_python_build_station_interface_egg
[1.192s] Invoked command in '/home/diego/ros2_ws/build/station_interface' returned '0': CMAKE_PREFIX_PATH=${CMAKE_PREFIX_PATH}:/home/diego/ros2_ws/install/nodo_xolobot_driver:/home/diego/ros2_ws/install/nodo_lighting_station:/home/diego/ros2_ws/install/nodo_watering_station:/home/diego/ros2_ws/install/nodo_kalanchoe:/home/diego/ros2_ws/install/nodo_data_monitoring:/home/diego/ros2_ws/install/nodo_data_analysis:/opt/ros/jazzy DEBUGINFOD_URLS=https://debuginfod.ubuntu.com /home/diego/.local/bin/cmake --build /home/diego/ros2_ws/build/station_interface -- -j8 -l8
[1.193s] Invoking command in '/home/diego/ros2_ws/build/station_interface': CMAKE_PREFIX_PATH=${CMAKE_PREFIX_PATH}:/home/diego/ros2_ws/install/nodo_xolobot_driver:/home/diego/ros2_ws/install/nodo_lighting_station:/home/diego/ros2_ws/install/nodo_watering_station:/home/diego/ros2_ws/install/nodo_kalanchoe:/home/diego/ros2_ws/install/nodo_data_monitoring:/home/diego/ros2_ws/install/nodo_data_analysis:/opt/ros/jazzy DEBUGINFOD_URLS=https://debuginfod.ubuntu.com /home/diego/.local/bin/cmake --install /home/diego/ros2_ws/build/station_interface
[1.214s] -- Install configuration: ""
[1.214s] -- Up-to-date: /home/diego/ros2_ws/install/station_interface/share/ament_index/resource_index/rosidl_interfaces/station_interface
[1.215s] -- Up-to-date: /home/diego/ros2_ws/install/station_interface/share/station_interface/srv/Reload.json
[1.216s] -- Up-to-date: /home/diego/ros2_ws/install/station_interface/include/station_interface/station_interface
[1.216s] -- Up-to-date: /home/diego/ros2_ws/install/station_interface/include/station_interface/station_interface/srv
[1.216s] -- Up-to-date: /home/diego/ros2_ws/install/station_interface/include/station_interface/station_interface/srv/reload.h
[1.217s] -- Up-to-date: /home/diego/ros2_ws/install/station_interface/include/station_interface/station_interface/srv/detail
[1.217s] -- Up-to-date: /home/diego/ros2_ws/install/station_interface/include/station_interface/station_interface/srv/detail/reload__struct.h
[1.217s] -- Up-to-date: /home/diego/ros2_ws/install/station_interface/include/station_interface/station_interface/srv/detail/reload__description.c
[1.217s] -- Up-to-date: /home/diego/ros2_ws/install/station_interface/include/station_interface/station_interface/srv/detail/reload__type_support.h
[1.217s] -- Up-to-date: /home/diego/ros2_ws/install/station_interface/include/station_interface/station_interface/srv/detail/reload__functions.h
[1.218s] -- Up-to-date: /home/diego/ros2_ws/install/station_interface/include/station_interface/station_interface/srv/detail/reload__functions.c
[1.218s] -- Up-to-date: /home/diego/ros2_ws/install/station_interface/include/station_interface/station_interface/srv/detail/reload__type_support.c
[1.218s] -- Up-to-date: /home/diego/ros2_ws/install/station_interface/include/station_interface/station_interface/msg
[1.218s] -- Up-to-date: /home/diego/ros2_ws/install/station_interface/include/station_interface/station_interface/msg/rosidl_generator_c__visibility_control.h
[1.218s] -- Up-to-date: /home/diego/ros2_ws/install/station_interface/share/station_interface/environment/library_path.sh
[1.219s] -- Up-to-date: /home/diego/ros2_ws/install/station_interface/share/station_interface/environment/library_path.dsv
[1.219s] -- Up-to-date: /home/diego/ros2_ws/install/station_interface/lib/libstation_interface__rosidl_generator_c.so
[1.220s] -- Up-to-date: /home/diego/ros2_ws/install/station_interface/include/station_interface/station_interface
[1.220s] -- Up-to-date: /home/diego/ros2_ws/install/station_interface/include/station_interface/station_interface/srv
[1.220s] -- Up-to-date: /home/diego/ros2_ws/install/station_interface/include/station_interface/station_interface/srv/detail
[1.220s] -- Up-to-date: /home/diego/ros2_ws/install/station_interface/include/station_interface/station_interface/srv/detail/reload__rosidl_typesupport_fastrtps_c.h
[1.220s] -- Up-to-date: /home/diego/ros2_ws/install/station_interface/include/station_interface/station_interface/msg
[1.220s] -- Up-to-date: /home/diego/ros2_ws/install/station_interface/include/station_interface/station_interface/msg/rosidl_typesupport_fastrtps_c__visibility_control.h
[1.221s] -- Up-to-date: /home/diego/ros2_ws/install/station_interface/lib/libstation_interface__rosidl_typesupport_fastrtps_c.so
[1.221s] -- Up-to-date: /home/diego/ros2_ws/install/station_interface/include/station_interface/station_interface
[1.221s] -- Up-to-date: /home/diego/ros2_ws/install/station_interface/include/station_interface/station_interface/srv
[1.221s] -- Up-to-date: /home/diego/ros2_ws/install/station_interface/include/station_interface/station_interface/srv/detail
[1.221s] -- Up-to-date: /home/diego/ros2_ws/install/station_interface/include/station_interface/station_interface/srv/detail/reload__traits.hpp
[1.221s] -- Up-to-date: /home/diego/ros2_ws/install/station_interface/include/station_interface/station_interface/srv/detail/reload__type_support.hpp
[1.221s] -- Up-to-date: /home/diego/ros2_ws/install/station_interface/include/station_interface/station_interface/srv/detail/reload__builder.hpp
[1.221s] -- Up-to-date: /home/diego/ros2_ws/install/station_interface/include/station_interface/station_interface/srv/detail/reload__struct.hpp
[1.221s] -- Up-to-date: /home/diego/ros2_ws/install/station_interface/include/station_interface/station_interface/srv/reload.hpp
[1.221s] -- Up-to-date: /home/diego/ros2_ws/install/station_interface/include/station_interface/station_interface/msg
[1.222s] -- Up-to-date: /home/diego/ros2_ws/install/station_interface/include/station_interface/station_interface/msg/rosidl_generator_cpp__visibility_control.hpp
[1.222s] -- Up-to-date: /home/diego/ros2_ws/install/station_interface/include/station_interface/station_interface
[1.222s] -- Up-to-date: /home/diego/ros2_ws/install/station_interface/include/station_interface/station_interface/srv
[1.222s] -- Up-to-date: /home/diego/ros2_ws/install/station_interface/include/station_interface/station_interface/srv/detail
[1.222s] -- Up-to-date: /home/diego/ros2_ws/install/station_interface/include/station_interface/station_interface/srv/detail/dds_fastrtps
[1.222s] -- Up-to-date: /home/diego/ros2_ws/install/station_interface/include/station_interface/station_interface/srv/detail/reload__rosidl_typesupport_fastrtps_cpp.hpp
[1.222s] -- Up-to-date: /home/diego/ros2_ws/install/station_interface/include/station_interface/station_interface/msg
[1.222s] -- Up-to-date: /home/diego/ros2_ws/install/station_interface/include/station_interface/station_interface/msg/rosidl_typesupport_fastrtps_cpp__visibility_control.h
[1.223s] -- Up-to-date: /home/diego/ros2_ws/install/station_interface/lib/libstation_interface__rosidl_typesupport_fastrtps_cpp.so
[1.223s] -- Up-to-date: /home/diego/ros2_ws/install/station_interface/include/station_interface/station_interface
[1.223s] -- Up-to-date: /home/diego/ros2_ws/install/station_interface/include/station_interface/station_interface/srv
[1.223s] -- Up-to-date: /home/diego/ros2_ws/install/station_interface/include/station_interface/station_interface/srv/detail
[1.223s] -- Up-to-date: /home/diego/ros2_ws/install/station_interface/include/station_interface/station_interface/srv/detail/reload__rosidl_typesupport_introspection_c.h
[1.223s] -- Up-to-date: /home/diego/ros2_ws/install/station_interface/include/station_interface/station_interface/srv/detail/reload__type_support.c
[1.223s] -- Up-to-date: /home/diego/ros2_ws/install/station_interface/include/station_interface/station_interface/msg
[1.224s] -- Up-to-date: /home/diego/ros2_ws/install/station_interface/include/station_interface/station_interface/msg/rosidl_typesupport_introspection_c__visibility_control.h
[1.225s] -- Up-to-date: /home/diego/ros2_ws/install/station_interface/lib/libstation_interface__rosidl_typesupport_introspection_c.so
[1.225s] -- Up-to-date: /home/diego/ros2_ws/install/station_interface/lib/libstation_interface__rosidl_typesupport_c.so
[1.225s] -- Up-to-date: /home/diego/ros2_ws/install/station_interface/include/station_interface/station_interface
[1.225s] -- Up-to-date: /home/diego/ros2_ws/install/station_interface/include/station_interface/station_interface/srv
[1.226s] -- Up-to-date: /home/diego/ros2_ws/install/station_interface/include/station_interface/station_interface/srv/detail
[1.227s] -- Up-to-date: /home/diego/ros2_ws/install/station_interface/include/station_interface/station_interface/srv/detail/reload__rosidl_typesupport_introspection_cpp.hpp
[1.227s] -- Up-to-date: /home/diego/ros2_ws/install/station_interface/include/station_interface/station_interface/srv/detail/reload__type_support.cpp
[1.227s] -- Up-to-date: /home/diego/ros2_ws/install/station_interface/lib/libstation_interface__rosidl_typesupport_introspection_cpp.so
[1.227s] -- Up-to-date: /home/diego/ros2_ws/install/station_interface/lib/libstation_interface__rosidl_typesupport_cpp.so
[1.228s] -- Up-to-date: /home/diego/ros2_ws/install/station_interface/share/station_interface/environment/pythonpath.sh
[1.229s] -- Up-to-date: /home/diego/ros2_ws/install/station_interface/share/station_interface/environment/pythonpath.dsv
[1.229s] -- Up-to-date: /home/diego/ros2_ws/install/station_interface/lib/python3.12/site-packages/station_interface-0.0.0-py3.12.egg-info
[1.230s] -- Installing: /home/diego/ros2_ws/install/station_interface/lib/python3.12/site-packages/station_interface-0.0.0-py3.12.egg-info/SOURCES.txt
[1.231s] -- Installing: /home/diego/ros2_ws/install/station_interface/lib/python3.12/site-packages/station_interface-0.0.0-py3.12.egg-info/dependency_links.txt
[1.231s] -- Installing: /home/diego/ros2_ws/install/station_interface/lib/python3.12/site-packages/station_interface-0.0.0-py3.12.egg-info/PKG-INFO
[1.232s] -- Installing: /home/diego/ros2_ws/install/station_interface/lib/python3.12/site-packages/station_interface-0.0.0-py3.12.egg-info/top_level.txt
[1.241s] -- Up-to-date: /home/diego/ros2_ws/install/station_interface/lib/python3.12/site-packages/station_interface
[1.241s] -- Up-to-date: /home/diego/ros2_ws/install/station_interface/lib/python3.12/site-packages/station_interface/__init__.py
[1.241s] -- Up-to-date: /home/diego/ros2_ws/install/station_interface/lib/python3.12/site-packages/station_interface/_station_interface_s.ep.rosidl_typesupport_fastrtps_c.c
[1.241s] -- Up-to-date: /home/diego/ros2_ws/install/station_interface/lib/python3.12/site-packages/station_interface/station_interface_s__rosidl_typesupport_c.so
[1.242s] -- Up-to-date: /home/diego/ros2_ws/install/station_interface/lib/python3.12/site-packages/station_interface/station_interface_s__rosidl_typesupport_fastrtps_c.so
[1.242s] -- Up-to-date: /home/diego/ros2_ws/install/station_interface/lib/python3.12/site-packages/station_interface/_station_interface_s.ep.rosidl_typesupport_c.c
[1.242s] -- Up-to-date: /home/diego/ros2_ws/install/station_interface/lib/python3.12/site-packages/station_interface/_station_interface_s.ep.rosidl_typesupport_introspection_c.c
[1.242s] -- Up-to-date: /home/diego/ros2_ws/install/station_interface/lib/python3.12/site-packages/station_interface/srv
[1.242s] -- Up-to-date: /home/diego/ros2_ws/install/station_interface/lib/python3.12/site-packages/station_interface/srv/__init__.py
[1.242s] -- Up-to-date: /home/diego/ros2_ws/install/station_interface/lib/python3.12/site-packages/station_interface/srv/_reload_s.c
[1.243s] -- Up-to-date: /home/diego/ros2_ws/install/station_interface/lib/python3.12/site-packages/station_interface/srv/_reload.py
[1.243s] -- Up-to-date: /home/diego/ros2_ws/install/station_interface/lib/python3.12/site-packages/station_interface/station_interface_s__rosidl_typesupport_introspection_c.so
[1.286s] Listing '/home/diego/ros2_ws/install/station_interface/lib/python3.12/site-packages/station_interface'...
[1.286s] Listing '/home/diego/ros2_ws/install/station_interface/lib/python3.12/site-packages/station_interface/srv'...
[1.306s] -- Up-to-date: /home/diego/ros2_ws/install/station_interface/lib/python3.12/site-packages/station_interface/station_interface_s__rosidl_typesupport_fastrtps_c.so
[1.306s] -- Up-to-date: /home/diego/ros2_ws/install/station_interface/lib/python3.12/site-packages/station_interface/station_interface_s__rosidl_typesupport_introspection_c.so
[1.307s] -- Up-to-date: /home/diego/ros2_ws/install/station_interface/lib/python3.12/site-packages/station_interface/station_interface_s__rosidl_typesupport_c.so
[1.310s] -- Up-to-date: /home/diego/ros2_ws/install/station_interface/lib/libstation_interface__rosidl_generator_py.so
[1.311s] -- Up-to-date: /home/diego/ros2_ws/install/station_interface/share/station_interface/srv/Reload.idl
[1.313s] -- Up-to-date: /home/diego/ros2_ws/install/station_interface/share/station_interface/srv/Reload.srv
[1.313s] -- Up-to-date: /home/diego/ros2_ws/install/station_interface/share/ament_index/resource_index/package_run_dependencies/station_interface
[1.313s] -- Up-to-date: /home/diego/ros2_ws/install/station_interface/share/ament_index/resource_index/parent_prefix_path/station_interface
[1.313s] -- Up-to-date: /home/diego/ros2_ws/install/station_interface/share/station_interface/environment/ament_prefix_path.sh
[1.314s] -- Up-to-date: /home/diego/ros2_ws/install/station_interface/share/station_interface/environment/ament_prefix_path.dsv
[1.314s] -- Up-to-date: /home/diego/ros2_ws/install/station_interface/share/station_interface/environment/path.sh
[1.314s] -- Up-to-date: /home/diego/ros2_ws/install/station_interface/share/station_interface/environment/path.dsv
[1.314s] -- Up-to-date: /home/diego/ros2_ws/install/station_interface/share/station_interface/local_setup.bash
[1.314s] -- Up-to-date: /home/diego/ros2_ws/install/station_interface/share/station_interface/local_setup.sh
[1.315s] -- Up-to-date: /home/diego/ros2_ws/install/station_interface/share/station_interface/local_setup.zsh
[1.315s] -- Up-to-date: /home/diego/ros2_ws/install/station_interface/share/station_interface/local_setup.dsv
[1.315s] -- Installing: /home/diego/ros2_ws/install/station_interface/share/station_interface/package.dsv
[1.315s] -- Up-to-date: /home/diego/ros2_ws/install/station_interface/share/ament_index/resource_index/packages/station_interface
[1.317s] -- Up-to-date: /home/diego/ros2_ws/install/station_interface/share/station_interface/cmake/export_station_interface__rosidl_generator_cExport.cmake
[1.318s] -- Up-to-date: /home/diego/ros2_ws/install/station_interface/share/station_interface/cmake/export_station_interface__rosidl_generator_cExport-noconfig.cmake
[1.320s] -- Up-to-date: /home/diego/ros2_ws/install/station_interface/share/station_interface/cmake/export_station_interface__rosidl_typesupport_fastrtps_cExport.cmake
[1.321s] -- Up-to-date: /home/diego/ros2_ws/install/station_interface/share/station_interface/cmake/export_station_interface__rosidl_typesupport_fastrtps_cExport-noconfig.cmake
[1.321s] -- Up-to-date: /home/diego/ros2_ws/install/station_interface/share/station_interface/cmake/export_station_interface__rosidl_generator_cppExport.cmake
[1.321s] -- Up-to-date: /home/diego/ros2_ws/install/station_interface/share/station_interface/cmake/export_station_interface__rosidl_typesupport_fastrtps_cppExport.cmake
[1.321s] -- Up-to-date: /home/diego/ros2_ws/install/station_interface/share/station_interface/cmake/export_station_interface__rosidl_typesupport_fastrtps_cppExport-noconfig.cmake
[1.321s] -- Up-to-date: /home/diego/ros2_ws/install/station_interface/share/station_interface/cmake/station_interface__rosidl_typesupport_introspection_cExport.cmake
[1.322s] -- Up-to-date: /home/diego/ros2_ws/install/station_interface/share/station_interface/cmake/station_interface__rosidl_typesupport_introspection_cExport-noconfig.cmake
[1.322s] -- Up-to-date: /home/diego/ros2_ws/install/station_interface/share/station_interface/cmake/station_interface__rosidl_typesupport_cExport.cmake
[1.322s] -- Up-to-date: /home/diego/ros2_ws/install/station_interface/share/station_interface/cmake/station_interface__rosidl_typesupport_cExport-noconfig.cmake
[1.322s] -- Up-to-date: /home/diego/ros2_ws/install/station_interface/share/station_interface/cmake/station_interface__rosidl_typesupport_introspection_cppExport.cmake
[1.323s] -- Up-to-date: /home/diego/ros2_ws/install/station_interface/share/station_interface/cmake/station_interface__rosidl_typesupport_introspection_cppExport-noconfig.cmake
[1.323s] -- Up-to-date: /home/diego/ros2_ws/install/station_interface/share/station_interface/cmake/station_interface__rosidl_typesupport_cppExport.cmake
[1.323s] -- Up-to-date: /home/diego/ros2_ws/install/station_interface/share/station_interface/cmake/station_interface__rosidl_typesupport_cppExport-noconfig.cmake
[1.323s] -- Up-to-date: /home/diego/ros2_ws/install/station_interface/share/station_interface/cmake/export_station_interface__rosidl_generator_pyExport.cmake
[1.323s] -- Up-to-date: /home/diego/ros2_ws/install/station_interface/share/station_interface/cmake/export_station_interface__rosidl_generator_pyExport-noconfig.cmake
[1.324s] -- Up-to-date: /home/diego/ros2_ws/install/station_interface/share/station_interface/cmake/rosidl_cmake-extras.cmake
[1.324s] -- Up-to-date: /home/diego/ros2_ws/install/station_interface/share/station_interface/cmake/ament_cmake_export_dependencies-extras.cmake
[1.324s] -- Up-to-date: /home/diego/ros2_ws/install/station_interface/share/station_interface/cmake/ament_cmake_export_include_directories-extras.cmake
[1.324s] -- Up-to-date: /home/diego/ros2_ws/install/station_interface/share/station_interface/cmake/ament_cmake_export_libraries-extras.cmake
[1.324s] -- Up-to-date: /home/diego/ros2_ws/install/station_interface/share/station_interface/cmake/ament_cmake_export_targets-extras.cmake
[1.324s] -- Up-to-date: /home/diego/ros2_ws/install/station_interface/share/station_interface/cmake/rosidl_cmake_export_typesupport_targets-extras.cmake
[1.325s] -- Up-to-date: /home/diego/ros2_ws/install/station_interface/share/station_interface/cmake/rosidl_cmake_export_typesupport_libraries-extras.cmake
[1.325s] -- Up-to-date: /home/diego/ros2_ws/install/station_interface/share/station_interface/cmake/station_interfaceConfig.cmake
[1.325s] -- Up-to-date: /home/diego/ros2_ws/install/station_interface/share/station_interface/cmake/station_interfaceConfig-version.cmake
[1.325s] -- Up-to-date: /home/diego/ros2_ws/install/station_interface/share/station_interface/package.xml
[1.352s] Invoked command in '/home/diego/ros2_ws/build/station_interface' returned '0': CMAKE_PREFIX_PATH=${CMAKE_PREFIX_PATH}:/home/diego/ros2_ws/install/nodo_xolobot_driver:/home/diego/ros2_ws/install/nodo_lighting_station:/home/diego/ros2_ws/install/nodo_watering_station:/home/diego/ros2_ws/install/nodo_kalanchoe:/home/diego/ros2_ws/install/nodo_data_monitoring:/home/diego/ros2_ws/install/nodo_data_analysis:/opt/ros/jazzy DEBUGINFOD_URLS=https://debuginfod.ubuntu.com /home/diego/.local/bin/cmake --install /home/diego/ros2_ws/build/station_interface
