[0.064s] Invoking command in '/home/diego/ros2_ws/build/xolobot_description': CMAKE_PREFIX_PATH=${CMAKE_PREFIX_PATH}:/home/diego/ros2_ws/install/nodo_xolobot_driver:/home/diego/ros2_ws/install/nodo_lighting_station:/home/diego/ros2_ws/install/nodo_watering_station:/home/diego/ros2_ws/install/nodo_kalanchoe:/home/diego/ros2_ws/install/nodo_data_monitoring:/home/diego/ros2_ws/install/nodo_data_analysis:/opt/ros/jazzy DEBUGINFOD_URLS=https://debuginfod.ubuntu.com /home/diego/.local/bin/cmake --build /home/diego/ros2_ws/build/xolobot_description -- -j8 -l8
[1.124s] Invoked command in '/home/diego/ros2_ws/build/xolobot_description' returned '0': CMAKE_PREFIX_PATH=${CMAKE_PREFIX_PATH}:/home/diego/ros2_ws/install/nodo_xolobot_driver:/home/diego/ros2_ws/install/nodo_lighting_station:/home/diego/ros2_ws/install/nodo_watering_station:/home/diego/ros2_ws/install/nodo_kalanchoe:/home/diego/ros2_ws/install/nodo_data_monitoring:/home/diego/ros2_ws/install/nodo_data_analysis:/opt/ros/jazzy DEBUGINFOD_URLS=https://debuginfod.ubuntu.com /home/diego/.local/bin/cmake --build /home/diego/ros2_ws/build/xolobot_description -- -j8 -l8
[1.126s] Invoking command in '/home/diego/ros2_ws/build/xolobot_description': CMAKE_PREFIX_PATH=${CMAKE_PREFIX_PATH}:/home/diego/ros2_ws/install/nodo_xolobot_driver:/home/diego/ros2_ws/install/nodo_lighting_station:/home/diego/ros2_ws/install/nodo_watering_station:/home/diego/ros2_ws/install/nodo_kalanchoe:/home/diego/ros2_ws/install/nodo_data_monitoring:/home/diego/ros2_ws/install/nodo_data_analysis:/opt/ros/jazzy DEBUGINFOD_URLS=https://debuginfod.ubuntu.com /home/diego/.local/bin/cmake --install /home/diego/ros2_ws/build/xolobot_description
[1.142s] -- Install configuration: ""
[1.143s] -- Up-to-date: /home/diego/ros2_ws/install/xolobot_description/share/xolobot_description/models
[1.143s] -- Up-to-date: /home/diego/ros2_ws/install/xolobot_description/share/xolobot_description/models/rrbot
[1.143s] -- Up-to-date: /home/diego/ros2_ws/install/xolobot_description/share/xolobot_description/models/rrbot/model.sdf
[1.143s] -- Up-to-date: /home/diego/ros2_ws/install/xolobot_description/share/xolobot_description/models/diff_drive
[1.143s] -- Up-to-date: /home/diego/ros2_ws/install/xolobot_description/share/xolobot_description/models/diff_drive/model.config
[1.144s] -- Up-to-date: /home/diego/ros2_ws/install/xolobot_description/share/xolobot_description/models/diff_drive/model.sdf
[1.144s] -- Up-to-date: /home/diego/ros2_ws/install/xolobot_description/share/xolobot_description/models/otros_robots
[1.144s] -- Up-to-date: /home/diego/ros2_ws/install/xolobot_description/share/xolobot_description/models/otros_robots/box.sdf
[1.145s] -- Up-to-date: /home/diego/ros2_ws/install/xolobot_description/share/xolobot_description/models/otros_robots/model_backup.sdf
[1.145s] -- Up-to-date: /home/diego/ros2_ws/install/xolobot_description/share/xolobot_description/models/otros_robots/minibot.sdf
[1.146s] -- Up-to-date: /home/diego/ros2_ws/install/xolobot_description/share/xolobot_description/models/otros_robots/minixolo.sdf
[1.146s] -- Up-to-date: /home/diego/ros2_ws/install/xolobot_description/share/xolobot_description/models/otros_robots/model.sdf
[1.146s] -- Up-to-date: /home/diego/ros2_ws/install/xolobot_description/share/xolobot_description/models/arlodrive
[1.153s] -- Up-to-date: /home/diego/ros2_ws/install/xolobot_description/share/xolobot_description/models/arlodrive/meshes
[1.153s] -- Up-to-date: /home/diego/ros2_ws/install/xolobot_description/share/xolobot_description/models/arlodrive/meshes/arlo_sensor.dae
[1.155s] -- Up-to-date: /home/diego/ros2_ws/install/xolobot_description/share/xolobot_description/models/arlodrive/meshes/arlo_base_altura_ok.dae
[1.156s] -- Up-to-date: /home/diego/ros2_ws/install/xolobot_description/share/xolobot_description/models/arlodrive/meshes/arlo_wheel_mejorado_backup.dae
[1.157s] -- Up-to-date: /home/diego/ros2_ws/install/xolobot_description/share/xolobot_description/models/arlodrive/meshes/arlo_base_backup.dae
[1.158s] -- Up-to-date: /home/diego/ros2_ws/install/xolobot_description/share/xolobot_description/models/arlodrive/meshes/arlo_wheel_mejorado.dae
[1.159s] -- Up-to-date: /home/diego/ros2_ws/install/xolobot_description/share/xolobot_description/models/arlodrive/meshes/arlo_wheel.dae
[1.159s] -- Up-to-date: /home/diego/ros2_ws/install/xolobot_description/share/xolobot_description/models/arlodrive/meshes/arlo_base.dae
[1.160s] -- Up-to-date: /home/diego/ros2_ws/install/xolobot_description/share/xolobot_description/models/arlodrive/model.config
[1.160s] -- Up-to-date: /home/diego/ros2_ws/install/xolobot_description/share/xolobot_description/models/arlodrive/xolobot.sdf
[1.161s] -- Up-to-date: /home/diego/ros2_ws/install/xolobot_description/share/xolobot_description/environment/xolobot_description.dsv
[1.161s] -- Up-to-date: /home/diego/ros2_ws/install/xolobot_description/share/xolobot_description/environment/xolobot_description.sh
[1.161s] -- Up-to-date: /home/diego/ros2_ws/install/xolobot_description/share/ament_index/resource_index/package_run_dependencies/xolobot_description
[1.162s] -- Up-to-date: /home/diego/ros2_ws/install/xolobot_description/share/ament_index/resource_index/parent_prefix_path/xolobot_description
[1.162s] -- Up-to-date: /home/diego/ros2_ws/install/xolobot_description/share/xolobot_description/environment/ament_prefix_path.sh
[1.162s] -- Up-to-date: /home/diego/ros2_ws/install/xolobot_description/share/xolobot_description/environment/ament_prefix_path.dsv
[1.162s] -- Up-to-date: /home/diego/ros2_ws/install/xolobot_description/share/xolobot_description/environment/path.sh
[1.162s] -- Up-to-date: /home/diego/ros2_ws/install/xolobot_description/share/xolobot_description/environment/path.dsv
[1.162s] -- Up-to-date: /home/diego/ros2_ws/install/xolobot_description/share/xolobot_description/local_setup.bash
[1.163s] -- Up-to-date: /home/diego/ros2_ws/install/xolobot_description/share/xolobot_description/local_setup.sh
[1.163s] -- Up-to-date: /home/diego/ros2_ws/install/xolobot_description/share/xolobot_description/local_setup.zsh
[1.163s] -- Up-to-date: /home/diego/ros2_ws/install/xolobot_description/share/xolobot_description/local_setup.dsv
[1.164s] -- Installing: /home/diego/ros2_ws/install/xolobot_description/share/xolobot_description/package.dsv
[1.166s] -- Up-to-date: /home/diego/ros2_ws/install/xolobot_description/share/ament_index/resource_index/packages/xolobot_description
[1.167s] -- Up-to-date: /home/diego/ros2_ws/install/xolobot_description/share/xolobot_description/cmake/xolobot_descriptionConfig.cmake
[1.167s] -- Up-to-date: /home/diego/ros2_ws/install/xolobot_description/share/xolobot_description/cmake/xolobot_descriptionConfig-version.cmake
[1.167s] -- Up-to-date: /home/diego/ros2_ws/install/xolobot_description/share/xolobot_description/package.xml
[1.188s] Invoked command in '/home/diego/ros2_ws/build/xolobot_description' returned '0': CMAKE_PREFIX_PATH=${CMAKE_PREFIX_PATH}:/home/diego/ros2_ws/install/nodo_xolobot_driver:/home/diego/ros2_ws/install/nodo_lighting_station:/home/diego/ros2_ws/install/nodo_watering_station:/home/diego/ros2_ws/install/nodo_kalanchoe:/home/diego/ros2_ws/install/nodo_data_monitoring:/home/diego/ros2_ws/install/nodo_data_analysis:/opt/ros/jazzy DEBUGINFOD_URLS=https://debuginfod.ubuntu.com /home/diego/.local/bin/cmake --install /home/diego/ros2_ws/build/xolobot_description
