[4.373s] Invoking command in '/home/diego/ros2_ws/src/tengo_mas_sed/nodo_lighting_station': CMAKE_PREFIX_PATH=/home/diego/ros2_ws/install/station_interface:/home/diego/ros2_ws/install/xolobot_bringup:/home/diego/ros2_ws/install/xolobot_tengo_sed:/home/diego/ros2_ws/install/xolobot_ascending:/home/diego/ros2_ws/install/xolobot_kalanchoe_world:/home/diego/ros2_ws/install/xolobot_description:/home/diego/ros2_ws/install/xolobot_blueprint:/home/diego/ros2_ws/install/kalanchoe_interface:/opt/ros/jazzy/opt/gz_sim_vendor:/opt/ros/jazzy/opt/gz_sensors_vendor:/opt/ros/jazzy/opt/gz_physics_vendor:/opt/ros/jazzy/opt/sdformat_vendor:/opt/ros/jazzy/opt/gz_gui_vendor:/opt/ros/jazzy/opt/gz_transport_vendor:/opt/ros/jazzy/opt/gz_rendering_vendor:/opt/ros/jazzy/opt/gz_plugin_vendor:/opt/ros/jazzy/opt/gz_fuel_tools_vendor:/opt/ros/jazzy/opt/gz_msgs_vendor:/opt/ros/jazzy/opt/gz_common_vendor:/opt/ros/jazzy/opt/gz_math_vendor:/opt/ros/jazzy/opt/gz_utils_vendor:/opt/ros/jazzy/opt/gz_tools_vendor:/opt/ros/jazzy/opt/gz_ogre_next_vendor:/opt/ros/jazzy/opt/gz_dartsim_vendor:/opt/ros/jazzy/opt/gz_cmake_vendor DEBUGINFOD_URLS=https://debuginfod.ubuntu.com PYTHONPATH=/home/diego/ros2_ws/build/nodo_lighting_station/prefix_override:/usr/lib/python3/dist-packages/colcon_core/task/python/colcon_distutils_commands:/home/diego/ros2_ws/install/nodo_lighting_station/lib/python3.12/site-packages:/home/diego/ros2_ws/install/station_interface/lib/python3.12/site-packages:/home/diego/ros2_ws/install/nodo_xolobot_driver/lib/python3.12/site-packages:/home/diego/ros2_ws/install/nodo_lighting_station/lib/python3.12/site-packages:/home/diego/ros2_ws/install/nodo_watering_station/lib/python3.12/site-packages:/home/diego/ros2_ws/install/nodo_kalanchoe/lib/python3.12/site-packages:/home/diego/ros2_ws/install/nodo_data_monitoring/lib/python3.12/site-packages:/home/diego/ros2_ws/install/nodo_data_analysis/lib/python3.12/site-packages:/home/diego/ros2_ws/install/kalanchoe_interface/lib/python3.12/site-packages:/opt/ros/jazzy/lib/python3.12/site-packages /usr/bin/python3 -W ignore:setup.py install is deprecated -W ignore:easy_install command is deprecated setup.py egg_info --egg-base ../../../build/nodo_lighting_station build --build-base /home/diego/ros2_ws/build/nodo_lighting_station/build install --record /home/diego/ros2_ws/build/nodo_lighting_station/install.log --single-version-externally-managed install_data
[5.076s] running egg_info
[5.124s] writing ../../../build/nodo_lighting_station/nodo_lighting_station.egg-info/PKG-INFO
[5.125s] writing dependency_links to ../../../build/nodo_lighting_station/nodo_lighting_station.egg-info/dependency_links.txt
[5.125s] writing entry points to ../../../build/nodo_lighting_station/nodo_lighting_station.egg-info/entry_points.txt
[5.126s] writing requirements to ../../../build/nodo_lighting_station/nodo_lighting_station.egg-info/requires.txt
[5.126s] writing top-level names to ../../../build/nodo_lighting_station/nodo_lighting_station.egg-info/top_level.txt
[5.236s] reading manifest file '../../../build/nodo_lighting_station/nodo_lighting_station.egg-info/SOURCES.txt'
[5.237s] adding license file 'LICENSE'
[5.238s] writing manifest file '../../../build/nodo_lighting_station/nodo_lighting_station.egg-info/SOURCES.txt'
[5.238s] running build
[5.238s] running build_py
[5.239s] running install
[5.254s] running install_lib
[5.313s] running install_data
[5.314s] running install_egg_info
[5.364s] removing '/home/diego/ros2_ws/install/nodo_lighting_station/lib/python3.12/site-packages/nodo_lighting_station-0.0.0-py3.12.egg-info' (and everything under it)
[5.365s] Copying ../../../build/nodo_lighting_station/nodo_lighting_station.egg-info to /home/diego/ros2_ws/install/nodo_lighting_station/lib/python3.12/site-packages/nodo_lighting_station-0.0.0-py3.12.egg-info
[5.367s] running install_scripts
[5.717s] Installing start_light_station script to /home/diego/ros2_ws/install/nodo_lighting_station/lib/nodo_lighting_station
[5.718s] writing list of installed files to '/home/diego/ros2_ws/build/nodo_lighting_station/install.log'
[5.818s] Invoked command in '/home/diego/ros2_ws/src/tengo_mas_sed/nodo_lighting_station' returned '0': CMAKE_PREFIX_PATH=/home/diego/ros2_ws/install/station_interface:/home/diego/ros2_ws/install/xolobot_bringup:/home/diego/ros2_ws/install/xolobot_tengo_sed:/home/diego/ros2_ws/install/xolobot_ascending:/home/diego/ros2_ws/install/xolobot_kalanchoe_world:/home/diego/ros2_ws/install/xolobot_description:/home/diego/ros2_ws/install/xolobot_blueprint:/home/diego/ros2_ws/install/kalanchoe_interface:/opt/ros/jazzy/opt/gz_sim_vendor:/opt/ros/jazzy/opt/gz_sensors_vendor:/opt/ros/jazzy/opt/gz_physics_vendor:/opt/ros/jazzy/opt/sdformat_vendor:/opt/ros/jazzy/opt/gz_gui_vendor:/opt/ros/jazzy/opt/gz_transport_vendor:/opt/ros/jazzy/opt/gz_rendering_vendor:/opt/ros/jazzy/opt/gz_plugin_vendor:/opt/ros/jazzy/opt/gz_fuel_tools_vendor:/opt/ros/jazzy/opt/gz_msgs_vendor:/opt/ros/jazzy/opt/gz_common_vendor:/opt/ros/jazzy/opt/gz_math_vendor:/opt/ros/jazzy/opt/gz_utils_vendor:/opt/ros/jazzy/opt/gz_tools_vendor:/opt/ros/jazzy/opt/gz_ogre_next_vendor:/opt/ros/jazzy/opt/gz_dartsim_vendor:/opt/ros/jazzy/opt/gz_cmake_vendor DEBUGINFOD_URLS=https://debuginfod.ubuntu.com PYTHONPATH=/home/diego/ros2_ws/build/nodo_lighting_station/prefix_override:/usr/lib/python3/dist-packages/colcon_core/task/python/colcon_distutils_commands:/home/diego/ros2_ws/install/nodo_lighting_station/lib/python3.12/site-packages:/home/diego/ros2_ws/install/station_interface/lib/python3.12/site-packages:/home/diego/ros2_ws/install/nodo_xolobot_driver/lib/python3.12/site-packages:/home/diego/ros2_ws/install/nodo_lighting_station/lib/python3.12/site-packages:/home/diego/ros2_ws/install/nodo_watering_station/lib/python3.12/site-packages:/home/diego/ros2_ws/install/nodo_kalanchoe/lib/python3.12/site-packages:/home/diego/ros2_ws/install/nodo_data_monitoring/lib/python3.12/site-packages:/home/diego/ros2_ws/install/nodo_data_analysis/lib/python3.12/site-packages:/home/diego/ros2_ws/install/kalanchoe_interface/lib/python3.12/site-packages:/opt/ros/jazzy/lib/python3.12/site-packages /usr/bin/python3 -W ignore:setup.py install is deprecated -W ignore:easy_install command is deprecated setup.py egg_info --egg-base ../../../build/nodo_lighting_station build --build-base /home/diego/ros2_ws/build/nodo_lighting_station/build install --record /home/diego/ros2_ws/build/nodo_lighting_station/install.log --single-version-externally-managed install_data
