[3.278s] Invoking command in '/home/diego/ros2_ws/src/tengo_mas_sed/nodo_data_analysis': DEBUGINFOD_URLS=https://debuginfod.ubuntu.com PYTHONPATH=/home/diego/ros2_ws/build/nodo_data_analysis/prefix_override:/usr/lib/python3/dist-packages/colcon_core/task/python/colcon_distutils_commands:/home/diego/ros2_ws/install/nodo_data_analysis/lib/python3.12/site-packages:${PYTHONPATH} /usr/bin/python3 -W ignore:setup.py install is deprecated -W ignore:easy_install command is deprecated setup.py egg_info --egg-base ../../../build/nodo_data_analysis build --build-base /home/diego/ros2_ws/build/nodo_data_analysis/build install --record /home/diego/ros2_ws/build/nodo_data_analysis/install.log --single-version-externally-managed install_data
[4.012s] running egg_info
[4.053s] writing ../../../build/nodo_data_analysis/nodo_data_analysis.egg-info/PKG-INFO
[4.054s] writing dependency_links to ../../../build/nodo_data_analysis/nodo_data_analysis.egg-info/dependency_links.txt
[4.054s] writing entry points to ../../../build/nodo_data_analysis/nodo_data_analysis.egg-info/entry_points.txt
[4.054s] writing requirements to ../../../build/nodo_data_analysis/nodo_data_analysis.egg-info/requires.txt
[4.054s] writing top-level names to ../../../build/nodo_data_analysis/nodo_data_analysis.egg-info/top_level.txt
[4.146s] reading manifest file '../../../build/nodo_data_analysis/nodo_data_analysis.egg-info/SOURCES.txt'
[4.152s] adding license file 'LICENSE'
[4.152s] writing manifest file '../../../build/nodo_data_analysis/nodo_data_analysis.egg-info/SOURCES.txt'
[4.153s] running build
[4.153s] running build_py
[4.153s] running install
[4.169s] running install_lib
[4.231s] running install_data
[4.232s] running install_egg_info
[4.283s] removing '/home/diego/ros2_ws/install/nodo_data_analysis/lib/python3.12/site-packages/nodo_data_analysis-0.0.0-py3.12.egg-info' (and everything under it)
[4.284s] Copying ../../../build/nodo_data_analysis/nodo_data_analysis.egg-info to /home/diego/ros2_ws/install/nodo_data_analysis/lib/python3.12/site-packages/nodo_data_analysis-0.0.0-py3.12.egg-info
[4.287s] running install_scripts
[4.620s] Installing start_data_analysis script to /home/diego/ros2_ws/install/nodo_data_analysis/lib/nodo_data_analysis
[4.620s] writing list of installed files to '/home/diego/ros2_ws/build/nodo_data_analysis/install.log'
[4.736s] Invoked command in '/home/diego/ros2_ws/src/tengo_mas_sed/nodo_data_analysis' returned '0': DEBUGINFOD_URLS=https://debuginfod.ubuntu.com PYTHONPATH=/home/diego/ros2_ws/build/nodo_data_analysis/prefix_override:/usr/lib/python3/dist-packages/colcon_core/task/python/colcon_distutils_commands:/home/diego/ros2_ws/install/nodo_data_analysis/lib/python3.12/site-packages:${PYTHONPATH} /usr/bin/python3 -W ignore:setup.py install is deprecated -W ignore:easy_install command is deprecated setup.py egg_info --egg-base ../../../build/nodo_data_analysis build --build-base /home/diego/ros2_ws/build/nodo_data_analysis/build install --record /home/diego/ros2_ws/build/nodo_data_analysis/install.log --single-version-externally-managed install_data
