-- Found ament_cmake: 2.5.3 (/opt/ros/jazzy/share/ament_cmake/cmake)
-- Found Python3: /usr/bin/python3 (found version "3.12.3") found components: Interpreter
-- Found ament_lint_auto: 0.17.1 (/opt/ros/jazzy/share/ament_lint_auto/cmake)
-- Found geometry_msgs: 5.3.5 (/opt/ros/jazzy/share/geometry_msgs/cmake)
-- Found rosidl_generator_c: 4.6.5 (/opt/ros/jazzy/share/rosidl_generator_c/cmake)
-- Found rosidl_generator_cpp: 4.6.5 (/opt/ros/jazzy/share/rosidl_generator_cpp/cmake)
-- Using all available rosidl_typesupport_c: rosidl_typesupport_fastrtps_c;rosidl_typesupport_introspection_c
-- Using all available rosidl_typesupport_cpp: rosidl_typesupport_fastrtps_cpp;rosidl_typesupport_introspection_cpp
-- Found rosidl_default_generators: 1.6.0 (/opt/ros/jazzy/share/rosidl_default_generators/cmake)
-- Found rosidl_adapter: 4.6.5 (/opt/ros/jazzy/share/rosidl_adapter/cmake)
-- Found ament_cmake_ros: 0.12.0 (/opt/ros/jazzy/share/ament_cmake_ros/cmake)
-- Using all available rosidl_typesupport_c: rosidl_typesupport_fastrtps_c;rosidl_typesupport_introspection_c
-- Using all available rosidl_typesupport_cpp: rosidl_typesupport_fastrtps_cpp;rosidl_typesupport_introspection_cpp
-- Found python_cmake_module: 0.11.1 (/opt/ros/jazzy/share/python_cmake_module/cmake)
-- Found Python3: /usr/bin/python3 (found version "3.12.3") found components: Interpreter Development NumPy Development.Module Development.Embed
-- Added test 'lint_cmake' to check CMake code style
-- Added test 'xmllint' to check XML markup files
-- Configuring done (5.0s)
-- Generating done (0.1s)
-- Build files have been written to: /home/diego/ros2_ws/build/station_interface
[  2%] [34m[1mGenerating type hashes for ROS interfaces[0m
[  2%] Built target ament_cmake_python_copy_station_interface
[  2%] Built target station_interface__rosidl_generator_type_description
[  5%] [34m[1mGenerating C code for ROS interfaces[0m
[  8%] [34m[1mGenerating C++ code for ROS interfaces[0m
running egg_info
writing station_interface.egg-info/PKG-INFO
writing dependency_links to station_interface.egg-info/dependency_links.txt
writing top-level names to station_interface.egg-info/top_level.txt
reading manifest file 'station_interface.egg-info/SOURCES.txt'
writing manifest file 'station_interface.egg-info/SOURCES.txt'
[  8%] Built target ament_cmake_python_build_station_interface_egg
[  8%] Built target station_interface__cpp
[ 11%] [32mBuilding C object CMakeFiles/station_interface__rosidl_generator_c.dir/rosidl_generator_c/station_interface/srv/detail/reload__description.c.o[0m
[ 14%] [32mBuilding C object CMakeFiles/station_interface__rosidl_generator_c.dir/rosidl_generator_c/station_interface/srv/detail/reload__functions.c.o[0m
[ 17%] [32mBuilding C object CMakeFiles/station_interface__rosidl_generator_c.dir/rosidl_generator_c/station_interface/srv/detail/reload__type_support.c.o[0m
[ 20%] [32m[1mLinking C shared library libstation_interface__rosidl_generator_c.so[0m
[ 20%] Built target station_interface__rosidl_generator_c
[ 23%] [34m[1mGenerating C++ type support dispatch for ROS interfaces[0m
[ 29%] [34m[1mGenerating C++ introspection for ROS interfaces[0m
[ 29%] [34m[1mGenerating C type support for eProsima Fast-RTPS[0m
[ 32%] [34m[1mGenerating C introspection for ROS interfaces[0m
[ 35%] [34m[1mGenerating C type support dispatch for ROS interfaces[0m
[ 38%] [34m[1mGenerating C++ type support for eProsima Fast-RTPS[0m
[ 41%] [32mBuilding CXX object CMakeFiles/station_interface__rosidl_typesupport_fastrtps_cpp.dir/rosidl_typesupport_fastrtps_cpp/station_interface/srv/detail/dds_fastrtps/reload__type_support.cpp.o[0m
[ 44%] [32mBuilding CXX object CMakeFiles/station_interface__rosidl_typesupport_fastrtps_c.dir/rosidl_typesupport_fastrtps_c/station_interface/srv/detail/reload__type_support_c.cpp.o[0m
[ 47%] [32mBuilding CXX object CMakeFiles/station_interface__rosidl_typesupport_c.dir/rosidl_typesupport_c/station_interface/srv/reload__type_support.cpp.o[0m
[ 50%] [32mBuilding CXX object CMakeFiles/station_interface__rosidl_typesupport_cpp.dir/rosidl_typesupport_cpp/station_interface/srv/reload__type_support.cpp.o[0m
[ 52%] [32mBuilding CXX object CMakeFiles/station_interface__rosidl_typesupport_introspection_cpp.dir/rosidl_typesupport_introspection_cpp/station_interface/srv/detail/reload__type_support.cpp.o[0m
[ 55%] [32mBuilding C object CMakeFiles/station_interface__rosidl_typesupport_introspection_c.dir/rosidl_typesupport_introspection_c/station_interface/srv/detail/reload__type_support.c.o[0m
[ 58%] [32m[1mLinking CXX shared library libstation_interface__rosidl_typesupport_c.so[0m
[ 61%] [32m[1mLinking C shared library libstation_interface__rosidl_typesupport_introspection_c.so[0m
[ 61%] Built target station_interface__rosidl_typesupport_introspection_c
[ 61%] Built target station_interface__rosidl_typesupport_c
[ 64%] [32m[1mLinking CXX shared library libstation_interface__rosidl_typesupport_cpp.so[0m
[ 67%] [32m[1mLinking CXX shared library libstation_interface__rosidl_typesupport_introspection_cpp.so[0m
[ 67%] Built target station_interface__rosidl_typesupport_cpp
[ 67%] Built target station_interface__rosidl_typesupport_introspection_cpp
[ 70%] [32m[1mLinking CXX shared library libstation_interface__rosidl_typesupport_fastrtps_c.so[0m
[ 70%] Built target station_interface__rosidl_typesupport_fastrtps_c
[ 73%] [32m[1mLinking CXX shared library libstation_interface__rosidl_typesupport_fastrtps_cpp.so[0m
[ 73%] Built target station_interface__rosidl_typesupport_fastrtps_cpp
[ 73%] Built target station_interface
[ 76%] [34m[1mGenerating Python code for ROS interfaces[0m
[ 76%] Built target station_interface__py
[ 79%] [32mBuilding C object CMakeFiles/station_interface__rosidl_generator_py.dir/rosidl_generator_py/station_interface/srv/_reload_s.c.o[0m
[ 82%] [32m[1mLinking C shared library libstation_interface__rosidl_generator_py.so[0m
[ 82%] Built target station_interface__rosidl_generator_py
[ 85%] [32mBuilding C object CMakeFiles/station_interface_s__rosidl_typesupport_c.dir/rosidl_generator_py/station_interface/_station_interface_s.ep.rosidl_typesupport_c.c.o[0m
[ 88%] [32mBuilding C object CMakeFiles/station_interface_s__rosidl_typesupport_fastrtps_c.dir/rosidl_generator_py/station_interface/_station_interface_s.ep.rosidl_typesupport_fastrtps_c.c.o[0m
[ 91%] [32mBuilding C object CMakeFiles/station_interface_s__rosidl_typesupport_introspection_c.dir/rosidl_generator_py/station_interface/_station_interface_s.ep.rosidl_typesupport_introspection_c.c.o[0m
[ 94%] [32m[1mLinking C shared module rosidl_generator_py/station_interface/station_interface_s__rosidl_typesupport_c.so[0m
[100%] [32m[1mLinking C shared module rosidl_generator_py/station_interface/station_interface_s__rosidl_typesupport_introspection_c.so[0m
[100%] [32m[1mLinking C shared module rosidl_generator_py/station_interface/station_interface_s__rosidl_typesupport_fastrtps_c.so[0m
[100%] Built target station_interface_s__rosidl_typesupport_c
[100%] Built target station_interface_s__rosidl_typesupport_fastrtps_c
[100%] Built target station_interface_s__rosidl_typesupport_introspection_c
-- Install configuration: ""
-- Up-to-date: /home/diego/ros2_ws/install/station_interface/share/ament_index/resource_index/rosidl_interfaces/station_interface
-- Installing: /home/diego/ros2_ws/install/station_interface/share/station_interface/srv/Reload.json
-- Up-to-date: /home/diego/ros2_ws/install/station_interface/include/station_interface/station_interface
-- Up-to-date: /home/diego/ros2_ws/install/station_interface/include/station_interface/station_interface/srv
-- Installing: /home/diego/ros2_ws/install/station_interface/include/station_interface/station_interface/srv/reload.h
-- Up-to-date: /home/diego/ros2_ws/install/station_interface/include/station_interface/station_interface/srv/detail
-- Installing: /home/diego/ros2_ws/install/station_interface/include/station_interface/station_interface/srv/detail/reload__struct.h
-- Installing: /home/diego/ros2_ws/install/station_interface/include/station_interface/station_interface/srv/detail/reload__description.c
-- Installing: /home/diego/ros2_ws/install/station_interface/include/station_interface/station_interface/srv/detail/reload__type_support.h
-- Installing: /home/diego/ros2_ws/install/station_interface/include/station_interface/station_interface/srv/detail/reload__functions.h
-- Installing: /home/diego/ros2_ws/install/station_interface/include/station_interface/station_interface/srv/detail/reload__functions.c
-- Installing: /home/diego/ros2_ws/install/station_interface/include/station_interface/station_interface/srv/detail/reload__type_support.c
-- Up-to-date: /home/diego/ros2_ws/install/station_interface/include/station_interface/station_interface/msg
-- Up-to-date: /home/diego/ros2_ws/install/station_interface/include/station_interface/station_interface/msg/rosidl_generator_c__visibility_control.h
-- Up-to-date: /home/diego/ros2_ws/install/station_interface/share/station_interface/environment/library_path.sh
-- Up-to-date: /home/diego/ros2_ws/install/station_interface/share/station_interface/environment/library_path.dsv
-- Installing: /home/diego/ros2_ws/install/station_interface/lib/libstation_interface__rosidl_generator_c.so
-- Set non-toolchain portion of runtime path of "/home/diego/ros2_ws/install/station_interface/lib/libstation_interface__rosidl_generator_c.so" to ""
-- Up-to-date: /home/diego/ros2_ws/install/station_interface/include/station_interface/station_interface
-- Up-to-date: /home/diego/ros2_ws/install/station_interface/include/station_interface/station_interface/srv
-- Up-to-date: /home/diego/ros2_ws/install/station_interface/include/station_interface/station_interface/srv/detail
-- Installing: /home/diego/ros2_ws/install/station_interface/include/station_interface/station_interface/srv/detail/reload__rosidl_typesupport_fastrtps_c.h
-- Up-to-date: /home/diego/ros2_ws/install/station_interface/include/station_interface/station_interface/msg
-- Up-to-date: /home/diego/ros2_ws/install/station_interface/include/station_interface/station_interface/msg/rosidl_typesupport_fastrtps_c__visibility_control.h
-- Installing: /home/diego/ros2_ws/install/station_interface/lib/libstation_interface__rosidl_typesupport_fastrtps_c.so
-- Set non-toolchain portion of runtime path of "/home/diego/ros2_ws/install/station_interface/lib/libstation_interface__rosidl_typesupport_fastrtps_c.so" to ""
-- Up-to-date: /home/diego/ros2_ws/install/station_interface/include/station_interface/station_interface
-- Up-to-date: /home/diego/ros2_ws/install/station_interface/include/station_interface/station_interface/srv
-- Up-to-date: /home/diego/ros2_ws/install/station_interface/include/station_interface/station_interface/srv/detail
-- Installing: /home/diego/ros2_ws/install/station_interface/include/station_interface/station_interface/srv/detail/reload__traits.hpp
-- Installing: /home/diego/ros2_ws/install/station_interface/include/station_interface/station_interface/srv/detail/reload__type_support.hpp
-- Installing: /home/diego/ros2_ws/install/station_interface/include/station_interface/station_interface/srv/detail/reload__builder.hpp
-- Installing: /home/diego/ros2_ws/install/station_interface/include/station_interface/station_interface/srv/detail/reload__struct.hpp
-- Installing: /home/diego/ros2_ws/install/station_interface/include/station_interface/station_interface/srv/reload.hpp
-- Up-to-date: /home/diego/ros2_ws/install/station_interface/include/station_interface/station_interface/msg
-- Installing: /home/diego/ros2_ws/install/station_interface/include/station_interface/station_interface/msg/rosidl_generator_cpp__visibility_control.hpp
-- Up-to-date: /home/diego/ros2_ws/install/station_interface/include/station_interface/station_interface
-- Up-to-date: /home/diego/ros2_ws/install/station_interface/include/station_interface/station_interface/srv
-- Up-to-date: /home/diego/ros2_ws/install/station_interface/include/station_interface/station_interface/srv/detail
-- Up-to-date: /home/diego/ros2_ws/install/station_interface/include/station_interface/station_interface/srv/detail/dds_fastrtps
-- Installing: /home/diego/ros2_ws/install/station_interface/include/station_interface/station_interface/srv/detail/reload__rosidl_typesupport_fastrtps_cpp.hpp
-- Up-to-date: /home/diego/ros2_ws/install/station_interface/include/station_interface/station_interface/msg
-- Up-to-date: /home/diego/ros2_ws/install/station_interface/include/station_interface/station_interface/msg/rosidl_typesupport_fastrtps_cpp__visibility_control.h
-- Installing: /home/diego/ros2_ws/install/station_interface/lib/libstation_interface__rosidl_typesupport_fastrtps_cpp.so
-- Set non-toolchain portion of runtime path of "/home/diego/ros2_ws/install/station_interface/lib/libstation_interface__rosidl_typesupport_fastrtps_cpp.so" to ""
-- Up-to-date: /home/diego/ros2_ws/install/station_interface/include/station_interface/station_interface
-- Up-to-date: /home/diego/ros2_ws/install/station_interface/include/station_interface/station_interface/srv
-- Up-to-date: /home/diego/ros2_ws/install/station_interface/include/station_interface/station_interface/srv/detail
-- Installing: /home/diego/ros2_ws/install/station_interface/include/station_interface/station_interface/srv/detail/reload__rosidl_typesupport_introspection_c.h
-- Installing: /home/diego/ros2_ws/install/station_interface/include/station_interface/station_interface/srv/detail/reload__type_support.c
-- Up-to-date: /home/diego/ros2_ws/install/station_interface/include/station_interface/station_interface/msg
-- Up-to-date: /home/diego/ros2_ws/install/station_interface/include/station_interface/station_interface/msg/rosidl_typesupport_introspection_c__visibility_control.h
-- Installing: /home/diego/ros2_ws/install/station_interface/lib/libstation_interface__rosidl_typesupport_introspection_c.so
-- Set non-toolchain portion of runtime path of "/home/diego/ros2_ws/install/station_interface/lib/libstation_interface__rosidl_typesupport_introspection_c.so" to ""
-- Installing: /home/diego/ros2_ws/install/station_interface/lib/libstation_interface__rosidl_typesupport_c.so
-- Set non-toolchain portion of runtime path of "/home/diego/ros2_ws/install/station_interface/lib/libstation_interface__rosidl_typesupport_c.so" to ""
-- Up-to-date: /home/diego/ros2_ws/install/station_interface/include/station_interface/station_interface
-- Up-to-date: /home/diego/ros2_ws/install/station_interface/include/station_interface/station_interface/srv
-- Up-to-date: /home/diego/ros2_ws/install/station_interface/include/station_interface/station_interface/srv/detail
-- Installing: /home/diego/ros2_ws/install/station_interface/include/station_interface/station_interface/srv/detail/reload__rosidl_typesupport_introspection_cpp.hpp
-- Installing: /home/diego/ros2_ws/install/station_interface/include/station_interface/station_interface/srv/detail/reload__type_support.cpp
-- Installing: /home/diego/ros2_ws/install/station_interface/lib/libstation_interface__rosidl_typesupport_introspection_cpp.so
-- Set non-toolchain portion of runtime path of "/home/diego/ros2_ws/install/station_interface/lib/libstation_interface__rosidl_typesupport_introspection_cpp.so" to ""
-- Installing: /home/diego/ros2_ws/install/station_interface/lib/libstation_interface__rosidl_typesupport_cpp.so
-- Set non-toolchain portion of runtime path of "/home/diego/ros2_ws/install/station_interface/lib/libstation_interface__rosidl_typesupport_cpp.so" to ""
-- Up-to-date: /home/diego/ros2_ws/install/station_interface/share/station_interface/environment/pythonpath.sh
-- Up-to-date: /home/diego/ros2_ws/install/station_interface/share/station_interface/environment/pythonpath.dsv
-- Up-to-date: /home/diego/ros2_ws/install/station_interface/lib/python3.12/site-packages/station_interface-0.0.0-py3.12.egg-info
-- Installing: /home/diego/ros2_ws/install/station_interface/lib/python3.12/site-packages/station_interface-0.0.0-py3.12.egg-info/SOURCES.txt
-- Installing: /home/diego/ros2_ws/install/station_interface/lib/python3.12/site-packages/station_interface-0.0.0-py3.12.egg-info/dependency_links.txt
-- Installing: /home/diego/ros2_ws/install/station_interface/lib/python3.12/site-packages/station_interface-0.0.0-py3.12.egg-info/PKG-INFO
-- Installing: /home/diego/ros2_ws/install/station_interface/lib/python3.12/site-packages/station_interface-0.0.0-py3.12.egg-info/top_level.txt
-- Up-to-date: /home/diego/ros2_ws/install/station_interface/lib/python3.12/site-packages/station_interface
-- Installing: /home/diego/ros2_ws/install/station_interface/lib/python3.12/site-packages/station_interface/__init__.py
-- Installing: /home/diego/ros2_ws/install/station_interface/lib/python3.12/site-packages/station_interface/_station_interface_s.ep.rosidl_typesupport_fastrtps_c.c
-- Installing: /home/diego/ros2_ws/install/station_interface/lib/python3.12/site-packages/station_interface/station_interface_s__rosidl_typesupport_c.so
-- Installing: /home/diego/ros2_ws/install/station_interface/lib/python3.12/site-packages/station_interface/station_interface_s__rosidl_typesupport_fastrtps_c.so
-- Installing: /home/diego/ros2_ws/install/station_interface/lib/python3.12/site-packages/station_interface/_station_interface_s.ep.rosidl_typesupport_c.c
-- Installing: /home/diego/ros2_ws/install/station_interface/lib/python3.12/site-packages/station_interface/_station_interface_s.ep.rosidl_typesupport_introspection_c.c
-- Up-to-date: /home/diego/ros2_ws/install/station_interface/lib/python3.12/site-packages/station_interface/srv
-- Installing: /home/diego/ros2_ws/install/station_interface/lib/python3.12/site-packages/station_interface/srv/__init__.py
-- Installing: /home/diego/ros2_ws/install/station_interface/lib/python3.12/site-packages/station_interface/srv/_reload_s.c
-- Installing: /home/diego/ros2_ws/install/station_interface/lib/python3.12/site-packages/station_interface/srv/_reload.py
-- Installing: /home/diego/ros2_ws/install/station_interface/lib/python3.12/site-packages/station_interface/station_interface_s__rosidl_typesupport_introspection_c.so
Listing '/home/diego/ros2_ws/install/station_interface/lib/python3.12/site-packages/station_interface'...
Compiling '/home/diego/ros2_ws/install/station_interface/lib/python3.12/site-packages/station_interface/__init__.py'...
Listing '/home/diego/ros2_ws/install/station_interface/lib/python3.12/site-packages/station_interface/srv'...
Compiling '/home/diego/ros2_ws/install/station_interface/lib/python3.12/site-packages/station_interface/srv/__init__.py'...
Compiling '/home/diego/ros2_ws/install/station_interface/lib/python3.12/site-packages/station_interface/srv/_reload.py'...
-- Installing: /home/diego/ros2_ws/install/station_interface/lib/python3.12/site-packages/station_interface/station_interface_s__rosidl_typesupport_fastrtps_c.so
-- Set non-toolchain portion of runtime path of "/home/diego/ros2_ws/install/station_interface/lib/python3.12/site-packages/station_interface/station_interface_s__rosidl_typesupport_fastrtps_c.so" to ""
-- Installing: /home/diego/ros2_ws/install/station_interface/lib/python3.12/site-packages/station_interface/station_interface_s__rosidl_typesupport_introspection_c.so
-- Set non-toolchain portion of runtime path of "/home/diego/ros2_ws/install/station_interface/lib/python3.12/site-packages/station_interface/station_interface_s__rosidl_typesupport_introspection_c.so" to ""
-- Installing: /home/diego/ros2_ws/install/station_interface/lib/python3.12/site-packages/station_interface/station_interface_s__rosidl_typesupport_c.so
-- Set non-toolchain portion of runtime path of "/home/diego/ros2_ws/install/station_interface/lib/python3.12/site-packages/station_interface/station_interface_s__rosidl_typesupport_c.so" to ""
-- Installing: /home/diego/ros2_ws/install/station_interface/lib/libstation_interface__rosidl_generator_py.so
-- Set non-toolchain portion of runtime path of "/home/diego/ros2_ws/install/station_interface/lib/libstation_interface__rosidl_generator_py.so" to ""
-- Installing: /home/diego/ros2_ws/install/station_interface/share/station_interface/srv/Reload.idl
-- Installing: /home/diego/ros2_ws/install/station_interface/share/station_interface/srv/Reload.srv
-- Up-to-date: /home/diego/ros2_ws/install/station_interface/share/ament_index/resource_index/package_run_dependencies/station_interface
-- Installing: /home/diego/ros2_ws/install/station_interface/share/ament_index/resource_index/parent_prefix_path/station_interface
-- Up-to-date: /home/diego/ros2_ws/install/station_interface/share/station_interface/environment/ament_prefix_path.sh
-- Up-to-date: /home/diego/ros2_ws/install/station_interface/share/station_interface/environment/ament_prefix_path.dsv
-- Up-to-date: /home/diego/ros2_ws/install/station_interface/share/station_interface/environment/path.sh
-- Up-to-date: /home/diego/ros2_ws/install/station_interface/share/station_interface/environment/path.dsv
-- Up-to-date: /home/diego/ros2_ws/install/station_interface/share/station_interface/local_setup.bash
-- Up-to-date: /home/diego/ros2_ws/install/station_interface/share/station_interface/local_setup.sh
-- Up-to-date: /home/diego/ros2_ws/install/station_interface/share/station_interface/local_setup.zsh
-- Up-to-date: /home/diego/ros2_ws/install/station_interface/share/station_interface/local_setup.dsv
-- Installing: /home/diego/ros2_ws/install/station_interface/share/station_interface/package.dsv
-- Up-to-date: /home/diego/ros2_ws/install/station_interface/share/ament_index/resource_index/packages/station_interface
-- Up-to-date: /home/diego/ros2_ws/install/station_interface/share/station_interface/cmake/export_station_interface__rosidl_generator_cExport.cmake
-- Up-to-date: /home/diego/ros2_ws/install/station_interface/share/station_interface/cmake/export_station_interface__rosidl_generator_cExport-noconfig.cmake
-- Up-to-date: /home/diego/ros2_ws/install/station_interface/share/station_interface/cmake/export_station_interface__rosidl_typesupport_fastrtps_cExport.cmake
-- Up-to-date: /home/diego/ros2_ws/install/station_interface/share/station_interface/cmake/export_station_interface__rosidl_typesupport_fastrtps_cExport-noconfig.cmake
-- Up-to-date: /home/diego/ros2_ws/install/station_interface/share/station_interface/cmake/export_station_interface__rosidl_generator_cppExport.cmake
-- Up-to-date: /home/diego/ros2_ws/install/station_interface/share/station_interface/cmake/export_station_interface__rosidl_typesupport_fastrtps_cppExport.cmake
-- Up-to-date: /home/diego/ros2_ws/install/station_interface/share/station_interface/cmake/export_station_interface__rosidl_typesupport_fastrtps_cppExport-noconfig.cmake
-- Up-to-date: /home/diego/ros2_ws/install/station_interface/share/station_interface/cmake/station_interface__rosidl_typesupport_introspection_cExport.cmake
-- Up-to-date: /home/diego/ros2_ws/install/station_interface/share/station_interface/cmake/station_interface__rosidl_typesupport_introspection_cExport-noconfig.cmake
-- Up-to-date: /home/diego/ros2_ws/install/station_interface/share/station_interface/cmake/station_interface__rosidl_typesupport_cExport.cmake
-- Up-to-date: /home/diego/ros2_ws/install/station_interface/share/station_interface/cmake/station_interface__rosidl_typesupport_cExport-noconfig.cmake
-- Up-to-date: /home/diego/ros2_ws/install/station_interface/share/station_interface/cmake/station_interface__rosidl_typesupport_introspection_cppExport.cmake
-- Up-to-date: /home/diego/ros2_ws/install/station_interface/share/station_interface/cmake/station_interface__rosidl_typesupport_introspection_cppExport-noconfig.cmake
-- Up-to-date: /home/diego/ros2_ws/install/station_interface/share/station_interface/cmake/station_interface__rosidl_typesupport_cppExport.cmake
-- Up-to-date: /home/diego/ros2_ws/install/station_interface/share/station_interface/cmake/station_interface__rosidl_typesupport_cppExport-noconfig.cmake
-- Up-to-date: /home/diego/ros2_ws/install/station_interface/share/station_interface/cmake/export_station_interface__rosidl_generator_pyExport.cmake
-- Up-to-date: /home/diego/ros2_ws/install/station_interface/share/station_interface/cmake/export_station_interface__rosidl_generator_pyExport-noconfig.cmake
-- Up-to-date: /home/diego/ros2_ws/install/station_interface/share/station_interface/cmake/rosidl_cmake-extras.cmake
-- Up-to-date: /home/diego/ros2_ws/install/station_interface/share/station_interface/cmake/ament_cmake_export_dependencies-extras.cmake
-- Up-to-date: /home/diego/ros2_ws/install/station_interface/share/station_interface/cmake/ament_cmake_export_include_directories-extras.cmake
-- Up-to-date: /home/diego/ros2_ws/install/station_interface/share/station_interface/cmake/ament_cmake_export_libraries-extras.cmake
-- Up-to-date: /home/diego/ros2_ws/install/station_interface/share/station_interface/cmake/ament_cmake_export_targets-extras.cmake
-- Up-to-date: /home/diego/ros2_ws/install/station_interface/share/station_interface/cmake/rosidl_cmake_export_typesupport_targets-extras.cmake
-- Up-to-date: /home/diego/ros2_ws/install/station_interface/share/station_interface/cmake/rosidl_cmake_export_typesupport_libraries-extras.cmake
-- Up-to-date: /home/diego/ros2_ws/install/station_interface/share/station_interface/cmake/station_interfaceConfig.cmake
-- Up-to-date: /home/diego/ros2_ws/install/station_interface/share/station_interface/cmake/station_interfaceConfig-version.cmake
-- Up-to-date: /home/diego/ros2_ws/install/station_interface/share/station_interface/package.xml
