[0.058s] Invoking command in '/home/diego/ros2_ws/build/station_interface': CMAKE_PREFIX_PATH=${CMAKE_PREFIX_PATH}:/home/diego/ros2_ws/install/nodo_xolobot_driver:/home/diego/ros2_ws/install/nodo_lighting_station:/home/diego/ros2_ws/install/nodo_watering_station:/home/diego/ros2_ws/install/nodo_kalanchoe:/home/diego/ros2_ws/install/nodo_data_monitoring:/home/diego/ros2_ws/install/nodo_data_analysis:/opt/ros/jazzy DEBUGINFOD_URLS=https://debuginfod.ubuntu.com /home/diego/.local/bin/cmake --build /home/diego/ros2_ws/build/station_interface -- -j8 -l8
[1.112s] -- Found ament_cmake: 2.5.3 (/opt/ros/jazzy/share/ament_cmake/cmake)
[1.113s] -- Found Python3: /usr/bin/python3 (found version "3.12.3") found components: Interpreter
[1.113s] -- Found ament_lint_auto: 0.17.1 (/opt/ros/jazzy/share/ament_lint_auto/cmake)
[1.113s] -- Found geometry_msgs: 5.3.5 (/opt/ros/jazzy/share/geometry_msgs/cmake)
[1.113s] -- Found rosidl_generator_c: 4.6.5 (/opt/ros/jazzy/share/rosidl_generator_c/cmake)
[1.114s] -- Found rosidl_generator_cpp: 4.6.5 (/opt/ros/jazzy/share/rosidl_generator_cpp/cmake)
[1.114s] -- Using all available rosidl_typesupport_c: rosidl_typesupport_fastrtps_c;rosidl_typesupport_introspection_c
[1.114s] -- Using all available rosidl_typesupport_cpp: rosidl_typesupport_fastrtps_cpp;rosidl_typesupport_introspection_cpp
[1.114s] -- Found rosidl_default_generators: 1.6.0 (/opt/ros/jazzy/share/rosidl_default_generators/cmake)
[1.114s] -- Found rosidl_adapter: 4.6.5 (/opt/ros/jazzy/share/rosidl_adapter/cmake)
[2.151s] -- Found ament_cmake_ros: 0.12.0 (/opt/ros/jazzy/share/ament_cmake_ros/cmake)
[3.680s] -- Using all available rosidl_typesupport_c: rosidl_typesupport_fastrtps_c;rosidl_typesupport_introspection_c
[4.257s] -- Using all available rosidl_typesupport_cpp: rosidl_typesupport_fastrtps_cpp;rosidl_typesupport_introspection_cpp
[4.261s] -- Found python_cmake_module: 0.11.1 (/opt/ros/jazzy/share/python_cmake_module/cmake)
[4.961s] -- Found Python3: /usr/bin/python3 (found version "3.12.3") found components: Interpreter Development NumPy Development.Module Development.Embed
[5.037s] -- Added test 'lint_cmake' to check CMake code style
[5.039s] -- Added test 'xmllint' to check XML markup files
[5.049s] -- Configuring done (5.0s)
[5.145s] -- Generating done (0.1s)
[5.157s] -- Build files have been written to: /home/diego/ros2_ws/build/station_interface
[5.190s] [  2%] [34m[1mGenerating type hashes for ROS interfaces[0m
[5.195s] [  2%] Built target ament_cmake_python_copy_station_interface
[5.451s] [  2%] Built target station_interface__rosidl_generator_type_description
[5.460s] [  5%] [34m[1mGenerating C code for ROS interfaces[0m
[5.471s] [  8%] [34m[1mGenerating C++ code for ROS interfaces[0m
[5.495s] running egg_info
[5.526s] writing station_interface.egg-info/PKG-INFO
[5.527s] writing dependency_links to station_interface.egg-info/dependency_links.txt
[5.527s] writing top-level names to station_interface.egg-info/top_level.txt
[5.616s] reading manifest file 'station_interface.egg-info/SOURCES.txt'
[5.617s] writing manifest file 'station_interface.egg-info/SOURCES.txt'
[5.660s] [  8%] Built target ament_cmake_python_build_station_interface_egg
[5.846s] [  8%] Built target station_interface__cpp
[5.872s] [ 11%] [32mBuilding C object CMakeFiles/station_interface__rosidl_generator_c.dir/rosidl_generator_c/station_interface/srv/detail/reload__description.c.o[0m
[5.872s] [ 14%] [32mBuilding C object CMakeFiles/station_interface__rosidl_generator_c.dir/rosidl_generator_c/station_interface/srv/detail/reload__functions.c.o[0m
[5.873s] [ 17%] [32mBuilding C object CMakeFiles/station_interface__rosidl_generator_c.dir/rosidl_generator_c/station_interface/srv/detail/reload__type_support.c.o[0m
[6.037s] [ 20%] [32m[1mLinking C shared library libstation_interface__rosidl_generator_c.so[0m
[6.097s] [ 20%] Built target station_interface__rosidl_generator_c
[6.106s] [ 23%] [34m[1mGenerating C++ type support dispatch for ROS interfaces[0m
[6.107s] [ 29%] [34m[1mGenerating C++ introspection for ROS interfaces[0m
[6.107s] [ 29%] [34m[1mGenerating C type support for eProsima Fast-RTPS[0m
[6.108s] [ 32%] [34m[1mGenerating C introspection for ROS interfaces[0m
[6.109s] [ 35%] [34m[1mGenerating C type support dispatch for ROS interfaces[0m
[6.111s] [ 38%] [34m[1mGenerating C++ type support for eProsima Fast-RTPS[0m
[6.574s] [ 41%] [32mBuilding CXX object CMakeFiles/station_interface__rosidl_typesupport_fastrtps_cpp.dir/rosidl_typesupport_fastrtps_cpp/station_interface/srv/detail/dds_fastrtps/reload__type_support.cpp.o[0m
[6.579s] [ 44%] [32mBuilding CXX object CMakeFiles/station_interface__rosidl_typesupport_fastrtps_c.dir/rosidl_typesupport_fastrtps_c/station_interface/srv/detail/reload__type_support_c.cpp.o[0m
[6.606s] [ 47%] [32mBuilding CXX object CMakeFiles/station_interface__rosidl_typesupport_c.dir/rosidl_typesupport_c/station_interface/srv/reload__type_support.cpp.o[0m
[6.612s] [ 50%] [32mBuilding CXX object CMakeFiles/station_interface__rosidl_typesupport_cpp.dir/rosidl_typesupport_cpp/station_interface/srv/reload__type_support.cpp.o[0m
[6.653s] [ 52%] [32mBuilding CXX object CMakeFiles/station_interface__rosidl_typesupport_introspection_cpp.dir/rosidl_typesupport_introspection_cpp/station_interface/srv/detail/reload__type_support.cpp.o[0m
[6.666s] [ 55%] [32mBuilding C object CMakeFiles/station_interface__rosidl_typesupport_introspection_c.dir/rosidl_typesupport_introspection_c/station_interface/srv/detail/reload__type_support.c.o[0m
[6.743s] [ 58%] [32m[1mLinking CXX shared library libstation_interface__rosidl_typesupport_c.so[0m
[6.751s] [ 61%] [32m[1mLinking C shared library libstation_interface__rosidl_typesupport_introspection_c.so[0m
[6.790s] [ 61%] Built target station_interface__rosidl_typesupport_introspection_c
[6.797s] [ 61%] Built target station_interface__rosidl_typesupport_c
[7.272s] [ 64%] [32m[1mLinking CXX shared library libstation_interface__rosidl_typesupport_cpp.so[0m
[7.303s] [ 67%] [32m[1mLinking CXX shared library libstation_interface__rosidl_typesupport_introspection_cpp.so[0m
[7.397s] [ 67%] Built target station_interface__rosidl_typesupport_cpp
[7.439s] [ 67%] Built target station_interface__rosidl_typesupport_introspection_cpp
[7.467s] [ 70%] [32m[1mLinking CXX shared library libstation_interface__rosidl_typesupport_fastrtps_c.so[0m
[7.529s] [ 70%] Built target station_interface__rosidl_typesupport_fastrtps_c
[7.557s] [ 73%] [32m[1mLinking CXX shared library libstation_interface__rosidl_typesupport_fastrtps_cpp.so[0m
[7.667s] [ 73%] Built target station_interface__rosidl_typesupport_fastrtps_cpp
[7.685s] [ 73%] Built target station_interface
[7.708s] [ 76%] [34m[1mGenerating Python code for ROS interfaces[0m
[8.145s] [ 76%] Built target station_interface__py
[8.168s] [ 79%] [32mBuilding C object CMakeFiles/station_interface__rosidl_generator_py.dir/rosidl_generator_py/station_interface/srv/_reload_s.c.o[0m
[8.415s] [ 82%] [32m[1mLinking C shared library libstation_interface__rosidl_generator_py.so[0m
[8.464s] [ 82%] Built target station_interface__rosidl_generator_py
[8.482s] [ 85%] [32mBuilding C object CMakeFiles/station_interface_s__rosidl_typesupport_c.dir/rosidl_generator_py/station_interface/_station_interface_s.ep.rosidl_typesupport_c.c.o[0m
[8.484s] [ 88%] [32mBuilding C object CMakeFiles/station_interface_s__rosidl_typesupport_fastrtps_c.dir/rosidl_generator_py/station_interface/_station_interface_s.ep.rosidl_typesupport_fastrtps_c.c.o[0m
[8.487s] [ 91%] [32mBuilding C object CMakeFiles/station_interface_s__rosidl_typesupport_introspection_c.dir/rosidl_generator_py/station_interface/_station_interface_s.ep.rosidl_typesupport_introspection_c.c.o[0m
[8.629s] [ 94%] [32m[1mLinking C shared module rosidl_generator_py/station_interface/station_interface_s__rosidl_typesupport_c.so[0m
[8.637s] [100%] [32m[1mLinking C shared module rosidl_generator_py/station_interface/station_interface_s__rosidl_typesupport_introspection_c.so[0m
[8.637s] [100%] [32m[1mLinking C shared module rosidl_generator_py/station_interface/station_interface_s__rosidl_typesupport_fastrtps_c.so[0m
[8.664s] [100%] Built target station_interface_s__rosidl_typesupport_c
[8.669s] [100%] Built target station_interface_s__rosidl_typesupport_fastrtps_c
[8.670s] [100%] Built target station_interface_s__rosidl_typesupport_introspection_c
[8.679s] Invoked command in '/home/diego/ros2_ws/build/station_interface' returned '0': CMAKE_PREFIX_PATH=${CMAKE_PREFIX_PATH}:/home/diego/ros2_ws/install/nodo_xolobot_driver:/home/diego/ros2_ws/install/nodo_lighting_station:/home/diego/ros2_ws/install/nodo_watering_station:/home/diego/ros2_ws/install/nodo_kalanchoe:/home/diego/ros2_ws/install/nodo_data_monitoring:/home/diego/ros2_ws/install/nodo_data_analysis:/opt/ros/jazzy DEBUGINFOD_URLS=https://debuginfod.ubuntu.com /home/diego/.local/bin/cmake --build /home/diego/ros2_ws/build/station_interface -- -j8 -l8
[8.680s] Invoking command in '/home/diego/ros2_ws/build/station_interface': CMAKE_PREFIX_PATH=${CMAKE_PREFIX_PATH}:/home/diego/ros2_ws/install/nodo_xolobot_driver:/home/diego/ros2_ws/install/nodo_lighting_station:/home/diego/ros2_ws/install/nodo_watering_station:/home/diego/ros2_ws/install/nodo_kalanchoe:/home/diego/ros2_ws/install/nodo_data_monitoring:/home/diego/ros2_ws/install/nodo_data_analysis:/opt/ros/jazzy DEBUGINFOD_URLS=https://debuginfod.ubuntu.com /home/diego/.local/bin/cmake --install /home/diego/ros2_ws/build/station_interface
[8.685s] -- Install configuration: ""
[8.686s] -- Up-to-date: /home/diego/ros2_ws/install/station_interface/share/ament_index/resource_index/rosidl_interfaces/station_interface
[8.686s] -- Installing: /home/diego/ros2_ws/install/station_interface/share/station_interface/srv/Reload.json
[8.686s] -- Up-to-date: /home/diego/ros2_ws/install/station_interface/include/station_interface/station_interface
[8.686s] -- Up-to-date: /home/diego/ros2_ws/install/station_interface/include/station_interface/station_interface/srv
[8.686s] -- Installing: /home/diego/ros2_ws/install/station_interface/include/station_interface/station_interface/srv/reload.h
[8.687s] -- Up-to-date: /home/diego/ros2_ws/install/station_interface/include/station_interface/station_interface/srv/detail
[8.687s] -- Installing: /home/diego/ros2_ws/install/station_interface/include/station_interface/station_interface/srv/detail/reload__struct.h
[8.687s] -- Installing: /home/diego/ros2_ws/install/station_interface/include/station_interface/station_interface/srv/detail/reload__description.c
[8.687s] -- Installing: /home/diego/ros2_ws/install/station_interface/include/station_interface/station_interface/srv/detail/reload__type_support.h
[8.687s] -- Installing: /home/diego/ros2_ws/install/station_interface/include/station_interface/station_interface/srv/detail/reload__functions.h
[8.687s] -- Installing: /home/diego/ros2_ws/install/station_interface/include/station_interface/station_interface/srv/detail/reload__functions.c
[8.688s] -- Installing: /home/diego/ros2_ws/install/station_interface/include/station_interface/station_interface/srv/detail/reload__type_support.c
[8.688s] -- Up-to-date: /home/diego/ros2_ws/install/station_interface/include/station_interface/station_interface/msg
[8.688s] -- Up-to-date: /home/diego/ros2_ws/install/station_interface/include/station_interface/station_interface/msg/rosidl_generator_c__visibility_control.h
[8.688s] -- Up-to-date: /home/diego/ros2_ws/install/station_interface/share/station_interface/environment/library_path.sh
[8.688s] -- Up-to-date: /home/diego/ros2_ws/install/station_interface/share/station_interface/environment/library_path.dsv
[8.688s] -- Installing: /home/diego/ros2_ws/install/station_interface/lib/libstation_interface__rosidl_generator_c.so
[8.689s] -- Set non-toolchain portion of runtime path of "/home/diego/ros2_ws/install/station_interface/lib/libstation_interface__rosidl_generator_c.so" to ""
[8.689s] -- Up-to-date: /home/diego/ros2_ws/install/station_interface/include/station_interface/station_interface
[8.689s] -- Up-to-date: /home/diego/ros2_ws/install/station_interface/include/station_interface/station_interface/srv
[8.690s] -- Up-to-date: /home/diego/ros2_ws/install/station_interface/include/station_interface/station_interface/srv/detail
[8.690s] -- Installing: /home/diego/ros2_ws/install/station_interface/include/station_interface/station_interface/srv/detail/reload__rosidl_typesupport_fastrtps_c.h
[8.690s] -- Up-to-date: /home/diego/ros2_ws/install/station_interface/include/station_interface/station_interface/msg
[8.690s] -- Up-to-date: /home/diego/ros2_ws/install/station_interface/include/station_interface/station_interface/msg/rosidl_typesupport_fastrtps_c__visibility_control.h
[8.690s] -- Installing: /home/diego/ros2_ws/install/station_interface/lib/libstation_interface__rosidl_typesupport_fastrtps_c.so
[8.691s] -- Set non-toolchain portion of runtime path of "/home/diego/ros2_ws/install/station_interface/lib/libstation_interface__rosidl_typesupport_fastrtps_c.so" to ""
[8.691s] -- Up-to-date: /home/diego/ros2_ws/install/station_interface/include/station_interface/station_interface
[8.691s] -- Up-to-date: /home/diego/ros2_ws/install/station_interface/include/station_interface/station_interface/srv
[8.691s] -- Up-to-date: /home/diego/ros2_ws/install/station_interface/include/station_interface/station_interface/srv/detail
[8.691s] -- Installing: /home/diego/ros2_ws/install/station_interface/include/station_interface/station_interface/srv/detail/reload__traits.hpp
[8.691s] -- Installing: /home/diego/ros2_ws/install/station_interface/include/station_interface/station_interface/srv/detail/reload__type_support.hpp
[8.692s] -- Installing: /home/diego/ros2_ws/install/station_interface/include/station_interface/station_interface/srv/detail/reload__builder.hpp
[8.692s] -- Installing: /home/diego/ros2_ws/install/station_interface/include/station_interface/station_interface/srv/detail/reload__struct.hpp
[8.692s] -- Installing: /home/diego/ros2_ws/install/station_interface/include/station_interface/station_interface/srv/reload.hpp
[8.692s] -- Up-to-date: /home/diego/ros2_ws/install/station_interface/include/station_interface/station_interface/msg
[8.692s] -- Installing: /home/diego/ros2_ws/install/station_interface/include/station_interface/station_interface/msg/rosidl_generator_cpp__visibility_control.hpp
[8.692s] -- Up-to-date: /home/diego/ros2_ws/install/station_interface/include/station_interface/station_interface
[8.693s] -- Up-to-date: /home/diego/ros2_ws/install/station_interface/include/station_interface/station_interface/srv
[8.693s] -- Up-to-date: /home/diego/ros2_ws/install/station_interface/include/station_interface/station_interface/srv/detail
[8.693s] -- Up-to-date: /home/diego/ros2_ws/install/station_interface/include/station_interface/station_interface/srv/detail/dds_fastrtps
[8.693s] -- Installing: /home/diego/ros2_ws/install/station_interface/include/station_interface/station_interface/srv/detail/reload__rosidl_typesupport_fastrtps_cpp.hpp
[8.693s] -- Up-to-date: /home/diego/ros2_ws/install/station_interface/include/station_interface/station_interface/msg
[8.693s] -- Up-to-date: /home/diego/ros2_ws/install/station_interface/include/station_interface/station_interface/msg/rosidl_typesupport_fastrtps_cpp__visibility_control.h
[8.694s] -- Installing: /home/diego/ros2_ws/install/station_interface/lib/libstation_interface__rosidl_typesupport_fastrtps_cpp.so
[8.695s] -- Set non-toolchain portion of runtime path of "/home/diego/ros2_ws/install/station_interface/lib/libstation_interface__rosidl_typesupport_fastrtps_cpp.so" to ""
[8.695s] -- Up-to-date: /home/diego/ros2_ws/install/station_interface/include/station_interface/station_interface
[8.695s] -- Up-to-date: /home/diego/ros2_ws/install/station_interface/include/station_interface/station_interface/srv
[8.695s] -- Up-to-date: /home/diego/ros2_ws/install/station_interface/include/station_interface/station_interface/srv/detail
[8.696s] -- Installing: /home/diego/ros2_ws/install/station_interface/include/station_interface/station_interface/srv/detail/reload__rosidl_typesupport_introspection_c.h
[8.696s] -- Installing: /home/diego/ros2_ws/install/station_interface/include/station_interface/station_interface/srv/detail/reload__type_support.c
[8.696s] -- Up-to-date: /home/diego/ros2_ws/install/station_interface/include/station_interface/station_interface/msg
[8.696s] -- Up-to-date: /home/diego/ros2_ws/install/station_interface/include/station_interface/station_interface/msg/rosidl_typesupport_introspection_c__visibility_control.h
[8.697s] -- Installing: /home/diego/ros2_ws/install/station_interface/lib/libstation_interface__rosidl_typesupport_introspection_c.so
[8.697s] -- Set non-toolchain portion of runtime path of "/home/diego/ros2_ws/install/station_interface/lib/libstation_interface__rosidl_typesupport_introspection_c.so" to ""
[8.697s] -- Installing: /home/diego/ros2_ws/install/station_interface/lib/libstation_interface__rosidl_typesupport_c.so
[8.698s] -- Set non-toolchain portion of runtime path of "/home/diego/ros2_ws/install/station_interface/lib/libstation_interface__rosidl_typesupport_c.so" to ""
[8.698s] -- Up-to-date: /home/diego/ros2_ws/install/station_interface/include/station_interface/station_interface
[8.698s] -- Up-to-date: /home/diego/ros2_ws/install/station_interface/include/station_interface/station_interface/srv
[8.699s] -- Up-to-date: /home/diego/ros2_ws/install/station_interface/include/station_interface/station_interface/srv/detail
[8.699s] -- Installing: /home/diego/ros2_ws/install/station_interface/include/station_interface/station_interface/srv/detail/reload__rosidl_typesupport_introspection_cpp.hpp
[8.699s] -- Installing: /home/diego/ros2_ws/install/station_interface/include/station_interface/station_interface/srv/detail/reload__type_support.cpp
[8.700s] -- Installing: /home/diego/ros2_ws/install/station_interface/lib/libstation_interface__rosidl_typesupport_introspection_cpp.so
[8.700s] -- Set non-toolchain portion of runtime path of "/home/diego/ros2_ws/install/station_interface/lib/libstation_interface__rosidl_typesupport_introspection_cpp.so" to ""
[8.701s] -- Installing: /home/diego/ros2_ws/install/station_interface/lib/libstation_interface__rosidl_typesupport_cpp.so
[8.702s] -- Set non-toolchain portion of runtime path of "/home/diego/ros2_ws/install/station_interface/lib/libstation_interface__rosidl_typesupport_cpp.so" to ""
[8.702s] -- Up-to-date: /home/diego/ros2_ws/install/station_interface/share/station_interface/environment/pythonpath.sh
[8.702s] -- Up-to-date: /home/diego/ros2_ws/install/station_interface/share/station_interface/environment/pythonpath.dsv
[8.702s] -- Up-to-date: /home/diego/ros2_ws/install/station_interface/lib/python3.12/site-packages/station_interface-0.0.0-py3.12.egg-info
[8.703s] -- Installing: /home/diego/ros2_ws/install/station_interface/lib/python3.12/site-packages/station_interface-0.0.0-py3.12.egg-info/SOURCES.txt
[8.703s] -- Installing: /home/diego/ros2_ws/install/station_interface/lib/python3.12/site-packages/station_interface-0.0.0-py3.12.egg-info/dependency_links.txt
[8.704s] -- Installing: /home/diego/ros2_ws/install/station_interface/lib/python3.12/site-packages/station_interface-0.0.0-py3.12.egg-info/PKG-INFO
[8.704s] -- Installing: /home/diego/ros2_ws/install/station_interface/lib/python3.12/site-packages/station_interface-0.0.0-py3.12.egg-info/top_level.txt
[8.704s] -- Up-to-date: /home/diego/ros2_ws/install/station_interface/lib/python3.12/site-packages/station_interface
[8.704s] -- Installing: /home/diego/ros2_ws/install/station_interface/lib/python3.12/site-packages/station_interface/__init__.py
[8.705s] -- Installing: /home/diego/ros2_ws/install/station_interface/lib/python3.12/site-packages/station_interface/_station_interface_s.ep.rosidl_typesupport_fastrtps_c.c
[8.705s] -- Installing: /home/diego/ros2_ws/install/station_interface/lib/python3.12/site-packages/station_interface/station_interface_s__rosidl_typesupport_c.so
[8.705s] -- Installing: /home/diego/ros2_ws/install/station_interface/lib/python3.12/site-packages/station_interface/station_interface_s__rosidl_typesupport_fastrtps_c.so
[8.705s] -- Installing: /home/diego/ros2_ws/install/station_interface/lib/python3.12/site-packages/station_interface/_station_interface_s.ep.rosidl_typesupport_c.c
[8.706s] -- Installing: /home/diego/ros2_ws/install/station_interface/lib/python3.12/site-packages/station_interface/_station_interface_s.ep.rosidl_typesupport_introspection_c.c
[8.706s] -- Up-to-date: /home/diego/ros2_ws/install/station_interface/lib/python3.12/site-packages/station_interface/srv
[8.706s] -- Installing: /home/diego/ros2_ws/install/station_interface/lib/python3.12/site-packages/station_interface/srv/__init__.py
[8.706s] -- Installing: /home/diego/ros2_ws/install/station_interface/lib/python3.12/site-packages/station_interface/srv/_reload_s.c
[8.706s] -- Installing: /home/diego/ros2_ws/install/station_interface/lib/python3.12/site-packages/station_interface/srv/_reload.py
[8.707s] -- Installing: /home/diego/ros2_ws/install/station_interface/lib/python3.12/site-packages/station_interface/station_interface_s__rosidl_typesupport_introspection_c.so
[8.757s] Listing '/home/diego/ros2_ws/install/station_interface/lib/python3.12/site-packages/station_interface'...
[8.758s] Compiling '/home/diego/ros2_ws/install/station_interface/lib/python3.12/site-packages/station_interface/__init__.py'...
[8.758s] Listing '/home/diego/ros2_ws/install/station_interface/lib/python3.12/site-packages/station_interface/srv'...
[8.758s] Compiling '/home/diego/ros2_ws/install/station_interface/lib/python3.12/site-packages/station_interface/srv/__init__.py'...
[8.758s] Compiling '/home/diego/ros2_ws/install/station_interface/lib/python3.12/site-packages/station_interface/srv/_reload.py'...
[8.766s] -- Installing: /home/diego/ros2_ws/install/station_interface/lib/python3.12/site-packages/station_interface/station_interface_s__rosidl_typesupport_fastrtps_c.so
[8.766s] -- Set non-toolchain portion of runtime path of "/home/diego/ros2_ws/install/station_interface/lib/python3.12/site-packages/station_interface/station_interface_s__rosidl_typesupport_fastrtps_c.so" to ""
[8.766s] -- Installing: /home/diego/ros2_ws/install/station_interface/lib/python3.12/site-packages/station_interface/station_interface_s__rosidl_typesupport_introspection_c.so
[8.767s] -- Set non-toolchain portion of runtime path of "/home/diego/ros2_ws/install/station_interface/lib/python3.12/site-packages/station_interface/station_interface_s__rosidl_typesupport_introspection_c.so" to ""
[8.767s] -- Installing: /home/diego/ros2_ws/install/station_interface/lib/python3.12/site-packages/station_interface/station_interface_s__rosidl_typesupport_c.so
[8.767s] -- Set non-toolchain portion of runtime path of "/home/diego/ros2_ws/install/station_interface/lib/python3.12/site-packages/station_interface/station_interface_s__rosidl_typesupport_c.so" to ""
[8.768s] -- Installing: /home/diego/ros2_ws/install/station_interface/lib/libstation_interface__rosidl_generator_py.so
[8.768s] -- Set non-toolchain portion of runtime path of "/home/diego/ros2_ws/install/station_interface/lib/libstation_interface__rosidl_generator_py.so" to ""
[8.769s] -- Installing: /home/diego/ros2_ws/install/station_interface/share/station_interface/srv/Reload.idl
[8.769s] -- Installing: /home/diego/ros2_ws/install/station_interface/share/station_interface/srv/Reload.srv
[8.769s] -- Up-to-date: /home/diego/ros2_ws/install/station_interface/share/ament_index/resource_index/package_run_dependencies/station_interface
[8.770s] -- Installing: /home/diego/ros2_ws/install/station_interface/share/ament_index/resource_index/parent_prefix_path/station_interface
[8.770s] -- Up-to-date: /home/diego/ros2_ws/install/station_interface/share/station_interface/environment/ament_prefix_path.sh
[8.770s] -- Up-to-date: /home/diego/ros2_ws/install/station_interface/share/station_interface/environment/ament_prefix_path.dsv
[8.771s] -- Up-to-date: /home/diego/ros2_ws/install/station_interface/share/station_interface/environment/path.sh
[8.771s] -- Up-to-date: /home/diego/ros2_ws/install/station_interface/share/station_interface/environment/path.dsv
[8.771s] -- Up-to-date: /home/diego/ros2_ws/install/station_interface/share/station_interface/local_setup.bash
[8.772s] -- Up-to-date: /home/diego/ros2_ws/install/station_interface/share/station_interface/local_setup.sh
[8.772s] -- Up-to-date: /home/diego/ros2_ws/install/station_interface/share/station_interface/local_setup.zsh
[8.772s] -- Up-to-date: /home/diego/ros2_ws/install/station_interface/share/station_interface/local_setup.dsv
[8.772s] -- Installing: /home/diego/ros2_ws/install/station_interface/share/station_interface/package.dsv
[8.773s] -- Up-to-date: /home/diego/ros2_ws/install/station_interface/share/ament_index/resource_index/packages/station_interface
[8.773s] -- Up-to-date: /home/diego/ros2_ws/install/station_interface/share/station_interface/cmake/export_station_interface__rosidl_generator_cExport.cmake
[8.773s] -- Up-to-date: /home/diego/ros2_ws/install/station_interface/share/station_interface/cmake/export_station_interface__rosidl_generator_cExport-noconfig.cmake
[8.774s] -- Up-to-date: /home/diego/ros2_ws/install/station_interface/share/station_interface/cmake/export_station_interface__rosidl_typesupport_fastrtps_cExport.cmake
[8.774s] -- Up-to-date: /home/diego/ros2_ws/install/station_interface/share/station_interface/cmake/export_station_interface__rosidl_typesupport_fastrtps_cExport-noconfig.cmake
[8.774s] -- Up-to-date: /home/diego/ros2_ws/install/station_interface/share/station_interface/cmake/export_station_interface__rosidl_generator_cppExport.cmake
[8.774s] -- Up-to-date: /home/diego/ros2_ws/install/station_interface/share/station_interface/cmake/export_station_interface__rosidl_typesupport_fastrtps_cppExport.cmake
[8.774s] -- Up-to-date: /home/diego/ros2_ws/install/station_interface/share/station_interface/cmake/export_station_interface__rosidl_typesupport_fastrtps_cppExport-noconfig.cmake
[8.775s] -- Up-to-date: /home/diego/ros2_ws/install/station_interface/share/station_interface/cmake/station_interface__rosidl_typesupport_introspection_cExport.cmake
[8.775s] -- Up-to-date: /home/diego/ros2_ws/install/station_interface/share/station_interface/cmake/station_interface__rosidl_typesupport_introspection_cExport-noconfig.cmake
[8.775s] -- Up-to-date: /home/diego/ros2_ws/install/station_interface/share/station_interface/cmake/station_interface__rosidl_typesupport_cExport.cmake
[8.775s] -- Up-to-date: /home/diego/ros2_ws/install/station_interface/share/station_interface/cmake/station_interface__rosidl_typesupport_cExport-noconfig.cmake
[8.776s] -- Up-to-date: /home/diego/ros2_ws/install/station_interface/share/station_interface/cmake/station_interface__rosidl_typesupport_introspection_cppExport.cmake
[8.776s] -- Up-to-date: /home/diego/ros2_ws/install/station_interface/share/station_interface/cmake/station_interface__rosidl_typesupport_introspection_cppExport-noconfig.cmake
[8.776s] -- Up-to-date: /home/diego/ros2_ws/install/station_interface/share/station_interface/cmake/station_interface__rosidl_typesupport_cppExport.cmake
[8.777s] -- Up-to-date: /home/diego/ros2_ws/install/station_interface/share/station_interface/cmake/station_interface__rosidl_typesupport_cppExport-noconfig.cmake
[8.777s] -- Up-to-date: /home/diego/ros2_ws/install/station_interface/share/station_interface/cmake/export_station_interface__rosidl_generator_pyExport.cmake
[8.777s] -- Up-to-date: /home/diego/ros2_ws/install/station_interface/share/station_interface/cmake/export_station_interface__rosidl_generator_pyExport-noconfig.cmake
[8.777s] -- Up-to-date: /home/diego/ros2_ws/install/station_interface/share/station_interface/cmake/rosidl_cmake-extras.cmake
[8.778s] -- Up-to-date: /home/diego/ros2_ws/install/station_interface/share/station_interface/cmake/ament_cmake_export_dependencies-extras.cmake
[8.778s] -- Up-to-date: /home/diego/ros2_ws/install/station_interface/share/station_interface/cmake/ament_cmake_export_include_directories-extras.cmake
[8.778s] -- Up-to-date: /home/diego/ros2_ws/install/station_interface/share/station_interface/cmake/ament_cmake_export_libraries-extras.cmake
[8.779s] -- Up-to-date: /home/diego/ros2_ws/install/station_interface/share/station_interface/cmake/ament_cmake_export_targets-extras.cmake
[8.779s] -- Up-to-date: /home/diego/ros2_ws/install/station_interface/share/station_interface/cmake/rosidl_cmake_export_typesupport_targets-extras.cmake
[8.780s] -- Up-to-date: /home/diego/ros2_ws/install/station_interface/share/station_interface/cmake/rosidl_cmake_export_typesupport_libraries-extras.cmake
[8.780s] -- Up-to-date: /home/diego/ros2_ws/install/station_interface/share/station_interface/cmake/station_interfaceConfig.cmake
[8.780s] -- Up-to-date: /home/diego/ros2_ws/install/station_interface/share/station_interface/cmake/station_interfaceConfig-version.cmake
[8.781s] -- Up-to-date: /home/diego/ros2_ws/install/station_interface/share/station_interface/package.xml
[8.781s] Invoked command in '/home/diego/ros2_ws/build/station_interface' returned '0': CMAKE_PREFIX_PATH=${CMAKE_PREFIX_PATH}:/home/diego/ros2_ws/install/nodo_xolobot_driver:/home/diego/ros2_ws/install/nodo_lighting_station:/home/diego/ros2_ws/install/nodo_watering_station:/home/diego/ros2_ws/install/nodo_kalanchoe:/home/diego/ros2_ws/install/nodo_data_monitoring:/home/diego/ros2_ws/install/nodo_data_analysis:/opt/ros/jazzy DEBUGINFOD_URLS=https://debuginfod.ubuntu.com /home/diego/.local/bin/cmake --install /home/diego/ros2_ws/build/station_interface
