[0.059s] Invoking command in '/home/diego/ros2_ws/build/xolobot_tengo_sed': AMENT_PREFIX_PATH=/home/diego/ros2_ws/install/xolobot_description:${AMENT_PREFIX_PATH} CMAKE_PREFIX_PATH=/home/diego/ros2_ws/install/xolobot_description:/opt/ros/jazzy/opt/gz_sim_vendor:/opt/ros/jazzy/opt/gz_sensors_vendor:/opt/ros/jazzy/opt/gz_physics_vendor:/opt/ros/jazzy/opt/sdformat_vendor:/opt/ros/jazzy/opt/gz_gui_vendor:/opt/ros/jazzy/opt/gz_transport_vendor:/opt/ros/jazzy/opt/gz_rendering_vendor:/opt/ros/jazzy/opt/gz_plugin_vendor:/opt/ros/jazzy/opt/gz_fuel_tools_vendor:/opt/ros/jazzy/opt/gz_msgs_vendor:/opt/ros/jazzy/opt/gz_common_vendor:/opt/ros/jazzy/opt/gz_math_vendor:/opt/ros/jazzy/opt/gz_utils_vendor:/opt/ros/jazzy/opt/gz_tools_vendor:/opt/ros/jazzy/opt/gz_ogre_next_vendor:/opt/ros/jazzy/opt/gz_dartsim_vendor:/opt/ros/jazzy/opt/gz_cmake_vendor:/opt/ros/jazzy DEBUGINFOD_URLS=https://debuginfod.ubuntu.com GZ_SIM_RESOURCE_PATH=/home/diego/ros2_ws/install/xolobot_description/share/xolobot_description/models:${GZ_SIM_RESOURCE_PATH} /home/diego/.local/bin/cmake /home/diego/ros2_ws/src/xolobot/xolobot_tengo_sed -DCMAKE_INSTALL_PREFIX=/home/diego/ros2_ws/install/xolobot_tengo_sed
[0.237s] -- The C compiler identification is GNU 13.3.0
[0.421s] -- The CXX compiler identification is GNU 13.3.0
[0.458s] -- Detecting C compiler ABI info
[0.649s] -- Detecting C compiler ABI info - done
[0.725s] -- Check for working C compiler: /usr/bin/cc - skipped
[0.726s] -- Detecting C compile features
[0.729s] -- Detecting C compile features - done
[0.742s] -- Detecting CXX compiler ABI info
[0.964s] -- Detecting CXX compiler ABI info - done
[1.025s] -- Check for working CXX compiler: /usr/bin/c++ - skipped
[1.025s] -- Detecting CXX compile features
[1.028s] -- Detecting CXX compile features - done
[1.042s] -- Found ament_cmake: 2.5.3 (/opt/ros/jazzy/share/ament_cmake/cmake)
[1.562s] -- Found Python3: /usr/bin/python3 (found version "3.12.3") found components: Interpreter
[2.020s] -- Found xolobot_description: 0.0.0 (/home/diego/ros2_ws/install/xolobot_description/share/xolobot_description/cmake)
[2.027s] -- Found ament_lint_auto: 0.17.1 (/opt/ros/jazzy/share/ament_lint_auto/cmake)
[2.264s] -- Configuring done (2.2s)
[2.276s] -- Generating done (0.0s)
[2.279s] -- Build files have been written to: /home/diego/ros2_ws/build/xolobot_tengo_sed
[2.291s] Invoked command in '/home/diego/ros2_ws/build/xolobot_tengo_sed' returned '0': AMENT_PREFIX_PATH=/home/diego/ros2_ws/install/xolobot_description:${AMENT_PREFIX_PATH} CMAKE_PREFIX_PATH=/home/diego/ros2_ws/install/xolobot_description:/opt/ros/jazzy/opt/gz_sim_vendor:/opt/ros/jazzy/opt/gz_sensors_vendor:/opt/ros/jazzy/opt/gz_physics_vendor:/opt/ros/jazzy/opt/sdformat_vendor:/opt/ros/jazzy/opt/gz_gui_vendor:/opt/ros/jazzy/opt/gz_transport_vendor:/opt/ros/jazzy/opt/gz_rendering_vendor:/opt/ros/jazzy/opt/gz_plugin_vendor:/opt/ros/jazzy/opt/gz_fuel_tools_vendor:/opt/ros/jazzy/opt/gz_msgs_vendor:/opt/ros/jazzy/opt/gz_common_vendor:/opt/ros/jazzy/opt/gz_math_vendor:/opt/ros/jazzy/opt/gz_utils_vendor:/opt/ros/jazzy/opt/gz_tools_vendor:/opt/ros/jazzy/opt/gz_ogre_next_vendor:/opt/ros/jazzy/opt/gz_dartsim_vendor:/opt/ros/jazzy/opt/gz_cmake_vendor:/opt/ros/jazzy DEBUGINFOD_URLS=https://debuginfod.ubuntu.com GZ_SIM_RESOURCE_PATH=/home/diego/ros2_ws/install/xolobot_description/share/xolobot_description/models:${GZ_SIM_RESOURCE_PATH} /home/diego/.local/bin/cmake /home/diego/ros2_ws/src/xolobot/xolobot_tengo_sed -DCMAKE_INSTALL_PREFIX=/home/diego/ros2_ws/install/xolobot_tengo_sed
[2.294s] Invoking command in '/home/diego/ros2_ws/build/xolobot_tengo_sed': AMENT_PREFIX_PATH=/home/diego/ros2_ws/install/xolobot_description:${AMENT_PREFIX_PATH} CMAKE_PREFIX_PATH=/home/diego/ros2_ws/install/xolobot_description:/opt/ros/jazzy/opt/gz_sim_vendor:/opt/ros/jazzy/opt/gz_sensors_vendor:/opt/ros/jazzy/opt/gz_physics_vendor:/opt/ros/jazzy/opt/sdformat_vendor:/opt/ros/jazzy/opt/gz_gui_vendor:/opt/ros/jazzy/opt/gz_transport_vendor:/opt/ros/jazzy/opt/gz_rendering_vendor:/opt/ros/jazzy/opt/gz_plugin_vendor:/opt/ros/jazzy/opt/gz_fuel_tools_vendor:/opt/ros/jazzy/opt/gz_msgs_vendor:/opt/ros/jazzy/opt/gz_common_vendor:/opt/ros/jazzy/opt/gz_math_vendor:/opt/ros/jazzy/opt/gz_utils_vendor:/opt/ros/jazzy/opt/gz_tools_vendor:/opt/ros/jazzy/opt/gz_ogre_next_vendor:/opt/ros/jazzy/opt/gz_dartsim_vendor:/opt/ros/jazzy/opt/gz_cmake_vendor:/opt/ros/jazzy DEBUGINFOD_URLS=https://debuginfod.ubuntu.com GZ_SIM_RESOURCE_PATH=/home/diego/ros2_ws/install/xolobot_description/share/xolobot_description/models:${GZ_SIM_RESOURCE_PATH} /home/diego/.local/bin/cmake --build /home/diego/ros2_ws/build/xolobot_tengo_sed -- -j8 -l8
[2.330s] Invoked command in '/home/diego/ros2_ws/build/xolobot_tengo_sed' returned '0': AMENT_PREFIX_PATH=/home/diego/ros2_ws/install/xolobot_description:${AMENT_PREFIX_PATH} CMAKE_PREFIX_PATH=/home/diego/ros2_ws/install/xolobot_description:/opt/ros/jazzy/opt/gz_sim_vendor:/opt/ros/jazzy/opt/gz_sensors_vendor:/opt/ros/jazzy/opt/gz_physics_vendor:/opt/ros/jazzy/opt/sdformat_vendor:/opt/ros/jazzy/opt/gz_gui_vendor:/opt/ros/jazzy/opt/gz_transport_vendor:/opt/ros/jazzy/opt/gz_rendering_vendor:/opt/ros/jazzy/opt/gz_plugin_vendor:/opt/ros/jazzy/opt/gz_fuel_tools_vendor:/opt/ros/jazzy/opt/gz_msgs_vendor:/opt/ros/jazzy/opt/gz_common_vendor:/opt/ros/jazzy/opt/gz_math_vendor:/opt/ros/jazzy/opt/gz_utils_vendor:/opt/ros/jazzy/opt/gz_tools_vendor:/opt/ros/jazzy/opt/gz_ogre_next_vendor:/opt/ros/jazzy/opt/gz_dartsim_vendor:/opt/ros/jazzy/opt/gz_cmake_vendor:/opt/ros/jazzy DEBUGINFOD_URLS=https://debuginfod.ubuntu.com GZ_SIM_RESOURCE_PATH=/home/diego/ros2_ws/install/xolobot_description/share/xolobot_description/models:${GZ_SIM_RESOURCE_PATH} /home/diego/.local/bin/cmake --build /home/diego/ros2_ws/build/xolobot_tengo_sed -- -j8 -l8
[2.333s] Invoking command in '/home/diego/ros2_ws/build/xolobot_tengo_sed': AMENT_PREFIX_PATH=/home/diego/ros2_ws/install/xolobot_description:${AMENT_PREFIX_PATH} CMAKE_PREFIX_PATH=/home/diego/ros2_ws/install/xolobot_description:/opt/ros/jazzy/opt/gz_sim_vendor:/opt/ros/jazzy/opt/gz_sensors_vendor:/opt/ros/jazzy/opt/gz_physics_vendor:/opt/ros/jazzy/opt/sdformat_vendor:/opt/ros/jazzy/opt/gz_gui_vendor:/opt/ros/jazzy/opt/gz_transport_vendor:/opt/ros/jazzy/opt/gz_rendering_vendor:/opt/ros/jazzy/opt/gz_plugin_vendor:/opt/ros/jazzy/opt/gz_fuel_tools_vendor:/opt/ros/jazzy/opt/gz_msgs_vendor:/opt/ros/jazzy/opt/gz_common_vendor:/opt/ros/jazzy/opt/gz_math_vendor:/opt/ros/jazzy/opt/gz_utils_vendor:/opt/ros/jazzy/opt/gz_tools_vendor:/opt/ros/jazzy/opt/gz_ogre_next_vendor:/opt/ros/jazzy/opt/gz_dartsim_vendor:/opt/ros/jazzy/opt/gz_cmake_vendor:/opt/ros/jazzy DEBUGINFOD_URLS=https://debuginfod.ubuntu.com GZ_SIM_RESOURCE_PATH=/home/diego/ros2_ws/install/xolobot_description/share/xolobot_description/models:${GZ_SIM_RESOURCE_PATH} /home/diego/.local/bin/cmake --install /home/diego/ros2_ws/build/xolobot_tengo_sed
[2.338s] -- Install configuration: ""
[2.338s] -- Installing: /home/diego/ros2_ws/install/xolobot_tengo_sed/share/xolobot_tengo_sed/worlds
[2.339s] -- Installing: /home/diego/ros2_ws/install/xolobot_tengo_sed/share/xolobot_tengo_sed/worlds/xolobot_world_simple.sdf
[2.339s] -- Installing: /home/diego/ros2_ws/install/xolobot_tengo_sed/share/xolobot_tengo_sed/environment/xolobot_tengo_sed.dsv
[2.339s] -- Installing: /home/diego/ros2_ws/install/xolobot_tengo_sed/share/xolobot_tengo_sed/environment/xolobot_tengo_sed.sh
[2.340s] -- Installing: /home/diego/ros2_ws/install/xolobot_tengo_sed/share/ament_index/resource_index/package_run_dependencies/xolobot_tengo_sed
[2.341s] -- Installing: /home/diego/ros2_ws/install/xolobot_tengo_sed/share/ament_index/resource_index/parent_prefix_path/xolobot_tengo_sed
[2.341s] -- Installing: /home/diego/ros2_ws/install/xolobot_tengo_sed/share/xolobot_tengo_sed/environment/ament_prefix_path.sh
[2.341s] -- Installing: /home/diego/ros2_ws/install/xolobot_tengo_sed/share/xolobot_tengo_sed/environment/ament_prefix_path.dsv
[2.342s] -- Installing: /home/diego/ros2_ws/install/xolobot_tengo_sed/share/xolobot_tengo_sed/environment/path.sh
[2.342s] -- Installing: /home/diego/ros2_ws/install/xolobot_tengo_sed/share/xolobot_tengo_sed/environment/path.dsv
[2.342s] -- Installing: /home/diego/ros2_ws/install/xolobot_tengo_sed/share/xolobot_tengo_sed/local_setup.bash
[2.342s] -- Installing: /home/diego/ros2_ws/install/xolobot_tengo_sed/share/xolobot_tengo_sed/local_setup.sh
[2.343s] -- Installing: /home/diego/ros2_ws/install/xolobot_tengo_sed/share/xolobot_tengo_sed/local_setup.zsh
[2.343s] -- Installing: /home/diego/ros2_ws/install/xolobot_tengo_sed/share/xolobot_tengo_sed/local_setup.dsv
[2.343s] -- Installing: /home/diego/ros2_ws/install/xolobot_tengo_sed/share/xolobot_tengo_sed/package.dsv
[2.344s] -- Installing: /home/diego/ros2_ws/install/xolobot_tengo_sed/share/ament_index/resource_index/packages/xolobot_tengo_sed
[2.344s] -- Installing: /home/diego/ros2_ws/install/xolobot_tengo_sed/share/xolobot_tengo_sed/cmake/xolobot_tengo_sedConfig.cmake
[2.345s] -- Installing: /home/diego/ros2_ws/install/xolobot_tengo_sed/share/xolobot_tengo_sed/cmake/xolobot_tengo_sedConfig-version.cmake
[2.345s] -- Installing: /home/diego/ros2_ws/install/xolobot_tengo_sed/share/xolobot_tengo_sed/package.xml
[2.348s] Invoked command in '/home/diego/ros2_ws/build/xolobot_tengo_sed' returned '0': AMENT_PREFIX_PATH=/home/diego/ros2_ws/install/xolobot_description:${AMENT_PREFIX_PATH} CMAKE_PREFIX_PATH=/home/diego/ros2_ws/install/xolobot_description:/opt/ros/jazzy/opt/gz_sim_vendor:/opt/ros/jazzy/opt/gz_sensors_vendor:/opt/ros/jazzy/opt/gz_physics_vendor:/opt/ros/jazzy/opt/sdformat_vendor:/opt/ros/jazzy/opt/gz_gui_vendor:/opt/ros/jazzy/opt/gz_transport_vendor:/opt/ros/jazzy/opt/gz_rendering_vendor:/opt/ros/jazzy/opt/gz_plugin_vendor:/opt/ros/jazzy/opt/gz_fuel_tools_vendor:/opt/ros/jazzy/opt/gz_msgs_vendor:/opt/ros/jazzy/opt/gz_common_vendor:/opt/ros/jazzy/opt/gz_math_vendor:/opt/ros/jazzy/opt/gz_utils_vendor:/opt/ros/jazzy/opt/gz_tools_vendor:/opt/ros/jazzy/opt/gz_ogre_next_vendor:/opt/ros/jazzy/opt/gz_dartsim_vendor:/opt/ros/jazzy/opt/gz_cmake_vendor:/opt/ros/jazzy DEBUGINFOD_URLS=https://debuginfod.ubuntu.com GZ_SIM_RESOURCE_PATH=/home/diego/ros2_ws/install/xolobot_description/share/xolobot_description/models:${GZ_SIM_RESOURCE_PATH} /home/diego/.local/bin/cmake --install /home/diego/ros2_ws/build/xolobot_tengo_sed
