[0.076s] Invoking command in '/home/diego/ros2_ws/build/station_interface': CMAKE_PREFIX_PATH=${CMAKE_PREFIX_PATH}:/opt/ros/jazzy DEBUGINFOD_URLS=https://debuginfod.ubuntu.com /home/diego/.local/bin/cmake --build /home/diego/ros2_ws/build/station_interface -- -j8 -l8
[2.158s] [  2%] [34m[1mGenerating type hashes for ROS interfaces[0m
[2.158s] [  2%] Built target ament_cmake_python_copy_station_interface
[2.158s] [  2%] Built target station_interface__rosidl_generator_type_description
[2.163s] [  5%] [34m[1mGenerating C code for ROS interfaces[0m
[2.163s] [  8%] [34m[1mGenerating C++ code for ROS interfaces[0m
[2.163s] running egg_info
[2.163s] creating station_interface.egg-info
[2.164s] writing station_interface.egg-info/PKG-INFO
[2.164s] writing dependency_links to station_interface.egg-info/dependency_links.txt
[2.164s] writing top-level names to station_interface.egg-info/top_level.txt
[2.164s] writing manifest file 'station_interface.egg-info/SOURCES.txt'
[2.164s] reading manifest file 'station_interface.egg-info/SOURCES.txt'
[2.165s] writing manifest file 'station_interface.egg-info/SOURCES.txt'
[2.165s] [  8%] Built target ament_cmake_python_build_station_interface_egg
[2.165s] [  8%] Built target station_interface__cpp
[2.165s] [ 11%] [32mBuilding C object CMakeFiles/station_interface__rosidl_generator_c.dir/rosidl_generator_c/station_interface/srv/detail/reload__description.c.o[0m
[2.165s] [ 14%] [32mBuilding C object CMakeFiles/station_interface__rosidl_generator_c.dir/rosidl_generator_c/station_interface/srv/detail/reload__functions.c.o[0m
[2.166s] [ 17%] [32mBuilding C object CMakeFiles/station_interface__rosidl_generator_c.dir/rosidl_generator_c/station_interface/srv/detail/reload__type_support.c.o[0m
[2.166s] [ 20%] [32m[1mLinking C shared library libstation_interface__rosidl_generator_c.so[0m
[2.166s] [ 20%] Built target station_interface__rosidl_generator_c
[2.175s] [ 23%] [34m[1mGenerating C introspection for ROS interfaces[0m
[2.176s] [ 26%] [34m[1mGenerating C++ type support dispatch for ROS interfaces[0m
[2.176s] [ 29%] [34m[1mGenerating C++ type support for eProsima Fast-RTPS[0m
[2.176s] [ 32%] [34m[1mGenerating C++ introspection for ROS interfaces[0m
[2.177s] [ 35%] [34m[1mGenerating C type support dispatch for ROS interfaces[0m
[2.177s] [ 38%] [34m[1mGenerating C type support for eProsima Fast-RTPS[0m
[3.270s] [ 41%] [32mBuilding C object CMakeFiles/station_interface__rosidl_typesupport_introspection_c.dir/rosidl_typesupport_introspection_c/station_interface/srv/detail/reload__type_support.c.o[0m
[3.380s] [ 44%] [32mBuilding CXX object CMakeFiles/station_interface__rosidl_typesupport_fastrtps_cpp.dir/rosidl_typesupport_fastrtps_cpp/station_interface/srv/detail/dds_fastrtps/reload__type_support.cpp.o[0m
[3.504s] [ 47%] [32m[1mLinking C shared library libstation_interface__rosidl_typesupport_introspection_c.so[0m
[3.511s] [ 50%] [32mBuilding CXX object CMakeFiles/station_interface__rosidl_typesupport_introspection_cpp.dir/rosidl_typesupport_introspection_cpp/station_interface/srv/detail/reload__type_support.cpp.o[0m
[3.525s] [ 52%] [32mBuilding CXX object CMakeFiles/station_interface__rosidl_typesupport_cpp.dir/rosidl_typesupport_cpp/station_interface/srv/reload__type_support.cpp.o[0m
[3.626s] [ 52%] Built target station_interface__rosidl_typesupport_introspection_c
[3.731s] [ 55%] [32mBuilding CXX object CMakeFiles/station_interface__rosidl_typesupport_fastrtps_c.dir/rosidl_typesupport_fastrtps_c/station_interface/srv/detail/reload__type_support_c.cpp.o[0m
[3.814s] [ 58%] [32mBuilding CXX object CMakeFiles/station_interface__rosidl_typesupport_c.dir/rosidl_typesupport_c/station_interface/srv/reload__type_support.cpp.o[0m
[4.038s] [ 61%] [32m[1mLinking CXX shared library libstation_interface__rosidl_typesupport_c.so[0m
[4.210s] [ 61%] Built target station_interface__rosidl_typesupport_c
[5.148s] [ 64%] [32m[1mLinking CXX shared library libstation_interface__rosidl_typesupport_introspection_cpp.so[0m
[5.290s] [ 67%] [32m[1mLinking CXX shared library libstation_interface__rosidl_typesupport_cpp.so[0m
[5.466s] [ 67%] Built target station_interface__rosidl_typesupport_introspection_cpp
[5.526s] [ 67%] Built target station_interface__rosidl_typesupport_cpp
[5.619s] [ 70%] [32m[1mLinking CXX shared library libstation_interface__rosidl_typesupport_fastrtps_cpp.so[0m
[5.648s] [ 73%] [32m[1mLinking CXX shared library libstation_interface__rosidl_typesupport_fastrtps_c.so[0m
[5.745s] [ 73%] Built target station_interface__rosidl_typesupport_fastrtps_c
[5.818s] [ 73%] Built target station_interface__rosidl_typesupport_fastrtps_cpp
[5.841s] [ 73%] Built target station_interface
[5.861s] [ 76%] [34m[1mGenerating Python code for ROS interfaces[0m
[6.532s] [ 76%] Built target station_interface__py
[6.551s] [ 79%] [32mBuilding C object CMakeFiles/station_interface__rosidl_generator_py.dir/rosidl_generator_py/station_interface/srv/_reload_s.c.o[0m
[6.841s] [ 82%] [32m[1mLinking C shared library libstation_interface__rosidl_generator_py.so[0m
[6.918s] [ 82%] Built target station_interface__rosidl_generator_py
[6.938s] [ 91%] [32mBuilding C object CMakeFiles/station_interface_s__rosidl_typesupport_fastrtps_c.dir/rosidl_generator_py/station_interface/_station_interface_s.ep.rosidl_typesupport_fastrtps_c.c.o[0m
[6.938s] [ 91%] [32mBuilding C object CMakeFiles/station_interface_s__rosidl_typesupport_c.dir/rosidl_generator_py/station_interface/_station_interface_s.ep.rosidl_typesupport_c.c.o[0m
[6.938s] [ 91%] [32mBuilding C object CMakeFiles/station_interface_s__rosidl_typesupport_introspection_c.dir/rosidl_generator_py/station_interface/_station_interface_s.ep.rosidl_typesupport_introspection_c.c.o[0m
[7.143s] [ 94%] [32m[1mLinking C shared module rosidl_generator_py/station_interface/station_interface_s__rosidl_typesupport_c.so[0m
[7.157s] [ 97%] [32m[1mLinking C shared module rosidl_generator_py/station_interface/station_interface_s__rosidl_typesupport_introspection_c.so[0m
[7.166s] [100%] [32m[1mLinking C shared module rosidl_generator_py/station_interface/station_interface_s__rosidl_typesupport_fastrtps_c.so[0m
[7.186s] [100%] Built target station_interface_s__rosidl_typesupport_c
[7.203s] [100%] Built target station_interface_s__rosidl_typesupport_introspection_c
[7.211s] [100%] Built target station_interface_s__rosidl_typesupport_fastrtps_c
