running egg_info
writing ../../../build/nodo_lighting_station/nodo_lighting_station.egg-info/PKG-INFO
writing dependency_links to ../../../build/nodo_lighting_station/nodo_lighting_station.egg-info/dependency_links.txt
writing entry points to ../../../build/nodo_lighting_station/nodo_lighting_station.egg-info/entry_points.txt
writing requirements to ../../../build/nodo_lighting_station/nodo_lighting_station.egg-info/requires.txt
writing top-level names to ../../../build/nodo_lighting_station/nodo_lighting_station.egg-info/top_level.txt
reading manifest file '../../../build/nodo_lighting_station/nodo_lighting_station.egg-info/SOURCES.txt'
adding license file 'LICENSE'
writing manifest file '../../../build/nodo_lighting_station/nodo_lighting_station.egg-info/SOURCES.txt'
running build
running build_py
running install
running install_lib
running install_data
running install_egg_info
removing '/home/diego/ros2_ws/install/nodo_lighting_station/lib/python3.12/site-packages/nodo_lighting_station-0.0.0-py3.12.egg-info' (and everything under it)
Copying ../../../build/nodo_lighting_station/nodo_lighting_station.egg-info to /home/diego/ros2_ws/install/nodo_lighting_station/lib/python3.12/site-packages/nodo_lighting_station-0.0.0-py3.12.egg-info
running install_scripts
Installing start_light_station script to /home/diego/ros2_ws/install/nodo_lighting_station/lib/nodo_lighting_station
writing list of installed files to '/home/diego/ros2_ws/build/nodo_lighting_station/install.log'
