[3.501s] Invoking command in '/home/diego/ros2_ws/src/tengo_mas_sed/nodo_kalanchoe': DEBUGINFOD_URLS=https://debuginfod.ubuntu.com PYTHONPATH=/home/diego/ros2_ws/build/nodo_kalanchoe/prefix_override:/usr/lib/python3/dist-packages/colcon_core/task/python/colcon_distutils_commands:/home/diego/ros2_ws/install/nodo_kalanchoe/lib/python3.12/site-packages:${PYTHONPATH} /usr/bin/python3 -W ignore:setup.py install is deprecated -W ignore:easy_install command is deprecated setup.py egg_info --egg-base ../../../build/nodo_kalanchoe build --build-base /home/diego/ros2_ws/build/nodo_kalanchoe/build install --record /home/diego/ros2_ws/build/nodo_kalanchoe/install.log --single-version-externally-managed install_data
[4.322s] running egg_info
[4.375s] writing ../../../build/nodo_kalanchoe/nodo_kalanchoe.egg-info/PKG-INFO
[4.377s] writing dependency_links to ../../../build/nodo_kalanchoe/nodo_kalanchoe.egg-info/dependency_links.txt
[4.377s] writing entry points to ../../../build/nodo_kalanchoe/nodo_kalanchoe.egg-info/entry_points.txt
[4.377s] writing requirements to ../../../build/nodo_kalanchoe/nodo_kalanchoe.egg-info/requires.txt
[4.378s] writing top-level names to ../../../build/nodo_kalanchoe/nodo_kalanchoe.egg-info/top_level.txt
[4.491s] reading manifest file '../../../build/nodo_kalanchoe/nodo_kalanchoe.egg-info/SOURCES.txt'
[4.494s] adding license file 'LICENSE'
[4.494s] writing manifest file '../../../build/nodo_kalanchoe/nodo_kalanchoe.egg-info/SOURCES.txt'
[4.495s] running build
[4.495s] running build_py
[4.496s] running install
[4.513s] running install_lib
[4.566s] running install_data
[4.567s] running install_egg_info
[4.624s] removing '/home/diego/ros2_ws/install/nodo_kalanchoe/lib/python3.12/site-packages/nodo_kalanchoe-0.0.0-py3.12.egg-info' (and everything under it)
[4.624s] Copying ../../../build/nodo_kalanchoe/nodo_kalanchoe.egg-info to /home/diego/ros2_ws/install/nodo_kalanchoe/lib/python3.12/site-packages/nodo_kalanchoe-0.0.0-py3.12.egg-info
[4.629s] running install_scripts
[5.086s] Installing start_kalanchoe script to /home/diego/ros2_ws/install/nodo_kalanchoe/lib/nodo_kalanchoe
[5.088s] writing list of installed files to '/home/diego/ros2_ws/build/nodo_kalanchoe/install.log'
[5.252s] Invoked command in '/home/diego/ros2_ws/src/tengo_mas_sed/nodo_kalanchoe' returned '0': DEBUGINFOD_URLS=https://debuginfod.ubuntu.com PYTHONPATH=/home/diego/ros2_ws/build/nodo_kalanchoe/prefix_override:/usr/lib/python3/dist-packages/colcon_core/task/python/colcon_distutils_commands:/home/diego/ros2_ws/install/nodo_kalanchoe/lib/python3.12/site-packages:${PYTHONPATH} /usr/bin/python3 -W ignore:setup.py install is deprecated -W ignore:easy_install command is deprecated setup.py egg_info --egg-base ../../../build/nodo_kalanchoe build --build-base /home/diego/ros2_ws/build/nodo_kalanchoe/build install --record /home/diego/ros2_ws/build/nodo_kalanchoe/install.log --single-version-externally-managed install_data
