-- Install configuration: ""
-- Up-to-date: /home/diego/ros2_ws/install/xolobot_tengo_sed/share/xolobot_tengo_sed/worlds
-- Up-to-date: /home/diego/ros2_ws/install/xolobot_tengo_sed/share/xolobot_tengo_sed/worlds/xolobot_world_simple.sdf
-- Up-to-date: /home/diego/ros2_ws/install/xolobot_tengo_sed/share/xolobot_tengo_sed/environment/xolobot_tengo_sed.dsv
-- Up-to-date: /home/diego/ros2_ws/install/xolobot_tengo_sed/share/xolobot_tengo_sed/environment/xolobot_tengo_sed.sh
-- Up-to-date: /home/diego/ros2_ws/install/xolobot_tengo_sed/share/ament_index/resource_index/package_run_dependencies/xolobot_tengo_sed
-- Up-to-date: /home/diego/ros2_ws/install/xolobot_tengo_sed/share/ament_index/resource_index/parent_prefix_path/xolobot_tengo_sed
-- Up-to-date: /home/diego/ros2_ws/install/xolobot_tengo_sed/share/xolobot_tengo_sed/environment/ament_prefix_path.sh
-- Up-to-date: /home/diego/ros2_ws/install/xolobot_tengo_sed/share/xolobot_tengo_sed/environment/ament_prefix_path.dsv
-- Up-to-date: /home/diego/ros2_ws/install/xolobot_tengo_sed/share/xolobot_tengo_sed/environment/path.sh
-- Up-to-date: /home/diego/ros2_ws/install/xolobot_tengo_sed/share/xolobot_tengo_sed/environment/path.dsv
-- Up-to-date: /home/diego/ros2_ws/install/xolobot_tengo_sed/share/xolobot_tengo_sed/local_setup.bash
-- Up-to-date: /home/diego/ros2_ws/install/xolobot_tengo_sed/share/xolobot_tengo_sed/local_setup.sh
-- Up-to-date: /home/diego/ros2_ws/install/xolobot_tengo_sed/share/xolobot_tengo_sed/local_setup.zsh
-- Up-to-date: /home/diego/ros2_ws/install/xolobot_tengo_sed/share/xolobot_tengo_sed/local_setup.dsv
-- Installing: /home/diego/ros2_ws/install/xolobot_tengo_sed/share/xolobot_tengo_sed/package.dsv
-- Up-to-date: /home/diego/ros2_ws/install/xolobot_tengo_sed/share/ament_index/resource_index/packages/xolobot_tengo_sed
-- Up-to-date: /home/diego/ros2_ws/install/xolobot_tengo_sed/share/xolobot_tengo_sed/cmake/xolobot_tengo_sedConfig.cmake
-- Up-to-date: /home/diego/ros2_ws/install/xolobot_tengo_sed/share/xolobot_tengo_sed/cmake/xolobot_tengo_sedConfig-version.cmake
-- Up-to-date: /home/diego/ros2_ws/install/xolobot_tengo_sed/share/xolobot_tengo_sed/package.xml
