[  2%] [34m[1mGenerating type hashes for ROS interfaces[0m
[  2%] Built target ament_cmake_python_copy_kalanchoe_interface
[  2%] Built target kalanchoe_interface__rosidl_generator_type_description
[  5%] [34m[1mGenerating C code for ROS interfaces[0m
[  8%] [34m[1mGenerating C++ code for ROS interfaces[0m
running egg_info
creating kalanchoe_interface.egg-info
writing kalanchoe_interface.egg-info/PKG-INFO
writing dependency_links to kalanchoe_interface.egg-info/dependency_links.txt
writing top-level names to kalanchoe_interface.egg-info/top_level.txt
writing manifest file 'kalanchoe_interface.egg-info/SOURCES.txt'
reading manifest file 'kalanchoe_interface.egg-info/SOURCES.txt'
writing manifest file 'kalanchoe_interface.egg-info/SOURCES.txt'
[  8%] Built target ament_cmake_python_build_kalanchoe_interface_egg
[ 11%] [32mBuilding C object CMakeFiles/kalanchoe_interface__rosidl_generator_c.dir/rosidl_generator_c/kalanchoe_interface/msg/detail/measure__description.c.o[0m
[ 14%] [32mBuilding C object CMakeFiles/kalanchoe_interface__rosidl_generator_c.dir/rosidl_generator_c/kalanchoe_interface/msg/detail/measure__functions.c.o[0m
[ 17%] [32mBuilding C object CMakeFiles/kalanchoe_interface__rosidl_generator_c.dir/rosidl_generator_c/kalanchoe_interface/msg/detail/measure__type_support.c.o[0m
[ 17%] Built target kalanchoe_interface__cpp
[ 20%] [32m[1mLinking C shared library libkalanchoe_interface__rosidl_generator_c.so[0m
[ 20%] Built target kalanchoe_interface__rosidl_generator_c
[ 23%] [34m[1mGenerating C introspection for ROS interfaces[0m
[ 26%] [34m[1mGenerating C++ type support for eProsima Fast-RTPS[0m
[ 29%] [34m[1mGenerating C type support dispatch for ROS interfaces[0m
[ 32%] [34m[1mGenerating C type support for eProsima Fast-RTPS[0m
[ 35%] [34m[1mGenerating C++ introspection for ROS interfaces[0m
[ 38%] [34m[1mGenerating C++ type support dispatch for ROS interfaces[0m
[ 41%] [32mBuilding CXX object CMakeFiles/kalanchoe_interface__rosidl_typesupport_c.dir/rosidl_typesupport_c/kalanchoe_interface/msg/measure__type_support.cpp.o[0m
[ 44%] [32mBuilding C object CMakeFiles/kalanchoe_interface__rosidl_typesupport_introspection_c.dir/rosidl_typesupport_introspection_c/kalanchoe_interface/msg/detail/measure__type_support.c.o[0m
[ 47%] [32mBuilding CXX object CMakeFiles/kalanchoe_interface__rosidl_typesupport_cpp.dir/rosidl_typesupport_cpp/kalanchoe_interface/msg/measure__type_support.cpp.o[0m
[ 50%] [32mBuilding CXX object CMakeFiles/kalanchoe_interface__rosidl_typesupport_fastrtps_cpp.dir/rosidl_typesupport_fastrtps_cpp/kalanchoe_interface/msg/detail/dds_fastrtps/measure__type_support.cpp.o[0m
[ 52%] [32mBuilding CXX object CMakeFiles/kalanchoe_interface__rosidl_typesupport_fastrtps_c.dir/rosidl_typesupport_fastrtps_c/kalanchoe_interface/msg/detail/measure__type_support_c.cpp.o[0m
[ 55%] [32m[1mLinking CXX shared library libkalanchoe_interface__rosidl_typesupport_c.so[0m
[ 58%] [32m[1mLinking C shared library libkalanchoe_interface__rosidl_typesupport_introspection_c.so[0m
[ 61%] [32mBuilding CXX object CMakeFiles/kalanchoe_interface__rosidl_typesupport_introspection_cpp.dir/rosidl_typesupport_introspection_cpp/kalanchoe_interface/msg/detail/measure__type_support.cpp.o[0m
[ 61%] Built target kalanchoe_interface__rosidl_typesupport_introspection_c
[ 61%] Built target kalanchoe_interface__rosidl_typesupport_c
[ 64%] [32m[1mLinking CXX shared library libkalanchoe_interface__rosidl_typesupport_cpp.so[0m
[ 64%] Built target kalanchoe_interface__rosidl_typesupport_cpp
[ 67%] [32m[1mLinking CXX shared library libkalanchoe_interface__rosidl_typesupport_introspection_cpp.so[0m
[ 67%] Built target kalanchoe_interface__rosidl_typesupport_introspection_cpp
[ 70%] [32m[1mLinking CXX shared library libkalanchoe_interface__rosidl_typesupport_fastrtps_cpp.so[0m
[ 73%] [32m[1mLinking CXX shared library libkalanchoe_interface__rosidl_typesupport_fastrtps_c.so[0m
[ 73%] Built target kalanchoe_interface__rosidl_typesupport_fastrtps_cpp
[ 73%] Built target kalanchoe_interface__rosidl_typesupport_fastrtps_c
[ 73%] Built target kalanchoe_interface
[ 76%] [34m[1mGenerating Python code for ROS interfaces[0m
[ 76%] Built target kalanchoe_interface__py
[ 79%] [32mBuilding C object CMakeFiles/kalanchoe_interface__rosidl_generator_py.dir/rosidl_generator_py/kalanchoe_interface/msg/_measure_s.c.o[0m
[ 82%] [32m[1mLinking C shared library libkalanchoe_interface__rosidl_generator_py.so[0m
[ 82%] Built target kalanchoe_interface__rosidl_generator_py
[ 88%] [32mBuilding C object CMakeFiles/kalanchoe_interface_s__rosidl_typesupport_c.dir/rosidl_generator_py/kalanchoe_interface/_kalanchoe_interface_s.ep.rosidl_typesupport_c.c.o[0m
[ 88%] [32mBuilding C object CMakeFiles/kalanchoe_interface_s__rosidl_typesupport_fastrtps_c.dir/rosidl_generator_py/kalanchoe_interface/_kalanchoe_interface_s.ep.rosidl_typesupport_fastrtps_c.c.o[0m
[ 91%] [32mBuilding C object CMakeFiles/kalanchoe_interface_s__rosidl_typesupport_introspection_c.dir/rosidl_generator_py/kalanchoe_interface/_kalanchoe_interface_s.ep.rosidl_typesupport_introspection_c.c.o[0m
[ 94%] [32m[1mLinking C shared module rosidl_generator_py/kalanchoe_interface/kalanchoe_interface_s__rosidl_typesupport_c.so[0m
[ 97%] [32m[1mLinking C shared module rosidl_generator_py/kalanchoe_interface/kalanchoe_interface_s__rosidl_typesupport_introspection_c.so[0m
[100%] [32m[1mLinking C shared module rosidl_generator_py/kalanchoe_interface/kalanchoe_interface_s__rosidl_typesupport_fastrtps_c.so[0m
[100%] Built target kalanchoe_interface_s__rosidl_typesupport_c
[100%] Built target kalanchoe_interface_s__rosidl_typesupport_introspection_c
[100%] Built target kalanchoe_interface_s__rosidl_typesupport_fastrtps_c
