[0.068s] Invoking command in '/home/diego/ros2_ws/build/kalanchoe_interface': CMAKE_PREFIX_PATH=${CMAKE_PREFIX_PATH}:/opt/ros/jazzy DEBUGINFOD_URLS=https://debuginfod.ubuntu.com /home/diego/.local/bin/cmake --build /home/diego/ros2_ws/build/kalanchoe_interface -- -j8 -l8
[2.179s] [  2%] [34m[1mGenerating type hashes for ROS interfaces[0m
[2.180s] [  2%] Built target ament_cmake_python_copy_kalanchoe_interface
[2.180s] [  2%] Built target kalanchoe_interface__rosidl_generator_type_description
[2.180s] [  5%] [34m[1mGenerating C code for ROS interfaces[0m
[2.180s] [  8%] [34m[1mGenerating C++ code for ROS interfaces[0m
[2.180s] running egg_info
[2.181s] creating kalanchoe_interface.egg-info
[2.181s] writing kalanchoe_interface.egg-info/PKG-INFO
[2.181s] writing dependency_links to kalanchoe_interface.egg-info/dependency_links.txt
[2.181s] writing top-level names to kalanchoe_interface.egg-info/top_level.txt
[2.181s] writing manifest file 'kalanchoe_interface.egg-info/SOURCES.txt'
[2.182s] reading manifest file 'kalanchoe_interface.egg-info/SOURCES.txt'
[2.182s] writing manifest file 'kalanchoe_interface.egg-info/SOURCES.txt'
[2.182s] [  8%] Built target ament_cmake_python_build_kalanchoe_interface_egg
[2.182s] [ 11%] [32mBuilding C object CMakeFiles/kalanchoe_interface__rosidl_generator_c.dir/rosidl_generator_c/kalanchoe_interface/msg/detail/measure__description.c.o[0m
[2.182s] [ 14%] [32mBuilding C object CMakeFiles/kalanchoe_interface__rosidl_generator_c.dir/rosidl_generator_c/kalanchoe_interface/msg/detail/measure__functions.c.o[0m
[2.183s] [ 17%] [32mBuilding C object CMakeFiles/kalanchoe_interface__rosidl_generator_c.dir/rosidl_generator_c/kalanchoe_interface/msg/detail/measure__type_support.c.o[0m
[2.189s] [ 17%] Built target kalanchoe_interface__cpp
[2.189s] [ 20%] [32m[1mLinking C shared library libkalanchoe_interface__rosidl_generator_c.so[0m
[2.189s] [ 20%] Built target kalanchoe_interface__rosidl_generator_c
[2.189s] [ 23%] [34m[1mGenerating C introspection for ROS interfaces[0m
[2.190s] [ 26%] [34m[1mGenerating C++ type support for eProsima Fast-RTPS[0m
[2.190s] [ 29%] [34m[1mGenerating C type support dispatch for ROS interfaces[0m
[2.190s] [ 32%] [34m[1mGenerating C type support for eProsima Fast-RTPS[0m
[2.190s] [ 35%] [34m[1mGenerating C++ introspection for ROS interfaces[0m
[2.190s] [ 38%] [34m[1mGenerating C++ type support dispatch for ROS interfaces[0m
[2.209s] [ 41%] [32mBuilding CXX object CMakeFiles/kalanchoe_interface__rosidl_typesupport_c.dir/rosidl_typesupport_c/kalanchoe_interface/msg/measure__type_support.cpp.o[0m
[2.249s] [ 44%] [32mBuilding C object CMakeFiles/kalanchoe_interface__rosidl_typesupport_introspection_c.dir/rosidl_typesupport_introspection_c/kalanchoe_interface/msg/detail/measure__type_support.c.o[0m
[2.325s] [ 47%] [32mBuilding CXX object CMakeFiles/kalanchoe_interface__rosidl_typesupport_cpp.dir/rosidl_typesupport_cpp/kalanchoe_interface/msg/measure__type_support.cpp.o[0m
[2.325s] [ 50%] [32mBuilding CXX object CMakeFiles/kalanchoe_interface__rosidl_typesupport_fastrtps_cpp.dir/rosidl_typesupport_fastrtps_cpp/kalanchoe_interface/msg/detail/dds_fastrtps/measure__type_support.cpp.o[0m
[2.425s] [ 52%] [32mBuilding CXX object CMakeFiles/kalanchoe_interface__rosidl_typesupport_fastrtps_c.dir/rosidl_typesupport_fastrtps_c/kalanchoe_interface/msg/detail/measure__type_support_c.cpp.o[0m
[2.443s] [ 55%] [32m[1mLinking CXX shared library libkalanchoe_interface__rosidl_typesupport_c.so[0m
[2.541s] [ 58%] [32m[1mLinking C shared library libkalanchoe_interface__rosidl_typesupport_introspection_c.so[0m
[2.541s] [ 61%] [32mBuilding CXX object CMakeFiles/kalanchoe_interface__rosidl_typesupport_introspection_cpp.dir/rosidl_typesupport_introspection_cpp/kalanchoe_interface/msg/detail/measure__type_support.cpp.o[0m
[2.674s] [ 61%] Built target kalanchoe_interface__rosidl_typesupport_introspection_c
[2.691s] [ 61%] Built target kalanchoe_interface__rosidl_typesupport_c
[3.409s] [ 64%] [32m[1mLinking CXX shared library libkalanchoe_interface__rosidl_typesupport_cpp.so[0m
[3.571s] [ 64%] Built target kalanchoe_interface__rosidl_typesupport_cpp
[4.145s] [ 67%] [32m[1mLinking CXX shared library libkalanchoe_interface__rosidl_typesupport_introspection_cpp.so[0m
[4.300s] [ 67%] Built target kalanchoe_interface__rosidl_typesupport_introspection_cpp
[5.091s] [ 70%] [32m[1mLinking CXX shared library libkalanchoe_interface__rosidl_typesupport_fastrtps_cpp.so[0m
[5.172s] [ 73%] [32m[1mLinking CXX shared library libkalanchoe_interface__rosidl_typesupport_fastrtps_c.so[0m
[5.284s] [ 73%] Built target kalanchoe_interface__rosidl_typesupport_fastrtps_cpp
[5.355s] [ 73%] Built target kalanchoe_interface__rosidl_typesupport_fastrtps_c
[5.383s] [ 73%] Built target kalanchoe_interface
[5.410s] [ 76%] [34m[1mGenerating Python code for ROS interfaces[0m
[5.969s] [ 76%] Built target kalanchoe_interface__py
[5.990s] [ 79%] [32mBuilding C object CMakeFiles/kalanchoe_interface__rosidl_generator_py.dir/rosidl_generator_py/kalanchoe_interface/msg/_measure_s.c.o[0m
[6.213s] [ 82%] [32m[1mLinking C shared library libkalanchoe_interface__rosidl_generator_py.so[0m
[6.275s] [ 82%] Built target kalanchoe_interface__rosidl_generator_py
[6.293s] [ 88%] [32mBuilding C object CMakeFiles/kalanchoe_interface_s__rosidl_typesupport_c.dir/rosidl_generator_py/kalanchoe_interface/_kalanchoe_interface_s.ep.rosidl_typesupport_c.c.o[0m
[6.294s] [ 88%] [32mBuilding C object CMakeFiles/kalanchoe_interface_s__rosidl_typesupport_fastrtps_c.dir/rosidl_generator_py/kalanchoe_interface/_kalanchoe_interface_s.ep.rosidl_typesupport_fastrtps_c.c.o[0m
[6.298s] [ 91%] [32mBuilding C object CMakeFiles/kalanchoe_interface_s__rosidl_typesupport_introspection_c.dir/rosidl_generator_py/kalanchoe_interface/_kalanchoe_interface_s.ep.rosidl_typesupport_introspection_c.c.o[0m
[6.486s] [ 94%] [32m[1mLinking C shared module rosidl_generator_py/kalanchoe_interface/kalanchoe_interface_s__rosidl_typesupport_c.so[0m
[6.491s] [ 97%] [32m[1mLinking C shared module rosidl_generator_py/kalanchoe_interface/kalanchoe_interface_s__rosidl_typesupport_introspection_c.so[0m
[6.495s] [100%] [32m[1mLinking C shared module rosidl_generator_py/kalanchoe_interface/kalanchoe_interface_s__rosidl_typesupport_fastrtps_c.so[0m
[6.532s] [100%] Built target kalanchoe_interface_s__rosidl_typesupport_c
[6.535s] [100%] Built target kalanchoe_interface_s__rosidl_typesupport_introspection_c
[6.536s] [100%] Built target kalanchoe_interface_s__rosidl_typesupport_fastrtps_c
