[0.098s] Invoking command in '/home/diego/ros2_ws/build/kalanchoe_interface': CMAKE_PREFIX_PATH=${CMAKE_PREFIX_PATH}:/home/diego/ros2_ws/install/nodo_xolobot_driver:/home/diego/ros2_ws/install/nodo_lighting_station:/home/diego/ros2_ws/install/nodo_watering_station:/home/diego/ros2_ws/install/nodo_kalanchoe:/home/diego/ros2_ws/install/nodo_data_monitoring:/home/diego/ros2_ws/install/nodo_data_analysis:/opt/ros/jazzy DEBUGINFOD_URLS=https://debuginfod.ubuntu.com /home/diego/.local/bin/cmake --build /home/diego/ros2_ws/build/kalanchoe_interface -- -j8 -l8
[2.146s] [  2%] Built target kalanchoe_interface__rosidl_generator_type_description
[2.146s] [  2%] Built target ament_cmake_python_copy_kalanchoe_interface
[2.147s] [  5%] Built target kalanchoe_interface__cpp
[2.147s] [ 20%] Built target kalanchoe_interface__rosidl_generator_c
[2.147s] [ 29%] Built target kalanchoe_interface__rosidl_typesupport_fastrtps_cpp
[2.148s] [ 41%] Built target kalanchoe_interface__rosidl_typesupport_introspection_c
[2.148s] [ 47%] Built target kalanchoe_interface__rosidl_typesupport_introspection_cpp
[2.149s] [ 55%] Built target kalanchoe_interface__rosidl_typesupport_fastrtps_c
[2.149s] [ 64%] Built target kalanchoe_interface__rosidl_typesupport_c
[2.149s] [ 73%] Built target kalanchoe_interface__rosidl_typesupport_cpp
[2.149s] [ 73%] Built target kalanchoe_interface
[2.150s] [ 76%] Built target kalanchoe_interface__py
[2.150s] [ 82%] Built target kalanchoe_interface__rosidl_generator_py
[2.150s] [ 88%] Built target kalanchoe_interface_s__rosidl_typesupport_fastrtps_c
[2.150s] [ 94%] Built target kalanchoe_interface_s__rosidl_typesupport_introspection_c
[2.151s] [100%] Built target kalanchoe_interface_s__rosidl_typesupport_c
[2.151s] running egg_info
[2.151s] writing kalanchoe_interface.egg-info/PKG-INFO
[2.151s] writing dependency_links to kalanchoe_interface.egg-info/dependency_links.txt
[2.151s] writing top-level names to kalanchoe_interface.egg-info/top_level.txt
[2.152s] reading manifest file 'kalanchoe_interface.egg-info/SOURCES.txt'
[2.152s] writing manifest file 'kalanchoe_interface.egg-info/SOURCES.txt'
[2.152s] [100%] Built target ament_cmake_python_build_kalanchoe_interface_egg
[2.169s] Invoked command in '/home/diego/ros2_ws/build/kalanchoe_interface' returned '0': CMAKE_PREFIX_PATH=${CMAKE_PREFIX_PATH}:/home/diego/ros2_ws/install/nodo_xolobot_driver:/home/diego/ros2_ws/install/nodo_lighting_station:/home/diego/ros2_ws/install/nodo_watering_station:/home/diego/ros2_ws/install/nodo_kalanchoe:/home/diego/ros2_ws/install/nodo_data_monitoring:/home/diego/ros2_ws/install/nodo_data_analysis:/opt/ros/jazzy DEBUGINFOD_URLS=https://debuginfod.ubuntu.com /home/diego/.local/bin/cmake --build /home/diego/ros2_ws/build/kalanchoe_interface -- -j8 -l8
[2.172s] Invoking command in '/home/diego/ros2_ws/build/kalanchoe_interface': CMAKE_PREFIX_PATH=${CMAKE_PREFIX_PATH}:/home/diego/ros2_ws/install/nodo_xolobot_driver:/home/diego/ros2_ws/install/nodo_lighting_station:/home/diego/ros2_ws/install/nodo_watering_station:/home/diego/ros2_ws/install/nodo_kalanchoe:/home/diego/ros2_ws/install/nodo_data_monitoring:/home/diego/ros2_ws/install/nodo_data_analysis:/opt/ros/jazzy DEBUGINFOD_URLS=https://debuginfod.ubuntu.com /home/diego/.local/bin/cmake --install /home/diego/ros2_ws/build/kalanchoe_interface
[2.196s] -- Install configuration: ""
[2.196s] -- Up-to-date: /home/diego/ros2_ws/install/kalanchoe_interface/share/ament_index/resource_index/rosidl_interfaces/kalanchoe_interface
[2.196s] -- Up-to-date: /home/diego/ros2_ws/install/kalanchoe_interface/share/kalanchoe_interface/msg/Measure.json
[2.197s] -- Up-to-date: /home/diego/ros2_ws/install/kalanchoe_interface/include/kalanchoe_interface/kalanchoe_interface
[2.197s] -- Up-to-date: /home/diego/ros2_ws/install/kalanchoe_interface/include/kalanchoe_interface/kalanchoe_interface/msg
[2.197s] -- Up-to-date: /home/diego/ros2_ws/install/kalanchoe_interface/include/kalanchoe_interface/kalanchoe_interface/msg/detail
[2.198s] -- Up-to-date: /home/diego/ros2_ws/install/kalanchoe_interface/include/kalanchoe_interface/kalanchoe_interface/msg/detail/measure__type_support.c
[2.198s] -- Up-to-date: /home/diego/ros2_ws/install/kalanchoe_interface/include/kalanchoe_interface/kalanchoe_interface/msg/detail/measure__struct.h
[2.199s] -- Up-to-date: /home/diego/ros2_ws/install/kalanchoe_interface/include/kalanchoe_interface/kalanchoe_interface/msg/detail/measure__functions.c
[2.200s] -- Up-to-date: /home/diego/ros2_ws/install/kalanchoe_interface/include/kalanchoe_interface/kalanchoe_interface/msg/detail/measure__type_support.h
[2.200s] -- Up-to-date: /home/diego/ros2_ws/install/kalanchoe_interface/include/kalanchoe_interface/kalanchoe_interface/msg/detail/measure__functions.h
[2.201s] -- Up-to-date: /home/diego/ros2_ws/install/kalanchoe_interface/include/kalanchoe_interface/kalanchoe_interface/msg/detail/measure__description.c
[2.201s] -- Up-to-date: /home/diego/ros2_ws/install/kalanchoe_interface/include/kalanchoe_interface/kalanchoe_interface/msg/measure.h
[2.201s] -- Up-to-date: /home/diego/ros2_ws/install/kalanchoe_interface/include/kalanchoe_interface/kalanchoe_interface/msg/rosidl_generator_c__visibility_control.h
[2.201s] -- Up-to-date: /home/diego/ros2_ws/install/kalanchoe_interface/share/kalanchoe_interface/environment/library_path.sh
[2.201s] -- Up-to-date: /home/diego/ros2_ws/install/kalanchoe_interface/share/kalanchoe_interface/environment/library_path.dsv
[2.202s] -- Up-to-date: /home/diego/ros2_ws/install/kalanchoe_interface/lib/libkalanchoe_interface__rosidl_generator_c.so
[2.202s] -- Up-to-date: /home/diego/ros2_ws/install/kalanchoe_interface/include/kalanchoe_interface/kalanchoe_interface
[2.202s] -- Up-to-date: /home/diego/ros2_ws/install/kalanchoe_interface/include/kalanchoe_interface/kalanchoe_interface/msg
[2.202s] -- Up-to-date: /home/diego/ros2_ws/install/kalanchoe_interface/include/kalanchoe_interface/kalanchoe_interface/msg/detail
[2.202s] -- Up-to-date: /home/diego/ros2_ws/install/kalanchoe_interface/include/kalanchoe_interface/kalanchoe_interface/msg/detail/measure__rosidl_typesupport_fastrtps_c.h
[2.203s] -- Up-to-date: /home/diego/ros2_ws/install/kalanchoe_interface/include/kalanchoe_interface/kalanchoe_interface/msg/rosidl_typesupport_fastrtps_c__visibility_control.h
[2.203s] -- Up-to-date: /home/diego/ros2_ws/install/kalanchoe_interface/lib/libkalanchoe_interface__rosidl_typesupport_fastrtps_c.so
[2.203s] -- Up-to-date: /home/diego/ros2_ws/install/kalanchoe_interface/include/kalanchoe_interface/kalanchoe_interface
[2.205s] -- Up-to-date: /home/diego/ros2_ws/install/kalanchoe_interface/include/kalanchoe_interface/kalanchoe_interface/msg
[2.220s] -- Up-to-date: /home/diego/ros2_ws/install/kalanchoe_interface/include/kalanchoe_interface/kalanchoe_interface/msg/measure.hpp
[2.221s] -- Up-to-date: /home/diego/ros2_ws/install/kalanchoe_interface/include/kalanchoe_interface/kalanchoe_interface/msg/detail
[2.221s] -- Up-to-date: /home/diego/ros2_ws/install/kalanchoe_interface/include/kalanchoe_interface/kalanchoe_interface/msg/detail/measure__traits.hpp
[2.221s] -- Up-to-date: /home/diego/ros2_ws/install/kalanchoe_interface/include/kalanchoe_interface/kalanchoe_interface/msg/detail/measure__builder.hpp
[2.221s] -- Up-to-date: /home/diego/ros2_ws/install/kalanchoe_interface/include/kalanchoe_interface/kalanchoe_interface/msg/detail/measure__struct.hpp
[2.221s] -- Up-to-date: /home/diego/ros2_ws/install/kalanchoe_interface/include/kalanchoe_interface/kalanchoe_interface/msg/detail/measure__type_support.hpp
[2.222s] -- Up-to-date: /home/diego/ros2_ws/install/kalanchoe_interface/include/kalanchoe_interface/kalanchoe_interface/msg/rosidl_generator_cpp__visibility_control.hpp
[2.222s] -- Up-to-date: /home/diego/ros2_ws/install/kalanchoe_interface/include/kalanchoe_interface/kalanchoe_interface
[2.222s] -- Up-to-date: /home/diego/ros2_ws/install/kalanchoe_interface/include/kalanchoe_interface/kalanchoe_interface/msg
[2.227s] -- Up-to-date: /home/diego/ros2_ws/install/kalanchoe_interface/include/kalanchoe_interface/kalanchoe_interface/msg/rosidl_typesupport_fastrtps_cpp__visibility_control.h
[2.227s] -- Up-to-date: /home/diego/ros2_ws/install/kalanchoe_interface/include/kalanchoe_interface/kalanchoe_interface/msg/detail
[2.228s] -- Up-to-date: /home/diego/ros2_ws/install/kalanchoe_interface/include/kalanchoe_interface/kalanchoe_interface/msg/detail/measure__rosidl_typesupport_fastrtps_cpp.hpp
[2.228s] -- Up-to-date: /home/diego/ros2_ws/install/kalanchoe_interface/include/kalanchoe_interface/kalanchoe_interface/msg/detail/dds_fastrtps
[2.228s] -- Up-to-date: /home/diego/ros2_ws/install/kalanchoe_interface/lib/libkalanchoe_interface__rosidl_typesupport_fastrtps_cpp.so
[2.234s] -- Up-to-date: /home/diego/ros2_ws/install/kalanchoe_interface/include/kalanchoe_interface/kalanchoe_interface
[2.235s] -- Up-to-date: /home/diego/ros2_ws/install/kalanchoe_interface/include/kalanchoe_interface/kalanchoe_interface/msg
[2.236s] -- Up-to-date: /home/diego/ros2_ws/install/kalanchoe_interface/include/kalanchoe_interface/kalanchoe_interface/msg/detail
[2.236s] -- Up-to-date: /home/diego/ros2_ws/install/kalanchoe_interface/include/kalanchoe_interface/kalanchoe_interface/msg/detail/measure__type_support.c
[2.237s] -- Up-to-date: /home/diego/ros2_ws/install/kalanchoe_interface/include/kalanchoe_interface/kalanchoe_interface/msg/detail/measure__rosidl_typesupport_introspection_c.h
[2.238s] -- Up-to-date: /home/diego/ros2_ws/install/kalanchoe_interface/include/kalanchoe_interface/kalanchoe_interface/msg/rosidl_typesupport_introspection_c__visibility_control.h
[2.238s] -- Up-to-date: /home/diego/ros2_ws/install/kalanchoe_interface/lib/libkalanchoe_interface__rosidl_typesupport_introspection_c.so
[2.239s] -- Up-to-date: /home/diego/ros2_ws/install/kalanchoe_interface/lib/libkalanchoe_interface__rosidl_typesupport_c.so
[2.239s] -- Up-to-date: /home/diego/ros2_ws/install/kalanchoe_interface/include/kalanchoe_interface/kalanchoe_interface
[2.240s] -- Up-to-date: /home/diego/ros2_ws/install/kalanchoe_interface/include/kalanchoe_interface/kalanchoe_interface/msg
[2.240s] -- Up-to-date: /home/diego/ros2_ws/install/kalanchoe_interface/include/kalanchoe_interface/kalanchoe_interface/msg/detail
[2.240s] -- Up-to-date: /home/diego/ros2_ws/install/kalanchoe_interface/include/kalanchoe_interface/kalanchoe_interface/msg/detail/measure__type_support.cpp
[2.241s] -- Up-to-date: /home/diego/ros2_ws/install/kalanchoe_interface/include/kalanchoe_interface/kalanchoe_interface/msg/detail/measure__rosidl_typesupport_introspection_cpp.hpp
[2.241s] -- Up-to-date: /home/diego/ros2_ws/install/kalanchoe_interface/lib/libkalanchoe_interface__rosidl_typesupport_introspection_cpp.so
[2.242s] -- Up-to-date: /home/diego/ros2_ws/install/kalanchoe_interface/lib/libkalanchoe_interface__rosidl_typesupport_cpp.so
[2.242s] -- Up-to-date: /home/diego/ros2_ws/install/kalanchoe_interface/share/kalanchoe_interface/environment/pythonpath.sh
[2.242s] -- Up-to-date: /home/diego/ros2_ws/install/kalanchoe_interface/share/kalanchoe_interface/environment/pythonpath.dsv
[2.242s] -- Up-to-date: /home/diego/ros2_ws/install/kalanchoe_interface/lib/python3.12/site-packages/kalanchoe_interface-0.0.0-py3.12.egg-info
[2.243s] -- Installing: /home/diego/ros2_ws/install/kalanchoe_interface/lib/python3.12/site-packages/kalanchoe_interface-0.0.0-py3.12.egg-info/SOURCES.txt
[2.243s] -- Installing: /home/diego/ros2_ws/install/kalanchoe_interface/lib/python3.12/site-packages/kalanchoe_interface-0.0.0-py3.12.egg-info/dependency_links.txt
[2.243s] -- Installing: /home/diego/ros2_ws/install/kalanchoe_interface/lib/python3.12/site-packages/kalanchoe_interface-0.0.0-py3.12.egg-info/PKG-INFO
[2.244s] -- Installing: /home/diego/ros2_ws/install/kalanchoe_interface/lib/python3.12/site-packages/kalanchoe_interface-0.0.0-py3.12.egg-info/top_level.txt
[2.245s] -- Up-to-date: /home/diego/ros2_ws/install/kalanchoe_interface/lib/python3.12/site-packages/kalanchoe_interface
[2.254s] -- Up-to-date: /home/diego/ros2_ws/install/kalanchoe_interface/lib/python3.12/site-packages/kalanchoe_interface/__init__.py
[2.254s] -- Up-to-date: /home/diego/ros2_ws/install/kalanchoe_interface/lib/python3.12/site-packages/kalanchoe_interface/kalanchoe_interface_s__rosidl_typesupport_fastrtps_c.so
[2.258s] -- Up-to-date: /home/diego/ros2_ws/install/kalanchoe_interface/lib/python3.12/site-packages/kalanchoe_interface/kalanchoe_interface_s__rosidl_typesupport_introspection_c.so
[2.259s] -- Up-to-date: /home/diego/ros2_ws/install/kalanchoe_interface/lib/python3.12/site-packages/kalanchoe_interface/_kalanchoe_interface_s.ep.rosidl_typesupport_fastrtps_c.c
[2.259s] -- Up-to-date: /home/diego/ros2_ws/install/kalanchoe_interface/lib/python3.12/site-packages/kalanchoe_interface/msg
[2.259s] -- Up-to-date: /home/diego/ros2_ws/install/kalanchoe_interface/lib/python3.12/site-packages/kalanchoe_interface/msg/__init__.py
[2.259s] -- Up-to-date: /home/diego/ros2_ws/install/kalanchoe_interface/lib/python3.12/site-packages/kalanchoe_interface/msg/_measure.py
[2.260s] -- Up-to-date: /home/diego/ros2_ws/install/kalanchoe_interface/lib/python3.12/site-packages/kalanchoe_interface/msg/_measure_s.c
[2.260s] -- Up-to-date: /home/diego/ros2_ws/install/kalanchoe_interface/lib/python3.12/site-packages/kalanchoe_interface/_kalanchoe_interface_s.ep.rosidl_typesupport_c.c
[2.260s] -- Up-to-date: /home/diego/ros2_ws/install/kalanchoe_interface/lib/python3.12/site-packages/kalanchoe_interface/kalanchoe_interface_s__rosidl_typesupport_c.so
[2.260s] -- Up-to-date: /home/diego/ros2_ws/install/kalanchoe_interface/lib/python3.12/site-packages/kalanchoe_interface/_kalanchoe_interface_s.ep.rosidl_typesupport_introspection_c.c
[2.344s] Listing '/home/diego/ros2_ws/install/kalanchoe_interface/lib/python3.12/site-packages/kalanchoe_interface'...
[2.348s] Listing '/home/diego/ros2_ws/install/kalanchoe_interface/lib/python3.12/site-packages/kalanchoe_interface/msg'...
[2.403s] -- Up-to-date: /home/diego/ros2_ws/install/kalanchoe_interface/lib/python3.12/site-packages/kalanchoe_interface/kalanchoe_interface_s__rosidl_typesupport_fastrtps_c.so
[2.403s] -- Up-to-date: /home/diego/ros2_ws/install/kalanchoe_interface/lib/python3.12/site-packages/kalanchoe_interface/kalanchoe_interface_s__rosidl_typesupport_introspection_c.so
[2.403s] -- Up-to-date: /home/diego/ros2_ws/install/kalanchoe_interface/lib/python3.12/site-packages/kalanchoe_interface/kalanchoe_interface_s__rosidl_typesupport_c.so
[2.437s] -- Up-to-date: /home/diego/ros2_ws/install/kalanchoe_interface/lib/libkalanchoe_interface__rosidl_generator_py.so
[2.437s] -- Up-to-date: /home/diego/ros2_ws/install/kalanchoe_interface/share/kalanchoe_interface/msg/Measure.idl
[2.438s] -- Up-to-date: /home/diego/ros2_ws/install/kalanchoe_interface/share/kalanchoe_interface/msg/Measure.msg
[2.438s] -- Up-to-date: /home/diego/ros2_ws/install/kalanchoe_interface/share/ament_index/resource_index/package_run_dependencies/kalanchoe_interface
[2.441s] -- Up-to-date: /home/diego/ros2_ws/install/kalanchoe_interface/share/ament_index/resource_index/parent_prefix_path/kalanchoe_interface
[2.442s] -- Up-to-date: /home/diego/ros2_ws/install/kalanchoe_interface/share/kalanchoe_interface/environment/ament_prefix_path.sh
[2.442s] -- Up-to-date: /home/diego/ros2_ws/install/kalanchoe_interface/share/kalanchoe_interface/environment/ament_prefix_path.dsv
[2.442s] -- Up-to-date: /home/diego/ros2_ws/install/kalanchoe_interface/share/kalanchoe_interface/environment/path.sh
[2.442s] -- Up-to-date: /home/diego/ros2_ws/install/kalanchoe_interface/share/kalanchoe_interface/environment/path.dsv
[2.443s] -- Up-to-date: /home/diego/ros2_ws/install/kalanchoe_interface/share/kalanchoe_interface/local_setup.bash
[2.443s] -- Up-to-date: /home/diego/ros2_ws/install/kalanchoe_interface/share/kalanchoe_interface/local_setup.sh
[2.443s] -- Up-to-date: /home/diego/ros2_ws/install/kalanchoe_interface/share/kalanchoe_interface/local_setup.zsh
[2.444s] -- Up-to-date: /home/diego/ros2_ws/install/kalanchoe_interface/share/kalanchoe_interface/local_setup.dsv
[2.445s] -- Installing: /home/diego/ros2_ws/install/kalanchoe_interface/share/kalanchoe_interface/package.dsv
[2.446s] -- Up-to-date: /home/diego/ros2_ws/install/kalanchoe_interface/share/ament_index/resource_index/packages/kalanchoe_interface
[2.448s] -- Up-to-date: /home/diego/ros2_ws/install/kalanchoe_interface/share/kalanchoe_interface/cmake/export_kalanchoe_interface__rosidl_generator_cExport.cmake
[2.451s] -- Up-to-date: /home/diego/ros2_ws/install/kalanchoe_interface/share/kalanchoe_interface/cmake/export_kalanchoe_interface__rosidl_generator_cExport-noconfig.cmake
[2.452s] -- Up-to-date: /home/diego/ros2_ws/install/kalanchoe_interface/share/kalanchoe_interface/cmake/export_kalanchoe_interface__rosidl_typesupport_fastrtps_cExport.cmake
[2.452s] -- Up-to-date: /home/diego/ros2_ws/install/kalanchoe_interface/share/kalanchoe_interface/cmake/export_kalanchoe_interface__rosidl_typesupport_fastrtps_cExport-noconfig.cmake
[2.452s] -- Up-to-date: /home/diego/ros2_ws/install/kalanchoe_interface/share/kalanchoe_interface/cmake/export_kalanchoe_interface__rosidl_generator_cppExport.cmake
[2.454s] -- Up-to-date: /home/diego/ros2_ws/install/kalanchoe_interface/share/kalanchoe_interface/cmake/export_kalanchoe_interface__rosidl_typesupport_fastrtps_cppExport.cmake
[2.454s] -- Up-to-date: /home/diego/ros2_ws/install/kalanchoe_interface/share/kalanchoe_interface/cmake/export_kalanchoe_interface__rosidl_typesupport_fastrtps_cppExport-noconfig.cmake
[2.454s] -- Up-to-date: /home/diego/ros2_ws/install/kalanchoe_interface/share/kalanchoe_interface/cmake/kalanchoe_interface__rosidl_typesupport_introspection_cExport.cmake
[2.454s] -- Up-to-date: /home/diego/ros2_ws/install/kalanchoe_interface/share/kalanchoe_interface/cmake/kalanchoe_interface__rosidl_typesupport_introspection_cExport-noconfig.cmake
[2.455s] -- Up-to-date: /home/diego/ros2_ws/install/kalanchoe_interface/share/kalanchoe_interface/cmake/kalanchoe_interface__rosidl_typesupport_cExport.cmake
[2.455s] -- Up-to-date: /home/diego/ros2_ws/install/kalanchoe_interface/share/kalanchoe_interface/cmake/kalanchoe_interface__rosidl_typesupport_cExport-noconfig.cmake
[2.458s] -- Up-to-date: /home/diego/ros2_ws/install/kalanchoe_interface/share/kalanchoe_interface/cmake/kalanchoe_interface__rosidl_typesupport_introspection_cppExport.cmake
[2.458s] -- Up-to-date: /home/diego/ros2_ws/install/kalanchoe_interface/share/kalanchoe_interface/cmake/kalanchoe_interface__rosidl_typesupport_introspection_cppExport-noconfig.cmake
[2.458s] -- Up-to-date: /home/diego/ros2_ws/install/kalanchoe_interface/share/kalanchoe_interface/cmake/kalanchoe_interface__rosidl_typesupport_cppExport.cmake
[2.459s] -- Up-to-date: /home/diego/ros2_ws/install/kalanchoe_interface/share/kalanchoe_interface/cmake/kalanchoe_interface__rosidl_typesupport_cppExport-noconfig.cmake
[2.459s] -- Up-to-date: /home/diego/ros2_ws/install/kalanchoe_interface/share/kalanchoe_interface/cmake/export_kalanchoe_interface__rosidl_generator_pyExport.cmake
[2.459s] -- Up-to-date: /home/diego/ros2_ws/install/kalanchoe_interface/share/kalanchoe_interface/cmake/export_kalanchoe_interface__rosidl_generator_pyExport-noconfig.cmake
[2.459s] -- Up-to-date: /home/diego/ros2_ws/install/kalanchoe_interface/share/kalanchoe_interface/cmake/rosidl_cmake-extras.cmake
[2.459s] -- Up-to-date: /home/diego/ros2_ws/install/kalanchoe_interface/share/kalanchoe_interface/cmake/ament_cmake_export_include_directories-extras.cmake
[2.460s] -- Up-to-date: /home/diego/ros2_ws/install/kalanchoe_interface/share/kalanchoe_interface/cmake/ament_cmake_export_libraries-extras.cmake
[2.460s] -- Up-to-date: /home/diego/ros2_ws/install/kalanchoe_interface/share/kalanchoe_interface/cmake/ament_cmake_export_targets-extras.cmake
[2.460s] -- Up-to-date: /home/diego/ros2_ws/install/kalanchoe_interface/share/kalanchoe_interface/cmake/rosidl_cmake_export_typesupport_targets-extras.cmake
[2.460s] -- Up-to-date: /home/diego/ros2_ws/install/kalanchoe_interface/share/kalanchoe_interface/cmake/ament_cmake_export_dependencies-extras.cmake
[2.461s] -- Up-to-date: /home/diego/ros2_ws/install/kalanchoe_interface/share/kalanchoe_interface/cmake/rosidl_cmake_export_typesupport_libraries-extras.cmake
[2.461s] -- Up-to-date: /home/diego/ros2_ws/install/kalanchoe_interface/share/kalanchoe_interface/cmake/kalanchoe_interfaceConfig.cmake
[2.466s] -- Up-to-date: /home/diego/ros2_ws/install/kalanchoe_interface/share/kalanchoe_interface/cmake/kalanchoe_interfaceConfig-version.cmake
[2.467s] -- Up-to-date: /home/diego/ros2_ws/install/kalanchoe_interface/share/kalanchoe_interface/package.xml
[2.484s] Invoked command in '/home/diego/ros2_ws/build/kalanchoe_interface' returned '0': CMAKE_PREFIX_PATH=${CMAKE_PREFIX_PATH}:/home/diego/ros2_ws/install/nodo_xolobot_driver:/home/diego/ros2_ws/install/nodo_lighting_station:/home/diego/ros2_ws/install/nodo_watering_station:/home/diego/ros2_ws/install/nodo_kalanchoe:/home/diego/ros2_ws/install/nodo_data_monitoring:/home/diego/ros2_ws/install/nodo_data_analysis:/opt/ros/jazzy DEBUGINFOD_URLS=https://debuginfod.ubuntu.com /home/diego/.local/bin/cmake --install /home/diego/ros2_ws/build/kalanchoe_interface
