[0.038s] Invoking command in '/home/diego/ros2_ws/build/xolobot_ascending': AMENT_PREFIX_PATH=/home/diego/ros2_ws/install/xolobot_kalanchoe_world:/home/diego/ros2_ws/install/xolobot_description:${AMENT_PREFIX_PATH} CMAKE_PREFIX_PATH=/home/diego/ros2_ws/install/xolobot_kalanchoe_world:/home/diego/ros2_ws/install/xolobot_description:/opt/ros/jazzy/opt/gz_sim_vendor:/opt/ros/jazzy/opt/gz_sensors_vendor:/opt/ros/jazzy/opt/gz_physics_vendor:/opt/ros/jazzy/opt/sdformat_vendor:/opt/ros/jazzy/opt/gz_gui_vendor:/opt/ros/jazzy/opt/gz_transport_vendor:/opt/ros/jazzy/opt/gz_rendering_vendor:/opt/ros/jazzy/opt/gz_plugin_vendor:/opt/ros/jazzy/opt/gz_fuel_tools_vendor:/opt/ros/jazzy/opt/gz_msgs_vendor:/opt/ros/jazzy/opt/gz_common_vendor:/opt/ros/jazzy/opt/gz_math_vendor:/opt/ros/jazzy/opt/gz_utils_vendor:/opt/ros/jazzy/opt/gz_tools_vendor:/opt/ros/jazzy/opt/gz_ogre_next_vendor:/opt/ros/jazzy/opt/gz_dartsim_vendor:/opt/ros/jazzy/opt/gz_cmake_vendor:/opt/ros/jazzy DEBUGINFOD_URLS=https://debuginfod.ubuntu.com GZ_SIM_RESOURCE_PATH=/home/diego/ros2_ws/install/xolobot_kalanchoe_world/share/xolobot_kalanchoe_world/models:/home/diego/ros2_ws/install/xolobot_kalanchoe_world/share/xolobot_kalanchoe_world/worlds:/home/diego/ros2_ws/install/xolobot_description/share/xolobot_description/models:${GZ_SIM_RESOURCE_PATH} /home/diego/.local/bin/cmake /home/diego/ros2_ws/src/tengo_mas_sed/robot_world_nodes/xolobot_ascending -DCMAKE_INSTALL_PREFIX=/home/diego/ros2_ws/install/xolobot_ascending
[0.202s] -- The C compiler identification is GNU 13.3.0
[0.386s] -- The CXX compiler identification is GNU 13.3.0
[0.422s] -- Detecting C compiler ABI info
[0.699s] -- Detecting C compiler ABI info - done
[0.735s] -- Check for working C compiler: /usr/bin/cc - skipped
[0.736s] -- Detecting C compile features
[0.737s] -- Detecting C compile features - done
[0.745s] -- Detecting CXX compiler ABI info
[0.940s] -- Detecting CXX compiler ABI info - done
[1.006s] -- Check for working CXX compiler: /usr/bin/c++ - skipped
[1.007s] -- Detecting CXX compile features
[1.008s] -- Detecting CXX compile features - done
[1.017s] -- Found ament_cmake: 2.5.3 (/opt/ros/jazzy/share/ament_cmake/cmake)
[1.430s] -- Found Python3: /usr/bin/python3 (found version "3.12.3") found components: Interpreter
[1.746s] -- Found xolobot_description: 0.0.0 (/home/diego/ros2_ws/install/xolobot_description/share/xolobot_description/cmake)
[1.747s] -- Found xolobot_kalanchoe_world: 0.0.0 (/home/diego/ros2_ws/install/xolobot_kalanchoe_world/share/xolobot_kalanchoe_world/cmake)
[1.754s] -- Found ament_lint_auto: 0.17.1 (/opt/ros/jazzy/share/ament_lint_auto/cmake)
[1.971s] -- Configuring done (1.9s)
[1.983s] -- Generating done (0.0s)
[1.986s] -- Build files have been written to: /home/diego/ros2_ws/build/xolobot_ascending
[2.002s] Invoked command in '/home/diego/ros2_ws/build/xolobot_ascending' returned '0': AMENT_PREFIX_PATH=/home/diego/ros2_ws/install/xolobot_kalanchoe_world:/home/diego/ros2_ws/install/xolobot_description:${AMENT_PREFIX_PATH} CMAKE_PREFIX_PATH=/home/diego/ros2_ws/install/xolobot_kalanchoe_world:/home/diego/ros2_ws/install/xolobot_description:/opt/ros/jazzy/opt/gz_sim_vendor:/opt/ros/jazzy/opt/gz_sensors_vendor:/opt/ros/jazzy/opt/gz_physics_vendor:/opt/ros/jazzy/opt/sdformat_vendor:/opt/ros/jazzy/opt/gz_gui_vendor:/opt/ros/jazzy/opt/gz_transport_vendor:/opt/ros/jazzy/opt/gz_rendering_vendor:/opt/ros/jazzy/opt/gz_plugin_vendor:/opt/ros/jazzy/opt/gz_fuel_tools_vendor:/opt/ros/jazzy/opt/gz_msgs_vendor:/opt/ros/jazzy/opt/gz_common_vendor:/opt/ros/jazzy/opt/gz_math_vendor:/opt/ros/jazzy/opt/gz_utils_vendor:/opt/ros/jazzy/opt/gz_tools_vendor:/opt/ros/jazzy/opt/gz_ogre_next_vendor:/opt/ros/jazzy/opt/gz_dartsim_vendor:/opt/ros/jazzy/opt/gz_cmake_vendor:/opt/ros/jazzy DEBUGINFOD_URLS=https://debuginfod.ubuntu.com GZ_SIM_RESOURCE_PATH=/home/diego/ros2_ws/install/xolobot_kalanchoe_world/share/xolobot_kalanchoe_world/models:/home/diego/ros2_ws/install/xolobot_kalanchoe_world/share/xolobot_kalanchoe_world/worlds:/home/diego/ros2_ws/install/xolobot_description/share/xolobot_description/models:${GZ_SIM_RESOURCE_PATH} /home/diego/.local/bin/cmake /home/diego/ros2_ws/src/tengo_mas_sed/robot_world_nodes/xolobot_ascending -DCMAKE_INSTALL_PREFIX=/home/diego/ros2_ws/install/xolobot_ascending
[2.007s] Invoking command in '/home/diego/ros2_ws/build/xolobot_ascending': AMENT_PREFIX_PATH=/home/diego/ros2_ws/install/xolobot_kalanchoe_world:/home/diego/ros2_ws/install/xolobot_description:${AMENT_PREFIX_PATH} CMAKE_PREFIX_PATH=/home/diego/ros2_ws/install/xolobot_kalanchoe_world:/home/diego/ros2_ws/install/xolobot_description:/opt/ros/jazzy/opt/gz_sim_vendor:/opt/ros/jazzy/opt/gz_sensors_vendor:/opt/ros/jazzy/opt/gz_physics_vendor:/opt/ros/jazzy/opt/sdformat_vendor:/opt/ros/jazzy/opt/gz_gui_vendor:/opt/ros/jazzy/opt/gz_transport_vendor:/opt/ros/jazzy/opt/gz_rendering_vendor:/opt/ros/jazzy/opt/gz_plugin_vendor:/opt/ros/jazzy/opt/gz_fuel_tools_vendor:/opt/ros/jazzy/opt/gz_msgs_vendor:/opt/ros/jazzy/opt/gz_common_vendor:/opt/ros/jazzy/opt/gz_math_vendor:/opt/ros/jazzy/opt/gz_utils_vendor:/opt/ros/jazzy/opt/gz_tools_vendor:/opt/ros/jazzy/opt/gz_ogre_next_vendor:/opt/ros/jazzy/opt/gz_dartsim_vendor:/opt/ros/jazzy/opt/gz_cmake_vendor:/opt/ros/jazzy DEBUGINFOD_URLS=https://debuginfod.ubuntu.com GZ_SIM_RESOURCE_PATH=/home/diego/ros2_ws/install/xolobot_kalanchoe_world/share/xolobot_kalanchoe_world/models:/home/diego/ros2_ws/install/xolobot_kalanchoe_world/share/xolobot_kalanchoe_world/worlds:/home/diego/ros2_ws/install/xolobot_description/share/xolobot_description/models:${GZ_SIM_RESOURCE_PATH} /home/diego/.local/bin/cmake --build /home/diego/ros2_ws/build/xolobot_ascending -- -j8 -l8
[2.059s] Invoked command in '/home/diego/ros2_ws/build/xolobot_ascending' returned '0': AMENT_PREFIX_PATH=/home/diego/ros2_ws/install/xolobot_kalanchoe_world:/home/diego/ros2_ws/install/xolobot_description:${AMENT_PREFIX_PATH} CMAKE_PREFIX_PATH=/home/diego/ros2_ws/install/xolobot_kalanchoe_world:/home/diego/ros2_ws/install/xolobot_description:/opt/ros/jazzy/opt/gz_sim_vendor:/opt/ros/jazzy/opt/gz_sensors_vendor:/opt/ros/jazzy/opt/gz_physics_vendor:/opt/ros/jazzy/opt/sdformat_vendor:/opt/ros/jazzy/opt/gz_gui_vendor:/opt/ros/jazzy/opt/gz_transport_vendor:/opt/ros/jazzy/opt/gz_rendering_vendor:/opt/ros/jazzy/opt/gz_plugin_vendor:/opt/ros/jazzy/opt/gz_fuel_tools_vendor:/opt/ros/jazzy/opt/gz_msgs_vendor:/opt/ros/jazzy/opt/gz_common_vendor:/opt/ros/jazzy/opt/gz_math_vendor:/opt/ros/jazzy/opt/gz_utils_vendor:/opt/ros/jazzy/opt/gz_tools_vendor:/opt/ros/jazzy/opt/gz_ogre_next_vendor:/opt/ros/jazzy/opt/gz_dartsim_vendor:/opt/ros/jazzy/opt/gz_cmake_vendor:/opt/ros/jazzy DEBUGINFOD_URLS=https://debuginfod.ubuntu.com GZ_SIM_RESOURCE_PATH=/home/diego/ros2_ws/install/xolobot_kalanchoe_world/share/xolobot_kalanchoe_world/models:/home/diego/ros2_ws/install/xolobot_kalanchoe_world/share/xolobot_kalanchoe_world/worlds:/home/diego/ros2_ws/install/xolobot_description/share/xolobot_description/models:${GZ_SIM_RESOURCE_PATH} /home/diego/.local/bin/cmake --build /home/diego/ros2_ws/build/xolobot_ascending -- -j8 -l8
[2.061s] Invoking command in '/home/diego/ros2_ws/build/xolobot_ascending': AMENT_PREFIX_PATH=/home/diego/ros2_ws/install/xolobot_kalanchoe_world:/home/diego/ros2_ws/install/xolobot_description:${AMENT_PREFIX_PATH} CMAKE_PREFIX_PATH=/home/diego/ros2_ws/install/xolobot_kalanchoe_world:/home/diego/ros2_ws/install/xolobot_description:/opt/ros/jazzy/opt/gz_sim_vendor:/opt/ros/jazzy/opt/gz_sensors_vendor:/opt/ros/jazzy/opt/gz_physics_vendor:/opt/ros/jazzy/opt/sdformat_vendor:/opt/ros/jazzy/opt/gz_gui_vendor:/opt/ros/jazzy/opt/gz_transport_vendor:/opt/ros/jazzy/opt/gz_rendering_vendor:/opt/ros/jazzy/opt/gz_plugin_vendor:/opt/ros/jazzy/opt/gz_fuel_tools_vendor:/opt/ros/jazzy/opt/gz_msgs_vendor:/opt/ros/jazzy/opt/gz_common_vendor:/opt/ros/jazzy/opt/gz_math_vendor:/opt/ros/jazzy/opt/gz_utils_vendor:/opt/ros/jazzy/opt/gz_tools_vendor:/opt/ros/jazzy/opt/gz_ogre_next_vendor:/opt/ros/jazzy/opt/gz_dartsim_vendor:/opt/ros/jazzy/opt/gz_cmake_vendor:/opt/ros/jazzy DEBUGINFOD_URLS=https://debuginfod.ubuntu.com GZ_SIM_RESOURCE_PATH=/home/diego/ros2_ws/install/xolobot_kalanchoe_world/share/xolobot_kalanchoe_world/models:/home/diego/ros2_ws/install/xolobot_kalanchoe_world/share/xolobot_kalanchoe_world/worlds:/home/diego/ros2_ws/install/xolobot_description/share/xolobot_description/models:${GZ_SIM_RESOURCE_PATH} /home/diego/.local/bin/cmake --install /home/diego/ros2_ws/build/xolobot_ascending
[2.067s] -- Install configuration: ""
[2.067s] -- Installing: /home/diego/ros2_ws/install/xolobot_ascending/share/xolobot_ascending/launch
[2.067s] -- Installing: /home/diego/ros2_ws/install/xolobot_ascending/share/xolobot_ascending/launch/xolobot.launch.py
[2.068s] -- Installing: /home/diego/ros2_ws/install/xolobot_ascending/share/xolobot_ascending/config
[2.069s] -- Installing: /home/diego/ros2_ws/install/xolobot_ascending/share/xolobot_ascending/config/ros_gz_example_bridge.yaml
[2.069s] -- Installing: /home/diego/ros2_ws/install/xolobot_ascending/share/ament_index/resource_index/package_run_dependencies/xolobot_ascending
[2.070s] -- Installing: /home/diego/ros2_ws/install/xolobot_ascending/share/ament_index/resource_index/parent_prefix_path/xolobot_ascending
[2.070s] -- Installing: /home/diego/ros2_ws/install/xolobot_ascending/share/xolobot_ascending/environment/ament_prefix_path.sh
[2.071s] -- Installing: /home/diego/ros2_ws/install/xolobot_ascending/share/xolobot_ascending/environment/ament_prefix_path.dsv
[2.071s] -- Installing: /home/diego/ros2_ws/install/xolobot_ascending/share/xolobot_ascending/environment/path.sh
[2.074s] -- Installing: /home/diego/ros2_ws/install/xolobot_ascending/share/xolobot_ascending/environment/path.dsv
[2.074s] -- Installing: /home/diego/ros2_ws/install/xolobot_ascending/share/xolobot_ascending/local_setup.bash
[2.075s] -- Installing: /home/diego/ros2_ws/install/xolobot_ascending/share/xolobot_ascending/local_setup.sh
[2.075s] -- Installing: /home/diego/ros2_ws/install/xolobot_ascending/share/xolobot_ascending/local_setup.zsh
[2.075s] -- Installing: /home/diego/ros2_ws/install/xolobot_ascending/share/xolobot_ascending/local_setup.dsv
[2.076s] -- Installing: /home/diego/ros2_ws/install/xolobot_ascending/share/xolobot_ascending/package.dsv
[2.076s] -- Installing: /home/diego/ros2_ws/install/xolobot_ascending/share/ament_index/resource_index/packages/xolobot_ascending
[2.076s] -- Installing: /home/diego/ros2_ws/install/xolobot_ascending/share/xolobot_ascending/cmake/xolobot_ascendingConfig.cmake
[2.076s] -- Installing: /home/diego/ros2_ws/install/xolobot_ascending/share/xolobot_ascending/cmake/xolobot_ascendingConfig-version.cmake
[2.076s] -- Installing: /home/diego/ros2_ws/install/xolobot_ascending/share/xolobot_ascending/package.xml
[2.101s] Invoked command in '/home/diego/ros2_ws/build/xolobot_ascending' returned '0': AMENT_PREFIX_PATH=/home/diego/ros2_ws/install/xolobot_kalanchoe_world:/home/diego/ros2_ws/install/xolobot_description:${AMENT_PREFIX_PATH} CMAKE_PREFIX_PATH=/home/diego/ros2_ws/install/xolobot_kalanchoe_world:/home/diego/ros2_ws/install/xolobot_description:/opt/ros/jazzy/opt/gz_sim_vendor:/opt/ros/jazzy/opt/gz_sensors_vendor:/opt/ros/jazzy/opt/gz_physics_vendor:/opt/ros/jazzy/opt/sdformat_vendor:/opt/ros/jazzy/opt/gz_gui_vendor:/opt/ros/jazzy/opt/gz_transport_vendor:/opt/ros/jazzy/opt/gz_rendering_vendor:/opt/ros/jazzy/opt/gz_plugin_vendor:/opt/ros/jazzy/opt/gz_fuel_tools_vendor:/opt/ros/jazzy/opt/gz_msgs_vendor:/opt/ros/jazzy/opt/gz_common_vendor:/opt/ros/jazzy/opt/gz_math_vendor:/opt/ros/jazzy/opt/gz_utils_vendor:/opt/ros/jazzy/opt/gz_tools_vendor:/opt/ros/jazzy/opt/gz_ogre_next_vendor:/opt/ros/jazzy/opt/gz_dartsim_vendor:/opt/ros/jazzy/opt/gz_cmake_vendor:/opt/ros/jazzy DEBUGINFOD_URLS=https://debuginfod.ubuntu.com GZ_SIM_RESOURCE_PATH=/home/diego/ros2_ws/install/xolobot_kalanchoe_world/share/xolobot_kalanchoe_world/models:/home/diego/ros2_ws/install/xolobot_kalanchoe_world/share/xolobot_kalanchoe_world/worlds:/home/diego/ros2_ws/install/xolobot_description/share/xolobot_description/models:${GZ_SIM_RESOURCE_PATH} /home/diego/.local/bin/cmake --install /home/diego/ros2_ws/build/xolobot_ascending
