-- Install configuration: ""
-- Up-to-date: /home/diego/ros2_ws/install/xolobot_bringup/share/xolobot_bringup/launch
-- Up-to-date: /home/diego/ros2_ws/install/xolobot_bringup/share/xolobot_bringup/launch/xolobot.launch.py
-- Up-to-date: /home/diego/ros2_ws/install/xolobot_bringup/share/xolobot_bringup/config
-- Up-to-date: /home/diego/ros2_ws/install/xolobot_bringup/share/xolobot_bringup/config/ros_gz_example_bridge.yaml
-- Up-to-date: /home/diego/ros2_ws/install/xolobot_bringup/share/ament_index/resource_index/package_run_dependencies/xolobot_bringup
-- Up-to-date: /home/diego/ros2_ws/install/xolobot_bringup/share/ament_index/resource_index/parent_prefix_path/xolobot_bringup
-- Up-to-date: /home/diego/ros2_ws/install/xolobot_bringup/share/xolobot_bringup/environment/ament_prefix_path.sh
-- Up-to-date: /home/diego/ros2_ws/install/xolobot_bringup/share/xolobot_bringup/environment/ament_prefix_path.dsv
-- Up-to-date: /home/diego/ros2_ws/install/xolobot_bringup/share/xolobot_bringup/environment/path.sh
-- Up-to-date: /home/diego/ros2_ws/install/xolobot_bringup/share/xolobot_bringup/environment/path.dsv
-- Up-to-date: /home/diego/ros2_ws/install/xolobot_bringup/share/xolobot_bringup/local_setup.bash
-- Up-to-date: /home/diego/ros2_ws/install/xolobot_bringup/share/xolobot_bringup/local_setup.sh
-- Up-to-date: /home/diego/ros2_ws/install/xolobot_bringup/share/xolobot_bringup/local_setup.zsh
-- Up-to-date: /home/diego/ros2_ws/install/xolobot_bringup/share/xolobot_bringup/local_setup.dsv
-- Up-to-date: /home/diego/ros2_ws/install/xolobot_bringup/share/xolobot_bringup/package.dsv
-- Up-to-date: /home/diego/ros2_ws/install/xolobot_bringup/share/ament_index/resource_index/packages/xolobot_bringup
-- Up-to-date: /home/diego/ros2_ws/install/xolobot_bringup/share/xolobot_bringup/cmake/xolobot_bringupConfig.cmake
-- Up-to-date: /home/diego/ros2_ws/install/xolobot_bringup/share/xolobot_bringup/cmake/xolobot_bringupConfig-version.cmake
-- Up-to-date: /home/diego/ros2_ws/install/xolobot_bringup/share/xolobot_bringup/package.xml
