[4.833s] Invoking command in '/home/diego/ros2_ws/src/tengo_mas_sed/nodo_data_analysis': DEBUGINFOD_URLS=https://debuginfod.ubuntu.com PYTHONPATH=/home/diego/ros2_ws/build/nodo_data_analysis/prefix_override:/usr/lib/python3/dist-packages/colcon_core/task/python/colcon_distutils_commands:/home/diego/ros2_ws/install/nodo_data_analysis/lib/python3.12/site-packages:${PYTHONPATH} /usr/bin/python3 -W ignore:setup.py install is deprecated -W ignore:easy_install command is deprecated setup.py egg_info --egg-base ../../../build/nodo_data_analysis build --build-base /home/diego/ros2_ws/build/nodo_data_analysis/build install --record /home/diego/ros2_ws/build/nodo_data_analysis/install.log --single-version-externally-managed install_data
[5.904s] running egg_info
[5.969s] writing ../../../build/nodo_data_analysis/nodo_data_analysis.egg-info/PKG-INFO
[5.971s] writing dependency_links to ../../../build/nodo_data_analysis/nodo_data_analysis.egg-info/dependency_links.txt
[5.972s] writing entry points to ../../../build/nodo_data_analysis/nodo_data_analysis.egg-info/entry_points.txt
[5.972s] writing requirements to ../../../build/nodo_data_analysis/nodo_data_analysis.egg-info/requires.txt
[5.972s] writing top-level names to ../../../build/nodo_data_analysis/nodo_data_analysis.egg-info/top_level.txt
[6.118s] reading manifest file '../../../build/nodo_data_analysis/nodo_data_analysis.egg-info/SOURCES.txt'
[6.118s] adding license file 'LICENSE'
[6.118s] writing manifest file '../../../build/nodo_data_analysis/nodo_data_analysis.egg-info/SOURCES.txt'
[6.120s] running build
[6.120s] running build_py
[6.121s] running install
[6.140s] running install_lib
[6.208s] running install_data
[6.208s] running install_egg_info
[6.281s] removing '/home/diego/ros2_ws/install/nodo_data_analysis/lib/python3.12/site-packages/nodo_data_analysis-0.0.0-py3.12.egg-info' (and everything under it)
[6.284s] Copying ../../../build/nodo_data_analysis/nodo_data_analysis.egg-info to /home/diego/ros2_ws/install/nodo_data_analysis/lib/python3.12/site-packages/nodo_data_analysis-0.0.0-py3.12.egg-info
[6.289s] running install_scripts
[6.777s] Installing start_data_analysis script to /home/diego/ros2_ws/install/nodo_data_analysis/lib/nodo_data_analysis
[6.778s] writing list of installed files to '/home/diego/ros2_ws/build/nodo_data_analysis/install.log'
[6.988s] Invoked command in '/home/diego/ros2_ws/src/tengo_mas_sed/nodo_data_analysis' returned '0': DEBUGINFOD_URLS=https://debuginfod.ubuntu.com PYTHONPATH=/home/diego/ros2_ws/build/nodo_data_analysis/prefix_override:/usr/lib/python3/dist-packages/colcon_core/task/python/colcon_distutils_commands:/home/diego/ros2_ws/install/nodo_data_analysis/lib/python3.12/site-packages:${PYTHONPATH} /usr/bin/python3 -W ignore:setup.py install is deprecated -W ignore:easy_install command is deprecated setup.py egg_info --egg-base ../../../build/nodo_data_analysis build --build-base /home/diego/ros2_ws/build/nodo_data_analysis/build install --record /home/diego/ros2_ws/build/nodo_data_analysis/install.log --single-version-externally-managed install_data
