[  2%] Built target station_interface__rosidl_generator_type_description
[  2%] Built target ament_cmake_python_copy_station_interface
[  5%] Built target station_interface__cpp
[ 20%] Built target station_interface__rosidl_generator_c
[ 29%] Built target station_interface__rosidl_typesupport_introspection_c
[ 38%] Built target station_interface__rosidl_typesupport_c
[ 47%] Built target station_interface__rosidl_typesupport_introspection_cpp
[ 55%] Built target station_interface__rosidl_typesupport_cpp
[ 64%] Built target station_interface__rosidl_typesupport_fastrtps_c
[ 73%] Built target station_interface__rosidl_typesupport_fastrtps_cpp
[ 73%] Built target station_interface
[ 76%] Built target station_interface__py
[ 82%] Built target station_interface__rosidl_generator_py
[ 88%] Built target station_interface_s__rosidl_typesupport_c
[ 94%] Built target station_interface_s__rosidl_typesupport_fastrtps_c
[100%] Built target station_interface_s__rosidl_typesupport_introspection_c
running egg_info
writing station_interface.egg-info/PKG-INFO
writing dependency_links to station_interface.egg-info/dependency_links.txt
writing top-level names to station_interface.egg-info/top_level.txt
reading manifest file 'station_interface.egg-info/SOURCES.txt'
writing manifest file 'station_interface.egg-info/SOURCES.txt'
[100%] Built target ament_cmake_python_build_station_interface_egg
-- Install configuration: ""
-- Up-to-date: /home/diego/ros2_ws/install/station_interface/share/ament_index/resource_index/rosidl_interfaces/station_interface
-- Up-to-date: /home/diego/ros2_ws/install/station_interface/share/station_interface/srv/Reload.json
-- Up-to-date: /home/diego/ros2_ws/install/station_interface/include/station_interface/station_interface
-- Up-to-date: /home/diego/ros2_ws/install/station_interface/include/station_interface/station_interface/srv
-- Up-to-date: /home/diego/ros2_ws/install/station_interface/include/station_interface/station_interface/srv/reload.h
-- Up-to-date: /home/diego/ros2_ws/install/station_interface/include/station_interface/station_interface/srv/detail
-- Up-to-date: /home/diego/ros2_ws/install/station_interface/include/station_interface/station_interface/srv/detail/reload__struct.h
-- Up-to-date: /home/diego/ros2_ws/install/station_interface/include/station_interface/station_interface/srv/detail/reload__description.c
-- Up-to-date: /home/diego/ros2_ws/install/station_interface/include/station_interface/station_interface/srv/detail/reload__type_support.h
-- Up-to-date: /home/diego/ros2_ws/install/station_interface/include/station_interface/station_interface/srv/detail/reload__functions.h
-- Up-to-date: /home/diego/ros2_ws/install/station_interface/include/station_interface/station_interface/srv/detail/reload__functions.c
-- Installing: /home/diego/ros2_ws/install/station_interface/include/station_interface/station_interface/srv/detail/reload__type_support.c
-- Up-to-date: /home/diego/ros2_ws/install/station_interface/include/station_interface/station_interface/msg
-- Up-to-date: /home/diego/ros2_ws/install/station_interface/include/station_interface/station_interface/msg/rosidl_generator_c__visibility_control.h
-- Up-to-date: /home/diego/ros2_ws/install/station_interface/share/station_interface/environment/library_path.sh
-- Up-to-date: /home/diego/ros2_ws/install/station_interface/share/station_interface/environment/library_path.dsv
-- Up-to-date: /home/diego/ros2_ws/install/station_interface/lib/libstation_interface__rosidl_generator_c.so
-- Up-to-date: /home/diego/ros2_ws/install/station_interface/include/station_interface/station_interface
-- Up-to-date: /home/diego/ros2_ws/install/station_interface/include/station_interface/station_interface/srv
-- Up-to-date: /home/diego/ros2_ws/install/station_interface/include/station_interface/station_interface/srv/detail
-- Up-to-date: /home/diego/ros2_ws/install/station_interface/include/station_interface/station_interface/srv/detail/reload__rosidl_typesupport_fastrtps_c.h
-- Up-to-date: /home/diego/ros2_ws/install/station_interface/include/station_interface/station_interface/msg
-- Up-to-date: /home/diego/ros2_ws/install/station_interface/include/station_interface/station_interface/msg/rosidl_typesupport_fastrtps_c__visibility_control.h
-- Up-to-date: /home/diego/ros2_ws/install/station_interface/lib/libstation_interface__rosidl_typesupport_fastrtps_c.so
-- Up-to-date: /home/diego/ros2_ws/install/station_interface/include/station_interface/station_interface
-- Up-to-date: /home/diego/ros2_ws/install/station_interface/include/station_interface/station_interface/srv
-- Up-to-date: /home/diego/ros2_ws/install/station_interface/include/station_interface/station_interface/srv/detail
-- Up-to-date: /home/diego/ros2_ws/install/station_interface/include/station_interface/station_interface/srv/detail/reload__traits.hpp
-- Up-to-date: /home/diego/ros2_ws/install/station_interface/include/station_interface/station_interface/srv/detail/reload__type_support.hpp
-- Up-to-date: /home/diego/ros2_ws/install/station_interface/include/station_interface/station_interface/srv/detail/reload__builder.hpp
-- Up-to-date: /home/diego/ros2_ws/install/station_interface/include/station_interface/station_interface/srv/detail/reload__struct.hpp
-- Up-to-date: /home/diego/ros2_ws/install/station_interface/include/station_interface/station_interface/srv/reload.hpp
-- Up-to-date: /home/diego/ros2_ws/install/station_interface/include/station_interface/station_interface/msg
-- Up-to-date: /home/diego/ros2_ws/install/station_interface/include/station_interface/station_interface/msg/rosidl_generator_cpp__visibility_control.hpp
-- Up-to-date: /home/diego/ros2_ws/install/station_interface/include/station_interface/station_interface
-- Up-to-date: /home/diego/ros2_ws/install/station_interface/include/station_interface/station_interface/srv
-- Up-to-date: /home/diego/ros2_ws/install/station_interface/include/station_interface/station_interface/srv/detail
-- Up-to-date: /home/diego/ros2_ws/install/station_interface/include/station_interface/station_interface/srv/detail/dds_fastrtps
-- Up-to-date: /home/diego/ros2_ws/install/station_interface/include/station_interface/station_interface/srv/detail/reload__rosidl_typesupport_fastrtps_cpp.hpp
-- Up-to-date: /home/diego/ros2_ws/install/station_interface/include/station_interface/station_interface/msg
-- Up-to-date: /home/diego/ros2_ws/install/station_interface/include/station_interface/station_interface/msg/rosidl_typesupport_fastrtps_cpp__visibility_control.h
-- Up-to-date: /home/diego/ros2_ws/install/station_interface/lib/libstation_interface__rosidl_typesupport_fastrtps_cpp.so
-- Up-to-date: /home/diego/ros2_ws/install/station_interface/include/station_interface/station_interface
-- Up-to-date: /home/diego/ros2_ws/install/station_interface/include/station_interface/station_interface/srv
-- Up-to-date: /home/diego/ros2_ws/install/station_interface/include/station_interface/station_interface/srv/detail
-- Up-to-date: /home/diego/ros2_ws/install/station_interface/include/station_interface/station_interface/srv/detail/reload__rosidl_typesupport_introspection_c.h
-- Installing: /home/diego/ros2_ws/install/station_interface/include/station_interface/station_interface/srv/detail/reload__type_support.c
-- Up-to-date: /home/diego/ros2_ws/install/station_interface/include/station_interface/station_interface/msg
-- Up-to-date: /home/diego/ros2_ws/install/station_interface/include/station_interface/station_interface/msg/rosidl_typesupport_introspection_c__visibility_control.h
-- Up-to-date: /home/diego/ros2_ws/install/station_interface/lib/libstation_interface__rosidl_typesupport_introspection_c.so
-- Up-to-date: /home/diego/ros2_ws/install/station_interface/lib/libstation_interface__rosidl_typesupport_c.so
-- Up-to-date: /home/diego/ros2_ws/install/station_interface/include/station_interface/station_interface
-- Up-to-date: /home/diego/ros2_ws/install/station_interface/include/station_interface/station_interface/srv
-- Up-to-date: /home/diego/ros2_ws/install/station_interface/include/station_interface/station_interface/srv/detail
-- Up-to-date: /home/diego/ros2_ws/install/station_interface/include/station_interface/station_interface/srv/detail/reload__rosidl_typesupport_introspection_cpp.hpp
-- Up-to-date: /home/diego/ros2_ws/install/station_interface/include/station_interface/station_interface/srv/detail/reload__type_support.cpp
-- Up-to-date: /home/diego/ros2_ws/install/station_interface/lib/libstation_interface__rosidl_typesupport_introspection_cpp.so
-- Up-to-date: /home/diego/ros2_ws/install/station_interface/lib/libstation_interface__rosidl_typesupport_cpp.so
-- Up-to-date: /home/diego/ros2_ws/install/station_interface/share/station_interface/environment/pythonpath.sh
-- Up-to-date: /home/diego/ros2_ws/install/station_interface/share/station_interface/environment/pythonpath.dsv
-- Up-to-date: /home/diego/ros2_ws/install/station_interface/lib/python3.12/site-packages/station_interface-0.0.0-py3.12.egg-info
-- Installing: /home/diego/ros2_ws/install/station_interface/lib/python3.12/site-packages/station_interface-0.0.0-py3.12.egg-info/SOURCES.txt
-- Installing: /home/diego/ros2_ws/install/station_interface/lib/python3.12/site-packages/station_interface-0.0.0-py3.12.egg-info/dependency_links.txt
-- Installing: /home/diego/ros2_ws/install/station_interface/lib/python3.12/site-packages/station_interface-0.0.0-py3.12.egg-info/PKG-INFO
-- Installing: /home/diego/ros2_ws/install/station_interface/lib/python3.12/site-packages/station_interface-0.0.0-py3.12.egg-info/top_level.txt
-- Up-to-date: /home/diego/ros2_ws/install/station_interface/lib/python3.12/site-packages/station_interface
-- Up-to-date: /home/diego/ros2_ws/install/station_interface/lib/python3.12/site-packages/station_interface/__init__.py
-- Up-to-date: /home/diego/ros2_ws/install/station_interface/lib/python3.12/site-packages/station_interface/_station_interface_s.ep.rosidl_typesupport_fastrtps_c.c
-- Up-to-date: /home/diego/ros2_ws/install/station_interface/lib/python3.12/site-packages/station_interface/station_interface_s__rosidl_typesupport_c.so
-- Up-to-date: /home/diego/ros2_ws/install/station_interface/lib/python3.12/site-packages/station_interface/station_interface_s__rosidl_typesupport_fastrtps_c.so
-- Up-to-date: /home/diego/ros2_ws/install/station_interface/lib/python3.12/site-packages/station_interface/_station_interface_s.ep.rosidl_typesupport_c.c
-- Up-to-date: /home/diego/ros2_ws/install/station_interface/lib/python3.12/site-packages/station_interface/_station_interface_s.ep.rosidl_typesupport_introspection_c.c
-- Up-to-date: /home/diego/ros2_ws/install/station_interface/lib/python3.12/site-packages/station_interface/srv
-- Up-to-date: /home/diego/ros2_ws/install/station_interface/lib/python3.12/site-packages/station_interface/srv/__init__.py
-- Up-to-date: /home/diego/ros2_ws/install/station_interface/lib/python3.12/site-packages/station_interface/srv/_reload_s.c
-- Up-to-date: /home/diego/ros2_ws/install/station_interface/lib/python3.12/site-packages/station_interface/srv/_reload.py
-- Up-to-date: /home/diego/ros2_ws/install/station_interface/lib/python3.12/site-packages/station_interface/station_interface_s__rosidl_typesupport_introspection_c.so
Listing '/home/diego/ros2_ws/install/station_interface/lib/python3.12/site-packages/station_interface'...
Listing '/home/diego/ros2_ws/install/station_interface/lib/python3.12/site-packages/station_interface/srv'...
-- Up-to-date: /home/diego/ros2_ws/install/station_interface/lib/python3.12/site-packages/station_interface/station_interface_s__rosidl_typesupport_fastrtps_c.so
-- Up-to-date: /home/diego/ros2_ws/install/station_interface/lib/python3.12/site-packages/station_interface/station_interface_s__rosidl_typesupport_introspection_c.so
-- Up-to-date: /home/diego/ros2_ws/install/station_interface/lib/python3.12/site-packages/station_interface/station_interface_s__rosidl_typesupport_c.so
-- Up-to-date: /home/diego/ros2_ws/install/station_interface/lib/libstation_interface__rosidl_generator_py.so
-- Up-to-date: /home/diego/ros2_ws/install/station_interface/share/station_interface/srv/Reload.idl
-- Up-to-date: /home/diego/ros2_ws/install/station_interface/share/station_interface/srv/Reload.srv
-- Up-to-date: /home/diego/ros2_ws/install/station_interface/share/ament_index/resource_index/package_run_dependencies/station_interface
-- Up-to-date: /home/diego/ros2_ws/install/station_interface/share/ament_index/resource_index/parent_prefix_path/station_interface
-- Up-to-date: /home/diego/ros2_ws/install/station_interface/share/station_interface/environment/ament_prefix_path.sh
-- Up-to-date: /home/diego/ros2_ws/install/station_interface/share/station_interface/environment/ament_prefix_path.dsv
-- Up-to-date: /home/diego/ros2_ws/install/station_interface/share/station_interface/environment/path.sh
-- Up-to-date: /home/diego/ros2_ws/install/station_interface/share/station_interface/environment/path.dsv
-- Up-to-date: /home/diego/ros2_ws/install/station_interface/share/station_interface/local_setup.bash
-- Up-to-date: /home/diego/ros2_ws/install/station_interface/share/station_interface/local_setup.sh
-- Up-to-date: /home/diego/ros2_ws/install/station_interface/share/station_interface/local_setup.zsh
-- Up-to-date: /home/diego/ros2_ws/install/station_interface/share/station_interface/local_setup.dsv
-- Installing: /home/diego/ros2_ws/install/station_interface/share/station_interface/package.dsv
-- Up-to-date: /home/diego/ros2_ws/install/station_interface/share/ament_index/resource_index/packages/station_interface
-- Up-to-date: /home/diego/ros2_ws/install/station_interface/share/station_interface/cmake/export_station_interface__rosidl_generator_cExport.cmake
-- Up-to-date: /home/diego/ros2_ws/install/station_interface/share/station_interface/cmake/export_station_interface__rosidl_generator_cExport-noconfig.cmake
-- Up-to-date: /home/diego/ros2_ws/install/station_interface/share/station_interface/cmake/export_station_interface__rosidl_typesupport_fastrtps_cExport.cmake
-- Up-to-date: /home/diego/ros2_ws/install/station_interface/share/station_interface/cmake/export_station_interface__rosidl_typesupport_fastrtps_cExport-noconfig.cmake
-- Up-to-date: /home/diego/ros2_ws/install/station_interface/share/station_interface/cmake/export_station_interface__rosidl_generator_cppExport.cmake
-- Up-to-date: /home/diego/ros2_ws/install/station_interface/share/station_interface/cmake/export_station_interface__rosidl_typesupport_fastrtps_cppExport.cmake
-- Up-to-date: /home/diego/ros2_ws/install/station_interface/share/station_interface/cmake/export_station_interface__rosidl_typesupport_fastrtps_cppExport-noconfig.cmake
-- Up-to-date: /home/diego/ros2_ws/install/station_interface/share/station_interface/cmake/station_interface__rosidl_typesupport_introspection_cExport.cmake
-- Up-to-date: /home/diego/ros2_ws/install/station_interface/share/station_interface/cmake/station_interface__rosidl_typesupport_introspection_cExport-noconfig.cmake
-- Up-to-date: /home/diego/ros2_ws/install/station_interface/share/station_interface/cmake/station_interface__rosidl_typesupport_cExport.cmake
-- Up-to-date: /home/diego/ros2_ws/install/station_interface/share/station_interface/cmake/station_interface__rosidl_typesupport_cExport-noconfig.cmake
-- Up-to-date: /home/diego/ros2_ws/install/station_interface/share/station_interface/cmake/station_interface__rosidl_typesupport_introspection_cppExport.cmake
-- Up-to-date: /home/diego/ros2_ws/install/station_interface/share/station_interface/cmake/station_interface__rosidl_typesupport_introspection_cppExport-noconfig.cmake
-- Up-to-date: /home/diego/ros2_ws/install/station_interface/share/station_interface/cmake/station_interface__rosidl_typesupport_cppExport.cmake
-- Up-to-date: /home/diego/ros2_ws/install/station_interface/share/station_interface/cmake/station_interface__rosidl_typesupport_cppExport-noconfig.cmake
-- Up-to-date: /home/diego/ros2_ws/install/station_interface/share/station_interface/cmake/export_station_interface__rosidl_generator_pyExport.cmake
-- Up-to-date: /home/diego/ros2_ws/install/station_interface/share/station_interface/cmake/export_station_interface__rosidl_generator_pyExport-noconfig.cmake
-- Up-to-date: /home/diego/ros2_ws/install/station_interface/share/station_interface/cmake/rosidl_cmake-extras.cmake
-- Up-to-date: /home/diego/ros2_ws/install/station_interface/share/station_interface/cmake/ament_cmake_export_dependencies-extras.cmake
-- Up-to-date: /home/diego/ros2_ws/install/station_interface/share/station_interface/cmake/ament_cmake_export_include_directories-extras.cmake
-- Up-to-date: /home/diego/ros2_ws/install/station_interface/share/station_interface/cmake/ament_cmake_export_libraries-extras.cmake
-- Up-to-date: /home/diego/ros2_ws/install/station_interface/share/station_interface/cmake/ament_cmake_export_targets-extras.cmake
-- Up-to-date: /home/diego/ros2_ws/install/station_interface/share/station_interface/cmake/rosidl_cmake_export_typesupport_targets-extras.cmake
-- Up-to-date: /home/diego/ros2_ws/install/station_interface/share/station_interface/cmake/rosidl_cmake_export_typesupport_libraries-extras.cmake
-- Up-to-date: /home/diego/ros2_ws/install/station_interface/share/station_interface/cmake/station_interfaceConfig.cmake
-- Up-to-date: /home/diego/ros2_ws/install/station_interface/share/station_interface/cmake/station_interfaceConfig-version.cmake
-- Up-to-date: /home/diego/ros2_ws/install/station_interface/share/station_interface/package.xml
