[0.082s] Invoking command in '/home/diego/ros2_ws/build/kalanchoe_interface': CMAKE_PREFIX_PATH=${CMAKE_PREFIX_PATH}:/home/diego/ros2_ws/install/nodo_xolobot_driver:/home/diego/ros2_ws/install/nodo_lighting_station:/home/diego/ros2_ws/install/nodo_watering_station:/home/diego/ros2_ws/install/nodo_kalanchoe:/home/diego/ros2_ws/install/nodo_data_monitoring:/home/diego/ros2_ws/install/nodo_data_analysis:/opt/ros/jazzy DEBUGINFOD_URLS=https://debuginfod.ubuntu.com /home/diego/.local/bin/cmake --build /home/diego/ros2_ws/build/kalanchoe_interface -- -j8 -l8
[1.665s] [  2%] Built target kalanchoe_interface__rosidl_generator_type_description
[1.666s] [  2%] Built target ament_cmake_python_copy_kalanchoe_interface
[1.666s] [ 17%] Built target kalanchoe_interface__rosidl_generator_c
[1.666s] [ 20%] Built target kalanchoe_interface__cpp
[1.666s] [ 29%] Built target kalanchoe_interface__rosidl_typesupport_introspection_cpp
[1.666s] [ 38%] Built target kalanchoe_interface__rosidl_typesupport_introspection_c
[1.666s] [ 47%] Built target kalanchoe_interface__rosidl_typesupport_fastrtps_c
[1.666s] [ 55%] Built target kalanchoe_interface__rosidl_typesupport_c
[1.667s] [ 64%] Built target kalanchoe_interface__rosidl_typesupport_cpp
[1.667s] [ 73%] Built target kalanchoe_interface__rosidl_typesupport_fastrtps_cpp
[1.667s] [ 73%] Built target kalanchoe_interface
[1.667s] [ 76%] Built target kalanchoe_interface__py
[1.668s] [ 82%] Built target kalanchoe_interface__rosidl_generator_py
[1.668s] [ 88%] Built target kalanchoe_interface_s__rosidl_typesupport_fastrtps_c
[1.668s] [ 94%] Built target kalanchoe_interface_s__rosidl_typesupport_c
[1.668s] [100%] Built target kalanchoe_interface_s__rosidl_typesupport_introspection_c
[1.668s] running egg_info
[1.668s] writing kalanchoe_interface.egg-info/PKG-INFO
[1.668s] writing dependency_links to kalanchoe_interface.egg-info/dependency_links.txt
[1.669s] writing top-level names to kalanchoe_interface.egg-info/top_level.txt
[1.669s] reading manifest file 'kalanchoe_interface.egg-info/SOURCES.txt'
[1.669s] writing manifest file 'kalanchoe_interface.egg-info/SOURCES.txt'
[1.669s] [100%] Built target ament_cmake_python_build_kalanchoe_interface_egg
[1.688s] Invoked command in '/home/diego/ros2_ws/build/kalanchoe_interface' returned '0': CMAKE_PREFIX_PATH=${CMAKE_PREFIX_PATH}:/home/diego/ros2_ws/install/nodo_xolobot_driver:/home/diego/ros2_ws/install/nodo_lighting_station:/home/diego/ros2_ws/install/nodo_watering_station:/home/diego/ros2_ws/install/nodo_kalanchoe:/home/diego/ros2_ws/install/nodo_data_monitoring:/home/diego/ros2_ws/install/nodo_data_analysis:/opt/ros/jazzy DEBUGINFOD_URLS=https://debuginfod.ubuntu.com /home/diego/.local/bin/cmake --build /home/diego/ros2_ws/build/kalanchoe_interface -- -j8 -l8
[1.690s] Invoking command in '/home/diego/ros2_ws/build/kalanchoe_interface': CMAKE_PREFIX_PATH=${CMAKE_PREFIX_PATH}:/home/diego/ros2_ws/install/nodo_xolobot_driver:/home/diego/ros2_ws/install/nodo_lighting_station:/home/diego/ros2_ws/install/nodo_watering_station:/home/diego/ros2_ws/install/nodo_kalanchoe:/home/diego/ros2_ws/install/nodo_data_monitoring:/home/diego/ros2_ws/install/nodo_data_analysis:/opt/ros/jazzy DEBUGINFOD_URLS=https://debuginfod.ubuntu.com /home/diego/.local/bin/cmake --install /home/diego/ros2_ws/build/kalanchoe_interface
[1.737s] -- Install configuration: ""
[1.738s] -- Up-to-date: /home/diego/ros2_ws/install/kalanchoe_interface/share/ament_index/resource_index/rosidl_interfaces/kalanchoe_interface
[1.738s] -- Up-to-date: /home/diego/ros2_ws/install/kalanchoe_interface/share/kalanchoe_interface/msg/Measure.json
[1.738s] -- Up-to-date: /home/diego/ros2_ws/install/kalanchoe_interface/include/kalanchoe_interface/kalanchoe_interface
[1.738s] -- Up-to-date: /home/diego/ros2_ws/install/kalanchoe_interface/include/kalanchoe_interface/kalanchoe_interface/msg
[1.739s] -- Up-to-date: /home/diego/ros2_ws/install/kalanchoe_interface/include/kalanchoe_interface/kalanchoe_interface/msg/detail
[1.739s] -- Up-to-date: /home/diego/ros2_ws/install/kalanchoe_interface/include/kalanchoe_interface/kalanchoe_interface/msg/detail/measure__type_support.c
[1.739s] -- Up-to-date: /home/diego/ros2_ws/install/kalanchoe_interface/include/kalanchoe_interface/kalanchoe_interface/msg/detail/measure__struct.h
[1.739s] -- Up-to-date: /home/diego/ros2_ws/install/kalanchoe_interface/include/kalanchoe_interface/kalanchoe_interface/msg/detail/measure__functions.c
[1.739s] -- Up-to-date: /home/diego/ros2_ws/install/kalanchoe_interface/include/kalanchoe_interface/kalanchoe_interface/msg/detail/measure__type_support.h
[1.740s] -- Up-to-date: /home/diego/ros2_ws/install/kalanchoe_interface/include/kalanchoe_interface/kalanchoe_interface/msg/detail/measure__functions.h
[1.740s] -- Up-to-date: /home/diego/ros2_ws/install/kalanchoe_interface/include/kalanchoe_interface/kalanchoe_interface/msg/detail/measure__description.c
[1.740s] -- Up-to-date: /home/diego/ros2_ws/install/kalanchoe_interface/include/kalanchoe_interface/kalanchoe_interface/msg/measure.h
[1.745s] -- Up-to-date: /home/diego/ros2_ws/install/kalanchoe_interface/include/kalanchoe_interface/kalanchoe_interface/msg/rosidl_generator_c__visibility_control.h
[1.745s] -- Up-to-date: /home/diego/ros2_ws/install/kalanchoe_interface/share/kalanchoe_interface/environment/library_path.sh
[1.746s] -- Up-to-date: /home/diego/ros2_ws/install/kalanchoe_interface/share/kalanchoe_interface/environment/library_path.dsv
[1.746s] -- Up-to-date: /home/diego/ros2_ws/install/kalanchoe_interface/lib/libkalanchoe_interface__rosidl_generator_c.so
[1.746s] -- Up-to-date: /home/diego/ros2_ws/install/kalanchoe_interface/include/kalanchoe_interface/kalanchoe_interface
[1.746s] -- Up-to-date: /home/diego/ros2_ws/install/kalanchoe_interface/include/kalanchoe_interface/kalanchoe_interface/msg
[1.747s] -- Up-to-date: /home/diego/ros2_ws/install/kalanchoe_interface/include/kalanchoe_interface/kalanchoe_interface/msg/detail
[1.747s] -- Up-to-date: /home/diego/ros2_ws/install/kalanchoe_interface/include/kalanchoe_interface/kalanchoe_interface/msg/detail/measure__rosidl_typesupport_fastrtps_c.h
[1.747s] -- Up-to-date: /home/diego/ros2_ws/install/kalanchoe_interface/include/kalanchoe_interface/kalanchoe_interface/msg/rosidl_typesupport_fastrtps_c__visibility_control.h
[1.747s] -- Up-to-date: /home/diego/ros2_ws/install/kalanchoe_interface/lib/libkalanchoe_interface__rosidl_typesupport_fastrtps_c.so
[1.747s] -- Up-to-date: /home/diego/ros2_ws/install/kalanchoe_interface/include/kalanchoe_interface/kalanchoe_interface
[1.748s] -- Up-to-date: /home/diego/ros2_ws/install/kalanchoe_interface/include/kalanchoe_interface/kalanchoe_interface/msg
[1.748s] -- Up-to-date: /home/diego/ros2_ws/install/kalanchoe_interface/include/kalanchoe_interface/kalanchoe_interface/msg/measure.hpp
[1.748s] -- Up-to-date: /home/diego/ros2_ws/install/kalanchoe_interface/include/kalanchoe_interface/kalanchoe_interface/msg/detail
[1.748s] -- Up-to-date: /home/diego/ros2_ws/install/kalanchoe_interface/include/kalanchoe_interface/kalanchoe_interface/msg/detail/measure__traits.hpp
[1.749s] -- Up-to-date: /home/diego/ros2_ws/install/kalanchoe_interface/include/kalanchoe_interface/kalanchoe_interface/msg/detail/measure__builder.hpp
[1.749s] -- Up-to-date: /home/diego/ros2_ws/install/kalanchoe_interface/include/kalanchoe_interface/kalanchoe_interface/msg/detail/measure__struct.hpp
[1.749s] -- Up-to-date: /home/diego/ros2_ws/install/kalanchoe_interface/include/kalanchoe_interface/kalanchoe_interface/msg/detail/measure__type_support.hpp
[1.749s] -- Up-to-date: /home/diego/ros2_ws/install/kalanchoe_interface/include/kalanchoe_interface/kalanchoe_interface/msg/rosidl_generator_cpp__visibility_control.hpp
[1.749s] -- Up-to-date: /home/diego/ros2_ws/install/kalanchoe_interface/include/kalanchoe_interface/kalanchoe_interface
[1.750s] -- Up-to-date: /home/diego/ros2_ws/install/kalanchoe_interface/include/kalanchoe_interface/kalanchoe_interface/msg
[1.750s] -- Up-to-date: /home/diego/ros2_ws/install/kalanchoe_interface/include/kalanchoe_interface/kalanchoe_interface/msg/rosidl_typesupport_fastrtps_cpp__visibility_control.h
[1.750s] -- Up-to-date: /home/diego/ros2_ws/install/kalanchoe_interface/include/kalanchoe_interface/kalanchoe_interface/msg/detail
[1.750s] -- Up-to-date: /home/diego/ros2_ws/install/kalanchoe_interface/include/kalanchoe_interface/kalanchoe_interface/msg/detail/measure__rosidl_typesupport_fastrtps_cpp.hpp
[1.750s] -- Up-to-date: /home/diego/ros2_ws/install/kalanchoe_interface/include/kalanchoe_interface/kalanchoe_interface/msg/detail/dds_fastrtps
[1.751s] -- Up-to-date: /home/diego/ros2_ws/install/kalanchoe_interface/lib/libkalanchoe_interface__rosidl_typesupport_fastrtps_cpp.so
[1.751s] -- Up-to-date: /home/diego/ros2_ws/install/kalanchoe_interface/include/kalanchoe_interface/kalanchoe_interface
[1.751s] -- Up-to-date: /home/diego/ros2_ws/install/kalanchoe_interface/include/kalanchoe_interface/kalanchoe_interface/msg
[1.752s] -- Up-to-date: /home/diego/ros2_ws/install/kalanchoe_interface/include/kalanchoe_interface/kalanchoe_interface/msg/detail
[1.753s] -- Up-to-date: /home/diego/ros2_ws/install/kalanchoe_interface/include/kalanchoe_interface/kalanchoe_interface/msg/detail/measure__type_support.c
[1.753s] -- Up-to-date: /home/diego/ros2_ws/install/kalanchoe_interface/include/kalanchoe_interface/kalanchoe_interface/msg/detail/measure__rosidl_typesupport_introspection_c.h
[1.755s] -- Up-to-date: /home/diego/ros2_ws/install/kalanchoe_interface/include/kalanchoe_interface/kalanchoe_interface/msg/rosidl_typesupport_introspection_c__visibility_control.h
[1.755s] -- Up-to-date: /home/diego/ros2_ws/install/kalanchoe_interface/lib/libkalanchoe_interface__rosidl_typesupport_introspection_c.so
[1.755s] -- Up-to-date: /home/diego/ros2_ws/install/kalanchoe_interface/lib/libkalanchoe_interface__rosidl_typesupport_c.so
[1.756s] -- Up-to-date: /home/diego/ros2_ws/install/kalanchoe_interface/include/kalanchoe_interface/kalanchoe_interface
[1.756s] -- Up-to-date: /home/diego/ros2_ws/install/kalanchoe_interface/include/kalanchoe_interface/kalanchoe_interface/msg
[1.757s] -- Up-to-date: /home/diego/ros2_ws/install/kalanchoe_interface/include/kalanchoe_interface/kalanchoe_interface/msg/detail
[1.757s] -- Up-to-date: /home/diego/ros2_ws/install/kalanchoe_interface/include/kalanchoe_interface/kalanchoe_interface/msg/detail/measure__type_support.cpp
[1.757s] -- Up-to-date: /home/diego/ros2_ws/install/kalanchoe_interface/include/kalanchoe_interface/kalanchoe_interface/msg/detail/measure__rosidl_typesupport_introspection_cpp.hpp
[1.758s] -- Up-to-date: /home/diego/ros2_ws/install/kalanchoe_interface/lib/libkalanchoe_interface__rosidl_typesupport_introspection_cpp.so
[1.762s] -- Up-to-date: /home/diego/ros2_ws/install/kalanchoe_interface/lib/libkalanchoe_interface__rosidl_typesupport_cpp.so
[1.762s] -- Up-to-date: /home/diego/ros2_ws/install/kalanchoe_interface/share/kalanchoe_interface/environment/pythonpath.sh
[1.762s] -- Up-to-date: /home/diego/ros2_ws/install/kalanchoe_interface/share/kalanchoe_interface/environment/pythonpath.dsv
[1.763s] -- Up-to-date: /home/diego/ros2_ws/install/kalanchoe_interface/lib/python3.12/site-packages/kalanchoe_interface-0.0.0-py3.12.egg-info
[1.763s] -- Installing: /home/diego/ros2_ws/install/kalanchoe_interface/lib/python3.12/site-packages/kalanchoe_interface-0.0.0-py3.12.egg-info/SOURCES.txt
[1.763s] -- Installing: /home/diego/ros2_ws/install/kalanchoe_interface/lib/python3.12/site-packages/kalanchoe_interface-0.0.0-py3.12.egg-info/dependency_links.txt
[1.764s] -- Installing: /home/diego/ros2_ws/install/kalanchoe_interface/lib/python3.12/site-packages/kalanchoe_interface-0.0.0-py3.12.egg-info/PKG-INFO
[1.764s] -- Installing: /home/diego/ros2_ws/install/kalanchoe_interface/lib/python3.12/site-packages/kalanchoe_interface-0.0.0-py3.12.egg-info/top_level.txt
[1.764s] -- Up-to-date: /home/diego/ros2_ws/install/kalanchoe_interface/lib/python3.12/site-packages/kalanchoe_interface
[1.765s] -- Up-to-date: /home/diego/ros2_ws/install/kalanchoe_interface/lib/python3.12/site-packages/kalanchoe_interface/__init__.py
[1.765s] -- Up-to-date: /home/diego/ros2_ws/install/kalanchoe_interface/lib/python3.12/site-packages/kalanchoe_interface/kalanchoe_interface_s__rosidl_typesupport_fastrtps_c.so
[1.766s] -- Up-to-date: /home/diego/ros2_ws/install/kalanchoe_interface/lib/python3.12/site-packages/kalanchoe_interface/kalanchoe_interface_s__rosidl_typesupport_introspection_c.so
[1.766s] -- Up-to-date: /home/diego/ros2_ws/install/kalanchoe_interface/lib/python3.12/site-packages/kalanchoe_interface/_kalanchoe_interface_s.ep.rosidl_typesupport_fastrtps_c.c
[1.766s] -- Up-to-date: /home/diego/ros2_ws/install/kalanchoe_interface/lib/python3.12/site-packages/kalanchoe_interface/msg
[1.766s] -- Up-to-date: /home/diego/ros2_ws/install/kalanchoe_interface/lib/python3.12/site-packages/kalanchoe_interface/msg/__init__.py
[1.766s] -- Up-to-date: /home/diego/ros2_ws/install/kalanchoe_interface/lib/python3.12/site-packages/kalanchoe_interface/msg/_measure.py
[1.767s] -- Up-to-date: /home/diego/ros2_ws/install/kalanchoe_interface/lib/python3.12/site-packages/kalanchoe_interface/msg/_measure_s.c
[1.767s] -- Up-to-date: /home/diego/ros2_ws/install/kalanchoe_interface/lib/python3.12/site-packages/kalanchoe_interface/_kalanchoe_interface_s.ep.rosidl_typesupport_c.c
[1.767s] -- Up-to-date: /home/diego/ros2_ws/install/kalanchoe_interface/lib/python3.12/site-packages/kalanchoe_interface/kalanchoe_interface_s__rosidl_typesupport_c.so
[1.768s] -- Up-to-date: /home/diego/ros2_ws/install/kalanchoe_interface/lib/python3.12/site-packages/kalanchoe_interface/_kalanchoe_interface_s.ep.rosidl_typesupport_introspection_c.c
[1.827s] Listing '/home/diego/ros2_ws/install/kalanchoe_interface/lib/python3.12/site-packages/kalanchoe_interface'...
[1.827s] Listing '/home/diego/ros2_ws/install/kalanchoe_interface/lib/python3.12/site-packages/kalanchoe_interface/msg'...
[1.848s] -- Up-to-date: /home/diego/ros2_ws/install/kalanchoe_interface/lib/python3.12/site-packages/kalanchoe_interface/kalanchoe_interface_s__rosidl_typesupport_fastrtps_c.so
[1.856s] -- Up-to-date: /home/diego/ros2_ws/install/kalanchoe_interface/lib/python3.12/site-packages/kalanchoe_interface/kalanchoe_interface_s__rosidl_typesupport_introspection_c.so
[1.856s] -- Up-to-date: /home/diego/ros2_ws/install/kalanchoe_interface/lib/python3.12/site-packages/kalanchoe_interface/kalanchoe_interface_s__rosidl_typesupport_c.so
[1.858s] -- Up-to-date: /home/diego/ros2_ws/install/kalanchoe_interface/lib/libkalanchoe_interface__rosidl_generator_py.so
[1.860s] -- Up-to-date: /home/diego/ros2_ws/install/kalanchoe_interface/share/kalanchoe_interface/msg/Measure.idl
[1.860s] -- Up-to-date: /home/diego/ros2_ws/install/kalanchoe_interface/share/kalanchoe_interface/msg/Measure.msg
[1.860s] -- Up-to-date: /home/diego/ros2_ws/install/kalanchoe_interface/share/ament_index/resource_index/package_run_dependencies/kalanchoe_interface
[1.860s] -- Up-to-date: /home/diego/ros2_ws/install/kalanchoe_interface/share/ament_index/resource_index/parent_prefix_path/kalanchoe_interface
[1.860s] -- Up-to-date: /home/diego/ros2_ws/install/kalanchoe_interface/share/kalanchoe_interface/environment/ament_prefix_path.sh
[1.862s] -- Up-to-date: /home/diego/ros2_ws/install/kalanchoe_interface/share/kalanchoe_interface/environment/ament_prefix_path.dsv
[1.862s] -- Up-to-date: /home/diego/ros2_ws/install/kalanchoe_interface/share/kalanchoe_interface/environment/path.sh
[1.862s] -- Up-to-date: /home/diego/ros2_ws/install/kalanchoe_interface/share/kalanchoe_interface/environment/path.dsv
[1.863s] -- Up-to-date: /home/diego/ros2_ws/install/kalanchoe_interface/share/kalanchoe_interface/local_setup.bash
[1.867s] -- Up-to-date: /home/diego/ros2_ws/install/kalanchoe_interface/share/kalanchoe_interface/local_setup.sh
[1.867s] -- Up-to-date: /home/diego/ros2_ws/install/kalanchoe_interface/share/kalanchoe_interface/local_setup.zsh
[1.867s] -- Up-to-date: /home/diego/ros2_ws/install/kalanchoe_interface/share/kalanchoe_interface/local_setup.dsv
[1.868s] -- Installing: /home/diego/ros2_ws/install/kalanchoe_interface/share/kalanchoe_interface/package.dsv
[1.868s] -- Up-to-date: /home/diego/ros2_ws/install/kalanchoe_interface/share/ament_index/resource_index/packages/kalanchoe_interface
[1.868s] -- Up-to-date: /home/diego/ros2_ws/install/kalanchoe_interface/share/kalanchoe_interface/cmake/export_kalanchoe_interface__rosidl_generator_cExport.cmake
[1.868s] -- Up-to-date: /home/diego/ros2_ws/install/kalanchoe_interface/share/kalanchoe_interface/cmake/export_kalanchoe_interface__rosidl_generator_cExport-noconfig.cmake
[1.869s] -- Up-to-date: /home/diego/ros2_ws/install/kalanchoe_interface/share/kalanchoe_interface/cmake/export_kalanchoe_interface__rosidl_typesupport_fastrtps_cExport.cmake
[1.869s] -- Up-to-date: /home/diego/ros2_ws/install/kalanchoe_interface/share/kalanchoe_interface/cmake/export_kalanchoe_interface__rosidl_typesupport_fastrtps_cExport-noconfig.cmake
[1.869s] -- Up-to-date: /home/diego/ros2_ws/install/kalanchoe_interface/share/kalanchoe_interface/cmake/export_kalanchoe_interface__rosidl_generator_cppExport.cmake
[1.869s] -- Up-to-date: /home/diego/ros2_ws/install/kalanchoe_interface/share/kalanchoe_interface/cmake/export_kalanchoe_interface__rosidl_typesupport_fastrtps_cppExport.cmake
[1.869s] -- Up-to-date: /home/diego/ros2_ws/install/kalanchoe_interface/share/kalanchoe_interface/cmake/export_kalanchoe_interface__rosidl_typesupport_fastrtps_cppExport-noconfig.cmake
[1.870s] -- Up-to-date: /home/diego/ros2_ws/install/kalanchoe_interface/share/kalanchoe_interface/cmake/kalanchoe_interface__rosidl_typesupport_introspection_cExport.cmake
[1.870s] -- Up-to-date: /home/diego/ros2_ws/install/kalanchoe_interface/share/kalanchoe_interface/cmake/kalanchoe_interface__rosidl_typesupport_introspection_cExport-noconfig.cmake
[1.870s] -- Up-to-date: /home/diego/ros2_ws/install/kalanchoe_interface/share/kalanchoe_interface/cmake/kalanchoe_interface__rosidl_typesupport_cExport.cmake
[1.870s] -- Up-to-date: /home/diego/ros2_ws/install/kalanchoe_interface/share/kalanchoe_interface/cmake/kalanchoe_interface__rosidl_typesupport_cExport-noconfig.cmake
[1.871s] -- Up-to-date: /home/diego/ros2_ws/install/kalanchoe_interface/share/kalanchoe_interface/cmake/kalanchoe_interface__rosidl_typesupport_introspection_cppExport.cmake
[1.871s] -- Up-to-date: /home/diego/ros2_ws/install/kalanchoe_interface/share/kalanchoe_interface/cmake/kalanchoe_interface__rosidl_typesupport_introspection_cppExport-noconfig.cmake
[1.871s] -- Up-to-date: /home/diego/ros2_ws/install/kalanchoe_interface/share/kalanchoe_interface/cmake/kalanchoe_interface__rosidl_typesupport_cppExport.cmake
[1.871s] -- Up-to-date: /home/diego/ros2_ws/install/kalanchoe_interface/share/kalanchoe_interface/cmake/kalanchoe_interface__rosidl_typesupport_cppExport-noconfig.cmake
[1.871s] -- Up-to-date: /home/diego/ros2_ws/install/kalanchoe_interface/share/kalanchoe_interface/cmake/export_kalanchoe_interface__rosidl_generator_pyExport.cmake
[1.872s] -- Up-to-date: /home/diego/ros2_ws/install/kalanchoe_interface/share/kalanchoe_interface/cmake/export_kalanchoe_interface__rosidl_generator_pyExport-noconfig.cmake
[1.872s] -- Up-to-date: /home/diego/ros2_ws/install/kalanchoe_interface/share/kalanchoe_interface/cmake/rosidl_cmake-extras.cmake
[1.872s] -- Up-to-date: /home/diego/ros2_ws/install/kalanchoe_interface/share/kalanchoe_interface/cmake/ament_cmake_export_include_directories-extras.cmake
[1.872s] -- Up-to-date: /home/diego/ros2_ws/install/kalanchoe_interface/share/kalanchoe_interface/cmake/ament_cmake_export_libraries-extras.cmake
[1.873s] -- Up-to-date: /home/diego/ros2_ws/install/kalanchoe_interface/share/kalanchoe_interface/cmake/ament_cmake_export_targets-extras.cmake
[1.873s] -- Up-to-date: /home/diego/ros2_ws/install/kalanchoe_interface/share/kalanchoe_interface/cmake/rosidl_cmake_export_typesupport_targets-extras.cmake
[1.873s] -- Up-to-date: /home/diego/ros2_ws/install/kalanchoe_interface/share/kalanchoe_interface/cmake/ament_cmake_export_dependencies-extras.cmake
[1.873s] -- Up-to-date: /home/diego/ros2_ws/install/kalanchoe_interface/share/kalanchoe_interface/cmake/rosidl_cmake_export_typesupport_libraries-extras.cmake
[1.873s] -- Up-to-date: /home/diego/ros2_ws/install/kalanchoe_interface/share/kalanchoe_interface/cmake/kalanchoe_interfaceConfig.cmake
[1.874s] -- Up-to-date: /home/diego/ros2_ws/install/kalanchoe_interface/share/kalanchoe_interface/cmake/kalanchoe_interfaceConfig-version.cmake
[1.874s] -- Up-to-date: /home/diego/ros2_ws/install/kalanchoe_interface/share/kalanchoe_interface/package.xml
[1.960s] Invoked command in '/home/diego/ros2_ws/build/kalanchoe_interface' returned '0': CMAKE_PREFIX_PATH=${CMAKE_PREFIX_PATH}:/home/diego/ros2_ws/install/nodo_xolobot_driver:/home/diego/ros2_ws/install/nodo_lighting_station:/home/diego/ros2_ws/install/nodo_watering_station:/home/diego/ros2_ws/install/nodo_kalanchoe:/home/diego/ros2_ws/install/nodo_data_monitoring:/home/diego/ros2_ws/install/nodo_data_analysis:/opt/ros/jazzy DEBUGINFOD_URLS=https://debuginfod.ubuntu.com /home/diego/.local/bin/cmake --install /home/diego/ros2_ws/build/kalanchoe_interface
