[0.064s] Invoking command in '/home/diego/ros2_ws/build/kalanchoe_interface': CMAKE_PREFIX_PATH=${CMAKE_PREFIX_PATH}:/opt/ros/jazzy DEBUGINFOD_URLS=https://debuginfod.ubuntu.com /home/diego/.local/bin/cmake --build /home/diego/ros2_ws/build/kalanchoe_interface -- -j8 -l8
[1.478s] [  2%] Built target kalanchoe_interface__rosidl_generator_type_description
[1.479s] [  2%] Built target ament_cmake_python_copy_kalanchoe_interface
[1.479s] [  5%] Built target kalanchoe_interface__cpp
[1.480s] [ 20%] Built target kalanchoe_interface__rosidl_generator_c
[1.480s] [ 29%] Built target kalanchoe_interface__rosidl_typesupport_introspection_c
[1.480s] [ 38%] Built target kalanchoe_interface__rosidl_typesupport_fastrtps_cpp
[1.481s] [ 47%] Built target kalanchoe_interface__rosidl_typesupport_fastrtps_c
[1.481s] [ 55%] Built target kalanchoe_interface__rosidl_typesupport_cpp
[1.481s] [ 64%] Built target kalanchoe_interface__rosidl_typesupport_c
[1.482s] [ 73%] Built target kalanchoe_interface__rosidl_typesupport_introspection_cpp
[1.482s] [ 73%] Built target kalanchoe_interface
[1.482s] [ 76%] Built target kalanchoe_interface__py
[1.483s] [ 82%] Built target kalanchoe_interface__rosidl_generator_py
[1.483s] [ 88%] Built target kalanchoe_interface_s__rosidl_typesupport_fastrtps_c
[1.483s] [ 94%] Built target kalanchoe_interface_s__rosidl_typesupport_c
[1.484s] [100%] Built target kalanchoe_interface_s__rosidl_typesupport_introspection_c
[1.484s] running egg_info
[1.484s] writing kalanchoe_interface.egg-info/PKG-INFO
[1.485s] writing dependency_links to kalanchoe_interface.egg-info/dependency_links.txt
[1.485s] writing top-level names to kalanchoe_interface.egg-info/top_level.txt
[1.485s] reading manifest file 'kalanchoe_interface.egg-info/SOURCES.txt'
[1.486s] writing manifest file 'kalanchoe_interface.egg-info/SOURCES.txt'
[1.486s] [100%] Built target ament_cmake_python_build_kalanchoe_interface_egg
[1.505s] Invoked command in '/home/diego/ros2_ws/build/kalanchoe_interface' returned '0': CMAKE_PREFIX_PATH=${CMAKE_PREFIX_PATH}:/opt/ros/jazzy DEBUGINFOD_URLS=https://debuginfod.ubuntu.com /home/diego/.local/bin/cmake --build /home/diego/ros2_ws/build/kalanchoe_interface -- -j8 -l8
[1.508s] Invoking command in '/home/diego/ros2_ws/build/kalanchoe_interface': CMAKE_PREFIX_PATH=${CMAKE_PREFIX_PATH}:/opt/ros/jazzy DEBUGINFOD_URLS=https://debuginfod.ubuntu.com /home/diego/.local/bin/cmake --install /home/diego/ros2_ws/build/kalanchoe_interface
[1.534s] -- Install configuration: ""
[1.534s] -- Installing: /home/diego/ros2_ws/install/kalanchoe_interface/share/ament_index/resource_index/rosidl_interfaces/kalanchoe_interface
[1.535s] -- Installing: /home/diego/ros2_ws/install/kalanchoe_interface/share/kalanchoe_interface/msg/Measure.json
[1.536s] -- Installing: /home/diego/ros2_ws/install/kalanchoe_interface/include/kalanchoe_interface/kalanchoe_interface
[1.536s] -- Installing: /home/diego/ros2_ws/install/kalanchoe_interface/include/kalanchoe_interface/kalanchoe_interface/msg
[1.537s] -- Installing: /home/diego/ros2_ws/install/kalanchoe_interface/include/kalanchoe_interface/kalanchoe_interface/msg/detail
[1.537s] -- Installing: /home/diego/ros2_ws/install/kalanchoe_interface/include/kalanchoe_interface/kalanchoe_interface/msg/detail/measure__type_support.c
[1.537s] -- Installing: /home/diego/ros2_ws/install/kalanchoe_interface/include/kalanchoe_interface/kalanchoe_interface/msg/detail/measure__struct.h
[1.537s] -- Installing: /home/diego/ros2_ws/install/kalanchoe_interface/include/kalanchoe_interface/kalanchoe_interface/msg/detail/measure__functions.c
[1.537s] -- Installing: /home/diego/ros2_ws/install/kalanchoe_interface/include/kalanchoe_interface/kalanchoe_interface/msg/detail/measure__type_support.h
[1.537s] -- Installing: /home/diego/ros2_ws/install/kalanchoe_interface/include/kalanchoe_interface/kalanchoe_interface/msg/detail/measure__functions.h
[1.537s] -- Installing: /home/diego/ros2_ws/install/kalanchoe_interface/include/kalanchoe_interface/kalanchoe_interface/msg/detail/measure__description.c
[1.538s] -- Installing: /home/diego/ros2_ws/install/kalanchoe_interface/include/kalanchoe_interface/kalanchoe_interface/msg/measure.h
[1.538s] -- Installing: /home/diego/ros2_ws/install/kalanchoe_interface/include/kalanchoe_interface/kalanchoe_interface/msg/rosidl_generator_c__visibility_control.h
[1.539s] -- Installing: /home/diego/ros2_ws/install/kalanchoe_interface/share/kalanchoe_interface/environment/library_path.sh
[1.540s] -- Installing: /home/diego/ros2_ws/install/kalanchoe_interface/share/kalanchoe_interface/environment/library_path.dsv
[1.544s] -- Installing: /home/diego/ros2_ws/install/kalanchoe_interface/lib/libkalanchoe_interface__rosidl_generator_c.so
[1.545s] -- Set non-toolchain portion of runtime path of "/home/diego/ros2_ws/install/kalanchoe_interface/lib/libkalanchoe_interface__rosidl_generator_c.so" to ""
[1.545s] -- Up-to-date: /home/diego/ros2_ws/install/kalanchoe_interface/include/kalanchoe_interface/kalanchoe_interface
[1.545s] -- Up-to-date: /home/diego/ros2_ws/install/kalanchoe_interface/include/kalanchoe_interface/kalanchoe_interface/msg
[1.545s] -- Up-to-date: /home/diego/ros2_ws/install/kalanchoe_interface/include/kalanchoe_interface/kalanchoe_interface/msg/detail
[1.545s] -- Installing: /home/diego/ros2_ws/install/kalanchoe_interface/include/kalanchoe_interface/kalanchoe_interface/msg/detail/measure__rosidl_typesupport_fastrtps_c.h
[1.546s] -- Installing: /home/diego/ros2_ws/install/kalanchoe_interface/include/kalanchoe_interface/kalanchoe_interface/msg/rosidl_typesupport_fastrtps_c__visibility_control.h
[1.547s] -- Installing: /home/diego/ros2_ws/install/kalanchoe_interface/lib/libkalanchoe_interface__rosidl_typesupport_fastrtps_c.so
[1.548s] -- Set non-toolchain portion of runtime path of "/home/diego/ros2_ws/install/kalanchoe_interface/lib/libkalanchoe_interface__rosidl_typesupport_fastrtps_c.so" to ""
[1.548s] -- Up-to-date: /home/diego/ros2_ws/install/kalanchoe_interface/include/kalanchoe_interface/kalanchoe_interface
[1.549s] -- Up-to-date: /home/diego/ros2_ws/install/kalanchoe_interface/include/kalanchoe_interface/kalanchoe_interface/msg
[1.551s] -- Installing: /home/diego/ros2_ws/install/kalanchoe_interface/include/kalanchoe_interface/kalanchoe_interface/msg/measure.hpp
[1.552s] -- Up-to-date: /home/diego/ros2_ws/install/kalanchoe_interface/include/kalanchoe_interface/kalanchoe_interface/msg/detail
[1.554s] -- Installing: /home/diego/ros2_ws/install/kalanchoe_interface/include/kalanchoe_interface/kalanchoe_interface/msg/detail/measure__traits.hpp
[1.554s] -- Installing: /home/diego/ros2_ws/install/kalanchoe_interface/include/kalanchoe_interface/kalanchoe_interface/msg/detail/measure__builder.hpp
[1.554s] -- Installing: /home/diego/ros2_ws/install/kalanchoe_interface/include/kalanchoe_interface/kalanchoe_interface/msg/detail/measure__struct.hpp
[1.554s] -- Installing: /home/diego/ros2_ws/install/kalanchoe_interface/include/kalanchoe_interface/kalanchoe_interface/msg/detail/measure__type_support.hpp
[1.555s] -- Installing: /home/diego/ros2_ws/install/kalanchoe_interface/include/kalanchoe_interface/kalanchoe_interface/msg/rosidl_generator_cpp__visibility_control.hpp
[1.555s] -- Up-to-date: /home/diego/ros2_ws/install/kalanchoe_interface/include/kalanchoe_interface/kalanchoe_interface
[1.556s] -- Up-to-date: /home/diego/ros2_ws/install/kalanchoe_interface/include/kalanchoe_interface/kalanchoe_interface/msg
[1.556s] -- Installing: /home/diego/ros2_ws/install/kalanchoe_interface/include/kalanchoe_interface/kalanchoe_interface/msg/rosidl_typesupport_fastrtps_cpp__visibility_control.h
[1.556s] -- Up-to-date: /home/diego/ros2_ws/install/kalanchoe_interface/include/kalanchoe_interface/kalanchoe_interface/msg/detail
[1.556s] -- Installing: /home/diego/ros2_ws/install/kalanchoe_interface/include/kalanchoe_interface/kalanchoe_interface/msg/detail/measure__rosidl_typesupport_fastrtps_cpp.hpp
[1.557s] -- Installing: /home/diego/ros2_ws/install/kalanchoe_interface/include/kalanchoe_interface/kalanchoe_interface/msg/detail/dds_fastrtps
[1.560s] -- Installing: /home/diego/ros2_ws/install/kalanchoe_interface/lib/libkalanchoe_interface__rosidl_typesupport_fastrtps_cpp.so
[1.561s] -- Set non-toolchain portion of runtime path of "/home/diego/ros2_ws/install/kalanchoe_interface/lib/libkalanchoe_interface__rosidl_typesupport_fastrtps_cpp.so" to ""
[1.562s] -- Up-to-date: /home/diego/ros2_ws/install/kalanchoe_interface/include/kalanchoe_interface/kalanchoe_interface
[1.562s] -- Up-to-date: /home/diego/ros2_ws/install/kalanchoe_interface/include/kalanchoe_interface/kalanchoe_interface/msg
[1.562s] -- Up-to-date: /home/diego/ros2_ws/install/kalanchoe_interface/include/kalanchoe_interface/kalanchoe_interface/msg/detail
[1.564s] -- Installing: /home/diego/ros2_ws/install/kalanchoe_interface/include/kalanchoe_interface/kalanchoe_interface/msg/detail/measure__type_support.c
[1.565s] -- Installing: /home/diego/ros2_ws/install/kalanchoe_interface/include/kalanchoe_interface/kalanchoe_interface/msg/detail/measure__rosidl_typesupport_introspection_c.h
[1.565s] -- Installing: /home/diego/ros2_ws/install/kalanchoe_interface/include/kalanchoe_interface/kalanchoe_interface/msg/rosidl_typesupport_introspection_c__visibility_control.h
[1.566s] -- Installing: /home/diego/ros2_ws/install/kalanchoe_interface/lib/libkalanchoe_interface__rosidl_typesupport_introspection_c.so
[1.569s] -- Set non-toolchain portion of runtime path of "/home/diego/ros2_ws/install/kalanchoe_interface/lib/libkalanchoe_interface__rosidl_typesupport_introspection_c.so" to ""
[1.571s] -- Installing: /home/diego/ros2_ws/install/kalanchoe_interface/lib/libkalanchoe_interface__rosidl_typesupport_c.so
[1.571s] -- Set non-toolchain portion of runtime path of "/home/diego/ros2_ws/install/kalanchoe_interface/lib/libkalanchoe_interface__rosidl_typesupport_c.so" to ""
[1.572s] -- Up-to-date: /home/diego/ros2_ws/install/kalanchoe_interface/include/kalanchoe_interface/kalanchoe_interface
[1.573s] -- Up-to-date: /home/diego/ros2_ws/install/kalanchoe_interface/include/kalanchoe_interface/kalanchoe_interface/msg
[1.574s] -- Up-to-date: /home/diego/ros2_ws/install/kalanchoe_interface/include/kalanchoe_interface/kalanchoe_interface/msg/detail
[1.574s] -- Installing: /home/diego/ros2_ws/install/kalanchoe_interface/include/kalanchoe_interface/kalanchoe_interface/msg/detail/measure__type_support.cpp
[1.574s] -- Installing: /home/diego/ros2_ws/install/kalanchoe_interface/include/kalanchoe_interface/kalanchoe_interface/msg/detail/measure__rosidl_typesupport_introspection_cpp.hpp
[1.576s] -- Installing: /home/diego/ros2_ws/install/kalanchoe_interface/lib/libkalanchoe_interface__rosidl_typesupport_introspection_cpp.so
[1.580s] -- Set non-toolchain portion of runtime path of "/home/diego/ros2_ws/install/kalanchoe_interface/lib/libkalanchoe_interface__rosidl_typesupport_introspection_cpp.so" to ""
[1.581s] -- Installing: /home/diego/ros2_ws/install/kalanchoe_interface/lib/libkalanchoe_interface__rosidl_typesupport_cpp.so
[1.581s] -- Set non-toolchain portion of runtime path of "/home/diego/ros2_ws/install/kalanchoe_interface/lib/libkalanchoe_interface__rosidl_typesupport_cpp.so" to ""
[1.581s] -- Installing: /home/diego/ros2_ws/install/kalanchoe_interface/share/kalanchoe_interface/environment/pythonpath.sh
[1.582s] -- Installing: /home/diego/ros2_ws/install/kalanchoe_interface/share/kalanchoe_interface/environment/pythonpath.dsv
[1.582s] -- Installing: /home/diego/ros2_ws/install/kalanchoe_interface/lib/python3.12/site-packages/kalanchoe_interface-0.0.0-py3.12.egg-info
[1.582s] -- Installing: /home/diego/ros2_ws/install/kalanchoe_interface/lib/python3.12/site-packages/kalanchoe_interface-0.0.0-py3.12.egg-info/SOURCES.txt
[1.582s] -- Installing: /home/diego/ros2_ws/install/kalanchoe_interface/lib/python3.12/site-packages/kalanchoe_interface-0.0.0-py3.12.egg-info/dependency_links.txt
[1.582s] -- Installing: /home/diego/ros2_ws/install/kalanchoe_interface/lib/python3.12/site-packages/kalanchoe_interface-0.0.0-py3.12.egg-info/PKG-INFO
[1.583s] -- Installing: /home/diego/ros2_ws/install/kalanchoe_interface/lib/python3.12/site-packages/kalanchoe_interface-0.0.0-py3.12.egg-info/top_level.txt
[1.583s] -- Installing: /home/diego/ros2_ws/install/kalanchoe_interface/lib/python3.12/site-packages/kalanchoe_interface
[1.583s] -- Installing: /home/diego/ros2_ws/install/kalanchoe_interface/lib/python3.12/site-packages/kalanchoe_interface/__init__.py
[1.583s] -- Installing: /home/diego/ros2_ws/install/kalanchoe_interface/lib/python3.12/site-packages/kalanchoe_interface/kalanchoe_interface_s__rosidl_typesupport_fastrtps_c.so
[1.583s] -- Installing: /home/diego/ros2_ws/install/kalanchoe_interface/lib/python3.12/site-packages/kalanchoe_interface/kalanchoe_interface_s__rosidl_typesupport_introspection_c.so
[1.584s] -- Installing: /home/diego/ros2_ws/install/kalanchoe_interface/lib/python3.12/site-packages/kalanchoe_interface/_kalanchoe_interface_s.ep.rosidl_typesupport_fastrtps_c.c
[1.584s] -- Installing: /home/diego/ros2_ws/install/kalanchoe_interface/lib/python3.12/site-packages/kalanchoe_interface/msg
[1.584s] -- Installing: /home/diego/ros2_ws/install/kalanchoe_interface/lib/python3.12/site-packages/kalanchoe_interface/msg/__init__.py
[1.584s] -- Installing: /home/diego/ros2_ws/install/kalanchoe_interface/lib/python3.12/site-packages/kalanchoe_interface/msg/_measure.py
[1.585s] -- Installing: /home/diego/ros2_ws/install/kalanchoe_interface/lib/python3.12/site-packages/kalanchoe_interface/msg/_measure_s.c
[1.585s] -- Installing: /home/diego/ros2_ws/install/kalanchoe_interface/lib/python3.12/site-packages/kalanchoe_interface/_kalanchoe_interface_s.ep.rosidl_typesupport_c.c
[1.585s] -- Installing: /home/diego/ros2_ws/install/kalanchoe_interface/lib/python3.12/site-packages/kalanchoe_interface/kalanchoe_interface_s__rosidl_typesupport_c.so
[1.585s] -- Installing: /home/diego/ros2_ws/install/kalanchoe_interface/lib/python3.12/site-packages/kalanchoe_interface/_kalanchoe_interface_s.ep.rosidl_typesupport_introspection_c.c
[1.635s] Listing '/home/diego/ros2_ws/install/kalanchoe_interface/lib/python3.12/site-packages/kalanchoe_interface'...
[1.635s] Compiling '/home/diego/ros2_ws/install/kalanchoe_interface/lib/python3.12/site-packages/kalanchoe_interface/__init__.py'...
[1.635s] Listing '/home/diego/ros2_ws/install/kalanchoe_interface/lib/python3.12/site-packages/kalanchoe_interface/msg'...
[1.635s] Compiling '/home/diego/ros2_ws/install/kalanchoe_interface/lib/python3.12/site-packages/kalanchoe_interface/msg/__init__.py'...
[1.636s] Compiling '/home/diego/ros2_ws/install/kalanchoe_interface/lib/python3.12/site-packages/kalanchoe_interface/msg/_measure.py'...
[1.651s] -- Installing: /home/diego/ros2_ws/install/kalanchoe_interface/lib/python3.12/site-packages/kalanchoe_interface/kalanchoe_interface_s__rosidl_typesupport_fastrtps_c.so
[1.652s] -- Set non-toolchain portion of runtime path of "/home/diego/ros2_ws/install/kalanchoe_interface/lib/python3.12/site-packages/kalanchoe_interface/kalanchoe_interface_s__rosidl_typesupport_fastrtps_c.so" to ""
[1.653s] -- Installing: /home/diego/ros2_ws/install/kalanchoe_interface/lib/python3.12/site-packages/kalanchoe_interface/kalanchoe_interface_s__rosidl_typesupport_introspection_c.so
[1.653s] -- Set non-toolchain portion of runtime path of "/home/diego/ros2_ws/install/kalanchoe_interface/lib/python3.12/site-packages/kalanchoe_interface/kalanchoe_interface_s__rosidl_typesupport_introspection_c.so" to ""
[1.654s] -- Installing: /home/diego/ros2_ws/install/kalanchoe_interface/lib/python3.12/site-packages/kalanchoe_interface/kalanchoe_interface_s__rosidl_typesupport_c.so
[1.654s] -- Set non-toolchain portion of runtime path of "/home/diego/ros2_ws/install/kalanchoe_interface/lib/python3.12/site-packages/kalanchoe_interface/kalanchoe_interface_s__rosidl_typesupport_c.so" to ""
[1.655s] -- Installing: /home/diego/ros2_ws/install/kalanchoe_interface/lib/libkalanchoe_interface__rosidl_generator_py.so
[1.655s] -- Set non-toolchain portion of runtime path of "/home/diego/ros2_ws/install/kalanchoe_interface/lib/libkalanchoe_interface__rosidl_generator_py.so" to ""
[1.656s] -- Installing: /home/diego/ros2_ws/install/kalanchoe_interface/share/kalanchoe_interface/msg/Measure.idl
[1.656s] -- Installing: /home/diego/ros2_ws/install/kalanchoe_interface/share/kalanchoe_interface/msg/Measure.msg
[1.656s] -- Installing: /home/diego/ros2_ws/install/kalanchoe_interface/share/ament_index/resource_index/package_run_dependencies/kalanchoe_interface
[1.657s] -- Installing: /home/diego/ros2_ws/install/kalanchoe_interface/share/ament_index/resource_index/parent_prefix_path/kalanchoe_interface
[1.657s] -- Installing: /home/diego/ros2_ws/install/kalanchoe_interface/share/kalanchoe_interface/environment/ament_prefix_path.sh
[1.657s] -- Installing: /home/diego/ros2_ws/install/kalanchoe_interface/share/kalanchoe_interface/environment/ament_prefix_path.dsv
[1.658s] -- Installing: /home/diego/ros2_ws/install/kalanchoe_interface/share/kalanchoe_interface/environment/path.sh
[1.658s] -- Installing: /home/diego/ros2_ws/install/kalanchoe_interface/share/kalanchoe_interface/environment/path.dsv
[1.658s] -- Installing: /home/diego/ros2_ws/install/kalanchoe_interface/share/kalanchoe_interface/local_setup.bash
[1.659s] -- Installing: /home/diego/ros2_ws/install/kalanchoe_interface/share/kalanchoe_interface/local_setup.sh
[1.659s] -- Installing: /home/diego/ros2_ws/install/kalanchoe_interface/share/kalanchoe_interface/local_setup.zsh
[1.659s] -- Installing: /home/diego/ros2_ws/install/kalanchoe_interface/share/kalanchoe_interface/local_setup.dsv
[1.659s] -- Installing: /home/diego/ros2_ws/install/kalanchoe_interface/share/kalanchoe_interface/package.dsv
[1.660s] -- Installing: /home/diego/ros2_ws/install/kalanchoe_interface/share/ament_index/resource_index/packages/kalanchoe_interface
[1.660s] -- Installing: /home/diego/ros2_ws/install/kalanchoe_interface/share/kalanchoe_interface/cmake/export_kalanchoe_interface__rosidl_generator_cExport.cmake
[1.661s] -- Installing: /home/diego/ros2_ws/install/kalanchoe_interface/share/kalanchoe_interface/cmake/export_kalanchoe_interface__rosidl_generator_cExport-noconfig.cmake
[1.661s] -- Installing: /home/diego/ros2_ws/install/kalanchoe_interface/share/kalanchoe_interface/cmake/export_kalanchoe_interface__rosidl_typesupport_fastrtps_cExport.cmake
[1.661s] -- Installing: /home/diego/ros2_ws/install/kalanchoe_interface/share/kalanchoe_interface/cmake/export_kalanchoe_interface__rosidl_typesupport_fastrtps_cExport-noconfig.cmake
[1.662s] -- Installing: /home/diego/ros2_ws/install/kalanchoe_interface/share/kalanchoe_interface/cmake/export_kalanchoe_interface__rosidl_generator_cppExport.cmake
[1.663s] -- Installing: /home/diego/ros2_ws/install/kalanchoe_interface/share/kalanchoe_interface/cmake/export_kalanchoe_interface__rosidl_typesupport_fastrtps_cppExport.cmake
[1.663s] -- Installing: /home/diego/ros2_ws/install/kalanchoe_interface/share/kalanchoe_interface/cmake/export_kalanchoe_interface__rosidl_typesupport_fastrtps_cppExport-noconfig.cmake
[1.663s] -- Installing: /home/diego/ros2_ws/install/kalanchoe_interface/share/kalanchoe_interface/cmake/kalanchoe_interface__rosidl_typesupport_introspection_cExport.cmake
[1.664s] -- Installing: /home/diego/ros2_ws/install/kalanchoe_interface/share/kalanchoe_interface/cmake/kalanchoe_interface__rosidl_typesupport_introspection_cExport-noconfig.cmake
[1.664s] -- Installing: /home/diego/ros2_ws/install/kalanchoe_interface/share/kalanchoe_interface/cmake/kalanchoe_interface__rosidl_typesupport_cExport.cmake
[1.664s] -- Installing: /home/diego/ros2_ws/install/kalanchoe_interface/share/kalanchoe_interface/cmake/kalanchoe_interface__rosidl_typesupport_cExport-noconfig.cmake
[1.664s] -- Installing: /home/diego/ros2_ws/install/kalanchoe_interface/share/kalanchoe_interface/cmake/kalanchoe_interface__rosidl_typesupport_introspection_cppExport.cmake
[1.665s] -- Installing: /home/diego/ros2_ws/install/kalanchoe_interface/share/kalanchoe_interface/cmake/kalanchoe_interface__rosidl_typesupport_introspection_cppExport-noconfig.cmake
[1.665s] -- Installing: /home/diego/ros2_ws/install/kalanchoe_interface/share/kalanchoe_interface/cmake/kalanchoe_interface__rosidl_typesupport_cppExport.cmake
[1.665s] -- Installing: /home/diego/ros2_ws/install/kalanchoe_interface/share/kalanchoe_interface/cmake/kalanchoe_interface__rosidl_typesupport_cppExport-noconfig.cmake
[1.666s] -- Installing: /home/diego/ros2_ws/install/kalanchoe_interface/share/kalanchoe_interface/cmake/export_kalanchoe_interface__rosidl_generator_pyExport.cmake
[1.666s] -- Installing: /home/diego/ros2_ws/install/kalanchoe_interface/share/kalanchoe_interface/cmake/export_kalanchoe_interface__rosidl_generator_pyExport-noconfig.cmake
[1.667s] -- Installing: /home/diego/ros2_ws/install/kalanchoe_interface/share/kalanchoe_interface/cmake/rosidl_cmake-extras.cmake
[1.667s] -- Installing: /home/diego/ros2_ws/install/kalanchoe_interface/share/kalanchoe_interface/cmake/ament_cmake_export_include_directories-extras.cmake
[1.668s] -- Installing: /home/diego/ros2_ws/install/kalanchoe_interface/share/kalanchoe_interface/cmake/ament_cmake_export_libraries-extras.cmake
[1.668s] -- Installing: /home/diego/ros2_ws/install/kalanchoe_interface/share/kalanchoe_interface/cmake/ament_cmake_export_targets-extras.cmake
[1.668s] -- Installing: /home/diego/ros2_ws/install/kalanchoe_interface/share/kalanchoe_interface/cmake/rosidl_cmake_export_typesupport_targets-extras.cmake
[1.669s] -- Installing: /home/diego/ros2_ws/install/kalanchoe_interface/share/kalanchoe_interface/cmake/ament_cmake_export_dependencies-extras.cmake
[1.669s] -- Installing: /home/diego/ros2_ws/install/kalanchoe_interface/share/kalanchoe_interface/cmake/rosidl_cmake_export_typesupport_libraries-extras.cmake
[1.670s] -- Installing: /home/diego/ros2_ws/install/kalanchoe_interface/share/kalanchoe_interface/cmake/kalanchoe_interfaceConfig.cmake
[1.670s] -- Installing: /home/diego/ros2_ws/install/kalanchoe_interface/share/kalanchoe_interface/cmake/kalanchoe_interfaceConfig-version.cmake
[1.670s] -- Installing: /home/diego/ros2_ws/install/kalanchoe_interface/share/kalanchoe_interface/package.xml
