[3.897s] Invoking command in '/home/diego/ros2_ws/src/tengo_mas_sed/nodo_kalanchoe': DEBUGINFOD_URLS=https://debuginfod.ubuntu.com PYTHONPATH=/home/diego/ros2_ws/build/nodo_kalanchoe/prefix_override:/usr/lib/python3/dist-packages/colcon_core/task/python/colcon_distutils_commands:/home/diego/ros2_ws/install/nodo_kalanchoe/lib/python3.12/site-packages:${PYTHONPATH} /usr/bin/python3 -W ignore:setup.py install is deprecated -W ignore:easy_install command is deprecated setup.py egg_info --egg-base ../../../build/nodo_kalanchoe build --build-base /home/diego/ros2_ws/build/nodo_kalanchoe/build install --record /home/diego/ros2_ws/build/nodo_kalanchoe/install.log --single-version-externally-managed install_data
[5.001s] running egg_info
[5.127s] writing ../../../build/nodo_kalanchoe/nodo_kalanchoe.egg-info/PKG-INFO
[5.127s] writing dependency_links to ../../../build/nodo_kalanchoe/nodo_kalanchoe.egg-info/dependency_links.txt
[5.132s] writing entry points to ../../../build/nodo_kalanchoe/nodo_kalanchoe.egg-info/entry_points.txt
[5.133s] writing requirements to ../../../build/nodo_kalanchoe/nodo_kalanchoe.egg-info/requires.txt
[5.134s] writing top-level names to ../../../build/nodo_kalanchoe/nodo_kalanchoe.egg-info/top_level.txt
[5.305s] reading manifest file '../../../build/nodo_kalanchoe/nodo_kalanchoe.egg-info/SOURCES.txt'
[5.307s] adding license file 'LICENSE'
[5.309s] writing manifest file '../../../build/nodo_kalanchoe/nodo_kalanchoe.egg-info/SOURCES.txt'
[5.310s] running build
[5.310s] running build_py
[5.314s] running install
[5.344s] running install_lib
[5.422s] running install_data
[5.427s] running install_egg_info
[5.510s] removing '/home/diego/ros2_ws/install/nodo_kalanchoe/lib/python3.12/site-packages/nodo_kalanchoe-0.0.0-py3.12.egg-info' (and everything under it)
[5.510s] Copying ../../../build/nodo_kalanchoe/nodo_kalanchoe.egg-info to /home/diego/ros2_ws/install/nodo_kalanchoe/lib/python3.12/site-packages/nodo_kalanchoe-0.0.0-py3.12.egg-info
[5.512s] running install_scripts
[6.022s] Installing start_kalanchoe script to /home/diego/ros2_ws/install/nodo_kalanchoe/lib/nodo_kalanchoe
[6.023s] writing list of installed files to '/home/diego/ros2_ws/build/nodo_kalanchoe/install.log'
[6.242s] Invoked command in '/home/diego/ros2_ws/src/tengo_mas_sed/nodo_kalanchoe' returned '0': DEBUGINFOD_URLS=https://debuginfod.ubuntu.com PYTHONPATH=/home/diego/ros2_ws/build/nodo_kalanchoe/prefix_override:/usr/lib/python3/dist-packages/colcon_core/task/python/colcon_distutils_commands:/home/diego/ros2_ws/install/nodo_kalanchoe/lib/python3.12/site-packages:${PYTHONPATH} /usr/bin/python3 -W ignore:setup.py install is deprecated -W ignore:easy_install command is deprecated setup.py egg_info --egg-base ../../../build/nodo_kalanchoe build --build-base /home/diego/ros2_ws/build/nodo_kalanchoe/build install --record /home/diego/ros2_ws/build/nodo_kalanchoe/install.log --single-version-externally-managed install_data
