running egg_info
creating ../../../build/nodo_xolobot_driver/nodo_xolobot_driver.egg-info
writing ../../../build/nodo_xolobot_driver/nodo_xolobot_driver.egg-info/PKG-INFO
writing dependency_links to ../../../build/nodo_xolobot_driver/nodo_xolobot_driver.egg-info/dependency_links.txt
writing entry points to ../../../build/nodo_xolobot_driver/nodo_xolobot_driver.egg-info/entry_points.txt
writing requirements to ../../../build/nodo_xolobot_driver/nodo_xolobot_driver.egg-info/requires.txt
writing top-level names to ../../../build/nodo_xolobot_driver/nodo_xolobot_driver.egg-info/top_level.txt
writing manifest file '../../../build/nodo_xolobot_driver/nodo_xolobot_driver.egg-info/SOURCES.txt'
reading manifest file '../../../build/nodo_xolobot_driver/nodo_xolobot_driver.egg-info/SOURCES.txt'
adding license file 'LICENSE'
writing manifest file '../../../build/nodo_xolobot_driver/nodo_xolobot_driver.egg-info/SOURCES.txt'
running build
running build_py
creating /home/diego/ros2_ws/build/nodo_xolobot_driver/build
creating /home/diego/ros2_ws/build/nodo_xolobot_driver/build/lib
creating /home/diego/ros2_ws/build/nodo_xolobot_driver/build/lib/nodo_xolobot_driver
copying nodo_xolobot_driver/__init__.py -> /home/diego/ros2_ws/build/nodo_xolobot_driver/build/lib/nodo_xolobot_driver
copying nodo_xolobot_driver/XolobotDriver.py -> /home/diego/ros2_ws/build/nodo_xolobot_driver/build/lib/nodo_xolobot_driver
running install
running install_lib
creating /home/diego/ros2_ws/install/nodo_xolobot_driver/lib/python3.12/site-packages/nodo_xolobot_driver
copying /home/diego/ros2_ws/build/nodo_xolobot_driver/build/lib/nodo_xolobot_driver/__init__.py -> /home/diego/ros2_ws/install/nodo_xolobot_driver/lib/python3.12/site-packages/nodo_xolobot_driver
copying /home/diego/ros2_ws/build/nodo_xolobot_driver/build/lib/nodo_xolobot_driver/XolobotDriver.py -> /home/diego/ros2_ws/install/nodo_xolobot_driver/lib/python3.12/site-packages/nodo_xolobot_driver
byte-compiling /home/diego/ros2_ws/install/nodo_xolobot_driver/lib/python3.12/site-packages/nodo_xolobot_driver/__init__.py to __init__.cpython-312.pyc
byte-compiling /home/diego/ros2_ws/install/nodo_xolobot_driver/lib/python3.12/site-packages/nodo_xolobot_driver/XolobotDriver.py to XolobotDriver.cpython-312.pyc
running install_data
creating /home/diego/ros2_ws/install/nodo_xolobot_driver/share/ament_index
creating /home/diego/ros2_ws/install/nodo_xolobot_driver/share/ament_index/resource_index
creating /home/diego/ros2_ws/install/nodo_xolobot_driver/share/ament_index/resource_index/packages
copying resource/nodo_xolobot_driver -> /home/diego/ros2_ws/install/nodo_xolobot_driver/share/ament_index/resource_index/packages
copying package.xml -> /home/diego/ros2_ws/install/nodo_xolobot_driver/share/nodo_xolobot_driver
running install_egg_info
Copying ../../../build/nodo_xolobot_driver/nodo_xolobot_driver.egg-info to /home/diego/ros2_ws/install/nodo_xolobot_driver/lib/python3.12/site-packages/nodo_xolobot_driver-0.0.0-py3.12.egg-info
running install_scripts
Installing start_xolo_driver script to /home/diego/ros2_ws/install/nodo_xolobot_driver/lib/nodo_xolobot_driver
writing list of installed files to '/home/diego/ros2_ws/build/nodo_xolobot_driver/install.log'
