[0.085s] Invoking command in '/home/diego/ros2_ws/build/station_interface': CMAKE_PREFIX_PATH=${CMAKE_PREFIX_PATH}:/home/diego/ros2_ws/install/nodo_xolobot_driver:/home/diego/ros2_ws/install/nodo_lighting_station:/home/diego/ros2_ws/install/nodo_watering_station:/home/diego/ros2_ws/install/nodo_kalanchoe:/home/diego/ros2_ws/install/nodo_data_monitoring:/home/diego/ros2_ws/install/nodo_data_analysis:/opt/ros/jazzy DEBUGINFOD_URLS=https://debuginfod.ubuntu.com /home/diego/.local/bin/cmake --build /home/diego/ros2_ws/build/station_interface -- -j8 -l8
[1.572s] [  2%] Built target station_interface__rosidl_generator_type_description
[1.572s] [  2%] Built target ament_cmake_python_copy_station_interface
[1.573s] [  5%] Built target station_interface__cpp
[1.573s] [ 20%] Built target station_interface__rosidl_generator_c
[1.573s] [ 29%] Built target station_interface__rosidl_typesupport_introspection_c
[1.573s] [ 38%] Built target station_interface__rosidl_typesupport_c
[1.573s] [ 47%] Built target station_interface__rosidl_typesupport_fastrtps_c
[1.573s] [ 55%] Built target station_interface__rosidl_typesupport_cpp
[1.574s] [ 64%] Built target station_interface__rosidl_typesupport_introspection_cpp
[1.574s] [ 73%] Built target station_interface__rosidl_typesupport_fastrtps_cpp
[1.574s] [ 73%] Built target station_interface
[1.574s] [ 76%] Built target station_interface__py
[1.574s] [ 82%] Built target station_interface__rosidl_generator_py
[1.575s] [ 88%] Built target station_interface_s__rosidl_typesupport_fastrtps_c
[1.576s] [ 94%] Built target station_interface_s__rosidl_typesupport_introspection_c
[1.576s] [100%] Built target station_interface_s__rosidl_typesupport_c
[1.576s] running egg_info
[1.576s] writing station_interface.egg-info/PKG-INFO
[1.576s] writing dependency_links to station_interface.egg-info/dependency_links.txt
[1.576s] writing top-level names to station_interface.egg-info/top_level.txt
[1.576s] reading manifest file 'station_interface.egg-info/SOURCES.txt'
[1.577s] writing manifest file 'station_interface.egg-info/SOURCES.txt'
[1.577s] [100%] Built target ament_cmake_python_build_station_interface_egg
[1.592s] Invoked command in '/home/diego/ros2_ws/build/station_interface' returned '0': CMAKE_PREFIX_PATH=${CMAKE_PREFIX_PATH}:/home/diego/ros2_ws/install/nodo_xolobot_driver:/home/diego/ros2_ws/install/nodo_lighting_station:/home/diego/ros2_ws/install/nodo_watering_station:/home/diego/ros2_ws/install/nodo_kalanchoe:/home/diego/ros2_ws/install/nodo_data_monitoring:/home/diego/ros2_ws/install/nodo_data_analysis:/opt/ros/jazzy DEBUGINFOD_URLS=https://debuginfod.ubuntu.com /home/diego/.local/bin/cmake --build /home/diego/ros2_ws/build/station_interface -- -j8 -l8
[1.595s] Invoking command in '/home/diego/ros2_ws/build/station_interface': CMAKE_PREFIX_PATH=${CMAKE_PREFIX_PATH}:/home/diego/ros2_ws/install/nodo_xolobot_driver:/home/diego/ros2_ws/install/nodo_lighting_station:/home/diego/ros2_ws/install/nodo_watering_station:/home/diego/ros2_ws/install/nodo_kalanchoe:/home/diego/ros2_ws/install/nodo_data_monitoring:/home/diego/ros2_ws/install/nodo_data_analysis:/opt/ros/jazzy DEBUGINFOD_URLS=https://debuginfod.ubuntu.com /home/diego/.local/bin/cmake --install /home/diego/ros2_ws/build/station_interface
[1.623s] -- Install configuration: ""
[1.624s] -- Up-to-date: /home/diego/ros2_ws/install/station_interface/share/ament_index/resource_index/rosidl_interfaces/station_interface
[1.624s] -- Up-to-date: /home/diego/ros2_ws/install/station_interface/share/station_interface/srv/Reload.json
[1.624s] -- Up-to-date: /home/diego/ros2_ws/install/station_interface/include/station_interface/station_interface
[1.624s] -- Up-to-date: /home/diego/ros2_ws/install/station_interface/include/station_interface/station_interface/srv
[1.624s] -- Up-to-date: /home/diego/ros2_ws/install/station_interface/include/station_interface/station_interface/srv/reload.h
[1.625s] -- Up-to-date: /home/diego/ros2_ws/install/station_interface/include/station_interface/station_interface/srv/detail
[1.625s] -- Up-to-date: /home/diego/ros2_ws/install/station_interface/include/station_interface/station_interface/srv/detail/reload__struct.h
[1.625s] -- Up-to-date: /home/diego/ros2_ws/install/station_interface/include/station_interface/station_interface/srv/detail/reload__description.c
[1.625s] -- Up-to-date: /home/diego/ros2_ws/install/station_interface/include/station_interface/station_interface/srv/detail/reload__type_support.h
[1.625s] -- Up-to-date: /home/diego/ros2_ws/install/station_interface/include/station_interface/station_interface/srv/detail/reload__functions.h
[1.626s] -- Up-to-date: /home/diego/ros2_ws/install/station_interface/include/station_interface/station_interface/srv/detail/reload__functions.c
[1.626s] -- Installing: /home/diego/ros2_ws/install/station_interface/include/station_interface/station_interface/srv/detail/reload__type_support.c
[1.626s] -- Up-to-date: /home/diego/ros2_ws/install/station_interface/include/station_interface/station_interface/msg
[1.627s] -- Up-to-date: /home/diego/ros2_ws/install/station_interface/include/station_interface/station_interface/msg/rosidl_generator_c__visibility_control.h
[1.627s] -- Up-to-date: /home/diego/ros2_ws/install/station_interface/share/station_interface/environment/library_path.sh
[1.628s] -- Up-to-date: /home/diego/ros2_ws/install/station_interface/share/station_interface/environment/library_path.dsv
[1.628s] -- Up-to-date: /home/diego/ros2_ws/install/station_interface/lib/libstation_interface__rosidl_generator_c.so
[1.628s] -- Up-to-date: /home/diego/ros2_ws/install/station_interface/include/station_interface/station_interface
[1.628s] -- Up-to-date: /home/diego/ros2_ws/install/station_interface/include/station_interface/station_interface/srv
[1.629s] -- Up-to-date: /home/diego/ros2_ws/install/station_interface/include/station_interface/station_interface/srv/detail
[1.629s] -- Up-to-date: /home/diego/ros2_ws/install/station_interface/include/station_interface/station_interface/srv/detail/reload__rosidl_typesupport_fastrtps_c.h
[1.630s] -- Up-to-date: /home/diego/ros2_ws/install/station_interface/include/station_interface/station_interface/msg
[1.630s] -- Up-to-date: /home/diego/ros2_ws/install/station_interface/include/station_interface/station_interface/msg/rosidl_typesupport_fastrtps_c__visibility_control.h
[1.630s] -- Up-to-date: /home/diego/ros2_ws/install/station_interface/lib/libstation_interface__rosidl_typesupport_fastrtps_c.so
[1.631s] -- Up-to-date: /home/diego/ros2_ws/install/station_interface/include/station_interface/station_interface
[1.631s] -- Up-to-date: /home/diego/ros2_ws/install/station_interface/include/station_interface/station_interface/srv
[1.631s] -- Up-to-date: /home/diego/ros2_ws/install/station_interface/include/station_interface/station_interface/srv/detail
[1.632s] -- Up-to-date: /home/diego/ros2_ws/install/station_interface/include/station_interface/station_interface/srv/detail/reload__traits.hpp
[1.632s] -- Up-to-date: /home/diego/ros2_ws/install/station_interface/include/station_interface/station_interface/srv/detail/reload__type_support.hpp
[1.633s] -- Up-to-date: /home/diego/ros2_ws/install/station_interface/include/station_interface/station_interface/srv/detail/reload__builder.hpp
[1.633s] -- Up-to-date: /home/diego/ros2_ws/install/station_interface/include/station_interface/station_interface/srv/detail/reload__struct.hpp
[1.633s] -- Up-to-date: /home/diego/ros2_ws/install/station_interface/include/station_interface/station_interface/srv/reload.hpp
[1.633s] -- Up-to-date: /home/diego/ros2_ws/install/station_interface/include/station_interface/station_interface/msg
[1.634s] -- Up-to-date: /home/diego/ros2_ws/install/station_interface/include/station_interface/station_interface/msg/rosidl_generator_cpp__visibility_control.hpp
[1.634s] -- Up-to-date: /home/diego/ros2_ws/install/station_interface/include/station_interface/station_interface
[1.634s] -- Up-to-date: /home/diego/ros2_ws/install/station_interface/include/station_interface/station_interface/srv
[1.635s] -- Up-to-date: /home/diego/ros2_ws/install/station_interface/include/station_interface/station_interface/srv/detail
[1.635s] -- Up-to-date: /home/diego/ros2_ws/install/station_interface/include/station_interface/station_interface/srv/detail/dds_fastrtps
[1.635s] -- Up-to-date: /home/diego/ros2_ws/install/station_interface/include/station_interface/station_interface/srv/detail/reload__rosidl_typesupport_fastrtps_cpp.hpp
[1.635s] -- Up-to-date: /home/diego/ros2_ws/install/station_interface/include/station_interface/station_interface/msg
[1.635s] -- Up-to-date: /home/diego/ros2_ws/install/station_interface/include/station_interface/station_interface/msg/rosidl_typesupport_fastrtps_cpp__visibility_control.h
[1.643s] -- Up-to-date: /home/diego/ros2_ws/install/station_interface/lib/libstation_interface__rosidl_typesupport_fastrtps_cpp.so
[1.643s] -- Up-to-date: /home/diego/ros2_ws/install/station_interface/include/station_interface/station_interface
[1.644s] -- Up-to-date: /home/diego/ros2_ws/install/station_interface/include/station_interface/station_interface/srv
[1.644s] -- Up-to-date: /home/diego/ros2_ws/install/station_interface/include/station_interface/station_interface/srv/detail
[1.644s] -- Up-to-date: /home/diego/ros2_ws/install/station_interface/include/station_interface/station_interface/srv/detail/reload__rosidl_typesupport_introspection_c.h
[1.644s] -- Installing: /home/diego/ros2_ws/install/station_interface/include/station_interface/station_interface/srv/detail/reload__type_support.c
[1.649s] -- Up-to-date: /home/diego/ros2_ws/install/station_interface/include/station_interface/station_interface/msg
[1.650s] -- Up-to-date: /home/diego/ros2_ws/install/station_interface/include/station_interface/station_interface/msg/rosidl_typesupport_introspection_c__visibility_control.h
[1.654s] -- Up-to-date: /home/diego/ros2_ws/install/station_interface/lib/libstation_interface__rosidl_typesupport_introspection_c.so
[1.658s] -- Up-to-date: /home/diego/ros2_ws/install/station_interface/lib/libstation_interface__rosidl_typesupport_c.so
[1.658s] -- Up-to-date: /home/diego/ros2_ws/install/station_interface/include/station_interface/station_interface
[1.661s] -- Up-to-date: /home/diego/ros2_ws/install/station_interface/include/station_interface/station_interface/srv
[1.661s] -- Up-to-date: /home/diego/ros2_ws/install/station_interface/include/station_interface/station_interface/srv/detail
[1.662s] -- Up-to-date: /home/diego/ros2_ws/install/station_interface/include/station_interface/station_interface/srv/detail/reload__rosidl_typesupport_introspection_cpp.hpp
[1.663s] -- Up-to-date: /home/diego/ros2_ws/install/station_interface/include/station_interface/station_interface/srv/detail/reload__type_support.cpp
[1.663s] -- Up-to-date: /home/diego/ros2_ws/install/station_interface/lib/libstation_interface__rosidl_typesupport_introspection_cpp.so
[1.663s] -- Up-to-date: /home/diego/ros2_ws/install/station_interface/lib/libstation_interface__rosidl_typesupport_cpp.so
[1.663s] -- Up-to-date: /home/diego/ros2_ws/install/station_interface/share/station_interface/environment/pythonpath.sh
[1.663s] -- Up-to-date: /home/diego/ros2_ws/install/station_interface/share/station_interface/environment/pythonpath.dsv
[1.664s] -- Up-to-date: /home/diego/ros2_ws/install/station_interface/lib/python3.12/site-packages/station_interface-0.0.0-py3.12.egg-info
[1.664s] -- Installing: /home/diego/ros2_ws/install/station_interface/lib/python3.12/site-packages/station_interface-0.0.0-py3.12.egg-info/SOURCES.txt
[1.665s] -- Installing: /home/diego/ros2_ws/install/station_interface/lib/python3.12/site-packages/station_interface-0.0.0-py3.12.egg-info/dependency_links.txt
[1.665s] -- Installing: /home/diego/ros2_ws/install/station_interface/lib/python3.12/site-packages/station_interface-0.0.0-py3.12.egg-info/PKG-INFO
[1.665s] -- Installing: /home/diego/ros2_ws/install/station_interface/lib/python3.12/site-packages/station_interface-0.0.0-py3.12.egg-info/top_level.txt
[1.666s] -- Up-to-date: /home/diego/ros2_ws/install/station_interface/lib/python3.12/site-packages/station_interface
[1.668s] -- Up-to-date: /home/diego/ros2_ws/install/station_interface/lib/python3.12/site-packages/station_interface/__init__.py
[1.669s] -- Up-to-date: /home/diego/ros2_ws/install/station_interface/lib/python3.12/site-packages/station_interface/_station_interface_s.ep.rosidl_typesupport_fastrtps_c.c
[1.669s] -- Up-to-date: /home/diego/ros2_ws/install/station_interface/lib/python3.12/site-packages/station_interface/station_interface_s__rosidl_typesupport_c.so
[1.669s] -- Up-to-date: /home/diego/ros2_ws/install/station_interface/lib/python3.12/site-packages/station_interface/station_interface_s__rosidl_typesupport_fastrtps_c.so
[1.669s] -- Up-to-date: /home/diego/ros2_ws/install/station_interface/lib/python3.12/site-packages/station_interface/_station_interface_s.ep.rosidl_typesupport_c.c
[1.669s] -- Up-to-date: /home/diego/ros2_ws/install/station_interface/lib/python3.12/site-packages/station_interface/_station_interface_s.ep.rosidl_typesupport_introspection_c.c
[1.669s] -- Up-to-date: /home/diego/ros2_ws/install/station_interface/lib/python3.12/site-packages/station_interface/srv
[1.670s] -- Up-to-date: /home/diego/ros2_ws/install/station_interface/lib/python3.12/site-packages/station_interface/srv/__init__.py
[1.670s] -- Up-to-date: /home/diego/ros2_ws/install/station_interface/lib/python3.12/site-packages/station_interface/srv/_reload_s.c
[1.670s] -- Up-to-date: /home/diego/ros2_ws/install/station_interface/lib/python3.12/site-packages/station_interface/srv/_reload.py
[1.671s] -- Up-to-date: /home/diego/ros2_ws/install/station_interface/lib/python3.12/site-packages/station_interface/station_interface_s__rosidl_typesupport_introspection_c.so
[1.732s] Listing '/home/diego/ros2_ws/install/station_interface/lib/python3.12/site-packages/station_interface'...
[1.732s] Listing '/home/diego/ros2_ws/install/station_interface/lib/python3.12/site-packages/station_interface/srv'...
[1.754s] -- Up-to-date: /home/diego/ros2_ws/install/station_interface/lib/python3.12/site-packages/station_interface/station_interface_s__rosidl_typesupport_fastrtps_c.so
[1.754s] -- Up-to-date: /home/diego/ros2_ws/install/station_interface/lib/python3.12/site-packages/station_interface/station_interface_s__rosidl_typesupport_introspection_c.so
[1.755s] -- Up-to-date: /home/diego/ros2_ws/install/station_interface/lib/python3.12/site-packages/station_interface/station_interface_s__rosidl_typesupport_c.so
[1.756s] -- Up-to-date: /home/diego/ros2_ws/install/station_interface/lib/libstation_interface__rosidl_generator_py.so
[1.759s] -- Up-to-date: /home/diego/ros2_ws/install/station_interface/share/station_interface/srv/Reload.idl
[1.759s] -- Up-to-date: /home/diego/ros2_ws/install/station_interface/share/station_interface/srv/Reload.srv
[1.759s] -- Up-to-date: /home/diego/ros2_ws/install/station_interface/share/ament_index/resource_index/package_run_dependencies/station_interface
[1.761s] -- Up-to-date: /home/diego/ros2_ws/install/station_interface/share/ament_index/resource_index/parent_prefix_path/station_interface
[1.761s] -- Up-to-date: /home/diego/ros2_ws/install/station_interface/share/station_interface/environment/ament_prefix_path.sh
[1.761s] -- Up-to-date: /home/diego/ros2_ws/install/station_interface/share/station_interface/environment/ament_prefix_path.dsv
[1.763s] -- Up-to-date: /home/diego/ros2_ws/install/station_interface/share/station_interface/environment/path.sh
[1.765s] -- Up-to-date: /home/diego/ros2_ws/install/station_interface/share/station_interface/environment/path.dsv
[1.765s] -- Up-to-date: /home/diego/ros2_ws/install/station_interface/share/station_interface/local_setup.bash
[1.766s] -- Up-to-date: /home/diego/ros2_ws/install/station_interface/share/station_interface/local_setup.sh
[1.772s] -- Up-to-date: /home/diego/ros2_ws/install/station_interface/share/station_interface/local_setup.zsh
[1.772s] -- Up-to-date: /home/diego/ros2_ws/install/station_interface/share/station_interface/local_setup.dsv
[1.773s] -- Installing: /home/diego/ros2_ws/install/station_interface/share/station_interface/package.dsv
[1.777s] -- Up-to-date: /home/diego/ros2_ws/install/station_interface/share/ament_index/resource_index/packages/station_interface
[1.779s] -- Up-to-date: /home/diego/ros2_ws/install/station_interface/share/station_interface/cmake/export_station_interface__rosidl_generator_cExport.cmake
[1.780s] -- Up-to-date: /home/diego/ros2_ws/install/station_interface/share/station_interface/cmake/export_station_interface__rosidl_generator_cExport-noconfig.cmake
[1.782s] -- Up-to-date: /home/diego/ros2_ws/install/station_interface/share/station_interface/cmake/export_station_interface__rosidl_typesupport_fastrtps_cExport.cmake
[1.783s] -- Up-to-date: /home/diego/ros2_ws/install/station_interface/share/station_interface/cmake/export_station_interface__rosidl_typesupport_fastrtps_cExport-noconfig.cmake
[1.783s] -- Up-to-date: /home/diego/ros2_ws/install/station_interface/share/station_interface/cmake/export_station_interface__rosidl_generator_cppExport.cmake
[1.784s] -- Up-to-date: /home/diego/ros2_ws/install/station_interface/share/station_interface/cmake/export_station_interface__rosidl_typesupport_fastrtps_cppExport.cmake
[1.784s] -- Up-to-date: /home/diego/ros2_ws/install/station_interface/share/station_interface/cmake/export_station_interface__rosidl_typesupport_fastrtps_cppExport-noconfig.cmake
[1.784s] -- Up-to-date: /home/diego/ros2_ws/install/station_interface/share/station_interface/cmake/station_interface__rosidl_typesupport_introspection_cExport.cmake
[1.785s] -- Up-to-date: /home/diego/ros2_ws/install/station_interface/share/station_interface/cmake/station_interface__rosidl_typesupport_introspection_cExport-noconfig.cmake
[1.785s] -- Up-to-date: /home/diego/ros2_ws/install/station_interface/share/station_interface/cmake/station_interface__rosidl_typesupport_cExport.cmake
[1.785s] -- Up-to-date: /home/diego/ros2_ws/install/station_interface/share/station_interface/cmake/station_interface__rosidl_typesupport_cExport-noconfig.cmake
[1.786s] -- Up-to-date: /home/diego/ros2_ws/install/station_interface/share/station_interface/cmake/station_interface__rosidl_typesupport_introspection_cppExport.cmake
[1.787s] -- Up-to-date: /home/diego/ros2_ws/install/station_interface/share/station_interface/cmake/station_interface__rosidl_typesupport_introspection_cppExport-noconfig.cmake
[1.788s] -- Up-to-date: /home/diego/ros2_ws/install/station_interface/share/station_interface/cmake/station_interface__rosidl_typesupport_cppExport.cmake
[1.788s] -- Up-to-date: /home/diego/ros2_ws/install/station_interface/share/station_interface/cmake/station_interface__rosidl_typesupport_cppExport-noconfig.cmake
[1.788s] -- Up-to-date: /home/diego/ros2_ws/install/station_interface/share/station_interface/cmake/export_station_interface__rosidl_generator_pyExport.cmake
[1.788s] -- Up-to-date: /home/diego/ros2_ws/install/station_interface/share/station_interface/cmake/export_station_interface__rosidl_generator_pyExport-noconfig.cmake
[1.790s] -- Up-to-date: /home/diego/ros2_ws/install/station_interface/share/station_interface/cmake/rosidl_cmake-extras.cmake
[1.791s] -- Up-to-date: /home/diego/ros2_ws/install/station_interface/share/station_interface/cmake/ament_cmake_export_dependencies-extras.cmake
[1.791s] -- Up-to-date: /home/diego/ros2_ws/install/station_interface/share/station_interface/cmake/ament_cmake_export_include_directories-extras.cmake
[1.793s] -- Up-to-date: /home/diego/ros2_ws/install/station_interface/share/station_interface/cmake/ament_cmake_export_libraries-extras.cmake
[1.793s] -- Up-to-date: /home/diego/ros2_ws/install/station_interface/share/station_interface/cmake/ament_cmake_export_targets-extras.cmake
[1.794s] -- Up-to-date: /home/diego/ros2_ws/install/station_interface/share/station_interface/cmake/rosidl_cmake_export_typesupport_targets-extras.cmake
[1.794s] -- Up-to-date: /home/diego/ros2_ws/install/station_interface/share/station_interface/cmake/rosidl_cmake_export_typesupport_libraries-extras.cmake
[1.794s] -- Up-to-date: /home/diego/ros2_ws/install/station_interface/share/station_interface/cmake/station_interfaceConfig.cmake
[1.795s] -- Up-to-date: /home/diego/ros2_ws/install/station_interface/share/station_interface/cmake/station_interfaceConfig-version.cmake
[1.795s] -- Up-to-date: /home/diego/ros2_ws/install/station_interface/share/station_interface/package.xml
[1.814s] Invoked command in '/home/diego/ros2_ws/build/station_interface' returned '0': CMAKE_PREFIX_PATH=${CMAKE_PREFIX_PATH}:/home/diego/ros2_ws/install/nodo_xolobot_driver:/home/diego/ros2_ws/install/nodo_lighting_station:/home/diego/ros2_ws/install/nodo_watering_station:/home/diego/ros2_ws/install/nodo_kalanchoe:/home/diego/ros2_ws/install/nodo_data_monitoring:/home/diego/ros2_ws/install/nodo_data_analysis:/opt/ros/jazzy DEBUGINFOD_URLS=https://debuginfod.ubuntu.com /home/diego/.local/bin/cmake --install /home/diego/ros2_ws/build/station_interface
