[0.053s] Invoking command in '/home/diego/ros2_ws/build/station_interface': CMAKE_PREFIX_PATH=${CMAKE_PREFIX_PATH}:/home/diego/ros2_ws/install/nodo_xolobot_driver:/home/diego/ros2_ws/install/nodo_lighting_station:/home/diego/ros2_ws/install/nodo_watering_station:/home/diego/ros2_ws/install/nodo_kalanchoe:/home/diego/ros2_ws/install/nodo_data_monitoring:/home/diego/ros2_ws/install/nodo_data_analysis:/opt/ros/jazzy DEBUGINFOD_URLS=https://debuginfod.ubuntu.com /home/diego/.local/bin/cmake --build /home/diego/ros2_ws/build/station_interface -- -j8 -l8
[1.040s] [  2%] Built target station_interface__rosidl_generator_type_description
[1.041s] [  2%] Built target ament_cmake_python_copy_station_interface
[1.041s] [  5%] Built target station_interface__cpp
[1.041s] [ 20%] Built target station_interface__rosidl_generator_c
[1.042s] [ 29%] Built target station_interface__rosidl_typesupport_introspection_c
[1.042s] [ 38%] Built target station_interface__rosidl_typesupport_fastrtps_cpp
[1.042s] [ 47%] Built target station_interface__rosidl_typesupport_cpp
[1.042s] [ 64%] Built target station_interface__rosidl_typesupport_fastrtps_c
[1.042s] [ 64%] Built target station_interface__rosidl_typesupport_introspection_cpp
[1.043s] [ 73%] Built target station_interface__rosidl_typesupport_c
[1.043s] [ 73%] Built target station_interface
[1.043s] [ 76%] Built target station_interface__py
[1.043s] [ 82%] Built target station_interface__rosidl_generator_py
[1.044s] [ 94%] Built target station_interface_s__rosidl_typesupport_fastrtps_c
[1.044s] [ 94%] Built target station_interface_s__rosidl_typesupport_introspection_c
[1.044s] [100%] Built target station_interface_s__rosidl_typesupport_c
[1.044s] running egg_info
[1.044s] writing station_interface.egg-info/PKG-INFO
[1.045s] writing dependency_links to station_interface.egg-info/dependency_links.txt
[1.045s] writing top-level names to station_interface.egg-info/top_level.txt
[1.045s] reading manifest file 'station_interface.egg-info/SOURCES.txt'
[1.045s] writing manifest file 'station_interface.egg-info/SOURCES.txt'
[1.045s] [100%] Built target ament_cmake_python_build_station_interface_egg
[1.061s] Invoked command in '/home/diego/ros2_ws/build/station_interface' returned '0': CMAKE_PREFIX_PATH=${CMAKE_PREFIX_PATH}:/home/diego/ros2_ws/install/nodo_xolobot_driver:/home/diego/ros2_ws/install/nodo_lighting_station:/home/diego/ros2_ws/install/nodo_watering_station:/home/diego/ros2_ws/install/nodo_kalanchoe:/home/diego/ros2_ws/install/nodo_data_monitoring:/home/diego/ros2_ws/install/nodo_data_analysis:/opt/ros/jazzy DEBUGINFOD_URLS=https://debuginfod.ubuntu.com /home/diego/.local/bin/cmake --build /home/diego/ros2_ws/build/station_interface -- -j8 -l8
[1.063s] Invoking command in '/home/diego/ros2_ws/build/station_interface': CMAKE_PREFIX_PATH=${CMAKE_PREFIX_PATH}:/home/diego/ros2_ws/install/nodo_xolobot_driver:/home/diego/ros2_ws/install/nodo_lighting_station:/home/diego/ros2_ws/install/nodo_watering_station:/home/diego/ros2_ws/install/nodo_kalanchoe:/home/diego/ros2_ws/install/nodo_data_monitoring:/home/diego/ros2_ws/install/nodo_data_analysis:/opt/ros/jazzy DEBUGINFOD_URLS=https://debuginfod.ubuntu.com /home/diego/.local/bin/cmake --install /home/diego/ros2_ws/build/station_interface
[1.092s] -- Install configuration: ""
[1.092s] -- Up-to-date: /home/diego/ros2_ws/install/station_interface/share/ament_index/resource_index/rosidl_interfaces/station_interface
[1.092s] -- Up-to-date: /home/diego/ros2_ws/install/station_interface/share/station_interface/srv/Reload.json
[1.092s] -- Up-to-date: /home/diego/ros2_ws/install/station_interface/include/station_interface/station_interface
[1.092s] -- Up-to-date: /home/diego/ros2_ws/install/station_interface/include/station_interface/station_interface/srv
[1.094s] -- Up-to-date: /home/diego/ros2_ws/install/station_interface/include/station_interface/station_interface/srv/reload.h
[1.095s] -- Up-to-date: /home/diego/ros2_ws/install/station_interface/include/station_interface/station_interface/srv/detail
[1.095s] -- Up-to-date: /home/diego/ros2_ws/install/station_interface/include/station_interface/station_interface/srv/detail/reload__struct.h
[1.095s] -- Up-to-date: /home/diego/ros2_ws/install/station_interface/include/station_interface/station_interface/srv/detail/reload__description.c
[1.095s] -- Up-to-date: /home/diego/ros2_ws/install/station_interface/include/station_interface/station_interface/srv/detail/reload__type_support.h
[1.095s] -- Up-to-date: /home/diego/ros2_ws/install/station_interface/include/station_interface/station_interface/srv/detail/reload__functions.h
[1.096s] -- Up-to-date: /home/diego/ros2_ws/install/station_interface/include/station_interface/station_interface/srv/detail/reload__functions.c
[1.096s] -- Up-to-date: /home/diego/ros2_ws/install/station_interface/include/station_interface/station_interface/srv/detail/reload__type_support.c
[1.096s] -- Up-to-date: /home/diego/ros2_ws/install/station_interface/include/station_interface/station_interface/msg
[1.096s] -- Up-to-date: /home/diego/ros2_ws/install/station_interface/include/station_interface/station_interface/msg/rosidl_generator_c__visibility_control.h
[1.097s] -- Up-to-date: /home/diego/ros2_ws/install/station_interface/share/station_interface/environment/library_path.sh
[1.098s] -- Up-to-date: /home/diego/ros2_ws/install/station_interface/share/station_interface/environment/library_path.dsv
[1.098s] -- Up-to-date: /home/diego/ros2_ws/install/station_interface/lib/libstation_interface__rosidl_generator_c.so
[1.098s] -- Up-to-date: /home/diego/ros2_ws/install/station_interface/include/station_interface/station_interface
[1.098s] -- Up-to-date: /home/diego/ros2_ws/install/station_interface/include/station_interface/station_interface/srv
[1.098s] -- Up-to-date: /home/diego/ros2_ws/install/station_interface/include/station_interface/station_interface/srv/detail
[1.098s] -- Up-to-date: /home/diego/ros2_ws/install/station_interface/include/station_interface/station_interface/srv/detail/reload__rosidl_typesupport_fastrtps_c.h
[1.099s] -- Up-to-date: /home/diego/ros2_ws/install/station_interface/include/station_interface/station_interface/msg
[1.099s] -- Up-to-date: /home/diego/ros2_ws/install/station_interface/include/station_interface/station_interface/msg/rosidl_typesupport_fastrtps_c__visibility_control.h
[1.099s] -- Up-to-date: /home/diego/ros2_ws/install/station_interface/lib/libstation_interface__rosidl_typesupport_fastrtps_c.so
[1.099s] -- Up-to-date: /home/diego/ros2_ws/install/station_interface/include/station_interface/station_interface
[1.099s] -- Up-to-date: /home/diego/ros2_ws/install/station_interface/include/station_interface/station_interface/srv
[1.099s] -- Up-to-date: /home/diego/ros2_ws/install/station_interface/include/station_interface/station_interface/srv/detail
[1.099s] -- Up-to-date: /home/diego/ros2_ws/install/station_interface/include/station_interface/station_interface/srv/detail/reload__traits.hpp
[1.100s] -- Up-to-date: /home/diego/ros2_ws/install/station_interface/include/station_interface/station_interface/srv/detail/reload__type_support.hpp
[1.104s] -- Up-to-date: /home/diego/ros2_ws/install/station_interface/include/station_interface/station_interface/srv/detail/reload__builder.hpp
[1.104s] -- Up-to-date: /home/diego/ros2_ws/install/station_interface/include/station_interface/station_interface/srv/detail/reload__struct.hpp
[1.105s] -- Up-to-date: /home/diego/ros2_ws/install/station_interface/include/station_interface/station_interface/srv/reload.hpp
[1.105s] -- Up-to-date: /home/diego/ros2_ws/install/station_interface/include/station_interface/station_interface/msg
[1.105s] -- Up-to-date: /home/diego/ros2_ws/install/station_interface/include/station_interface/station_interface/msg/rosidl_generator_cpp__visibility_control.hpp
[1.105s] -- Up-to-date: /home/diego/ros2_ws/install/station_interface/include/station_interface/station_interface
[1.105s] -- Up-to-date: /home/diego/ros2_ws/install/station_interface/include/station_interface/station_interface/srv
[1.105s] -- Up-to-date: /home/diego/ros2_ws/install/station_interface/include/station_interface/station_interface/srv/detail
[1.105s] -- Up-to-date: /home/diego/ros2_ws/install/station_interface/include/station_interface/station_interface/srv/detail/dds_fastrtps
[1.106s] -- Up-to-date: /home/diego/ros2_ws/install/station_interface/include/station_interface/station_interface/srv/detail/reload__rosidl_typesupport_fastrtps_cpp.hpp
[1.106s] -- Up-to-date: /home/diego/ros2_ws/install/station_interface/include/station_interface/station_interface/msg
[1.106s] -- Up-to-date: /home/diego/ros2_ws/install/station_interface/include/station_interface/station_interface/msg/rosidl_typesupport_fastrtps_cpp__visibility_control.h
[1.106s] -- Up-to-date: /home/diego/ros2_ws/install/station_interface/lib/libstation_interface__rosidl_typesupport_fastrtps_cpp.so
[1.106s] -- Up-to-date: /home/diego/ros2_ws/install/station_interface/include/station_interface/station_interface
[1.106s] -- Up-to-date: /home/diego/ros2_ws/install/station_interface/include/station_interface/station_interface/srv
[1.107s] -- Up-to-date: /home/diego/ros2_ws/install/station_interface/include/station_interface/station_interface/srv/detail
[1.107s] -- Up-to-date: /home/diego/ros2_ws/install/station_interface/include/station_interface/station_interface/srv/detail/reload__rosidl_typesupport_introspection_c.h
[1.107s] -- Up-to-date: /home/diego/ros2_ws/install/station_interface/include/station_interface/station_interface/srv/detail/reload__type_support.c
[1.107s] -- Up-to-date: /home/diego/ros2_ws/install/station_interface/include/station_interface/station_interface/msg
[1.107s] -- Up-to-date: /home/diego/ros2_ws/install/station_interface/include/station_interface/station_interface/msg/rosidl_typesupport_introspection_c__visibility_control.h
[1.108s] -- Up-to-date: /home/diego/ros2_ws/install/station_interface/lib/libstation_interface__rosidl_typesupport_introspection_c.so
[1.108s] -- Up-to-date: /home/diego/ros2_ws/install/station_interface/lib/libstation_interface__rosidl_typesupport_c.so
[1.108s] -- Up-to-date: /home/diego/ros2_ws/install/station_interface/include/station_interface/station_interface
[1.108s] -- Up-to-date: /home/diego/ros2_ws/install/station_interface/include/station_interface/station_interface/srv
[1.108s] -- Up-to-date: /home/diego/ros2_ws/install/station_interface/include/station_interface/station_interface/srv/detail
[1.109s] -- Up-to-date: /home/diego/ros2_ws/install/station_interface/include/station_interface/station_interface/srv/detail/reload__rosidl_typesupport_introspection_cpp.hpp
[1.109s] -- Up-to-date: /home/diego/ros2_ws/install/station_interface/include/station_interface/station_interface/srv/detail/reload__type_support.cpp
[1.109s] -- Up-to-date: /home/diego/ros2_ws/install/station_interface/lib/libstation_interface__rosidl_typesupport_introspection_cpp.so
[1.109s] -- Up-to-date: /home/diego/ros2_ws/install/station_interface/lib/libstation_interface__rosidl_typesupport_cpp.so
[1.110s] -- Up-to-date: /home/diego/ros2_ws/install/station_interface/share/station_interface/environment/pythonpath.sh
[1.110s] -- Up-to-date: /home/diego/ros2_ws/install/station_interface/share/station_interface/environment/pythonpath.dsv
[1.110s] -- Up-to-date: /home/diego/ros2_ws/install/station_interface/lib/python3.12/site-packages/station_interface-0.0.0-py3.12.egg-info
[1.110s] -- Installing: /home/diego/ros2_ws/install/station_interface/lib/python3.12/site-packages/station_interface-0.0.0-py3.12.egg-info/SOURCES.txt
[1.111s] -- Installing: /home/diego/ros2_ws/install/station_interface/lib/python3.12/site-packages/station_interface-0.0.0-py3.12.egg-info/dependency_links.txt
[1.111s] -- Installing: /home/diego/ros2_ws/install/station_interface/lib/python3.12/site-packages/station_interface-0.0.0-py3.12.egg-info/PKG-INFO
[1.111s] -- Installing: /home/diego/ros2_ws/install/station_interface/lib/python3.12/site-packages/station_interface-0.0.0-py3.12.egg-info/top_level.txt
[1.111s] -- Up-to-date: /home/diego/ros2_ws/install/station_interface/lib/python3.12/site-packages/station_interface
[1.112s] -- Up-to-date: /home/diego/ros2_ws/install/station_interface/lib/python3.12/site-packages/station_interface/__init__.py
[1.112s] -- Up-to-date: /home/diego/ros2_ws/install/station_interface/lib/python3.12/site-packages/station_interface/_station_interface_s.ep.rosidl_typesupport_fastrtps_c.c
[1.112s] -- Up-to-date: /home/diego/ros2_ws/install/station_interface/lib/python3.12/site-packages/station_interface/station_interface_s__rosidl_typesupport_c.so
[1.112s] -- Up-to-date: /home/diego/ros2_ws/install/station_interface/lib/python3.12/site-packages/station_interface/station_interface_s__rosidl_typesupport_fastrtps_c.so
[1.113s] -- Up-to-date: /home/diego/ros2_ws/install/station_interface/lib/python3.12/site-packages/station_interface/_station_interface_s.ep.rosidl_typesupport_c.c
[1.113s] -- Up-to-date: /home/diego/ros2_ws/install/station_interface/lib/python3.12/site-packages/station_interface/_station_interface_s.ep.rosidl_typesupport_introspection_c.c
[1.113s] -- Up-to-date: /home/diego/ros2_ws/install/station_interface/lib/python3.12/site-packages/station_interface/srv
[1.113s] -- Up-to-date: /home/diego/ros2_ws/install/station_interface/lib/python3.12/site-packages/station_interface/srv/__init__.py
[1.114s] -- Up-to-date: /home/diego/ros2_ws/install/station_interface/lib/python3.12/site-packages/station_interface/srv/_reload_s.c
[1.114s] -- Up-to-date: /home/diego/ros2_ws/install/station_interface/lib/python3.12/site-packages/station_interface/srv/_reload.py
[1.114s] -- Up-to-date: /home/diego/ros2_ws/install/station_interface/lib/python3.12/site-packages/station_interface/station_interface_s__rosidl_typesupport_introspection_c.so
[1.143s] Listing '/home/diego/ros2_ws/install/station_interface/lib/python3.12/site-packages/station_interface'...
[1.143s] Listing '/home/diego/ros2_ws/install/station_interface/lib/python3.12/site-packages/station_interface/srv'...
[1.161s] -- Up-to-date: /home/diego/ros2_ws/install/station_interface/lib/python3.12/site-packages/station_interface/station_interface_s__rosidl_typesupport_fastrtps_c.so
[1.161s] -- Up-to-date: /home/diego/ros2_ws/install/station_interface/lib/python3.12/site-packages/station_interface/station_interface_s__rosidl_typesupport_introspection_c.so
[1.162s] -- Up-to-date: /home/diego/ros2_ws/install/station_interface/lib/python3.12/site-packages/station_interface/station_interface_s__rosidl_typesupport_c.so
[1.162s] -- Up-to-date: /home/diego/ros2_ws/install/station_interface/lib/libstation_interface__rosidl_generator_py.so
[1.162s] -- Up-to-date: /home/diego/ros2_ws/install/station_interface/share/station_interface/srv/Reload.idl
[1.163s] -- Up-to-date: /home/diego/ros2_ws/install/station_interface/share/station_interface/srv/Reload.srv
[1.163s] -- Up-to-date: /home/diego/ros2_ws/install/station_interface/share/ament_index/resource_index/package_run_dependencies/station_interface
[1.163s] -- Up-to-date: /home/diego/ros2_ws/install/station_interface/share/ament_index/resource_index/parent_prefix_path/station_interface
[1.164s] -- Up-to-date: /home/diego/ros2_ws/install/station_interface/share/station_interface/environment/ament_prefix_path.sh
[1.164s] -- Up-to-date: /home/diego/ros2_ws/install/station_interface/share/station_interface/environment/ament_prefix_path.dsv
[1.164s] -- Up-to-date: /home/diego/ros2_ws/install/station_interface/share/station_interface/environment/path.sh
[1.164s] -- Up-to-date: /home/diego/ros2_ws/install/station_interface/share/station_interface/environment/path.dsv
[1.164s] -- Up-to-date: /home/diego/ros2_ws/install/station_interface/share/station_interface/local_setup.bash
[1.165s] -- Up-to-date: /home/diego/ros2_ws/install/station_interface/share/station_interface/local_setup.sh
[1.165s] -- Up-to-date: /home/diego/ros2_ws/install/station_interface/share/station_interface/local_setup.zsh
[1.165s] -- Up-to-date: /home/diego/ros2_ws/install/station_interface/share/station_interface/local_setup.dsv
[1.165s] -- Installing: /home/diego/ros2_ws/install/station_interface/share/station_interface/package.dsv
[1.165s] -- Up-to-date: /home/diego/ros2_ws/install/station_interface/share/ament_index/resource_index/packages/station_interface
[1.165s] -- Up-to-date: /home/diego/ros2_ws/install/station_interface/share/station_interface/cmake/export_station_interface__rosidl_generator_cExport.cmake
[1.166s] -- Up-to-date: /home/diego/ros2_ws/install/station_interface/share/station_interface/cmake/export_station_interface__rosidl_generator_cExport-noconfig.cmake
[1.166s] -- Up-to-date: /home/diego/ros2_ws/install/station_interface/share/station_interface/cmake/export_station_interface__rosidl_typesupport_fastrtps_cExport.cmake
[1.166s] -- Up-to-date: /home/diego/ros2_ws/install/station_interface/share/station_interface/cmake/export_station_interface__rosidl_typesupport_fastrtps_cExport-noconfig.cmake
[1.166s] -- Up-to-date: /home/diego/ros2_ws/install/station_interface/share/station_interface/cmake/export_station_interface__rosidl_generator_cppExport.cmake
[1.167s] -- Up-to-date: /home/diego/ros2_ws/install/station_interface/share/station_interface/cmake/export_station_interface__rosidl_typesupport_fastrtps_cppExport.cmake
[1.167s] -- Up-to-date: /home/diego/ros2_ws/install/station_interface/share/station_interface/cmake/export_station_interface__rosidl_typesupport_fastrtps_cppExport-noconfig.cmake
[1.167s] -- Up-to-date: /home/diego/ros2_ws/install/station_interface/share/station_interface/cmake/station_interface__rosidl_typesupport_introspection_cExport.cmake
[1.167s] -- Up-to-date: /home/diego/ros2_ws/install/station_interface/share/station_interface/cmake/station_interface__rosidl_typesupport_introspection_cExport-noconfig.cmake
[1.167s] -- Up-to-date: /home/diego/ros2_ws/install/station_interface/share/station_interface/cmake/station_interface__rosidl_typesupport_cExport.cmake
[1.167s] -- Up-to-date: /home/diego/ros2_ws/install/station_interface/share/station_interface/cmake/station_interface__rosidl_typesupport_cExport-noconfig.cmake
[1.168s] -- Up-to-date: /home/diego/ros2_ws/install/station_interface/share/station_interface/cmake/station_interface__rosidl_typesupport_introspection_cppExport.cmake
[1.168s] -- Up-to-date: /home/diego/ros2_ws/install/station_interface/share/station_interface/cmake/station_interface__rosidl_typesupport_introspection_cppExport-noconfig.cmake
[1.168s] -- Up-to-date: /home/diego/ros2_ws/install/station_interface/share/station_interface/cmake/station_interface__rosidl_typesupport_cppExport.cmake
[1.168s] -- Up-to-date: /home/diego/ros2_ws/install/station_interface/share/station_interface/cmake/station_interface__rosidl_typesupport_cppExport-noconfig.cmake
[1.168s] -- Up-to-date: /home/diego/ros2_ws/install/station_interface/share/station_interface/cmake/export_station_interface__rosidl_generator_pyExport.cmake
[1.168s] -- Up-to-date: /home/diego/ros2_ws/install/station_interface/share/station_interface/cmake/export_station_interface__rosidl_generator_pyExport-noconfig.cmake
[1.168s] -- Up-to-date: /home/diego/ros2_ws/install/station_interface/share/station_interface/cmake/rosidl_cmake-extras.cmake
[1.169s] -- Up-to-date: /home/diego/ros2_ws/install/station_interface/share/station_interface/cmake/ament_cmake_export_dependencies-extras.cmake
[1.169s] -- Up-to-date: /home/diego/ros2_ws/install/station_interface/share/station_interface/cmake/ament_cmake_export_include_directories-extras.cmake
[1.169s] -- Up-to-date: /home/diego/ros2_ws/install/station_interface/share/station_interface/cmake/ament_cmake_export_libraries-extras.cmake
[1.169s] -- Up-to-date: /home/diego/ros2_ws/install/station_interface/share/station_interface/cmake/ament_cmake_export_targets-extras.cmake
[1.169s] -- Up-to-date: /home/diego/ros2_ws/install/station_interface/share/station_interface/cmake/rosidl_cmake_export_typesupport_targets-extras.cmake
[1.169s] -- Up-to-date: /home/diego/ros2_ws/install/station_interface/share/station_interface/cmake/rosidl_cmake_export_typesupport_libraries-extras.cmake
[1.169s] -- Up-to-date: /home/diego/ros2_ws/install/station_interface/share/station_interface/cmake/station_interfaceConfig.cmake
[1.169s] -- Up-to-date: /home/diego/ros2_ws/install/station_interface/share/station_interface/cmake/station_interfaceConfig-version.cmake
[1.170s] -- Up-to-date: /home/diego/ros2_ws/install/station_interface/share/station_interface/package.xml
[1.240s] Invoked command in '/home/diego/ros2_ws/build/station_interface' returned '0': CMAKE_PREFIX_PATH=${CMAKE_PREFIX_PATH}:/home/diego/ros2_ws/install/nodo_xolobot_driver:/home/diego/ros2_ws/install/nodo_lighting_station:/home/diego/ros2_ws/install/nodo_watering_station:/home/diego/ros2_ws/install/nodo_kalanchoe:/home/diego/ros2_ws/install/nodo_data_monitoring:/home/diego/ros2_ws/install/nodo_data_analysis:/opt/ros/jazzy DEBUGINFOD_URLS=https://debuginfod.ubuntu.com /home/diego/.local/bin/cmake --install /home/diego/ros2_ws/build/station_interface
