[0.025s] Invoking command in '/home/diego/ros2_ws/build/xolobot_bringup': AMENT_PREFIX_PATH=/home/diego/ros2_ws/install/xolobot_tengo_sed:/home/diego/ros2_ws/install/xolobot_description:${AMENT_PREFIX_PATH} CMAKE_PREFIX_PATH=/home/diego/ros2_ws/install/xolobot_tengo_sed:/home/diego/ros2_ws/install/xolobot_description:/opt/ros/jazzy/opt/gz_sim_vendor:/opt/ros/jazzy/opt/gz_sensors_vendor:/opt/ros/jazzy/opt/gz_physics_vendor:/opt/ros/jazzy/opt/sdformat_vendor:/opt/ros/jazzy/opt/gz_gui_vendor:/opt/ros/jazzy/opt/gz_transport_vendor:/opt/ros/jazzy/opt/gz_rendering_vendor:/opt/ros/jazzy/opt/gz_plugin_vendor:/opt/ros/jazzy/opt/gz_fuel_tools_vendor:/opt/ros/jazzy/opt/gz_msgs_vendor:/opt/ros/jazzy/opt/gz_common_vendor:/opt/ros/jazzy/opt/gz_math_vendor:/opt/ros/jazzy/opt/gz_utils_vendor:/opt/ros/jazzy/opt/gz_tools_vendor:/opt/ros/jazzy/opt/gz_ogre_next_vendor:/opt/ros/jazzy/opt/gz_dartsim_vendor:/opt/ros/jazzy/opt/gz_cmake_vendor:/opt/ros/jazzy DEBUGINFOD_URLS=https://debuginfod.ubuntu.com GZ_SIM_RESOURCE_PATH=/home/diego/ros2_ws/install/xolobot_description/share/xolobot_description/models:${GZ_SIM_RESOURCE_PATH} IGN_GAZEBO_RESOURCE_PATH=/home/diego/ros2_ws/install/xolobot_tengo_sed/share/xolobot_tengo_sed/models:/home/diego/ros2_ws/install/xolobot_tengo_sed/share/xolobot_tengo_sed/worlds /home/diego/.local/bin/cmake /home/diego/ros2_ws/src/xolobot/xolobot_bringup -DCMAKE_INSTALL_PREFIX=/home/diego/ros2_ws/install/xolobot_bringup
[0.131s] -- The C compiler identification is GNU 13.3.0
[0.298s] -- The CXX compiler identification is GNU 13.3.0
[0.329s] -- Detecting C compiler ABI info
[0.508s] -- Detecting C compiler ABI info - done
[0.560s] -- Check for working C compiler: /usr/bin/cc - skipped
[0.561s] -- Detecting C compile features
[0.562s] -- Detecting C compile features - done
[0.572s] -- Detecting CXX compiler ABI info
[0.774s] -- Detecting CXX compiler ABI info - done
[0.859s] -- Check for working CXX compiler: /usr/bin/c++ - skipped
[0.860s] -- Detecting CXX compile features
[0.862s] -- Detecting CXX compile features - done
[0.877s] -- Found ament_cmake: 2.5.3 (/opt/ros/jazzy/share/ament_cmake/cmake)
[1.206s] -- Found Python3: /usr/bin/python3 (found version "3.12.3") found components: Interpreter
[1.450s] -- Found xolobot_description: 0.0.0 (/home/diego/ros2_ws/install/xolobot_description/share/xolobot_description/cmake)
[1.450s] -- Found xolobot_tengo_sed: 0.0.0 (/home/diego/ros2_ws/install/xolobot_tengo_sed/share/xolobot_tengo_sed/cmake)
[1.458s] -- Found ament_lint_auto: 0.17.1 (/opt/ros/jazzy/share/ament_lint_auto/cmake)
[1.626s] -- Configuring done (1.6s)
[1.634s] -- Generating done (0.0s)
[1.636s] -- Build files have been written to: /home/diego/ros2_ws/build/xolobot_bringup
[1.644s] Invoked command in '/home/diego/ros2_ws/build/xolobot_bringup' returned '0': AMENT_PREFIX_PATH=/home/diego/ros2_ws/install/xolobot_tengo_sed:/home/diego/ros2_ws/install/xolobot_description:${AMENT_PREFIX_PATH} CMAKE_PREFIX_PATH=/home/diego/ros2_ws/install/xolobot_tengo_sed:/home/diego/ros2_ws/install/xolobot_description:/opt/ros/jazzy/opt/gz_sim_vendor:/opt/ros/jazzy/opt/gz_sensors_vendor:/opt/ros/jazzy/opt/gz_physics_vendor:/opt/ros/jazzy/opt/sdformat_vendor:/opt/ros/jazzy/opt/gz_gui_vendor:/opt/ros/jazzy/opt/gz_transport_vendor:/opt/ros/jazzy/opt/gz_rendering_vendor:/opt/ros/jazzy/opt/gz_plugin_vendor:/opt/ros/jazzy/opt/gz_fuel_tools_vendor:/opt/ros/jazzy/opt/gz_msgs_vendor:/opt/ros/jazzy/opt/gz_common_vendor:/opt/ros/jazzy/opt/gz_math_vendor:/opt/ros/jazzy/opt/gz_utils_vendor:/opt/ros/jazzy/opt/gz_tools_vendor:/opt/ros/jazzy/opt/gz_ogre_next_vendor:/opt/ros/jazzy/opt/gz_dartsim_vendor:/opt/ros/jazzy/opt/gz_cmake_vendor:/opt/ros/jazzy DEBUGINFOD_URLS=https://debuginfod.ubuntu.com GZ_SIM_RESOURCE_PATH=/home/diego/ros2_ws/install/xolobot_description/share/xolobot_description/models:${GZ_SIM_RESOURCE_PATH} IGN_GAZEBO_RESOURCE_PATH=/home/diego/ros2_ws/install/xolobot_tengo_sed/share/xolobot_tengo_sed/models:/home/diego/ros2_ws/install/xolobot_tengo_sed/share/xolobot_tengo_sed/worlds /home/diego/.local/bin/cmake /home/diego/ros2_ws/src/xolobot/xolobot_bringup -DCMAKE_INSTALL_PREFIX=/home/diego/ros2_ws/install/xolobot_bringup
[1.646s] Invoking command in '/home/diego/ros2_ws/build/xolobot_bringup': AMENT_PREFIX_PATH=/home/diego/ros2_ws/install/xolobot_tengo_sed:/home/diego/ros2_ws/install/xolobot_description:${AMENT_PREFIX_PATH} CMAKE_PREFIX_PATH=/home/diego/ros2_ws/install/xolobot_tengo_sed:/home/diego/ros2_ws/install/xolobot_description:/opt/ros/jazzy/opt/gz_sim_vendor:/opt/ros/jazzy/opt/gz_sensors_vendor:/opt/ros/jazzy/opt/gz_physics_vendor:/opt/ros/jazzy/opt/sdformat_vendor:/opt/ros/jazzy/opt/gz_gui_vendor:/opt/ros/jazzy/opt/gz_transport_vendor:/opt/ros/jazzy/opt/gz_rendering_vendor:/opt/ros/jazzy/opt/gz_plugin_vendor:/opt/ros/jazzy/opt/gz_fuel_tools_vendor:/opt/ros/jazzy/opt/gz_msgs_vendor:/opt/ros/jazzy/opt/gz_common_vendor:/opt/ros/jazzy/opt/gz_math_vendor:/opt/ros/jazzy/opt/gz_utils_vendor:/opt/ros/jazzy/opt/gz_tools_vendor:/opt/ros/jazzy/opt/gz_ogre_next_vendor:/opt/ros/jazzy/opt/gz_dartsim_vendor:/opt/ros/jazzy/opt/gz_cmake_vendor:/opt/ros/jazzy DEBUGINFOD_URLS=https://debuginfod.ubuntu.com GZ_SIM_RESOURCE_PATH=/home/diego/ros2_ws/install/xolobot_description/share/xolobot_description/models:${GZ_SIM_RESOURCE_PATH} IGN_GAZEBO_RESOURCE_PATH=/home/diego/ros2_ws/install/xolobot_tengo_sed/share/xolobot_tengo_sed/models:/home/diego/ros2_ws/install/xolobot_tengo_sed/share/xolobot_tengo_sed/worlds /home/diego/.local/bin/cmake --build /home/diego/ros2_ws/build/xolobot_bringup -- -j8 -l8
[1.684s] Invoked command in '/home/diego/ros2_ws/build/xolobot_bringup' returned '0': AMENT_PREFIX_PATH=/home/diego/ros2_ws/install/xolobot_tengo_sed:/home/diego/ros2_ws/install/xolobot_description:${AMENT_PREFIX_PATH} CMAKE_PREFIX_PATH=/home/diego/ros2_ws/install/xolobot_tengo_sed:/home/diego/ros2_ws/install/xolobot_description:/opt/ros/jazzy/opt/gz_sim_vendor:/opt/ros/jazzy/opt/gz_sensors_vendor:/opt/ros/jazzy/opt/gz_physics_vendor:/opt/ros/jazzy/opt/sdformat_vendor:/opt/ros/jazzy/opt/gz_gui_vendor:/opt/ros/jazzy/opt/gz_transport_vendor:/opt/ros/jazzy/opt/gz_rendering_vendor:/opt/ros/jazzy/opt/gz_plugin_vendor:/opt/ros/jazzy/opt/gz_fuel_tools_vendor:/opt/ros/jazzy/opt/gz_msgs_vendor:/opt/ros/jazzy/opt/gz_common_vendor:/opt/ros/jazzy/opt/gz_math_vendor:/opt/ros/jazzy/opt/gz_utils_vendor:/opt/ros/jazzy/opt/gz_tools_vendor:/opt/ros/jazzy/opt/gz_ogre_next_vendor:/opt/ros/jazzy/opt/gz_dartsim_vendor:/opt/ros/jazzy/opt/gz_cmake_vendor:/opt/ros/jazzy DEBUGINFOD_URLS=https://debuginfod.ubuntu.com GZ_SIM_RESOURCE_PATH=/home/diego/ros2_ws/install/xolobot_description/share/xolobot_description/models:${GZ_SIM_RESOURCE_PATH} IGN_GAZEBO_RESOURCE_PATH=/home/diego/ros2_ws/install/xolobot_tengo_sed/share/xolobot_tengo_sed/models:/home/diego/ros2_ws/install/xolobot_tengo_sed/share/xolobot_tengo_sed/worlds /home/diego/.local/bin/cmake --build /home/diego/ros2_ws/build/xolobot_bringup -- -j8 -l8
[1.686s] Invoking command in '/home/diego/ros2_ws/build/xolobot_bringup': AMENT_PREFIX_PATH=/home/diego/ros2_ws/install/xolobot_tengo_sed:/home/diego/ros2_ws/install/xolobot_description:${AMENT_PREFIX_PATH} CMAKE_PREFIX_PATH=/home/diego/ros2_ws/install/xolobot_tengo_sed:/home/diego/ros2_ws/install/xolobot_description:/opt/ros/jazzy/opt/gz_sim_vendor:/opt/ros/jazzy/opt/gz_sensors_vendor:/opt/ros/jazzy/opt/gz_physics_vendor:/opt/ros/jazzy/opt/sdformat_vendor:/opt/ros/jazzy/opt/gz_gui_vendor:/opt/ros/jazzy/opt/gz_transport_vendor:/opt/ros/jazzy/opt/gz_rendering_vendor:/opt/ros/jazzy/opt/gz_plugin_vendor:/opt/ros/jazzy/opt/gz_fuel_tools_vendor:/opt/ros/jazzy/opt/gz_msgs_vendor:/opt/ros/jazzy/opt/gz_common_vendor:/opt/ros/jazzy/opt/gz_math_vendor:/opt/ros/jazzy/opt/gz_utils_vendor:/opt/ros/jazzy/opt/gz_tools_vendor:/opt/ros/jazzy/opt/gz_ogre_next_vendor:/opt/ros/jazzy/opt/gz_dartsim_vendor:/opt/ros/jazzy/opt/gz_cmake_vendor:/opt/ros/jazzy DEBUGINFOD_URLS=https://debuginfod.ubuntu.com GZ_SIM_RESOURCE_PATH=/home/diego/ros2_ws/install/xolobot_description/share/xolobot_description/models:${GZ_SIM_RESOURCE_PATH} IGN_GAZEBO_RESOURCE_PATH=/home/diego/ros2_ws/install/xolobot_tengo_sed/share/xolobot_tengo_sed/models:/home/diego/ros2_ws/install/xolobot_tengo_sed/share/xolobot_tengo_sed/worlds /home/diego/.local/bin/cmake --install /home/diego/ros2_ws/build/xolobot_bringup
[1.694s] -- Install configuration: ""
[1.694s] -- Installing: /home/diego/ros2_ws/install/xolobot_bringup/share/xolobot_bringup/launch
[1.695s] -- Installing: /home/diego/ros2_ws/install/xolobot_bringup/share/xolobot_bringup/launch/xolobot.launch.py
[1.695s] -- Installing: /home/diego/ros2_ws/install/xolobot_bringup/share/xolobot_bringup/config
[1.696s] -- Installing: /home/diego/ros2_ws/install/xolobot_bringup/share/xolobot_bringup/config/ros_gz_example_bridge.yaml
[1.697s] -- Installing: /home/diego/ros2_ws/install/xolobot_bringup/share/ament_index/resource_index/package_run_dependencies/xolobot_bringup
[1.697s] -- Installing: /home/diego/ros2_ws/install/xolobot_bringup/share/ament_index/resource_index/parent_prefix_path/xolobot_bringup
[1.698s] -- Installing: /home/diego/ros2_ws/install/xolobot_bringup/share/xolobot_bringup/environment/ament_prefix_path.sh
[1.699s] -- Installing: /home/diego/ros2_ws/install/xolobot_bringup/share/xolobot_bringup/environment/ament_prefix_path.dsv
[1.699s] -- Installing: /home/diego/ros2_ws/install/xolobot_bringup/share/xolobot_bringup/environment/path.sh
[1.700s] -- Installing: /home/diego/ros2_ws/install/xolobot_bringup/share/xolobot_bringup/environment/path.dsv
[1.700s] -- Installing: /home/diego/ros2_ws/install/xolobot_bringup/share/xolobot_bringup/local_setup.bash
[1.701s] -- Installing: /home/diego/ros2_ws/install/xolobot_bringup/share/xolobot_bringup/local_setup.sh
[1.702s] -- Installing: /home/diego/ros2_ws/install/xolobot_bringup/share/xolobot_bringup/local_setup.zsh
[1.702s] -- Installing: /home/diego/ros2_ws/install/xolobot_bringup/share/xolobot_bringup/local_setup.dsv
[1.703s] -- Installing: /home/diego/ros2_ws/install/xolobot_bringup/share/xolobot_bringup/package.dsv
[1.704s] -- Installing: /home/diego/ros2_ws/install/xolobot_bringup/share/ament_index/resource_index/packages/xolobot_bringup
[1.704s] -- Installing: /home/diego/ros2_ws/install/xolobot_bringup/share/xolobot_bringup/cmake/xolobot_bringupConfig.cmake
[1.705s] -- Installing: /home/diego/ros2_ws/install/xolobot_bringup/share/xolobot_bringup/cmake/xolobot_bringupConfig-version.cmake
[1.705s] -- Installing: /home/diego/ros2_ws/install/xolobot_bringup/share/xolobot_bringup/package.xml
[1.708s] Invoked command in '/home/diego/ros2_ws/build/xolobot_bringup' returned '0': AMENT_PREFIX_PATH=/home/diego/ros2_ws/install/xolobot_tengo_sed:/home/diego/ros2_ws/install/xolobot_description:${AMENT_PREFIX_PATH} CMAKE_PREFIX_PATH=/home/diego/ros2_ws/install/xolobot_tengo_sed:/home/diego/ros2_ws/install/xolobot_description:/opt/ros/jazzy/opt/gz_sim_vendor:/opt/ros/jazzy/opt/gz_sensors_vendor:/opt/ros/jazzy/opt/gz_physics_vendor:/opt/ros/jazzy/opt/sdformat_vendor:/opt/ros/jazzy/opt/gz_gui_vendor:/opt/ros/jazzy/opt/gz_transport_vendor:/opt/ros/jazzy/opt/gz_rendering_vendor:/opt/ros/jazzy/opt/gz_plugin_vendor:/opt/ros/jazzy/opt/gz_fuel_tools_vendor:/opt/ros/jazzy/opt/gz_msgs_vendor:/opt/ros/jazzy/opt/gz_common_vendor:/opt/ros/jazzy/opt/gz_math_vendor:/opt/ros/jazzy/opt/gz_utils_vendor:/opt/ros/jazzy/opt/gz_tools_vendor:/opt/ros/jazzy/opt/gz_ogre_next_vendor:/opt/ros/jazzy/opt/gz_dartsim_vendor:/opt/ros/jazzy/opt/gz_cmake_vendor:/opt/ros/jazzy DEBUGINFOD_URLS=https://debuginfod.ubuntu.com GZ_SIM_RESOURCE_PATH=/home/diego/ros2_ws/install/xolobot_description/share/xolobot_description/models:${GZ_SIM_RESOURCE_PATH} IGN_GAZEBO_RESOURCE_PATH=/home/diego/ros2_ws/install/xolobot_tengo_sed/share/xolobot_tengo_sed/models:/home/diego/ros2_ws/install/xolobot_tengo_sed/share/xolobot_tengo_sed/worlds /home/diego/.local/bin/cmake --install /home/diego/ros2_ws/build/xolobot_bringup
