-- Install configuration: ""
-- Up-to-date: /home/diego/ros2_ws/install/xolobot_kalanchoe_world/share/xolobot_kalanchoe_world/worlds
-- Up-to-date: /home/diego/ros2_ws/install/xolobot_kalanchoe_world/share/xolobot_kalanchoe_world/worlds/xolobot_world_encinal.sdf
-- Up-to-date: /home/diego/ros2_ws/install/xolobot_kalanchoe_world/share/xolobot_kalanchoe_world/environment/xolobot_kalanchoe_world.dsv
-- Up-to-date: /home/diego/ros2_ws/install/xolobot_kalanchoe_world/share/xolobot_kalanchoe_world/environment/xolobot_kalanchoe_world.sh
-- Up-to-date: /home/diego/ros2_ws/install/xolobot_kalanchoe_world/share/ament_index/resource_index/package_run_dependencies/xolobot_kalanchoe_world
-- Up-to-date: /home/diego/ros2_ws/install/xolobot_kalanchoe_world/share/ament_index/resource_index/parent_prefix_path/xolobot_kalanchoe_world
-- Up-to-date: /home/diego/ros2_ws/install/xolobot_kalanchoe_world/share/xolobot_kalanchoe_world/environment/ament_prefix_path.sh
-- Up-to-date: /home/diego/ros2_ws/install/xolobot_kalanchoe_world/share/xolobot_kalanchoe_world/environment/ament_prefix_path.dsv
-- Up-to-date: /home/diego/ros2_ws/install/xolobot_kalanchoe_world/share/xolobot_kalanchoe_world/environment/path.sh
-- Up-to-date: /home/diego/ros2_ws/install/xolobot_kalanchoe_world/share/xolobot_kalanchoe_world/environment/path.dsv
-- Up-to-date: /home/diego/ros2_ws/install/xolobot_kalanchoe_world/share/xolobot_kalanchoe_world/local_setup.bash
-- Up-to-date: /home/diego/ros2_ws/install/xolobot_kalanchoe_world/share/xolobot_kalanchoe_world/local_setup.sh
-- Up-to-date: /home/diego/ros2_ws/install/xolobot_kalanchoe_world/share/xolobot_kalanchoe_world/local_setup.zsh
-- Up-to-date: /home/diego/ros2_ws/install/xolobot_kalanchoe_world/share/xolobot_kalanchoe_world/local_setup.dsv
-- Up-to-date: /home/diego/ros2_ws/install/xolobot_kalanchoe_world/share/xolobot_kalanchoe_world/package.dsv
-- Up-to-date: /home/diego/ros2_ws/install/xolobot_kalanchoe_world/share/ament_index/resource_index/packages/xolobot_kalanchoe_world
-- Up-to-date: /home/diego/ros2_ws/install/xolobot_kalanchoe_world/share/xolobot_kalanchoe_world/cmake/xolobot_kalanchoe_worldConfig.cmake
-- Up-to-date: /home/diego/ros2_ws/install/xolobot_kalanchoe_world/share/xolobot_kalanchoe_world/cmake/xolobot_kalanchoe_worldConfig-version.cmake
-- Up-to-date: /home/diego/ros2_ws/install/xolobot_kalanchoe_world/share/xolobot_kalanchoe_world/package.xml
