[3.354s] Invoking command in '/home/diego/ros2_ws/src/tengo_mas_sed/nodo_xolobot_driver': CMAKE_PREFIX_PATH=/home/diego/ros2_ws/install/station_interface:/home/diego/ros2_ws/install/xolobot_bringup:/home/diego/ros2_ws/install/xolobot_tengo_sed:/home/diego/ros2_ws/install/xolobot_ascending:/home/diego/ros2_ws/install/xolobot_kalanchoe_world:/home/diego/ros2_ws/install/xolobot_description:/home/diego/ros2_ws/install/xolobot_blueprint:/home/diego/ros2_ws/install/kalanchoe_interface:/opt/ros/jazzy/opt/gz_sim_vendor:/opt/ros/jazzy/opt/gz_sensors_vendor:/opt/ros/jazzy/opt/gz_physics_vendor:/opt/ros/jazzy/opt/sdformat_vendor:/opt/ros/jazzy/opt/gz_gui_vendor:/opt/ros/jazzy/opt/gz_transport_vendor:/opt/ros/jazzy/opt/gz_rendering_vendor:/opt/ros/jazzy/opt/gz_plugin_vendor:/opt/ros/jazzy/opt/gz_fuel_tools_vendor:/opt/ros/jazzy/opt/gz_msgs_vendor:/opt/ros/jazzy/opt/gz_common_vendor:/opt/ros/jazzy/opt/gz_math_vendor:/opt/ros/jazzy/opt/gz_utils_vendor:/opt/ros/jazzy/opt/gz_tools_vendor:/opt/ros/jazzy/opt/gz_ogre_next_vendor:/opt/ros/jazzy/opt/gz_dartsim_vendor:/opt/ros/jazzy/opt/gz_cmake_vendor DEBUGINFOD_URLS=https://debuginfod.ubuntu.com PYTHONPATH=/home/diego/ros2_ws/build/nodo_xolobot_driver/prefix_override:/usr/lib/python3/dist-packages/colcon_core/task/python/colcon_distutils_commands:/home/diego/ros2_ws/install/nodo_xolobot_driver/lib/python3.12/site-packages:/home/diego/ros2_ws/install/station_interface/lib/python3.12/site-packages:/home/diego/ros2_ws/install/nodo_xolobot_driver/lib/python3.12/site-packages:/home/diego/ros2_ws/install/nodo_lighting_station/lib/python3.12/site-packages:/home/diego/ros2_ws/install/nodo_watering_station/lib/python3.12/site-packages:/home/diego/ros2_ws/install/nodo_kalanchoe/lib/python3.12/site-packages:/home/diego/ros2_ws/install/nodo_data_monitoring/lib/python3.12/site-packages:/home/diego/ros2_ws/install/nodo_data_analysis/lib/python3.12/site-packages:/home/diego/ros2_ws/install/kalanchoe_interface/lib/python3.12/site-packages:/opt/ros/jazzy/lib/python3.12/site-packages /usr/bin/python3 -W ignore:setup.py install is deprecated -W ignore:easy_install command is deprecated setup.py egg_info --egg-base ../../../build/nodo_xolobot_driver build --build-base /home/diego/ros2_ws/build/nodo_xolobot_driver/build install --record /home/diego/ros2_ws/build/nodo_xolobot_driver/install.log --single-version-externally-managed install_data
[3.928s] running egg_info
[3.974s] writing ../../../build/nodo_xolobot_driver/nodo_xolobot_driver.egg-info/PKG-INFO
[3.975s] writing dependency_links to ../../../build/nodo_xolobot_driver/nodo_xolobot_driver.egg-info/dependency_links.txt
[3.976s] writing entry points to ../../../build/nodo_xolobot_driver/nodo_xolobot_driver.egg-info/entry_points.txt
[3.976s] writing requirements to ../../../build/nodo_xolobot_driver/nodo_xolobot_driver.egg-info/requires.txt
[3.977s] writing top-level names to ../../../build/nodo_xolobot_driver/nodo_xolobot_driver.egg-info/top_level.txt
[4.066s] reading manifest file '../../../build/nodo_xolobot_driver/nodo_xolobot_driver.egg-info/SOURCES.txt'
[4.067s] adding license file 'LICENSE'
[4.068s] writing manifest file '../../../build/nodo_xolobot_driver/nodo_xolobot_driver.egg-info/SOURCES.txt'
[4.068s] running build
[4.069s] running build_py
[4.069s] copying nodo_xolobot_driver/XolobotDriver.py -> /home/diego/ros2_ws/build/nodo_xolobot_driver/build/lib/nodo_xolobot_driver
[4.069s] running install
[4.083s] running install_lib
[4.131s] copying /home/diego/ros2_ws/build/nodo_xolobot_driver/build/lib/nodo_xolobot_driver/XolobotDriver.py -> /home/diego/ros2_ws/install/nodo_xolobot_driver/lib/python3.12/site-packages/nodo_xolobot_driver
[4.132s] byte-compiling /home/diego/ros2_ws/install/nodo_xolobot_driver/lib/python3.12/site-packages/nodo_xolobot_driver/XolobotDriver.py to XolobotDriver.cpython-312.pyc
[4.137s] running install_data
[4.138s] running install_egg_info
[4.184s] removing '/home/diego/ros2_ws/install/nodo_xolobot_driver/lib/python3.12/site-packages/nodo_xolobot_driver-0.0.0-py3.12.egg-info' (and everything under it)
[4.185s] Copying ../../../build/nodo_xolobot_driver/nodo_xolobot_driver.egg-info to /home/diego/ros2_ws/install/nodo_xolobot_driver/lib/python3.12/site-packages/nodo_xolobot_driver-0.0.0-py3.12.egg-info
[4.187s] running install_scripts
[4.468s] Installing start_xolo_driver script to /home/diego/ros2_ws/install/nodo_xolobot_driver/lib/nodo_xolobot_driver
[4.468s] writing list of installed files to '/home/diego/ros2_ws/build/nodo_xolobot_driver/install.log'
[4.542s] Invoked command in '/home/diego/ros2_ws/src/tengo_mas_sed/nodo_xolobot_driver' returned '0': CMAKE_PREFIX_PATH=/home/diego/ros2_ws/install/station_interface:/home/diego/ros2_ws/install/xolobot_bringup:/home/diego/ros2_ws/install/xolobot_tengo_sed:/home/diego/ros2_ws/install/xolobot_ascending:/home/diego/ros2_ws/install/xolobot_kalanchoe_world:/home/diego/ros2_ws/install/xolobot_description:/home/diego/ros2_ws/install/xolobot_blueprint:/home/diego/ros2_ws/install/kalanchoe_interface:/opt/ros/jazzy/opt/gz_sim_vendor:/opt/ros/jazzy/opt/gz_sensors_vendor:/opt/ros/jazzy/opt/gz_physics_vendor:/opt/ros/jazzy/opt/sdformat_vendor:/opt/ros/jazzy/opt/gz_gui_vendor:/opt/ros/jazzy/opt/gz_transport_vendor:/opt/ros/jazzy/opt/gz_rendering_vendor:/opt/ros/jazzy/opt/gz_plugin_vendor:/opt/ros/jazzy/opt/gz_fuel_tools_vendor:/opt/ros/jazzy/opt/gz_msgs_vendor:/opt/ros/jazzy/opt/gz_common_vendor:/opt/ros/jazzy/opt/gz_math_vendor:/opt/ros/jazzy/opt/gz_utils_vendor:/opt/ros/jazzy/opt/gz_tools_vendor:/opt/ros/jazzy/opt/gz_ogre_next_vendor:/opt/ros/jazzy/opt/gz_dartsim_vendor:/opt/ros/jazzy/opt/gz_cmake_vendor DEBUGINFOD_URLS=https://debuginfod.ubuntu.com PYTHONPATH=/home/diego/ros2_ws/build/nodo_xolobot_driver/prefix_override:/usr/lib/python3/dist-packages/colcon_core/task/python/colcon_distutils_commands:/home/diego/ros2_ws/install/nodo_xolobot_driver/lib/python3.12/site-packages:/home/diego/ros2_ws/install/station_interface/lib/python3.12/site-packages:/home/diego/ros2_ws/install/nodo_xolobot_driver/lib/python3.12/site-packages:/home/diego/ros2_ws/install/nodo_lighting_station/lib/python3.12/site-packages:/home/diego/ros2_ws/install/nodo_watering_station/lib/python3.12/site-packages:/home/diego/ros2_ws/install/nodo_kalanchoe/lib/python3.12/site-packages:/home/diego/ros2_ws/install/nodo_data_monitoring/lib/python3.12/site-packages:/home/diego/ros2_ws/install/nodo_data_analysis/lib/python3.12/site-packages:/home/diego/ros2_ws/install/kalanchoe_interface/lib/python3.12/site-packages:/opt/ros/jazzy/lib/python3.12/site-packages /usr/bin/python3 -W ignore:setup.py install is deprecated -W ignore:easy_install command is deprecated setup.py egg_info --egg-base ../../../build/nodo_xolobot_driver build --build-base /home/diego/ros2_ws/build/nodo_xolobot_driver/build install --record /home/diego/ros2_ws/build/nodo_xolobot_driver/install.log --single-version-externally-managed install_data
