[3.392s] Invoking command in '/home/diego/ros2_ws/src/tengo_mas_sed/nodo_data_analysis': DEBUGINFOD_URLS=https://debuginfod.ubuntu.com PYTHONPATH=/home/diego/ros2_ws/build/nodo_data_analysis/prefix_override:/usr/lib/python3/dist-packages/colcon_core/task/python/colcon_distutils_commands:/home/diego/ros2_ws/install/nodo_data_analysis/lib/python3.12/site-packages:${PYTHONPATH} /usr/bin/python3 -W ignore:setup.py install is deprecated -W ignore:easy_install command is deprecated setup.py egg_info --egg-base ../../../build/nodo_data_analysis build --build-base /home/diego/ros2_ws/build/nodo_data_analysis/build install --record /home/diego/ros2_ws/build/nodo_data_analysis/install.log --single-version-externally-managed install_data
[4.226s] running egg_info
[4.289s] writing ../../../build/nodo_data_analysis/nodo_data_analysis.egg-info/PKG-INFO
[4.290s] writing dependency_links to ../../../build/nodo_data_analysis/nodo_data_analysis.egg-info/dependency_links.txt
[4.291s] writing entry points to ../../../build/nodo_data_analysis/nodo_data_analysis.egg-info/entry_points.txt
[4.291s] writing requirements to ../../../build/nodo_data_analysis/nodo_data_analysis.egg-info/requires.txt
[4.292s] writing top-level names to ../../../build/nodo_data_analysis/nodo_data_analysis.egg-info/top_level.txt
[4.415s] reading manifest file '../../../build/nodo_data_analysis/nodo_data_analysis.egg-info/SOURCES.txt'
[4.417s] adding license file 'LICENSE'
[4.418s] writing manifest file '../../../build/nodo_data_analysis/nodo_data_analysis.egg-info/SOURCES.txt'
[4.418s] running build
[4.418s] running build_py
[4.420s] running install
[4.439s] running install_lib
[4.504s] running install_data
[4.504s] running install_egg_info
[4.571s] removing '/home/diego/ros2_ws/install/nodo_data_analysis/lib/python3.12/site-packages/nodo_data_analysis-0.0.0-py3.12.egg-info' (and everything under it)
[4.572s] Copying ../../../build/nodo_data_analysis/nodo_data_analysis.egg-info to /home/diego/ros2_ws/install/nodo_data_analysis/lib/python3.12/site-packages/nodo_data_analysis-0.0.0-py3.12.egg-info
[4.575s] running install_scripts
[4.891s] Installing start_data_analysis script to /home/diego/ros2_ws/install/nodo_data_analysis/lib/nodo_data_analysis
[4.892s] writing list of installed files to '/home/diego/ros2_ws/build/nodo_data_analysis/install.log'
[4.985s] Invoked command in '/home/diego/ros2_ws/src/tengo_mas_sed/nodo_data_analysis' returned '0': DEBUGINFOD_URLS=https://debuginfod.ubuntu.com PYTHONPATH=/home/diego/ros2_ws/build/nodo_data_analysis/prefix_override:/usr/lib/python3/dist-packages/colcon_core/task/python/colcon_distutils_commands:/home/diego/ros2_ws/install/nodo_data_analysis/lib/python3.12/site-packages:${PYTHONPATH} /usr/bin/python3 -W ignore:setup.py install is deprecated -W ignore:easy_install command is deprecated setup.py egg_info --egg-base ../../../build/nodo_data_analysis build --build-base /home/diego/ros2_ws/build/nodo_data_analysis/build install --record /home/diego/ros2_ws/build/nodo_data_analysis/install.log --single-version-externally-managed install_data
