[3.340s] Invoking command in '/home/diego/ros2_ws/src/tengo_mas_sed/nodo_data_analysis': DEBUGINFOD_URLS=https://debuginfod.ubuntu.com PYTHONPATH=/home/diego/ros2_ws/build/nodo_data_analysis/prefix_override:/usr/lib/python3/dist-packages/colcon_core/task/python/colcon_distutils_commands:/home/diego/ros2_ws/install/nodo_data_analysis/lib/python3.12/site-packages:${PYTHONPATH} /usr/bin/python3 -W ignore:setup.py install is deprecated -W ignore:easy_install command is deprecated setup.py egg_info --egg-base ../../../build/nodo_data_analysis build --build-base /home/diego/ros2_ws/build/nodo_data_analysis/build install --record /home/diego/ros2_ws/build/nodo_data_analysis/install.log --single-version-externally-managed install_data
[4.159s] running egg_info
[4.159s] creating ../../../build/nodo_data_analysis/nodo_data_analysis.egg-info
[4.222s] writing ../../../build/nodo_data_analysis/nodo_data_analysis.egg-info/PKG-INFO
[4.224s] writing dependency_links to ../../../build/nodo_data_analysis/nodo_data_analysis.egg-info/dependency_links.txt
[4.227s] writing entry points to ../../../build/nodo_data_analysis/nodo_data_analysis.egg-info/entry_points.txt
[4.227s] writing requirements to ../../../build/nodo_data_analysis/nodo_data_analysis.egg-info/requires.txt
[4.227s] writing top-level names to ../../../build/nodo_data_analysis/nodo_data_analysis.egg-info/top_level.txt
[4.228s] writing manifest file '../../../build/nodo_data_analysis/nodo_data_analysis.egg-info/SOURCES.txt'
[4.356s] reading manifest file '../../../build/nodo_data_analysis/nodo_data_analysis.egg-info/SOURCES.txt'
[4.357s] adding license file 'LICENSE'
[4.358s] writing manifest file '../../../build/nodo_data_analysis/nodo_data_analysis.egg-info/SOURCES.txt'
[4.361s] running build
[4.361s] running build_py
[4.362s] creating /home/diego/ros2_ws/build/nodo_data_analysis/build
[4.362s] creating /home/diego/ros2_ws/build/nodo_data_analysis/build/lib
[4.362s] creating /home/diego/ros2_ws/build/nodo_data_analysis/build/lib/nodo_data_analysis
[4.362s] copying nodo_data_analysis/__init__.py -> /home/diego/ros2_ws/build/nodo_data_analysis/build/lib/nodo_data_analysis
[4.363s] copying nodo_data_analysis/nodo_analisis.py -> /home/diego/ros2_ws/build/nodo_data_analysis/build/lib/nodo_data_analysis
[4.363s] running install
[4.386s] running install_lib
[4.445s] creating /home/diego/ros2_ws/install/nodo_data_analysis/lib/python3.12/site-packages/nodo_data_analysis
[4.446s] copying /home/diego/ros2_ws/build/nodo_data_analysis/build/lib/nodo_data_analysis/__init__.py -> /home/diego/ros2_ws/install/nodo_data_analysis/lib/python3.12/site-packages/nodo_data_analysis
[4.447s] copying /home/diego/ros2_ws/build/nodo_data_analysis/build/lib/nodo_data_analysis/nodo_analisis.py -> /home/diego/ros2_ws/install/nodo_data_analysis/lib/python3.12/site-packages/nodo_data_analysis
[4.449s] byte-compiling /home/diego/ros2_ws/install/nodo_data_analysis/lib/python3.12/site-packages/nodo_data_analysis/__init__.py to __init__.cpython-312.pyc
[4.451s] byte-compiling /home/diego/ros2_ws/install/nodo_data_analysis/lib/python3.12/site-packages/nodo_data_analysis/nodo_analisis.py to nodo_analisis.cpython-312.pyc
[4.454s] running install_data
[4.455s] creating /home/diego/ros2_ws/install/nodo_data_analysis/share/ament_index
[4.456s] creating /home/diego/ros2_ws/install/nodo_data_analysis/share/ament_index/resource_index
[4.457s] creating /home/diego/ros2_ws/install/nodo_data_analysis/share/ament_index/resource_index/packages
[4.458s] copying resource/nodo_data_analysis -> /home/diego/ros2_ws/install/nodo_data_analysis/share/ament_index/resource_index/packages
[4.460s] copying package.xml -> /home/diego/ros2_ws/install/nodo_data_analysis/share/nodo_data_analysis
[4.460s] running install_egg_info
[4.528s] Copying ../../../build/nodo_data_analysis/nodo_data_analysis.egg-info to /home/diego/ros2_ws/install/nodo_data_analysis/lib/python3.12/site-packages/nodo_data_analysis-0.0.0-py3.12.egg-info
[4.531s] running install_scripts
[4.969s] Installing start_data_analysis script to /home/diego/ros2_ws/install/nodo_data_analysis/lib/nodo_data_analysis
[4.970s] writing list of installed files to '/home/diego/ros2_ws/build/nodo_data_analysis/install.log'
[5.106s] Invoked command in '/home/diego/ros2_ws/src/tengo_mas_sed/nodo_data_analysis' returned '0': DEBUGINFOD_URLS=https://debuginfod.ubuntu.com PYTHONPATH=/home/diego/ros2_ws/build/nodo_data_analysis/prefix_override:/usr/lib/python3/dist-packages/colcon_core/task/python/colcon_distutils_commands:/home/diego/ros2_ws/install/nodo_data_analysis/lib/python3.12/site-packages:${PYTHONPATH} /usr/bin/python3 -W ignore:setup.py install is deprecated -W ignore:easy_install command is deprecated setup.py egg_info --egg-base ../../../build/nodo_data_analysis build --build-base /home/diego/ros2_ws/build/nodo_data_analysis/build install --record /home/diego/ros2_ws/build/nodo_data_analysis/install.log --single-version-externally-managed install_data
