[0.066s] Invoking command in '/home/diego/ros2_ws/build/kalanchoe_interface': CMAKE_PREFIX_PATH=${CMAKE_PREFIX_PATH}:/home/diego/ros2_ws/install/nodo_xolobot_driver:/home/diego/ros2_ws/install/nodo_lighting_station:/home/diego/ros2_ws/install/nodo_watering_station:/home/diego/ros2_ws/install/nodo_kalanchoe:/home/diego/ros2_ws/install/nodo_data_monitoring:/home/diego/ros2_ws/install/nodo_data_analysis:/opt/ros/jazzy DEBUGINFOD_URLS=https://debuginfod.ubuntu.com /home/diego/.local/bin/cmake --build /home/diego/ros2_ws/build/kalanchoe_interface -- -j8 -l8
[1.175s] [  2%] Built target kalanchoe_interface__rosidl_generator_type_description
[1.175s] [  2%] Built target ament_cmake_python_copy_kalanchoe_interface
[1.175s] [  5%] Built target kalanchoe_interface__cpp
[1.175s] [ 20%] Built target kalanchoe_interface__rosidl_generator_c
[1.175s] [ 29%] Built target kalanchoe_interface__rosidl_typesupport_introspection_c
[1.175s] [ 38%] Built target kalanchoe_interface__rosidl_typesupport_fastrtps_cpp
[1.175s] [ 47%] Built target kalanchoe_interface__rosidl_typesupport_fastrtps_c
[1.175s] [ 55%] Built target kalanchoe_interface__rosidl_typesupport_c
[1.175s] [ 64%] Built target kalanchoe_interface__rosidl_typesupport_cpp
[1.175s] [ 73%] Built target kalanchoe_interface__rosidl_typesupport_introspection_cpp
[1.175s] [ 73%] Built target kalanchoe_interface
[1.176s] [ 76%] Built target kalanchoe_interface__py
[1.176s] [ 82%] Built target kalanchoe_interface__rosidl_generator_py
[1.176s] [ 88%] Built target kalanchoe_interface_s__rosidl_typesupport_fastrtps_c
[1.176s] [ 94%] Built target kalanchoe_interface_s__rosidl_typesupport_introspection_c
[1.176s] [100%] Built target kalanchoe_interface_s__rosidl_typesupport_c
[1.176s] running egg_info
[1.176s] writing kalanchoe_interface.egg-info/PKG-INFO
[1.176s] writing dependency_links to kalanchoe_interface.egg-info/dependency_links.txt
[1.176s] writing top-level names to kalanchoe_interface.egg-info/top_level.txt
[1.176s] reading manifest file 'kalanchoe_interface.egg-info/SOURCES.txt'
[1.177s] writing manifest file 'kalanchoe_interface.egg-info/SOURCES.txt'
[1.177s] [100%] Built target ament_cmake_python_build_kalanchoe_interface_egg
[1.179s] Invoked command in '/home/diego/ros2_ws/build/kalanchoe_interface' returned '0': CMAKE_PREFIX_PATH=${CMAKE_PREFIX_PATH}:/home/diego/ros2_ws/install/nodo_xolobot_driver:/home/diego/ros2_ws/install/nodo_lighting_station:/home/diego/ros2_ws/install/nodo_watering_station:/home/diego/ros2_ws/install/nodo_kalanchoe:/home/diego/ros2_ws/install/nodo_data_monitoring:/home/diego/ros2_ws/install/nodo_data_analysis:/opt/ros/jazzy DEBUGINFOD_URLS=https://debuginfod.ubuntu.com /home/diego/.local/bin/cmake --build /home/diego/ros2_ws/build/kalanchoe_interface -- -j8 -l8
[1.181s] Invoking command in '/home/diego/ros2_ws/build/kalanchoe_interface': CMAKE_PREFIX_PATH=${CMAKE_PREFIX_PATH}:/home/diego/ros2_ws/install/nodo_xolobot_driver:/home/diego/ros2_ws/install/nodo_lighting_station:/home/diego/ros2_ws/install/nodo_watering_station:/home/diego/ros2_ws/install/nodo_kalanchoe:/home/diego/ros2_ws/install/nodo_data_monitoring:/home/diego/ros2_ws/install/nodo_data_analysis:/opt/ros/jazzy DEBUGINFOD_URLS=https://debuginfod.ubuntu.com /home/diego/.local/bin/cmake --install /home/diego/ros2_ws/build/kalanchoe_interface
[1.205s] -- Install configuration: ""
[1.205s] -- Up-to-date: /home/diego/ros2_ws/install/kalanchoe_interface/share/ament_index/resource_index/rosidl_interfaces/kalanchoe_interface
[1.206s] -- Up-to-date: /home/diego/ros2_ws/install/kalanchoe_interface/share/kalanchoe_interface/msg/Measure.json
[1.206s] -- Up-to-date: /home/diego/ros2_ws/install/kalanchoe_interface/include/kalanchoe_interface/kalanchoe_interface
[1.207s] -- Up-to-date: /home/diego/ros2_ws/install/kalanchoe_interface/include/kalanchoe_interface/kalanchoe_interface/msg
[1.207s] -- Up-to-date: /home/diego/ros2_ws/install/kalanchoe_interface/include/kalanchoe_interface/kalanchoe_interface/msg/detail
[1.207s] -- Up-to-date: /home/diego/ros2_ws/install/kalanchoe_interface/include/kalanchoe_interface/kalanchoe_interface/msg/detail/measure__type_support.c
[1.207s] -- Up-to-date: /home/diego/ros2_ws/install/kalanchoe_interface/include/kalanchoe_interface/kalanchoe_interface/msg/detail/measure__struct.h
[1.207s] -- Up-to-date: /home/diego/ros2_ws/install/kalanchoe_interface/include/kalanchoe_interface/kalanchoe_interface/msg/detail/measure__functions.c
[1.208s] -- Up-to-date: /home/diego/ros2_ws/install/kalanchoe_interface/include/kalanchoe_interface/kalanchoe_interface/msg/detail/measure__type_support.h
[1.208s] -- Up-to-date: /home/diego/ros2_ws/install/kalanchoe_interface/include/kalanchoe_interface/kalanchoe_interface/msg/detail/measure__functions.h
[1.208s] -- Up-to-date: /home/diego/ros2_ws/install/kalanchoe_interface/include/kalanchoe_interface/kalanchoe_interface/msg/detail/measure__description.c
[1.208s] -- Up-to-date: /home/diego/ros2_ws/install/kalanchoe_interface/include/kalanchoe_interface/kalanchoe_interface/msg/measure.h
[1.208s] -- Up-to-date: /home/diego/ros2_ws/install/kalanchoe_interface/include/kalanchoe_interface/kalanchoe_interface/msg/rosidl_generator_c__visibility_control.h
[1.209s] -- Up-to-date: /home/diego/ros2_ws/install/kalanchoe_interface/share/kalanchoe_interface/environment/library_path.sh
[1.209s] -- Up-to-date: /home/diego/ros2_ws/install/kalanchoe_interface/share/kalanchoe_interface/environment/library_path.dsv
[1.209s] -- Up-to-date: /home/diego/ros2_ws/install/kalanchoe_interface/lib/libkalanchoe_interface__rosidl_generator_c.so
[1.211s] -- Up-to-date: /home/diego/ros2_ws/install/kalanchoe_interface/include/kalanchoe_interface/kalanchoe_interface
[1.212s] -- Up-to-date: /home/diego/ros2_ws/install/kalanchoe_interface/include/kalanchoe_interface/kalanchoe_interface/msg
[1.214s] -- Up-to-date: /home/diego/ros2_ws/install/kalanchoe_interface/include/kalanchoe_interface/kalanchoe_interface/msg/detail
[1.214s] -- Up-to-date: /home/diego/ros2_ws/install/kalanchoe_interface/include/kalanchoe_interface/kalanchoe_interface/msg/detail/measure__rosidl_typesupport_fastrtps_c.h
[1.214s] -- Up-to-date: /home/diego/ros2_ws/install/kalanchoe_interface/include/kalanchoe_interface/kalanchoe_interface/msg/rosidl_typesupport_fastrtps_c__visibility_control.h
[1.215s] -- Up-to-date: /home/diego/ros2_ws/install/kalanchoe_interface/lib/libkalanchoe_interface__rosidl_typesupport_fastrtps_c.so
[1.216s] -- Up-to-date: /home/diego/ros2_ws/install/kalanchoe_interface/include/kalanchoe_interface/kalanchoe_interface
[1.217s] -- Up-to-date: /home/diego/ros2_ws/install/kalanchoe_interface/include/kalanchoe_interface/kalanchoe_interface/msg
[1.217s] -- Up-to-date: /home/diego/ros2_ws/install/kalanchoe_interface/include/kalanchoe_interface/kalanchoe_interface/msg/measure.hpp
[1.217s] -- Up-to-date: /home/diego/ros2_ws/install/kalanchoe_interface/include/kalanchoe_interface/kalanchoe_interface/msg/detail
[1.217s] -- Up-to-date: /home/diego/ros2_ws/install/kalanchoe_interface/include/kalanchoe_interface/kalanchoe_interface/msg/detail/measure__traits.hpp
[1.217s] -- Up-to-date: /home/diego/ros2_ws/install/kalanchoe_interface/include/kalanchoe_interface/kalanchoe_interface/msg/detail/measure__builder.hpp
[1.217s] -- Up-to-date: /home/diego/ros2_ws/install/kalanchoe_interface/include/kalanchoe_interface/kalanchoe_interface/msg/detail/measure__struct.hpp
[1.217s] -- Up-to-date: /home/diego/ros2_ws/install/kalanchoe_interface/include/kalanchoe_interface/kalanchoe_interface/msg/detail/measure__type_support.hpp
[1.218s] -- Up-to-date: /home/diego/ros2_ws/install/kalanchoe_interface/include/kalanchoe_interface/kalanchoe_interface/msg/rosidl_generator_cpp__visibility_control.hpp
[1.218s] -- Up-to-date: /home/diego/ros2_ws/install/kalanchoe_interface/include/kalanchoe_interface/kalanchoe_interface
[1.218s] -- Up-to-date: /home/diego/ros2_ws/install/kalanchoe_interface/include/kalanchoe_interface/kalanchoe_interface/msg
[1.218s] -- Up-to-date: /home/diego/ros2_ws/install/kalanchoe_interface/include/kalanchoe_interface/kalanchoe_interface/msg/rosidl_typesupport_fastrtps_cpp__visibility_control.h
[1.218s] -- Up-to-date: /home/diego/ros2_ws/install/kalanchoe_interface/include/kalanchoe_interface/kalanchoe_interface/msg/detail
[1.218s] -- Up-to-date: /home/diego/ros2_ws/install/kalanchoe_interface/include/kalanchoe_interface/kalanchoe_interface/msg/detail/measure__rosidl_typesupport_fastrtps_cpp.hpp
[1.218s] -- Up-to-date: /home/diego/ros2_ws/install/kalanchoe_interface/include/kalanchoe_interface/kalanchoe_interface/msg/detail/dds_fastrtps
[1.223s] -- Up-to-date: /home/diego/ros2_ws/install/kalanchoe_interface/lib/libkalanchoe_interface__rosidl_typesupport_fastrtps_cpp.so
[1.223s] -- Up-to-date: /home/diego/ros2_ws/install/kalanchoe_interface/include/kalanchoe_interface/kalanchoe_interface
[1.224s] -- Up-to-date: /home/diego/ros2_ws/install/kalanchoe_interface/include/kalanchoe_interface/kalanchoe_interface/msg
[1.225s] -- Up-to-date: /home/diego/ros2_ws/install/kalanchoe_interface/include/kalanchoe_interface/kalanchoe_interface/msg/detail
[1.225s] -- Up-to-date: /home/diego/ros2_ws/install/kalanchoe_interface/include/kalanchoe_interface/kalanchoe_interface/msg/detail/measure__type_support.c
[1.225s] -- Up-to-date: /home/diego/ros2_ws/install/kalanchoe_interface/include/kalanchoe_interface/kalanchoe_interface/msg/detail/measure__rosidl_typesupport_introspection_c.h
[1.225s] -- Up-to-date: /home/diego/ros2_ws/install/kalanchoe_interface/include/kalanchoe_interface/kalanchoe_interface/msg/rosidl_typesupport_introspection_c__visibility_control.h
[1.226s] -- Up-to-date: /home/diego/ros2_ws/install/kalanchoe_interface/lib/libkalanchoe_interface__rosidl_typesupport_introspection_c.so
[1.226s] -- Up-to-date: /home/diego/ros2_ws/install/kalanchoe_interface/lib/libkalanchoe_interface__rosidl_typesupport_c.so
[1.228s] -- Up-to-date: /home/diego/ros2_ws/install/kalanchoe_interface/include/kalanchoe_interface/kalanchoe_interface
[1.228s] -- Up-to-date: /home/diego/ros2_ws/install/kalanchoe_interface/include/kalanchoe_interface/kalanchoe_interface/msg
[1.229s] -- Up-to-date: /home/diego/ros2_ws/install/kalanchoe_interface/include/kalanchoe_interface/kalanchoe_interface/msg/detail
[1.229s] -- Up-to-date: /home/diego/ros2_ws/install/kalanchoe_interface/include/kalanchoe_interface/kalanchoe_interface/msg/detail/measure__type_support.cpp
[1.229s] -- Up-to-date: /home/diego/ros2_ws/install/kalanchoe_interface/include/kalanchoe_interface/kalanchoe_interface/msg/detail/measure__rosidl_typesupport_introspection_cpp.hpp
[1.232s] -- Up-to-date: /home/diego/ros2_ws/install/kalanchoe_interface/lib/libkalanchoe_interface__rosidl_typesupport_introspection_cpp.so
[1.232s] -- Up-to-date: /home/diego/ros2_ws/install/kalanchoe_interface/lib/libkalanchoe_interface__rosidl_typesupport_cpp.so
[1.232s] -- Up-to-date: /home/diego/ros2_ws/install/kalanchoe_interface/share/kalanchoe_interface/environment/pythonpath.sh
[1.233s] -- Up-to-date: /home/diego/ros2_ws/install/kalanchoe_interface/share/kalanchoe_interface/environment/pythonpath.dsv
[1.233s] -- Up-to-date: /home/diego/ros2_ws/install/kalanchoe_interface/lib/python3.12/site-packages/kalanchoe_interface-0.0.0-py3.12.egg-info
[1.233s] -- Installing: /home/diego/ros2_ws/install/kalanchoe_interface/lib/python3.12/site-packages/kalanchoe_interface-0.0.0-py3.12.egg-info/SOURCES.txt
[1.233s] -- Installing: /home/diego/ros2_ws/install/kalanchoe_interface/lib/python3.12/site-packages/kalanchoe_interface-0.0.0-py3.12.egg-info/dependency_links.txt
[1.233s] -- Installing: /home/diego/ros2_ws/install/kalanchoe_interface/lib/python3.12/site-packages/kalanchoe_interface-0.0.0-py3.12.egg-info/PKG-INFO
[1.235s] -- Installing: /home/diego/ros2_ws/install/kalanchoe_interface/lib/python3.12/site-packages/kalanchoe_interface-0.0.0-py3.12.egg-info/top_level.txt
[1.235s] -- Up-to-date: /home/diego/ros2_ws/install/kalanchoe_interface/lib/python3.12/site-packages/kalanchoe_interface
[1.235s] -- Up-to-date: /home/diego/ros2_ws/install/kalanchoe_interface/lib/python3.12/site-packages/kalanchoe_interface/__init__.py
[1.235s] -- Up-to-date: /home/diego/ros2_ws/install/kalanchoe_interface/lib/python3.12/site-packages/kalanchoe_interface/kalanchoe_interface_s__rosidl_typesupport_fastrtps_c.so
[1.236s] -- Up-to-date: /home/diego/ros2_ws/install/kalanchoe_interface/lib/python3.12/site-packages/kalanchoe_interface/kalanchoe_interface_s__rosidl_typesupport_introspection_c.so
[1.236s] -- Up-to-date: /home/diego/ros2_ws/install/kalanchoe_interface/lib/python3.12/site-packages/kalanchoe_interface/_kalanchoe_interface_s.ep.rosidl_typesupport_fastrtps_c.c
[1.237s] -- Up-to-date: /home/diego/ros2_ws/install/kalanchoe_interface/lib/python3.12/site-packages/kalanchoe_interface/msg
[1.237s] -- Up-to-date: /home/diego/ros2_ws/install/kalanchoe_interface/lib/python3.12/site-packages/kalanchoe_interface/msg/__init__.py
[1.237s] -- Up-to-date: /home/diego/ros2_ws/install/kalanchoe_interface/lib/python3.12/site-packages/kalanchoe_interface/msg/_measure.py
[1.237s] -- Up-to-date: /home/diego/ros2_ws/install/kalanchoe_interface/lib/python3.12/site-packages/kalanchoe_interface/msg/_measure_s.c
[1.238s] -- Up-to-date: /home/diego/ros2_ws/install/kalanchoe_interface/lib/python3.12/site-packages/kalanchoe_interface/_kalanchoe_interface_s.ep.rosidl_typesupport_c.c
[1.238s] -- Up-to-date: /home/diego/ros2_ws/install/kalanchoe_interface/lib/python3.12/site-packages/kalanchoe_interface/kalanchoe_interface_s__rosidl_typesupport_c.so
[1.238s] -- Up-to-date: /home/diego/ros2_ws/install/kalanchoe_interface/lib/python3.12/site-packages/kalanchoe_interface/_kalanchoe_interface_s.ep.rosidl_typesupport_introspection_c.c
[1.298s] Listing '/home/diego/ros2_ws/install/kalanchoe_interface/lib/python3.12/site-packages/kalanchoe_interface'...
[1.298s] Listing '/home/diego/ros2_ws/install/kalanchoe_interface/lib/python3.12/site-packages/kalanchoe_interface/msg'...
[1.332s] -- Up-to-date: /home/diego/ros2_ws/install/kalanchoe_interface/lib/python3.12/site-packages/kalanchoe_interface/kalanchoe_interface_s__rosidl_typesupport_fastrtps_c.so
[1.333s] -- Up-to-date: /home/diego/ros2_ws/install/kalanchoe_interface/lib/python3.12/site-packages/kalanchoe_interface/kalanchoe_interface_s__rosidl_typesupport_introspection_c.so
[1.333s] -- Up-to-date: /home/diego/ros2_ws/install/kalanchoe_interface/lib/python3.12/site-packages/kalanchoe_interface/kalanchoe_interface_s__rosidl_typesupport_c.so
[1.335s] -- Up-to-date: /home/diego/ros2_ws/install/kalanchoe_interface/lib/libkalanchoe_interface__rosidl_generator_py.so
[1.335s] -- Up-to-date: /home/diego/ros2_ws/install/kalanchoe_interface/share/kalanchoe_interface/msg/Measure.idl
[1.335s] -- Up-to-date: /home/diego/ros2_ws/install/kalanchoe_interface/share/kalanchoe_interface/msg/Measure.msg
[1.336s] -- Up-to-date: /home/diego/ros2_ws/install/kalanchoe_interface/share/ament_index/resource_index/package_run_dependencies/kalanchoe_interface
[1.338s] -- Up-to-date: /home/diego/ros2_ws/install/kalanchoe_interface/share/ament_index/resource_index/parent_prefix_path/kalanchoe_interface
[1.338s] -- Up-to-date: /home/diego/ros2_ws/install/kalanchoe_interface/share/kalanchoe_interface/environment/ament_prefix_path.sh
[1.338s] -- Up-to-date: /home/diego/ros2_ws/install/kalanchoe_interface/share/kalanchoe_interface/environment/ament_prefix_path.dsv
[1.338s] -- Up-to-date: /home/diego/ros2_ws/install/kalanchoe_interface/share/kalanchoe_interface/environment/path.sh
[1.339s] -- Up-to-date: /home/diego/ros2_ws/install/kalanchoe_interface/share/kalanchoe_interface/environment/path.dsv
[1.339s] -- Up-to-date: /home/diego/ros2_ws/install/kalanchoe_interface/share/kalanchoe_interface/local_setup.bash
[1.340s] -- Up-to-date: /home/diego/ros2_ws/install/kalanchoe_interface/share/kalanchoe_interface/local_setup.sh
[1.341s] -- Up-to-date: /home/diego/ros2_ws/install/kalanchoe_interface/share/kalanchoe_interface/local_setup.zsh
[1.341s] -- Up-to-date: /home/diego/ros2_ws/install/kalanchoe_interface/share/kalanchoe_interface/local_setup.dsv
[1.341s] -- Installing: /home/diego/ros2_ws/install/kalanchoe_interface/share/kalanchoe_interface/package.dsv
[1.342s] -- Up-to-date: /home/diego/ros2_ws/install/kalanchoe_interface/share/ament_index/resource_index/packages/kalanchoe_interface
[1.343s] -- Up-to-date: /home/diego/ros2_ws/install/kalanchoe_interface/share/kalanchoe_interface/cmake/export_kalanchoe_interface__rosidl_generator_cExport.cmake
[1.343s] -- Up-to-date: /home/diego/ros2_ws/install/kalanchoe_interface/share/kalanchoe_interface/cmake/export_kalanchoe_interface__rosidl_generator_cExport-noconfig.cmake
[1.343s] -- Up-to-date: /home/diego/ros2_ws/install/kalanchoe_interface/share/kalanchoe_interface/cmake/export_kalanchoe_interface__rosidl_typesupport_fastrtps_cExport.cmake
[1.344s] -- Up-to-date: /home/diego/ros2_ws/install/kalanchoe_interface/share/kalanchoe_interface/cmake/export_kalanchoe_interface__rosidl_typesupport_fastrtps_cExport-noconfig.cmake
[1.344s] -- Up-to-date: /home/diego/ros2_ws/install/kalanchoe_interface/share/kalanchoe_interface/cmake/export_kalanchoe_interface__rosidl_generator_cppExport.cmake
[1.344s] -- Up-to-date: /home/diego/ros2_ws/install/kalanchoe_interface/share/kalanchoe_interface/cmake/export_kalanchoe_interface__rosidl_typesupport_fastrtps_cppExport.cmake
[1.345s] -- Up-to-date: /home/diego/ros2_ws/install/kalanchoe_interface/share/kalanchoe_interface/cmake/export_kalanchoe_interface__rosidl_typesupport_fastrtps_cppExport-noconfig.cmake
[1.345s] -- Up-to-date: /home/diego/ros2_ws/install/kalanchoe_interface/share/kalanchoe_interface/cmake/kalanchoe_interface__rosidl_typesupport_introspection_cExport.cmake
[1.345s] -- Up-to-date: /home/diego/ros2_ws/install/kalanchoe_interface/share/kalanchoe_interface/cmake/kalanchoe_interface__rosidl_typesupport_introspection_cExport-noconfig.cmake
[1.347s] -- Up-to-date: /home/diego/ros2_ws/install/kalanchoe_interface/share/kalanchoe_interface/cmake/kalanchoe_interface__rosidl_typesupport_cExport.cmake
[1.347s] -- Up-to-date: /home/diego/ros2_ws/install/kalanchoe_interface/share/kalanchoe_interface/cmake/kalanchoe_interface__rosidl_typesupport_cExport-noconfig.cmake
[1.349s] -- Up-to-date: /home/diego/ros2_ws/install/kalanchoe_interface/share/kalanchoe_interface/cmake/kalanchoe_interface__rosidl_typesupport_introspection_cppExport.cmake
[1.349s] -- Up-to-date: /home/diego/ros2_ws/install/kalanchoe_interface/share/kalanchoe_interface/cmake/kalanchoe_interface__rosidl_typesupport_introspection_cppExport-noconfig.cmake
[1.349s] -- Up-to-date: /home/diego/ros2_ws/install/kalanchoe_interface/share/kalanchoe_interface/cmake/kalanchoe_interface__rosidl_typesupport_cppExport.cmake
[1.349s] -- Up-to-date: /home/diego/ros2_ws/install/kalanchoe_interface/share/kalanchoe_interface/cmake/kalanchoe_interface__rosidl_typesupport_cppExport-noconfig.cmake
[1.349s] -- Up-to-date: /home/diego/ros2_ws/install/kalanchoe_interface/share/kalanchoe_interface/cmake/export_kalanchoe_interface__rosidl_generator_pyExport.cmake
[1.349s] -- Up-to-date: /home/diego/ros2_ws/install/kalanchoe_interface/share/kalanchoe_interface/cmake/export_kalanchoe_interface__rosidl_generator_pyExport-noconfig.cmake
[1.350s] -- Up-to-date: /home/diego/ros2_ws/install/kalanchoe_interface/share/kalanchoe_interface/cmake/rosidl_cmake-extras.cmake
[1.350s] -- Up-to-date: /home/diego/ros2_ws/install/kalanchoe_interface/share/kalanchoe_interface/cmake/ament_cmake_export_include_directories-extras.cmake
[1.350s] -- Up-to-date: /home/diego/ros2_ws/install/kalanchoe_interface/share/kalanchoe_interface/cmake/ament_cmake_export_libraries-extras.cmake
[1.350s] -- Up-to-date: /home/diego/ros2_ws/install/kalanchoe_interface/share/kalanchoe_interface/cmake/ament_cmake_export_targets-extras.cmake
[1.350s] -- Up-to-date: /home/diego/ros2_ws/install/kalanchoe_interface/share/kalanchoe_interface/cmake/rosidl_cmake_export_typesupport_targets-extras.cmake
[1.350s] -- Up-to-date: /home/diego/ros2_ws/install/kalanchoe_interface/share/kalanchoe_interface/cmake/ament_cmake_export_dependencies-extras.cmake
[1.351s] -- Up-to-date: /home/diego/ros2_ws/install/kalanchoe_interface/share/kalanchoe_interface/cmake/rosidl_cmake_export_typesupport_libraries-extras.cmake
[1.351s] -- Up-to-date: /home/diego/ros2_ws/install/kalanchoe_interface/share/kalanchoe_interface/cmake/kalanchoe_interfaceConfig.cmake
[1.351s] -- Up-to-date: /home/diego/ros2_ws/install/kalanchoe_interface/share/kalanchoe_interface/cmake/kalanchoe_interfaceConfig-version.cmake
[1.351s] -- Up-to-date: /home/diego/ros2_ws/install/kalanchoe_interface/share/kalanchoe_interface/package.xml
[1.441s] Invoked command in '/home/diego/ros2_ws/build/kalanchoe_interface' returned '0': CMAKE_PREFIX_PATH=${CMAKE_PREFIX_PATH}:/home/diego/ros2_ws/install/nodo_xolobot_driver:/home/diego/ros2_ws/install/nodo_lighting_station:/home/diego/ros2_ws/install/nodo_watering_station:/home/diego/ros2_ws/install/nodo_kalanchoe:/home/diego/ros2_ws/install/nodo_data_monitoring:/home/diego/ros2_ws/install/nodo_data_analysis:/opt/ros/jazzy DEBUGINFOD_URLS=https://debuginfod.ubuntu.com /home/diego/.local/bin/cmake --install /home/diego/ros2_ws/build/kalanchoe_interface
