-- Install configuration: ""
-- Up-to-date: /home/diego/ros2_ws/install/xolobot_ascending/share/xolobot_ascending/launch
-- Up-to-date: /home/diego/ros2_ws/install/xolobot_ascending/share/xolobot_ascending/launch/xolobot.launch.py
-- Up-to-date: /home/diego/ros2_ws/install/xolobot_ascending/share/xolobot_ascending/config
-- Up-to-date: /home/diego/ros2_ws/install/xolobot_ascending/share/xolobot_ascending/config/ros_gz_example_bridge.yaml
-- Up-to-date: /home/diego/ros2_ws/install/xolobot_ascending/share/ament_index/resource_index/package_run_dependencies/xolobot_ascending
-- Up-to-date: /home/diego/ros2_ws/install/xolobot_ascending/share/ament_index/resource_index/parent_prefix_path/xolobot_ascending
-- Up-to-date: /home/diego/ros2_ws/install/xolobot_ascending/share/xolobot_ascending/environment/ament_prefix_path.sh
-- Up-to-date: /home/diego/ros2_ws/install/xolobot_ascending/share/xolobot_ascending/environment/ament_prefix_path.dsv
-- Up-to-date: /home/diego/ros2_ws/install/xolobot_ascending/share/xolobot_ascending/environment/path.sh
-- Up-to-date: /home/diego/ros2_ws/install/xolobot_ascending/share/xolobot_ascending/environment/path.dsv
-- Up-to-date: /home/diego/ros2_ws/install/xolobot_ascending/share/xolobot_ascending/local_setup.bash
-- Up-to-date: /home/diego/ros2_ws/install/xolobot_ascending/share/xolobot_ascending/local_setup.sh
-- Up-to-date: /home/diego/ros2_ws/install/xolobot_ascending/share/xolobot_ascending/local_setup.zsh
-- Up-to-date: /home/diego/ros2_ws/install/xolobot_ascending/share/xolobot_ascending/local_setup.dsv
-- Up-to-date: /home/diego/ros2_ws/install/xolobot_ascending/share/xolobot_ascending/package.dsv
-- Up-to-date: /home/diego/ros2_ws/install/xolobot_ascending/share/ament_index/resource_index/packages/xolobot_ascending
-- Up-to-date: /home/diego/ros2_ws/install/xolobot_ascending/share/xolobot_ascending/cmake/xolobot_ascendingConfig.cmake
-- Up-to-date: /home/diego/ros2_ws/install/xolobot_ascending/share/xolobot_ascending/cmake/xolobot_ascendingConfig-version.cmake
-- Up-to-date: /home/diego/ros2_ws/install/xolobot_ascending/share/xolobot_ascending/package.xml
