-- Install configuration: ""
-- Installing: /home/diego/ros2_ws/install/xolobot_blueprint/share/xolobot_blueprint/models
-- Installing: /home/diego/ros2_ws/install/xolobot_blueprint/share/xolobot_blueprint/models/arlodrive
-- Installing: /home/diego/ros2_ws/install/xolobot_blueprint/share/xolobot_blueprint/models/arlodrive/meshes
-- Installing: /home/diego/ros2_ws/install/xolobot_blueprint/share/xolobot_blueprint/models/arlodrive/meshes/arlo_wheel_mejorado.obj
-- Installing: /home/diego/ros2_ws/install/xolobot_blueprint/share/xolobot_blueprint/models/arlodrive/meshes/arlo_sensor.dae
-- Installing: /home/diego/ros2_ws/install/xolobot_blueprint/share/xolobot_blueprint/models/arlodrive/meshes/arlo_base_altura_ok.dae
-- Installing: /home/diego/ros2_ws/install/xolobot_blueprint/share/xolobot_blueprint/models/arlodrive/meshes/arlo_wheel_mejorado_backup.dae
-- Installing: /home/diego/ros2_ws/install/xolobot_blueprint/share/xolobot_blueprint/models/arlodrive/meshes/arlo_base_backup.dae
-- Installing: /home/diego/ros2_ws/install/xolobot_blueprint/share/xolobot_blueprint/models/arlodrive/meshes/arlo_wheel_mejorado.dae
-- Installing: /home/diego/ros2_ws/install/xolobot_blueprint/share/xolobot_blueprint/models/arlodrive/meshes/arlo_wheel.dae
-- Installing: /home/diego/ros2_ws/install/xolobot_blueprint/share/xolobot_blueprint/models/arlodrive/meshes/arlo_wheel_mejorado.mtl
-- Installing: /home/diego/ros2_ws/install/xolobot_blueprint/share/xolobot_blueprint/models/arlodrive/meshes/arlo_base.dae
-- Installing: /home/diego/ros2_ws/install/xolobot_blueprint/share/xolobot_blueprint/models/arlodrive/model.config
-- Installing: /home/diego/ros2_ws/install/xolobot_blueprint/share/xolobot_blueprint/models/arlodrive/xolobot.sdf
-- Installing: /home/diego/ros2_ws/install/xolobot_blueprint/share/xolobot_blueprint/environment/xolobot_blueprint.dsv
-- Installing: /home/diego/ros2_ws/install/xolobot_blueprint/share/xolobot_blueprint/environment/xolobot_blueprint.sh
-- Installing: /home/diego/ros2_ws/install/xolobot_blueprint/share/ament_index/resource_index/package_run_dependencies/xolobot_blueprint
-- Installing: /home/diego/ros2_ws/install/xolobot_blueprint/share/ament_index/resource_index/parent_prefix_path/xolobot_blueprint
-- Installing: /home/diego/ros2_ws/install/xolobot_blueprint/share/xolobot_blueprint/environment/ament_prefix_path.sh
-- Installing: /home/diego/ros2_ws/install/xolobot_blueprint/share/xolobot_blueprint/environment/ament_prefix_path.dsv
-- Installing: /home/diego/ros2_ws/install/xolobot_blueprint/share/xolobot_blueprint/environment/path.sh
-- Installing: /home/diego/ros2_ws/install/xolobot_blueprint/share/xolobot_blueprint/environment/path.dsv
-- Installing: /home/diego/ros2_ws/install/xolobot_blueprint/share/xolobot_blueprint/local_setup.bash
-- Installing: /home/diego/ros2_ws/install/xolobot_blueprint/share/xolobot_blueprint/local_setup.sh
-- Installing: /home/diego/ros2_ws/install/xolobot_blueprint/share/xolobot_blueprint/local_setup.zsh
-- Installing: /home/diego/ros2_ws/install/xolobot_blueprint/share/xolobot_blueprint/local_setup.dsv
-- Installing: /home/diego/ros2_ws/install/xolobot_blueprint/share/xolobot_blueprint/package.dsv
-- Installing: /home/diego/ros2_ws/install/xolobot_blueprint/share/ament_index/resource_index/packages/xolobot_blueprint
-- Installing: /home/diego/ros2_ws/install/xolobot_blueprint/share/xolobot_blueprint/cmake/xolobot_blueprintConfig.cmake
-- Installing: /home/diego/ros2_ws/install/xolobot_blueprint/share/xolobot_blueprint/cmake/xolobot_blueprintConfig-version.cmake
-- Installing: /home/diego/ros2_ws/install/xolobot_blueprint/share/xolobot_blueprint/package.xml
