-- Install configuration: ""
-- Up-to-date: /home/diego/ros2_ws/install/xolobot_description/share/xolobot_description/models
-- Up-to-date: /home/diego/ros2_ws/install/xolobot_description/share/xolobot_description/models/rrbot
-- Up-to-date: /home/diego/ros2_ws/install/xolobot_description/share/xolobot_description/models/rrbot/model.sdf
-- Up-to-date: /home/diego/ros2_ws/install/xolobot_description/share/xolobot_description/models/diff_drive
-- Up-to-date: /home/diego/ros2_ws/install/xolobot_description/share/xolobot_description/models/diff_drive/model.config
-- Up-to-date: /home/diego/ros2_ws/install/xolobot_description/share/xolobot_description/models/diff_drive/model.sdf
-- Up-to-date: /home/diego/ros2_ws/install/xolobot_description/share/xolobot_description/models/otros_robots
-- Up-to-date: /home/diego/ros2_ws/install/xolobot_description/share/xolobot_description/models/otros_robots/box.sdf
-- Up-to-date: /home/diego/ros2_ws/install/xolobot_description/share/xolobot_description/models/otros_robots/model_backup.sdf
-- Up-to-date: /home/diego/ros2_ws/install/xolobot_description/share/xolobot_description/models/otros_robots/minibot.sdf
-- Up-to-date: /home/diego/ros2_ws/install/xolobot_description/share/xolobot_description/models/otros_robots/minixolo.sdf
-- Up-to-date: /home/diego/ros2_ws/install/xolobot_description/share/xolobot_description/models/otros_robots/model.sdf
-- Up-to-date: /home/diego/ros2_ws/install/xolobot_description/share/xolobot_description/models/arlodrive
-- Up-to-date: /home/diego/ros2_ws/install/xolobot_description/share/xolobot_description/models/arlodrive/meshes
-- Up-to-date: /home/diego/ros2_ws/install/xolobot_description/share/xolobot_description/models/arlodrive/meshes/arlo_sensor.dae
-- Up-to-date: /home/diego/ros2_ws/install/xolobot_description/share/xolobot_description/models/arlodrive/meshes/arlo_base_altura_ok.dae
-- Up-to-date: /home/diego/ros2_ws/install/xolobot_description/share/xolobot_description/models/arlodrive/meshes/arlo_wheel_mejorado_backup.dae
-- Up-to-date: /home/diego/ros2_ws/install/xolobot_description/share/xolobot_description/models/arlodrive/meshes/arlo_base_backup.dae
-- Up-to-date: /home/diego/ros2_ws/install/xolobot_description/share/xolobot_description/models/arlodrive/meshes/arlo_wheel_mejorado.dae
-- Up-to-date: /home/diego/ros2_ws/install/xolobot_description/share/xolobot_description/models/arlodrive/meshes/arlo_wheel.dae
-- Up-to-date: /home/diego/ros2_ws/install/xolobot_description/share/xolobot_description/models/arlodrive/meshes/arlo_base.dae
-- Up-to-date: /home/diego/ros2_ws/install/xolobot_description/share/xolobot_description/models/arlodrive/model.config
-- Up-to-date: /home/diego/ros2_ws/install/xolobot_description/share/xolobot_description/models/arlodrive/xolobot.sdf
-- Up-to-date: /home/diego/ros2_ws/install/xolobot_description/share/xolobot_description/environment/xolobot_description.dsv
-- Up-to-date: /home/diego/ros2_ws/install/xolobot_description/share/xolobot_description/environment/xolobot_description.sh
-- Up-to-date: /home/diego/ros2_ws/install/xolobot_description/share/ament_index/resource_index/package_run_dependencies/xolobot_description
-- Up-to-date: /home/diego/ros2_ws/install/xolobot_description/share/ament_index/resource_index/parent_prefix_path/xolobot_description
-- Up-to-date: /home/diego/ros2_ws/install/xolobot_description/share/xolobot_description/environment/ament_prefix_path.sh
-- Up-to-date: /home/diego/ros2_ws/install/xolobot_description/share/xolobot_description/environment/ament_prefix_path.dsv
-- Up-to-date: /home/diego/ros2_ws/install/xolobot_description/share/xolobot_description/environment/path.sh
-- Up-to-date: /home/diego/ros2_ws/install/xolobot_description/share/xolobot_description/environment/path.dsv
-- Up-to-date: /home/diego/ros2_ws/install/xolobot_description/share/xolobot_description/local_setup.bash
-- Up-to-date: /home/diego/ros2_ws/install/xolobot_description/share/xolobot_description/local_setup.sh
-- Up-to-date: /home/diego/ros2_ws/install/xolobot_description/share/xolobot_description/local_setup.zsh
-- Up-to-date: /home/diego/ros2_ws/install/xolobot_description/share/xolobot_description/local_setup.dsv
-- Installing: /home/diego/ros2_ws/install/xolobot_description/share/xolobot_description/package.dsv
-- Up-to-date: /home/diego/ros2_ws/install/xolobot_description/share/ament_index/resource_index/packages/xolobot_description
-- Up-to-date: /home/diego/ros2_ws/install/xolobot_description/share/xolobot_description/cmake/xolobot_descriptionConfig.cmake
-- Up-to-date: /home/diego/ros2_ws/install/xolobot_description/share/xolobot_description/cmake/xolobot_descriptionConfig-version.cmake
-- Up-to-date: /home/diego/ros2_ws/install/xolobot_description/share/xolobot_description/package.xml
