running egg_info
creating ../../../build/nodo_data_monitoring/nodo_data_monitoring.egg-info
writing ../../../build/nodo_data_monitoring/nodo_data_monitoring.egg-info/PKG-INFO
writing dependency_links to ../../../build/nodo_data_monitoring/nodo_data_monitoring.egg-info/dependency_links.txt
writing entry points to ../../../build/nodo_data_monitoring/nodo_data_monitoring.egg-info/entry_points.txt
writing requirements to ../../../build/nodo_data_monitoring/nodo_data_monitoring.egg-info/requires.txt
writing top-level names to ../../../build/nodo_data_monitoring/nodo_data_monitoring.egg-info/top_level.txt
writing manifest file '../../../build/nodo_data_monitoring/nodo_data_monitoring.egg-info/SOURCES.txt'
reading manifest file '../../../build/nodo_data_monitoring/nodo_data_monitoring.egg-info/SOURCES.txt'
adding license file 'LICENSE'
writing manifest file '../../../build/nodo_data_monitoring/nodo_data_monitoring.egg-info/SOURCES.txt'
running build
running build_py
creating /home/diego/ros2_ws/build/nodo_data_monitoring/build
creating /home/diego/ros2_ws/build/nodo_data_monitoring/build/lib
creating /home/diego/ros2_ws/build/nodo_data_monitoring/build/lib/nodo_data_monitoring
copying nodo_data_monitoring/MonitoringNode.py -> /home/diego/ros2_ws/build/nodo_data_monitoring/build/lib/nodo_data_monitoring
copying nodo_data_monitoring/__init__.py -> /home/diego/ros2_ws/build/nodo_data_monitoring/build/lib/nodo_data_monitoring
copying nodo_data_monitoring/TestPublisher.py -> /home/diego/ros2_ws/build/nodo_data_monitoring/build/lib/nodo_data_monitoring
running install
running install_lib
creating /home/diego/ros2_ws/install/nodo_data_monitoring/lib/python3.12/site-packages/nodo_data_monitoring
copying /home/diego/ros2_ws/build/nodo_data_monitoring/build/lib/nodo_data_monitoring/MonitoringNode.py -> /home/diego/ros2_ws/install/nodo_data_monitoring/lib/python3.12/site-packages/nodo_data_monitoring
copying /home/diego/ros2_ws/build/nodo_data_monitoring/build/lib/nodo_data_monitoring/__init__.py -> /home/diego/ros2_ws/install/nodo_data_monitoring/lib/python3.12/site-packages/nodo_data_monitoring
copying /home/diego/ros2_ws/build/nodo_data_monitoring/build/lib/nodo_data_monitoring/TestPublisher.py -> /home/diego/ros2_ws/install/nodo_data_monitoring/lib/python3.12/site-packages/nodo_data_monitoring
byte-compiling /home/diego/ros2_ws/install/nodo_data_monitoring/lib/python3.12/site-packages/nodo_data_monitoring/MonitoringNode.py to MonitoringNode.cpython-312.pyc
byte-compiling /home/diego/ros2_ws/install/nodo_data_monitoring/lib/python3.12/site-packages/nodo_data_monitoring/__init__.py to __init__.cpython-312.pyc
byte-compiling /home/diego/ros2_ws/install/nodo_data_monitoring/lib/python3.12/site-packages/nodo_data_monitoring/TestPublisher.py to TestPublisher.cpython-312.pyc
running install_data
creating /home/diego/ros2_ws/install/nodo_data_monitoring/share/ament_index
creating /home/diego/ros2_ws/install/nodo_data_monitoring/share/ament_index/resource_index
creating /home/diego/ros2_ws/install/nodo_data_monitoring/share/ament_index/resource_index/packages
copying resource/nodo_data_monitoring -> /home/diego/ros2_ws/install/nodo_data_monitoring/share/ament_index/resource_index/packages
copying package.xml -> /home/diego/ros2_ws/install/nodo_data_monitoring/share/nodo_data_monitoring
running install_egg_info
Copying ../../../build/nodo_data_monitoring/nodo_data_monitoring.egg-info to /home/diego/ros2_ws/install/nodo_data_monitoring/lib/python3.12/site-packages/nodo_data_monitoring-0.0.0-py3.12.egg-info
running install_scripts
Installing start_monitoring script to /home/diego/ros2_ws/install/nodo_data_monitoring/lib/nodo_data_monitoring
writing list of installed files to '/home/diego/ros2_ws/build/nodo_data_monitoring/install.log'
